[2025-02-22T13:01:50.253-0300] {local_task_job_runner.py:123} INFO - ::group::Pre task execution logs
[2025-02-22T13:01:50.264-0300] {taskinstance.py:2614} INFO - Dependencies all met for dep_context=non-requeueable deps ti=<TaskInstance: fii_info.transform.extract manual__2025-02-22T16:01:48.313637+00:00 [queued]>
[2025-02-22T13:01:50.269-0300] {taskinstance.py:2614} INFO - Dependencies all met for dep_context=requeueable deps ti=<TaskInstance: fii_info.transform.extract manual__2025-02-22T16:01:48.313637+00:00 [queued]>
[2025-02-22T13:01:50.269-0300] {taskinstance.py:2867} INFO - Starting attempt 1 of 1
[2025-02-22T13:01:50.280-0300] {taskinstance.py:2890} INFO - Executing <Task(_PythonDecoratedOperator): transform.extract> on 2025-02-22 16:01:48.313637+00:00
[2025-02-22T13:01:50.283-0300] {standard_task_runner.py:72} INFO - Started process 18715 to run task
[2025-02-22T13:01:50.285-0300] {standard_task_runner.py:104} INFO - Running: ['airflow', 'tasks', 'run', 'fii_info', 'transform.extract', 'manual__2025-02-22T16:01:48.313637+00:00', '--job-id', '8', '--raw', '--subdir', 'DAGS_FOLDER/info_Fii.py', '--cfg-path', '/tmp/tmpn6nmfm50']
[2025-02-22T13:01:50.287-0300] {standard_task_runner.py:105} INFO - Job 8: Subtask transform.extract
[2025-02-22T13:01:50.318-0300] {task_command.py:467} INFO - Running <TaskInstance: fii_info.transform.extract manual__2025-02-22T16:01:48.313637+00:00 [running]> on host LAPTOP-3G01DURD.
[2025-02-22T13:01:50.358-0300] {taskinstance.py:3134} INFO - Exporting env vars: AIRFLOW_CTX_DAG_OWNER='airflow' AIRFLOW_CTX_DAG_ID='fii_info' AIRFLOW_CTX_TASK_ID='transform.extract' AIRFLOW_CTX_EXECUTION_DATE='2025-02-22T16:01:48.313637+00:00' AIRFLOW_CTX_TRY_NUMBER='1' AIRFLOW_CTX_DAG_RUN_ID='manual__2025-02-22T16:01:48.313637+00:00'
[2025-02-22T13:01:50.359-0300] {taskinstance.py:732} INFO - ::endgroup::
[2025-02-22T13:01:50.361-0300] {logging_mixin.py:190} INFO - YF.download() has changed argument auto_adjust default to True
[2025-02-22T13:01:51.473-0300] {python.py:240} INFO - Done. Returned value was: Price           Close                                             ...    Volume                                        
Ticker      DEVA11.SA  HCTR11.SA  IRDM11.SA  LSAG11.SA MXRF11.SA  ... RECR11.SA TGAR11.SA TRXF11.SA VGIP11.SA VRTA11.SA
Date                                                              ...                                                  
2025-02-17  27.559999  21.700001  61.180000  66.370003      9.03  ...     39118     71885     37991     18520     23454
2025-02-18  27.969999  21.920000  61.750000  65.500000      9.04  ...     31054     62538     32758     12996     23997
2025-02-19  27.730000  21.900000  61.919998  66.360001      9.10  ...     25202     42627     35591     11188     19122
2025-02-20  27.940001  22.139999  61.779999  66.360001      9.19  ...     31842     67896     38656     21547     23209
2025-02-21  28.490000  22.600000  62.790001  67.900002      9.12  ...     29392     66130     76273     12155     22457

[5 rows x 50 columns]
[2025-02-22T13:01:51.534-0300] {taskinstance.py:341} INFO - ::group::Post task execution logs
[2025-02-22T13:01:51.535-0300] {taskinstance.py:353} INFO - Marking task as SUCCESS. dag_id=fii_info, task_id=transform.extract, run_id=manual__2025-02-22T16:01:48.313637+00:00, execution_date=20250222T160148, start_date=20250222T160150, end_date=20250222T160151
[2025-02-22T13:01:51.581-0300] {local_task_job_runner.py:266} INFO - Task exited with return code 0
[2025-02-22T13:01:51.596-0300] {taskinstance.py:3901} INFO - 1 downstream tasks scheduled from follow-on schedule check
[2025-02-22T13:01:51.602-0300] {local_task_job_runner.py:245} INFO - ::endgroup::
