[2025-02-22T11:41:26.065-0300] {processor.py:186} INFO - Started process (PID=4043) to work on /home/lpimenta/pipelineAf/airflow_env/lib/python3.10/site-packages/airflow/example_dags/subdags/subdag.py
[2025-02-22T11:41:26.065-0300] {processor.py:914} INFO - Processing file /home/lpimenta/pipelineAf/airflow_env/lib/python3.10/site-packages/airflow/example_dags/subdags/subdag.py for tasks to queue
[2025-02-22T11:41:26.067-0300] {logging_mixin.py:190} INFO - [2025-02-22T11:41:26.067-0300] {dagbag.py:588} INFO - Filling up the DagBag from /home/lpimenta/pipelineAf/airflow_env/lib/python3.10/site-packages/airflow/example_dags/subdags/subdag.py
[2025-02-22T11:41:26.069-0300] {processor.py:927} WARNING - No viable dags retrieved from /home/lpimenta/pipelineAf/airflow_env/lib/python3.10/site-packages/airflow/example_dags/subdags/subdag.py
[2025-02-22T11:41:26.075-0300] {processor.py:208} INFO - Processing /home/lpimenta/pipelineAf/airflow_env/lib/python3.10/site-packages/airflow/example_dags/subdags/subdag.py took 0.014 seconds
[2025-02-22T11:42:35.084-0300] {processor.py:186} INFO - Started process (PID=4368) to work on /home/lpimenta/pipelineAf/airflow_env/lib/python3.10/site-packages/airflow/example_dags/subdags/subdag.py
[2025-02-22T11:42:35.091-0300] {processor.py:914} INFO - Processing file /home/lpimenta/pipelineAf/airflow_env/lib/python3.10/site-packages/airflow/example_dags/subdags/subdag.py for tasks to queue
[2025-02-22T11:42:35.092-0300] {logging_mixin.py:190} INFO - [2025-02-22T11:42:35.092-0300] {dagbag.py:588} INFO - Filling up the DagBag from /home/lpimenta/pipelineAf/airflow_env/lib/python3.10/site-packages/airflow/example_dags/subdags/subdag.py
[2025-02-22T11:42:35.093-0300] {processor.py:927} WARNING - No viable dags retrieved from /home/lpimenta/pipelineAf/airflow_env/lib/python3.10/site-packages/airflow/example_dags/subdags/subdag.py
[2025-02-22T11:42:35.099-0300] {processor.py:208} INFO - Processing /home/lpimenta/pipelineAf/airflow_env/lib/python3.10/site-packages/airflow/example_dags/subdags/subdag.py took 0.019 seconds
[2025-02-22T11:43:37.814-0300] {processor.py:186} INFO - Started process (PID=4595) to work on /home/lpimenta/pipelineAf/airflow_env/lib/python3.10/site-packages/airflow/example_dags/subdags/subdag.py
[2025-02-22T11:43:37.817-0300] {processor.py:914} INFO - Processing file /home/lpimenta/pipelineAf/airflow_env/lib/python3.10/site-packages/airflow/example_dags/subdags/subdag.py for tasks to queue
[2025-02-22T11:43:37.818-0300] {logging_mixin.py:190} INFO - [2025-02-22T11:43:37.818-0300] {dagbag.py:588} INFO - Filling up the DagBag from /home/lpimenta/pipelineAf/airflow_env/lib/python3.10/site-packages/airflow/example_dags/subdags/subdag.py
[2025-02-22T11:43:37.819-0300] {processor.py:927} WARNING - No viable dags retrieved from /home/lpimenta/pipelineAf/airflow_env/lib/python3.10/site-packages/airflow/example_dags/subdags/subdag.py
[2025-02-22T11:43:37.825-0300] {processor.py:208} INFO - Processing /home/lpimenta/pipelineAf/airflow_env/lib/python3.10/site-packages/airflow/example_dags/subdags/subdag.py took 0.015 seconds
[2025-02-22T11:44:38.688-0300] {processor.py:186} INFO - Started process (PID=4831) to work on /home/lpimenta/pipelineAf/airflow_env/lib/python3.10/site-packages/airflow/example_dags/subdags/subdag.py
[2025-02-22T11:44:38.694-0300] {processor.py:914} INFO - Processing file /home/lpimenta/pipelineAf/airflow_env/lib/python3.10/site-packages/airflow/example_dags/subdags/subdag.py for tasks to queue
[2025-02-22T11:44:38.695-0300] {logging_mixin.py:190} INFO - [2025-02-22T11:44:38.695-0300] {dagbag.py:588} INFO - Filling up the DagBag from /home/lpimenta/pipelineAf/airflow_env/lib/python3.10/site-packages/airflow/example_dags/subdags/subdag.py
[2025-02-22T11:44:38.696-0300] {processor.py:927} WARNING - No viable dags retrieved from /home/lpimenta/pipelineAf/airflow_env/lib/python3.10/site-packages/airflow/example_dags/subdags/subdag.py
[2025-02-22T11:44:38.702-0300] {processor.py:208} INFO - Processing /home/lpimenta/pipelineAf/airflow_env/lib/python3.10/site-packages/airflow/example_dags/subdags/subdag.py took 0.018 seconds
[2025-02-22T11:45:44.716-0300] {processor.py:186} INFO - Started process (PID=5066) to work on /home/lpimenta/pipelineAf/airflow_env/lib/python3.10/site-packages/airflow/example_dags/subdags/subdag.py
[2025-02-22T11:45:44.718-0300] {processor.py:914} INFO - Processing file /home/lpimenta/pipelineAf/airflow_env/lib/python3.10/site-packages/airflow/example_dags/subdags/subdag.py for tasks to queue
[2025-02-22T11:45:44.719-0300] {logging_mixin.py:190} INFO - [2025-02-22T11:45:44.719-0300] {dagbag.py:588} INFO - Filling up the DagBag from /home/lpimenta/pipelineAf/airflow_env/lib/python3.10/site-packages/airflow/example_dags/subdags/subdag.py
[2025-02-22T11:45:44.721-0300] {processor.py:927} WARNING - No viable dags retrieved from /home/lpimenta/pipelineAf/airflow_env/lib/python3.10/site-packages/airflow/example_dags/subdags/subdag.py
[2025-02-22T11:45:44.727-0300] {processor.py:208} INFO - Processing /home/lpimenta/pipelineAf/airflow_env/lib/python3.10/site-packages/airflow/example_dags/subdags/subdag.py took 0.014 seconds
[2025-02-22T11:46:51.262-0300] {processor.py:186} INFO - Started process (PID=5308) to work on /home/lpimenta/pipelineAf/airflow_env/lib/python3.10/site-packages/airflow/example_dags/subdags/subdag.py
[2025-02-22T11:46:51.264-0300] {processor.py:914} INFO - Processing file /home/lpimenta/pipelineAf/airflow_env/lib/python3.10/site-packages/airflow/example_dags/subdags/subdag.py for tasks to queue
[2025-02-22T11:46:51.265-0300] {logging_mixin.py:190} INFO - [2025-02-22T11:46:51.265-0300] {dagbag.py:588} INFO - Filling up the DagBag from /home/lpimenta/pipelineAf/airflow_env/lib/python3.10/site-packages/airflow/example_dags/subdags/subdag.py
[2025-02-22T11:46:51.266-0300] {processor.py:927} WARNING - No viable dags retrieved from /home/lpimenta/pipelineAf/airflow_env/lib/python3.10/site-packages/airflow/example_dags/subdags/subdag.py
[2025-02-22T11:46:51.272-0300] {processor.py:208} INFO - Processing /home/lpimenta/pipelineAf/airflow_env/lib/python3.10/site-packages/airflow/example_dags/subdags/subdag.py took 0.014 seconds
[2025-02-22T11:47:52.515-0300] {processor.py:186} INFO - Started process (PID=5532) to work on /home/lpimenta/pipelineAf/airflow_env/lib/python3.10/site-packages/airflow/example_dags/subdags/subdag.py
[2025-02-22T11:47:52.517-0300] {processor.py:914} INFO - Processing file /home/lpimenta/pipelineAf/airflow_env/lib/python3.10/site-packages/airflow/example_dags/subdags/subdag.py for tasks to queue
[2025-02-22T11:47:52.518-0300] {logging_mixin.py:190} INFO - [2025-02-22T11:47:52.518-0300] {dagbag.py:588} INFO - Filling up the DagBag from /home/lpimenta/pipelineAf/airflow_env/lib/python3.10/site-packages/airflow/example_dags/subdags/subdag.py
[2025-02-22T11:47:52.519-0300] {processor.py:927} WARNING - No viable dags retrieved from /home/lpimenta/pipelineAf/airflow_env/lib/python3.10/site-packages/airflow/example_dags/subdags/subdag.py
[2025-02-22T11:47:52.525-0300] {processor.py:208} INFO - Processing /home/lpimenta/pipelineAf/airflow_env/lib/python3.10/site-packages/airflow/example_dags/subdags/subdag.py took 0.015 seconds
[2025-02-22T11:48:52.464-0300] {processor.py:186} INFO - Started process (PID=5795) to work on /home/lpimenta/pipelineAf/airflow_env/lib/python3.10/site-packages/airflow/example_dags/subdags/subdag.py
[2025-02-22T11:48:52.465-0300] {processor.py:914} INFO - Processing file /home/lpimenta/pipelineAf/airflow_env/lib/python3.10/site-packages/airflow/example_dags/subdags/subdag.py for tasks to queue
[2025-02-22T11:48:52.465-0300] {logging_mixin.py:190} INFO - [2025-02-22T11:48:52.465-0300] {dagbag.py:588} INFO - Filling up the DagBag from /home/lpimenta/pipelineAf/airflow_env/lib/python3.10/site-packages/airflow/example_dags/subdags/subdag.py
[2025-02-22T11:48:52.467-0300] {processor.py:927} WARNING - No viable dags retrieved from /home/lpimenta/pipelineAf/airflow_env/lib/python3.10/site-packages/airflow/example_dags/subdags/subdag.py
[2025-02-22T11:48:52.473-0300] {processor.py:208} INFO - Processing /home/lpimenta/pipelineAf/airflow_env/lib/python3.10/site-packages/airflow/example_dags/subdags/subdag.py took 0.013 seconds
