[2025-02-22T11:41:27.208-0300] {processor.py:186} INFO - Started process (PID=4044) to work on /home/lpimenta/pipelineAf/airflow_env/lib/python3.10/site-packages/airflow/example_dags/plugins/event_listener.py
[2025-02-22T11:41:27.209-0300] {processor.py:914} INFO - Processing file /home/lpimenta/pipelineAf/airflow_env/lib/python3.10/site-packages/airflow/example_dags/plugins/event_listener.py for tasks to queue
[2025-02-22T11:41:27.210-0300] {logging_mixin.py:190} INFO - [2025-02-22T11:41:27.210-0300] {dagbag.py:588} INFO - Filling up the DagBag from /home/lpimenta/pipelineAf/airflow_env/lib/python3.10/site-packages/airflow/example_dags/plugins/event_listener.py
[2025-02-22T11:41:27.212-0300] {processor.py:927} WARNING - No viable dags retrieved from /home/lpimenta/pipelineAf/airflow_env/lib/python3.10/site-packages/airflow/example_dags/plugins/event_listener.py
[2025-02-22T11:41:27.300-0300] {processor.py:208} INFO - Processing /home/lpimenta/pipelineAf/airflow_env/lib/python3.10/site-packages/airflow/example_dags/plugins/event_listener.py took 0.096 seconds
[2025-02-22T11:42:35.271-0300] {processor.py:186} INFO - Started process (PID=4369) to work on /home/lpimenta/pipelineAf/airflow_env/lib/python3.10/site-packages/airflow/example_dags/plugins/event_listener.py
[2025-02-22T11:42:35.278-0300] {processor.py:914} INFO - Processing file /home/lpimenta/pipelineAf/airflow_env/lib/python3.10/site-packages/airflow/example_dags/plugins/event_listener.py for tasks to queue
[2025-02-22T11:42:35.280-0300] {logging_mixin.py:190} INFO - [2025-02-22T11:42:35.279-0300] {dagbag.py:588} INFO - Filling up the DagBag from /home/lpimenta/pipelineAf/airflow_env/lib/python3.10/site-packages/airflow/example_dags/plugins/event_listener.py
[2025-02-22T11:42:35.281-0300] {processor.py:927} WARNING - No viable dags retrieved from /home/lpimenta/pipelineAf/airflow_env/lib/python3.10/site-packages/airflow/example_dags/plugins/event_listener.py
[2025-02-22T11:42:35.287-0300] {processor.py:208} INFO - Processing /home/lpimenta/pipelineAf/airflow_env/lib/python3.10/site-packages/airflow/example_dags/plugins/event_listener.py took 0.020 seconds
[2025-02-22T11:43:38.942-0300] {processor.py:186} INFO - Started process (PID=4602) to work on /home/lpimenta/pipelineAf/airflow_env/lib/python3.10/site-packages/airflow/example_dags/plugins/event_listener.py
[2025-02-22T11:43:38.947-0300] {processor.py:914} INFO - Processing file /home/lpimenta/pipelineAf/airflow_env/lib/python3.10/site-packages/airflow/example_dags/plugins/event_listener.py for tasks to queue
[2025-02-22T11:43:38.948-0300] {logging_mixin.py:190} INFO - [2025-02-22T11:43:38.948-0300] {dagbag.py:588} INFO - Filling up the DagBag from /home/lpimenta/pipelineAf/airflow_env/lib/python3.10/site-packages/airflow/example_dags/plugins/event_listener.py
[2025-02-22T11:43:38.950-0300] {processor.py:927} WARNING - No viable dags retrieved from /home/lpimenta/pipelineAf/airflow_env/lib/python3.10/site-packages/airflow/example_dags/plugins/event_listener.py
[2025-02-22T11:43:38.956-0300] {processor.py:208} INFO - Processing /home/lpimenta/pipelineAf/airflow_env/lib/python3.10/site-packages/airflow/example_dags/plugins/event_listener.py took 0.017 seconds
[2025-02-22T11:44:39.949-0300] {processor.py:186} INFO - Started process (PID=4832) to work on /home/lpimenta/pipelineAf/airflow_env/lib/python3.10/site-packages/airflow/example_dags/plugins/event_listener.py
[2025-02-22T11:44:39.953-0300] {processor.py:914} INFO - Processing file /home/lpimenta/pipelineAf/airflow_env/lib/python3.10/site-packages/airflow/example_dags/plugins/event_listener.py for tasks to queue
[2025-02-22T11:44:39.954-0300] {logging_mixin.py:190} INFO - [2025-02-22T11:44:39.954-0300] {dagbag.py:588} INFO - Filling up the DagBag from /home/lpimenta/pipelineAf/airflow_env/lib/python3.10/site-packages/airflow/example_dags/plugins/event_listener.py
[2025-02-22T11:44:39.956-0300] {processor.py:927} WARNING - No viable dags retrieved from /home/lpimenta/pipelineAf/airflow_env/lib/python3.10/site-packages/airflow/example_dags/plugins/event_listener.py
[2025-02-22T11:44:39.962-0300] {processor.py:208} INFO - Processing /home/lpimenta/pipelineAf/airflow_env/lib/python3.10/site-packages/airflow/example_dags/plugins/event_listener.py took 0.017 seconds
[2025-02-22T11:45:45.327-0300] {processor.py:186} INFO - Started process (PID=5067) to work on /home/lpimenta/pipelineAf/airflow_env/lib/python3.10/site-packages/airflow/example_dags/plugins/event_listener.py
[2025-02-22T11:45:45.329-0300] {processor.py:914} INFO - Processing file /home/lpimenta/pipelineAf/airflow_env/lib/python3.10/site-packages/airflow/example_dags/plugins/event_listener.py for tasks to queue
[2025-02-22T11:45:45.330-0300] {logging_mixin.py:190} INFO - [2025-02-22T11:45:45.330-0300] {dagbag.py:588} INFO - Filling up the DagBag from /home/lpimenta/pipelineAf/airflow_env/lib/python3.10/site-packages/airflow/example_dags/plugins/event_listener.py
[2025-02-22T11:45:45.332-0300] {processor.py:927} WARNING - No viable dags retrieved from /home/lpimenta/pipelineAf/airflow_env/lib/python3.10/site-packages/airflow/example_dags/plugins/event_listener.py
[2025-02-22T11:45:45.339-0300] {processor.py:208} INFO - Processing /home/lpimenta/pipelineAf/airflow_env/lib/python3.10/site-packages/airflow/example_dags/plugins/event_listener.py took 0.017 seconds
[2025-02-22T11:46:52.388-0300] {processor.py:186} INFO - Started process (PID=5312) to work on /home/lpimenta/pipelineAf/airflow_env/lib/python3.10/site-packages/airflow/example_dags/plugins/event_listener.py
[2025-02-22T11:46:52.390-0300] {processor.py:914} INFO - Processing file /home/lpimenta/pipelineAf/airflow_env/lib/python3.10/site-packages/airflow/example_dags/plugins/event_listener.py for tasks to queue
[2025-02-22T11:46:52.390-0300] {logging_mixin.py:190} INFO - [2025-02-22T11:46:52.390-0300] {dagbag.py:588} INFO - Filling up the DagBag from /home/lpimenta/pipelineAf/airflow_env/lib/python3.10/site-packages/airflow/example_dags/plugins/event_listener.py
[2025-02-22T11:46:52.392-0300] {processor.py:927} WARNING - No viable dags retrieved from /home/lpimenta/pipelineAf/airflow_env/lib/python3.10/site-packages/airflow/example_dags/plugins/event_listener.py
[2025-02-22T11:46:52.398-0300] {processor.py:208} INFO - Processing /home/lpimenta/pipelineAf/airflow_env/lib/python3.10/site-packages/airflow/example_dags/plugins/event_listener.py took 0.014 seconds
[2025-02-22T11:47:53.667-0300] {processor.py:186} INFO - Started process (PID=5533) to work on /home/lpimenta/pipelineAf/airflow_env/lib/python3.10/site-packages/airflow/example_dags/plugins/event_listener.py
[2025-02-22T11:47:53.670-0300] {processor.py:914} INFO - Processing file /home/lpimenta/pipelineAf/airflow_env/lib/python3.10/site-packages/airflow/example_dags/plugins/event_listener.py for tasks to queue
[2025-02-22T11:47:53.671-0300] {logging_mixin.py:190} INFO - [2025-02-22T11:47:53.671-0300] {dagbag.py:588} INFO - Filling up the DagBag from /home/lpimenta/pipelineAf/airflow_env/lib/python3.10/site-packages/airflow/example_dags/plugins/event_listener.py
[2025-02-22T11:47:53.672-0300] {processor.py:927} WARNING - No viable dags retrieved from /home/lpimenta/pipelineAf/airflow_env/lib/python3.10/site-packages/airflow/example_dags/plugins/event_listener.py
[2025-02-22T11:47:53.678-0300] {processor.py:208} INFO - Processing /home/lpimenta/pipelineAf/airflow_env/lib/python3.10/site-packages/airflow/example_dags/plugins/event_listener.py took 0.014 seconds
[2025-02-22T11:48:53.596-0300] {processor.py:186} INFO - Started process (PID=5802) to work on /home/lpimenta/pipelineAf/airflow_env/lib/python3.10/site-packages/airflow/example_dags/plugins/event_listener.py
[2025-02-22T11:48:53.599-0300] {processor.py:914} INFO - Processing file /home/lpimenta/pipelineAf/airflow_env/lib/python3.10/site-packages/airflow/example_dags/plugins/event_listener.py for tasks to queue
[2025-02-22T11:48:53.600-0300] {logging_mixin.py:190} INFO - [2025-02-22T11:48:53.599-0300] {dagbag.py:588} INFO - Filling up the DagBag from /home/lpimenta/pipelineAf/airflow_env/lib/python3.10/site-packages/airflow/example_dags/plugins/event_listener.py
[2025-02-22T11:48:53.601-0300] {processor.py:927} WARNING - No viable dags retrieved from /home/lpimenta/pipelineAf/airflow_env/lib/python3.10/site-packages/airflow/example_dags/plugins/event_listener.py
[2025-02-22T11:48:53.607-0300] {processor.py:208} INFO - Processing /home/lpimenta/pipelineAf/airflow_env/lib/python3.10/site-packages/airflow/example_dags/plugins/event_listener.py took 0.014 seconds
