[2025-02-22T11:41:30.057-0300] {processor.py:186} INFO - Started process (PID=4063) to work on /home/lpimenta/pipelineAf/airflow_env/lib/python3.10/site-packages/airflow/example_dags/plugins/listener_plugin.py
[2025-02-22T11:41:30.059-0300] {processor.py:914} INFO - Processing file /home/lpimenta/pipelineAf/airflow_env/lib/python3.10/site-packages/airflow/example_dags/plugins/listener_plugin.py for tasks to queue
[2025-02-22T11:41:30.061-0300] {logging_mixin.py:190} INFO - [2025-02-22T11:41:30.060-0300] {dagbag.py:588} INFO - Filling up the DagBag from /home/lpimenta/pipelineAf/airflow_env/lib/python3.10/site-packages/airflow/example_dags/plugins/listener_plugin.py
[2025-02-22T11:41:30.063-0300] {processor.py:927} WARNING - No viable dags retrieved from /home/lpimenta/pipelineAf/airflow_env/lib/python3.10/site-packages/airflow/example_dags/plugins/listener_plugin.py
[2025-02-22T11:41:30.162-0300] {processor.py:208} INFO - Processing /home/lpimenta/pipelineAf/airflow_env/lib/python3.10/site-packages/airflow/example_dags/plugins/listener_plugin.py took 0.113 seconds
[2025-02-22T11:42:38.465-0300] {processor.py:186} INFO - Started process (PID=4379) to work on /home/lpimenta/pipelineAf/airflow_env/lib/python3.10/site-packages/airflow/example_dags/plugins/listener_plugin.py
[2025-02-22T11:42:38.466-0300] {processor.py:914} INFO - Processing file /home/lpimenta/pipelineAf/airflow_env/lib/python3.10/site-packages/airflow/example_dags/plugins/listener_plugin.py for tasks to queue
[2025-02-22T11:42:38.467-0300] {logging_mixin.py:190} INFO - [2025-02-22T11:42:38.467-0300] {dagbag.py:588} INFO - Filling up the DagBag from /home/lpimenta/pipelineAf/airflow_env/lib/python3.10/site-packages/airflow/example_dags/plugins/listener_plugin.py
[2025-02-22T11:42:38.469-0300] {processor.py:927} WARNING - No viable dags retrieved from /home/lpimenta/pipelineAf/airflow_env/lib/python3.10/site-packages/airflow/example_dags/plugins/listener_plugin.py
[2025-02-22T11:42:38.476-0300] {processor.py:208} INFO - Processing /home/lpimenta/pipelineAf/airflow_env/lib/python3.10/site-packages/airflow/example_dags/plugins/listener_plugin.py took 0.015 seconds
[2025-02-22T11:43:41.723-0300] {processor.py:186} INFO - Started process (PID=4611) to work on /home/lpimenta/pipelineAf/airflow_env/lib/python3.10/site-packages/airflow/example_dags/plugins/listener_plugin.py
[2025-02-22T11:43:41.724-0300] {processor.py:914} INFO - Processing file /home/lpimenta/pipelineAf/airflow_env/lib/python3.10/site-packages/airflow/example_dags/plugins/listener_plugin.py for tasks to queue
[2025-02-22T11:43:41.725-0300] {logging_mixin.py:190} INFO - [2025-02-22T11:43:41.725-0300] {dagbag.py:588} INFO - Filling up the DagBag from /home/lpimenta/pipelineAf/airflow_env/lib/python3.10/site-packages/airflow/example_dags/plugins/listener_plugin.py
[2025-02-22T11:43:41.728-0300] {processor.py:927} WARNING - No viable dags retrieved from /home/lpimenta/pipelineAf/airflow_env/lib/python3.10/site-packages/airflow/example_dags/plugins/listener_plugin.py
[2025-02-22T11:43:41.733-0300] {processor.py:208} INFO - Processing /home/lpimenta/pipelineAf/airflow_env/lib/python3.10/site-packages/airflow/example_dags/plugins/listener_plugin.py took 0.016 seconds
[2025-02-22T11:44:42.815-0300] {processor.py:186} INFO - Started process (PID=4847) to work on /home/lpimenta/pipelineAf/airflow_env/lib/python3.10/site-packages/airflow/example_dags/plugins/listener_plugin.py
[2025-02-22T11:44:42.817-0300] {processor.py:914} INFO - Processing file /home/lpimenta/pipelineAf/airflow_env/lib/python3.10/site-packages/airflow/example_dags/plugins/listener_plugin.py for tasks to queue
[2025-02-22T11:44:42.818-0300] {logging_mixin.py:190} INFO - [2025-02-22T11:44:42.818-0300] {dagbag.py:588} INFO - Filling up the DagBag from /home/lpimenta/pipelineAf/airflow_env/lib/python3.10/site-packages/airflow/example_dags/plugins/listener_plugin.py
[2025-02-22T11:44:42.820-0300] {processor.py:927} WARNING - No viable dags retrieved from /home/lpimenta/pipelineAf/airflow_env/lib/python3.10/site-packages/airflow/example_dags/plugins/listener_plugin.py
[2025-02-22T11:44:42.826-0300] {processor.py:208} INFO - Processing /home/lpimenta/pipelineAf/airflow_env/lib/python3.10/site-packages/airflow/example_dags/plugins/listener_plugin.py took 0.014 seconds
[2025-02-22T11:45:47.902-0300] {processor.py:186} INFO - Started process (PID=5078) to work on /home/lpimenta/pipelineAf/airflow_env/lib/python3.10/site-packages/airflow/example_dags/plugins/listener_plugin.py
[2025-02-22T11:45:47.905-0300] {processor.py:914} INFO - Processing file /home/lpimenta/pipelineAf/airflow_env/lib/python3.10/site-packages/airflow/example_dags/plugins/listener_plugin.py for tasks to queue
[2025-02-22T11:45:47.906-0300] {logging_mixin.py:190} INFO - [2025-02-22T11:45:47.906-0300] {dagbag.py:588} INFO - Filling up the DagBag from /home/lpimenta/pipelineAf/airflow_env/lib/python3.10/site-packages/airflow/example_dags/plugins/listener_plugin.py
[2025-02-22T11:45:47.907-0300] {processor.py:927} WARNING - No viable dags retrieved from /home/lpimenta/pipelineAf/airflow_env/lib/python3.10/site-packages/airflow/example_dags/plugins/listener_plugin.py
[2025-02-22T11:45:47.914-0300] {processor.py:208} INFO - Processing /home/lpimenta/pipelineAf/airflow_env/lib/python3.10/site-packages/airflow/example_dags/plugins/listener_plugin.py took 0.017 seconds
[2025-02-22T11:46:54.713-0300] {processor.py:186} INFO - Started process (PID=5324) to work on /home/lpimenta/pipelineAf/airflow_env/lib/python3.10/site-packages/airflow/example_dags/plugins/listener_plugin.py
[2025-02-22T11:46:54.714-0300] {processor.py:914} INFO - Processing file /home/lpimenta/pipelineAf/airflow_env/lib/python3.10/site-packages/airflow/example_dags/plugins/listener_plugin.py for tasks to queue
[2025-02-22T11:46:54.715-0300] {logging_mixin.py:190} INFO - [2025-02-22T11:46:54.715-0300] {dagbag.py:588} INFO - Filling up the DagBag from /home/lpimenta/pipelineAf/airflow_env/lib/python3.10/site-packages/airflow/example_dags/plugins/listener_plugin.py
[2025-02-22T11:46:54.717-0300] {processor.py:927} WARNING - No viable dags retrieved from /home/lpimenta/pipelineAf/airflow_env/lib/python3.10/site-packages/airflow/example_dags/plugins/listener_plugin.py
[2025-02-22T11:46:54.723-0300] {processor.py:208} INFO - Processing /home/lpimenta/pipelineAf/airflow_env/lib/python3.10/site-packages/airflow/example_dags/plugins/listener_plugin.py took 0.014 seconds
[2025-02-22T11:47:56.505-0300] {processor.py:186} INFO - Started process (PID=5548) to work on /home/lpimenta/pipelineAf/airflow_env/lib/python3.10/site-packages/airflow/example_dags/plugins/listener_plugin.py
[2025-02-22T11:47:56.507-0300] {processor.py:914} INFO - Processing file /home/lpimenta/pipelineAf/airflow_env/lib/python3.10/site-packages/airflow/example_dags/plugins/listener_plugin.py for tasks to queue
[2025-02-22T11:47:56.508-0300] {logging_mixin.py:190} INFO - [2025-02-22T11:47:56.508-0300] {dagbag.py:588} INFO - Filling up the DagBag from /home/lpimenta/pipelineAf/airflow_env/lib/python3.10/site-packages/airflow/example_dags/plugins/listener_plugin.py
[2025-02-22T11:47:56.510-0300] {processor.py:927} WARNING - No viable dags retrieved from /home/lpimenta/pipelineAf/airflow_env/lib/python3.10/site-packages/airflow/example_dags/plugins/listener_plugin.py
[2025-02-22T11:47:56.516-0300] {processor.py:208} INFO - Processing /home/lpimenta/pipelineAf/airflow_env/lib/python3.10/site-packages/airflow/example_dags/plugins/listener_plugin.py took 0.015 seconds
[2025-02-22T11:49:00.442-0300] {processor.py:186} INFO - Started process (PID=5817) to work on /home/lpimenta/pipelineAf/airflow_env/lib/python3.10/site-packages/airflow/example_dags/plugins/listener_plugin.py
[2025-02-22T11:49:00.443-0300] {processor.py:914} INFO - Processing file /home/lpimenta/pipelineAf/airflow_env/lib/python3.10/site-packages/airflow/example_dags/plugins/listener_plugin.py for tasks to queue
[2025-02-22T11:49:00.444-0300] {logging_mixin.py:190} INFO - [2025-02-22T11:49:00.443-0300] {dagbag.py:588} INFO - Filling up the DagBag from /home/lpimenta/pipelineAf/airflow_env/lib/python3.10/site-packages/airflow/example_dags/plugins/listener_plugin.py
[2025-02-22T11:49:00.445-0300] {processor.py:927} WARNING - No viable dags retrieved from /home/lpimenta/pipelineAf/airflow_env/lib/python3.10/site-packages/airflow/example_dags/plugins/listener_plugin.py
[2025-02-22T11:49:00.451-0300] {processor.py:208} INFO - Processing /home/lpimenta/pipelineAf/airflow_env/lib/python3.10/site-packages/airflow/example_dags/plugins/listener_plugin.py took 0.013 seconds
