[2025-02-22T11:41:27.967-0300] {processor.py:186} INFO - Started process (PID=4051) to work on /home/lpimenta/pipelineAf/airflow_env/lib/python3.10/site-packages/airflow/example_dags/plugins/workday.py
[2025-02-22T11:41:27.968-0300] {processor.py:914} INFO - Processing file /home/lpimenta/pipelineAf/airflow_env/lib/python3.10/site-packages/airflow/example_dags/plugins/workday.py for tasks to queue
[2025-02-22T11:41:27.970-0300] {logging_mixin.py:190} INFO - [2025-02-22T11:41:27.969-0300] {dagbag.py:588} INFO - Filling up the DagBag from /home/lpimenta/pipelineAf/airflow_env/lib/python3.10/site-packages/airflow/example_dags/plugins/workday.py
[2025-02-22T11:41:27.972-0300] {logging_mixin.py:190} INFO - [2025-02-22T11:41:27.972-0300] {workday.py:41} WARNING - Could not import pandas. Holidays will not be considered.
[2025-02-22T11:41:27.972-0300] {processor.py:927} WARNING - No viable dags retrieved from /home/lpimenta/pipelineAf/airflow_env/lib/python3.10/site-packages/airflow/example_dags/plugins/workday.py
[2025-02-22T11:41:28.043-0300] {processor.py:208} INFO - Processing /home/lpimenta/pipelineAf/airflow_env/lib/python3.10/site-packages/airflow/example_dags/plugins/workday.py took 0.081 seconds
[2025-02-22T11:42:36.399-0300] {processor.py:186} INFO - Started process (PID=4370) to work on /home/lpimenta/pipelineAf/airflow_env/lib/python3.10/site-packages/airflow/example_dags/plugins/workday.py
[2025-02-22T11:42:36.400-0300] {processor.py:914} INFO - Processing file /home/lpimenta/pipelineAf/airflow_env/lib/python3.10/site-packages/airflow/example_dags/plugins/workday.py for tasks to queue
[2025-02-22T11:42:36.402-0300] {logging_mixin.py:190} INFO - [2025-02-22T11:42:36.401-0300] {dagbag.py:588} INFO - Filling up the DagBag from /home/lpimenta/pipelineAf/airflow_env/lib/python3.10/site-packages/airflow/example_dags/plugins/workday.py
[2025-02-22T11:42:36.404-0300] {logging_mixin.py:190} INFO - [2025-02-22T11:42:36.403-0300] {workday.py:41} WARNING - Could not import pandas. Holidays will not be considered.
[2025-02-22T11:42:36.404-0300] {processor.py:927} WARNING - No viable dags retrieved from /home/lpimenta/pipelineAf/airflow_env/lib/python3.10/site-packages/airflow/example_dags/plugins/workday.py
[2025-02-22T11:42:36.410-0300] {processor.py:208} INFO - Processing /home/lpimenta/pipelineAf/airflow_env/lib/python3.10/site-packages/airflow/example_dags/plugins/workday.py took 0.015 seconds
[2025-02-22T11:43:40.080-0300] {processor.py:186} INFO - Started process (PID=4609) to work on /home/lpimenta/pipelineAf/airflow_env/lib/python3.10/site-packages/airflow/example_dags/plugins/workday.py
[2025-02-22T11:43:40.081-0300] {processor.py:914} INFO - Processing file /home/lpimenta/pipelineAf/airflow_env/lib/python3.10/site-packages/airflow/example_dags/plugins/workday.py for tasks to queue
[2025-02-22T11:43:40.083-0300] {logging_mixin.py:190} INFO - [2025-02-22T11:43:40.082-0300] {dagbag.py:588} INFO - Filling up the DagBag from /home/lpimenta/pipelineAf/airflow_env/lib/python3.10/site-packages/airflow/example_dags/plugins/workday.py
[2025-02-22T11:43:40.084-0300] {logging_mixin.py:190} INFO - [2025-02-22T11:43:40.084-0300] {workday.py:41} WARNING - Could not import pandas. Holidays will not be considered.
[2025-02-22T11:43:40.084-0300] {processor.py:927} WARNING - No viable dags retrieved from /home/lpimenta/pipelineAf/airflow_env/lib/python3.10/site-packages/airflow/example_dags/plugins/workday.py
[2025-02-22T11:43:40.090-0300] {processor.py:208} INFO - Processing /home/lpimenta/pipelineAf/airflow_env/lib/python3.10/site-packages/airflow/example_dags/plugins/workday.py took 0.014 seconds
[2025-02-22T11:44:41.081-0300] {processor.py:186} INFO - Started process (PID=4839) to work on /home/lpimenta/pipelineAf/airflow_env/lib/python3.10/site-packages/airflow/example_dags/plugins/workday.py
[2025-02-22T11:44:41.085-0300] {processor.py:914} INFO - Processing file /home/lpimenta/pipelineAf/airflow_env/lib/python3.10/site-packages/airflow/example_dags/plugins/workday.py for tasks to queue
[2025-02-22T11:44:41.086-0300] {logging_mixin.py:190} INFO - [2025-02-22T11:44:41.086-0300] {dagbag.py:588} INFO - Filling up the DagBag from /home/lpimenta/pipelineAf/airflow_env/lib/python3.10/site-packages/airflow/example_dags/plugins/workday.py
[2025-02-22T11:44:41.088-0300] {logging_mixin.py:190} INFO - [2025-02-22T11:44:41.088-0300] {workday.py:41} WARNING - Could not import pandas. Holidays will not be considered.
[2025-02-22T11:44:41.088-0300] {processor.py:927} WARNING - No viable dags retrieved from /home/lpimenta/pipelineAf/airflow_env/lib/python3.10/site-packages/airflow/example_dags/plugins/workday.py
[2025-02-22T11:44:41.094-0300] {processor.py:208} INFO - Processing /home/lpimenta/pipelineAf/airflow_env/lib/python3.10/site-packages/airflow/example_dags/plugins/workday.py took 0.017 seconds
[2025-02-22T11:45:46.469-0300] {processor.py:186} INFO - Started process (PID=5074) to work on /home/lpimenta/pipelineAf/airflow_env/lib/python3.10/site-packages/airflow/example_dags/plugins/workday.py
[2025-02-22T11:45:46.471-0300] {processor.py:914} INFO - Processing file /home/lpimenta/pipelineAf/airflow_env/lib/python3.10/site-packages/airflow/example_dags/plugins/workday.py for tasks to queue
[2025-02-22T11:45:46.471-0300] {logging_mixin.py:190} INFO - [2025-02-22T11:45:46.471-0300] {dagbag.py:588} INFO - Filling up the DagBag from /home/lpimenta/pipelineAf/airflow_env/lib/python3.10/site-packages/airflow/example_dags/plugins/workday.py
[2025-02-22T11:45:46.473-0300] {logging_mixin.py:190} INFO - [2025-02-22T11:45:46.473-0300] {workday.py:41} WARNING - Could not import pandas. Holidays will not be considered.
[2025-02-22T11:45:46.473-0300] {processor.py:927} WARNING - No viable dags retrieved from /home/lpimenta/pipelineAf/airflow_env/lib/python3.10/site-packages/airflow/example_dags/plugins/workday.py
[2025-02-22T11:45:46.480-0300] {processor.py:208} INFO - Processing /home/lpimenta/pipelineAf/airflow_env/lib/python3.10/site-packages/airflow/example_dags/plugins/workday.py took 0.015 seconds
[2025-02-22T11:46:53.524-0300] {processor.py:186} INFO - Started process (PID=5316) to work on /home/lpimenta/pipelineAf/airflow_env/lib/python3.10/site-packages/airflow/example_dags/plugins/workday.py
[2025-02-22T11:46:53.526-0300] {processor.py:914} INFO - Processing file /home/lpimenta/pipelineAf/airflow_env/lib/python3.10/site-packages/airflow/example_dags/plugins/workday.py for tasks to queue
[2025-02-22T11:46:53.527-0300] {logging_mixin.py:190} INFO - [2025-02-22T11:46:53.527-0300] {dagbag.py:588} INFO - Filling up the DagBag from /home/lpimenta/pipelineAf/airflow_env/lib/python3.10/site-packages/airflow/example_dags/plugins/workday.py
[2025-02-22T11:46:53.529-0300] {logging_mixin.py:190} INFO - [2025-02-22T11:46:53.529-0300] {workday.py:41} WARNING - Could not import pandas. Holidays will not be considered.
[2025-02-22T11:46:53.529-0300] {processor.py:927} WARNING - No viable dags retrieved from /home/lpimenta/pipelineAf/airflow_env/lib/python3.10/site-packages/airflow/example_dags/plugins/workday.py
[2025-02-22T11:46:53.535-0300] {processor.py:208} INFO - Processing /home/lpimenta/pipelineAf/airflow_env/lib/python3.10/site-packages/airflow/example_dags/plugins/workday.py took 0.015 seconds
[2025-02-22T11:47:54.253-0300] {processor.py:186} INFO - Started process (PID=5534) to work on /home/lpimenta/pipelineAf/airflow_env/lib/python3.10/site-packages/airflow/example_dags/plugins/workday.py
[2025-02-22T11:47:54.254-0300] {processor.py:914} INFO - Processing file /home/lpimenta/pipelineAf/airflow_env/lib/python3.10/site-packages/airflow/example_dags/plugins/workday.py for tasks to queue
[2025-02-22T11:47:54.255-0300] {logging_mixin.py:190} INFO - [2025-02-22T11:47:54.254-0300] {dagbag.py:588} INFO - Filling up the DagBag from /home/lpimenta/pipelineAf/airflow_env/lib/python3.10/site-packages/airflow/example_dags/plugins/workday.py
[2025-02-22T11:47:54.256-0300] {logging_mixin.py:190} INFO - [2025-02-22T11:47:54.256-0300] {workday.py:41} WARNING - Could not import pandas. Holidays will not be considered.
[2025-02-22T11:47:54.256-0300] {processor.py:927} WARNING - No viable dags retrieved from /home/lpimenta/pipelineAf/airflow_env/lib/python3.10/site-packages/airflow/example_dags/plugins/workday.py
[2025-02-22T11:47:54.262-0300] {processor.py:208} INFO - Processing /home/lpimenta/pipelineAf/airflow_env/lib/python3.10/site-packages/airflow/example_dags/plugins/workday.py took 0.013 seconds
[2025-02-22T11:48:54.739-0300] {processor.py:186} INFO - Started process (PID=5806) to work on /home/lpimenta/pipelineAf/airflow_env/lib/python3.10/site-packages/airflow/example_dags/plugins/workday.py
[2025-02-22T11:48:54.741-0300] {processor.py:914} INFO - Processing file /home/lpimenta/pipelineAf/airflow_env/lib/python3.10/site-packages/airflow/example_dags/plugins/workday.py for tasks to queue
[2025-02-22T11:48:54.742-0300] {logging_mixin.py:190} INFO - [2025-02-22T11:48:54.742-0300] {dagbag.py:588} INFO - Filling up the DagBag from /home/lpimenta/pipelineAf/airflow_env/lib/python3.10/site-packages/airflow/example_dags/plugins/workday.py
[2025-02-22T11:48:54.744-0300] {logging_mixin.py:190} INFO - [2025-02-22T11:48:54.744-0300] {workday.py:41} WARNING - Could not import pandas. Holidays will not be considered.
[2025-02-22T11:48:54.744-0300] {processor.py:927} WARNING - No viable dags retrieved from /home/lpimenta/pipelineAf/airflow_env/lib/python3.10/site-packages/airflow/example_dags/plugins/workday.py
[2025-02-22T11:48:54.750-0300] {processor.py:208} INFO - Processing /home/lpimenta/pipelineAf/airflow_env/lib/python3.10/site-packages/airflow/example_dags/plugins/workday.py took 0.015 seconds
