[2025-02-22T11:41:22.070-0300] {processor.py:186} INFO - Started process (PID=4027) to work on /home/lpimenta/pipelineAf/airflow_env/lib/python3.10/site-packages/airflow/example_dags/example_subdag_operator.py
[2025-02-22T11:41:22.071-0300] {processor.py:914} INFO - Processing file /home/lpimenta/pipelineAf/airflow_env/lib/python3.10/site-packages/airflow/example_dags/example_subdag_operator.py for tasks to queue
[2025-02-22T11:41:22.074-0300] {logging_mixin.py:190} INFO - [2025-02-22T11:41:22.073-0300] {dagbag.py:588} INFO - Filling up the DagBag from /home/lpimenta/pipelineAf/airflow_env/lib/python3.10/site-packages/airflow/example_dags/example_subdag_operator.py
[2025-02-22T11:41:22.185-0300] {processor.py:925} INFO - DAG(s) 'example_subdag_operator.section-1', 'example_subdag_operator.section-2', 'example_subdag_operator' retrieved from /home/lpimenta/pipelineAf/airflow_env/lib/python3.10/site-packages/airflow/example_dags/example_subdag_operator.py
[2025-02-22T11:41:22.258-0300] {logging_mixin.py:190} INFO - [2025-02-22T11:41:22.257-0300] {override.py:1930} INFO - Created Permission View: can read on DAG:example_subdag_operator
[2025-02-22T11:41:22.267-0300] {logging_mixin.py:190} INFO - [2025-02-22T11:41:22.267-0300] {override.py:1930} INFO - Created Permission View: can edit on DAG:example_subdag_operator
[2025-02-22T11:41:22.275-0300] {logging_mixin.py:190} INFO - [2025-02-22T11:41:22.275-0300] {override.py:1930} INFO - Created Permission View: can delete on DAG:example_subdag_operator
[2025-02-22T11:41:22.290-0300] {logging_mixin.py:190} INFO - [2025-02-22T11:41:22.289-0300] {override.py:1930} INFO - Created Permission View: can read on DAG Run:example_subdag_operator
[2025-02-22T11:41:22.298-0300] {logging_mixin.py:190} INFO - [2025-02-22T11:41:22.297-0300] {override.py:1930} INFO - Created Permission View: can delete on DAG Run:example_subdag_operator
[2025-02-22T11:41:22.306-0300] {logging_mixin.py:190} INFO - [2025-02-22T11:41:22.305-0300] {override.py:1930} INFO - Created Permission View: menu access on DAG Run:example_subdag_operator
[2025-02-22T11:41:22.314-0300] {logging_mixin.py:190} INFO - [2025-02-22T11:41:22.314-0300] {override.py:1930} INFO - Created Permission View: can create on DAG Run:example_subdag_operator
[2025-02-22T11:41:22.314-0300] {logging_mixin.py:190} INFO - [2025-02-22T11:41:22.314-0300] {dag.py:3239} INFO - Sync 3 DAGs
[2025-02-22T11:41:22.321-0300] {logging_mixin.py:190} INFO - [2025-02-22T11:41:22.320-0300] {dag.py:3262} INFO - Creating ORM DAG for example_subdag_operator.section-1
[2025-02-22T11:41:22.321-0300] {logging_mixin.py:190} INFO - [2025-02-22T11:41:22.321-0300] {dag.py:3262} INFO - Creating ORM DAG for example_subdag_operator
[2025-02-22T11:41:22.321-0300] {logging_mixin.py:190} INFO - [2025-02-22T11:41:22.321-0300] {dag.py:3262} INFO - Creating ORM DAG for example_subdag_operator.section-2
[2025-02-22T11:41:22.325-0300] {logging_mixin.py:190} INFO - [2025-02-22T11:41:22.325-0300] {dag.py:4180} INFO - Setting next_dagrun for example_subdag_operator to 2022-01-01 00:00:00+00:00, run_after=2022-01-01 00:00:00+00:00
[2025-02-22T11:41:22.326-0300] {logging_mixin.py:190} INFO - [2025-02-22T11:41:22.326-0300] {dag.py:4180} INFO - Setting next_dagrun for example_subdag_operator.section-1 to None, run_after=None
[2025-02-22T11:41:22.326-0300] {logging_mixin.py:190} INFO - [2025-02-22T11:41:22.326-0300] {dag.py:4180} INFO - Setting next_dagrun for example_subdag_operator.section-2 to None, run_after=None
[2025-02-22T11:41:22.330-0300] {logging_mixin.py:190} INFO - [2025-02-22T11:41:22.329-0300] {dag.py:3239} INFO - Sync 2 DAGs
[2025-02-22T11:41:22.332-0300] {logging_mixin.py:190} INFO - [2025-02-22T11:41:22.332-0300] {dag.py:4180} INFO - Setting next_dagrun for example_subdag_operator.section-1 to None, run_after=None
[2025-02-22T11:41:22.333-0300] {logging_mixin.py:190} INFO - [2025-02-22T11:41:22.333-0300] {dag.py:4180} INFO - Setting next_dagrun for example_subdag_operator.section-2 to None, run_after=None
[2025-02-22T11:41:22.346-0300] {processor.py:208} INFO - Processing /home/lpimenta/pipelineAf/airflow_env/lib/python3.10/site-packages/airflow/example_dags/example_subdag_operator.py took 0.282 seconds
[2025-02-22T11:42:33.598-0300] {processor.py:186} INFO - Started process (PID=4359) to work on /home/lpimenta/pipelineAf/airflow_env/lib/python3.10/site-packages/airflow/example_dags/example_subdag_operator.py
[2025-02-22T11:42:33.603-0300] {processor.py:914} INFO - Processing file /home/lpimenta/pipelineAf/airflow_env/lib/python3.10/site-packages/airflow/example_dags/example_subdag_operator.py for tasks to queue
[2025-02-22T11:42:33.604-0300] {logging_mixin.py:190} INFO - [2025-02-22T11:42:33.604-0300] {dagbag.py:588} INFO - Filling up the DagBag from /home/lpimenta/pipelineAf/airflow_env/lib/python3.10/site-packages/airflow/example_dags/example_subdag_operator.py
[2025-02-22T11:42:33.618-0300] {processor.py:925} INFO - DAG(s) 'example_subdag_operator.section-1', 'example_subdag_operator.section-2', 'example_subdag_operator' retrieved from /home/lpimenta/pipelineAf/airflow_env/lib/python3.10/site-packages/airflow/example_dags/example_subdag_operator.py
[2025-02-22T11:42:33.626-0300] {logging_mixin.py:190} INFO - [2025-02-22T11:42:33.626-0300] {dag.py:3239} INFO - Sync 3 DAGs
[2025-02-22T11:42:33.637-0300] {logging_mixin.py:190} INFO - [2025-02-22T11:42:33.637-0300] {dag.py:4180} INFO - Setting next_dagrun for example_subdag_operator to 2022-01-01 00:00:00+00:00, run_after=2022-01-01 00:00:00+00:00
[2025-02-22T11:42:33.639-0300] {logging_mixin.py:190} INFO - [2025-02-22T11:42:33.639-0300] {dag.py:4180} INFO - Setting next_dagrun for example_subdag_operator.section-1 to None, run_after=None
[2025-02-22T11:42:33.639-0300] {logging_mixin.py:190} INFO - [2025-02-22T11:42:33.639-0300] {dag.py:4180} INFO - Setting next_dagrun for example_subdag_operator.section-2 to None, run_after=None
[2025-02-22T11:42:33.642-0300] {logging_mixin.py:190} INFO - [2025-02-22T11:42:33.642-0300] {dag.py:3239} INFO - Sync 2 DAGs
[2025-02-22T11:42:33.645-0300] {logging_mixin.py:190} INFO - [2025-02-22T11:42:33.645-0300] {dag.py:4180} INFO - Setting next_dagrun for example_subdag_operator.section-1 to None, run_after=None
[2025-02-22T11:42:33.645-0300] {logging_mixin.py:190} INFO - [2025-02-22T11:42:33.645-0300] {dag.py:4180} INFO - Setting next_dagrun for example_subdag_operator.section-2 to None, run_after=None
[2025-02-22T11:42:33.659-0300] {processor.py:208} INFO - Processing /home/lpimenta/pipelineAf/airflow_env/lib/python3.10/site-packages/airflow/example_dags/example_subdag_operator.py took 0.066 seconds
[2025-02-22T11:43:30.867-0300] {processor.py:186} INFO - Started process (PID=4586) to work on /home/lpimenta/pipelineAf/airflow_env/lib/python3.10/site-packages/airflow/example_dags/example_subdag_operator.py
[2025-02-22T11:43:30.871-0300] {processor.py:914} INFO - Processing file /home/lpimenta/pipelineAf/airflow_env/lib/python3.10/site-packages/airflow/example_dags/example_subdag_operator.py for tasks to queue
[2025-02-22T11:43:30.872-0300] {logging_mixin.py:190} INFO - [2025-02-22T11:43:30.872-0300] {dagbag.py:588} INFO - Filling up the DagBag from /home/lpimenta/pipelineAf/airflow_env/lib/python3.10/site-packages/airflow/example_dags/example_subdag_operator.py
[2025-02-22T11:43:30.885-0300] {processor.py:925} INFO - DAG(s) 'example_subdag_operator.section-1', 'example_subdag_operator.section-2', 'example_subdag_operator' retrieved from /home/lpimenta/pipelineAf/airflow_env/lib/python3.10/site-packages/airflow/example_dags/example_subdag_operator.py
[2025-02-22T11:43:30.893-0300] {logging_mixin.py:190} INFO - [2025-02-22T11:43:30.892-0300] {dag.py:3239} INFO - Sync 3 DAGs
[2025-02-22T11:43:30.903-0300] {logging_mixin.py:190} INFO - [2025-02-22T11:43:30.903-0300] {dag.py:4180} INFO - Setting next_dagrun for example_subdag_operator to 2022-01-01 00:00:00+00:00, run_after=2022-01-01 00:00:00+00:00
[2025-02-22T11:43:30.905-0300] {logging_mixin.py:190} INFO - [2025-02-22T11:43:30.905-0300] {dag.py:4180} INFO - Setting next_dagrun for example_subdag_operator.section-1 to None, run_after=None
[2025-02-22T11:43:30.905-0300] {logging_mixin.py:190} INFO - [2025-02-22T11:43:30.905-0300] {dag.py:4180} INFO - Setting next_dagrun for example_subdag_operator.section-2 to None, run_after=None
[2025-02-22T11:43:30.908-0300] {logging_mixin.py:190} INFO - [2025-02-22T11:43:30.908-0300] {dag.py:3239} INFO - Sync 2 DAGs
[2025-02-22T11:43:30.910-0300] {logging_mixin.py:190} INFO - [2025-02-22T11:43:30.910-0300] {dag.py:4180} INFO - Setting next_dagrun for example_subdag_operator.section-1 to None, run_after=None
[2025-02-22T11:43:30.911-0300] {logging_mixin.py:190} INFO - [2025-02-22T11:43:30.911-0300] {dag.py:4180} INFO - Setting next_dagrun for example_subdag_operator.section-2 to None, run_after=None
[2025-02-22T11:43:30.923-0300] {processor.py:208} INFO - Processing /home/lpimenta/pipelineAf/airflow_env/lib/python3.10/site-packages/airflow/example_dags/example_subdag_operator.py took 0.059 seconds
[2025-02-22T11:44:35.966-0300] {processor.py:186} INFO - Started process (PID=4816) to work on /home/lpimenta/pipelineAf/airflow_env/lib/python3.10/site-packages/airflow/example_dags/example_subdag_operator.py
[2025-02-22T11:44:35.970-0300] {processor.py:914} INFO - Processing file /home/lpimenta/pipelineAf/airflow_env/lib/python3.10/site-packages/airflow/example_dags/example_subdag_operator.py for tasks to queue
[2025-02-22T11:44:35.971-0300] {logging_mixin.py:190} INFO - [2025-02-22T11:44:35.971-0300] {dagbag.py:588} INFO - Filling up the DagBag from /home/lpimenta/pipelineAf/airflow_env/lib/python3.10/site-packages/airflow/example_dags/example_subdag_operator.py
[2025-02-22T11:44:35.984-0300] {processor.py:925} INFO - DAG(s) 'example_subdag_operator.section-1', 'example_subdag_operator.section-2', 'example_subdag_operator' retrieved from /home/lpimenta/pipelineAf/airflow_env/lib/python3.10/site-packages/airflow/example_dags/example_subdag_operator.py
[2025-02-22T11:44:35.993-0300] {logging_mixin.py:190} INFO - [2025-02-22T11:44:35.992-0300] {dag.py:3239} INFO - Sync 3 DAGs
[2025-02-22T11:44:36.003-0300] {logging_mixin.py:190} INFO - [2025-02-22T11:44:36.003-0300] {dag.py:4180} INFO - Setting next_dagrun for example_subdag_operator to 2022-01-01 00:00:00+00:00, run_after=2022-01-01 00:00:00+00:00
[2025-02-22T11:44:36.004-0300] {logging_mixin.py:190} INFO - [2025-02-22T11:44:36.004-0300] {dag.py:4180} INFO - Setting next_dagrun for example_subdag_operator.section-1 to None, run_after=None
[2025-02-22T11:44:36.005-0300] {logging_mixin.py:190} INFO - [2025-02-22T11:44:36.005-0300] {dag.py:4180} INFO - Setting next_dagrun for example_subdag_operator.section-2 to None, run_after=None
[2025-02-22T11:44:36.008-0300] {logging_mixin.py:190} INFO - [2025-02-22T11:44:36.008-0300] {dag.py:3239} INFO - Sync 2 DAGs
[2025-02-22T11:44:36.010-0300] {logging_mixin.py:190} INFO - [2025-02-22T11:44:36.009-0300] {dag.py:4180} INFO - Setting next_dagrun for example_subdag_operator.section-1 to None, run_after=None
[2025-02-22T11:44:36.010-0300] {logging_mixin.py:190} INFO - [2025-02-22T11:44:36.010-0300] {dag.py:4180} INFO - Setting next_dagrun for example_subdag_operator.section-2 to None, run_after=None
[2025-02-22T11:44:36.022-0300] {processor.py:208} INFO - Processing /home/lpimenta/pipelineAf/airflow_env/lib/python3.10/site-packages/airflow/example_dags/example_subdag_operator.py took 0.060 seconds
[2025-02-22T11:45:41.329-0300] {processor.py:186} INFO - Started process (PID=5051) to work on /home/lpimenta/pipelineAf/airflow_env/lib/python3.10/site-packages/airflow/example_dags/example_subdag_operator.py
[2025-02-22T11:45:41.331-0300] {processor.py:914} INFO - Processing file /home/lpimenta/pipelineAf/airflow_env/lib/python3.10/site-packages/airflow/example_dags/example_subdag_operator.py for tasks to queue
[2025-02-22T11:45:41.332-0300] {logging_mixin.py:190} INFO - [2025-02-22T11:45:41.332-0300] {dagbag.py:588} INFO - Filling up the DagBag from /home/lpimenta/pipelineAf/airflow_env/lib/python3.10/site-packages/airflow/example_dags/example_subdag_operator.py
[2025-02-22T11:45:41.347-0300] {processor.py:925} INFO - DAG(s) 'example_subdag_operator.section-1', 'example_subdag_operator.section-2', 'example_subdag_operator' retrieved from /home/lpimenta/pipelineAf/airflow_env/lib/python3.10/site-packages/airflow/example_dags/example_subdag_operator.py
[2025-02-22T11:45:41.356-0300] {logging_mixin.py:190} INFO - [2025-02-22T11:45:41.355-0300] {dag.py:3239} INFO - Sync 3 DAGs
[2025-02-22T11:45:41.369-0300] {logging_mixin.py:190} INFO - [2025-02-22T11:45:41.369-0300] {dag.py:4180} INFO - Setting next_dagrun for example_subdag_operator to 2022-01-01 00:00:00+00:00, run_after=2022-01-01 00:00:00+00:00
[2025-02-22T11:45:41.371-0300] {logging_mixin.py:190} INFO - [2025-02-22T11:45:41.371-0300] {dag.py:4180} INFO - Setting next_dagrun for example_subdag_operator.section-1 to None, run_after=None
[2025-02-22T11:45:41.371-0300] {logging_mixin.py:190} INFO - [2025-02-22T11:45:41.371-0300] {dag.py:4180} INFO - Setting next_dagrun for example_subdag_operator.section-2 to None, run_after=None
[2025-02-22T11:45:41.374-0300] {logging_mixin.py:190} INFO - [2025-02-22T11:45:41.374-0300] {dag.py:3239} INFO - Sync 2 DAGs
[2025-02-22T11:45:41.378-0300] {logging_mixin.py:190} INFO - [2025-02-22T11:45:41.378-0300] {dag.py:4180} INFO - Setting next_dagrun for example_subdag_operator.section-1 to None, run_after=None
[2025-02-22T11:45:41.378-0300] {logging_mixin.py:190} INFO - [2025-02-22T11:45:41.378-0300] {dag.py:4180} INFO - Setting next_dagrun for example_subdag_operator.section-2 to None, run_after=None
[2025-02-22T11:45:41.392-0300] {processor.py:208} INFO - Processing /home/lpimenta/pipelineAf/airflow_env/lib/python3.10/site-packages/airflow/example_dags/example_subdag_operator.py took 0.067 seconds
[2025-02-22T11:46:48.814-0300] {processor.py:186} INFO - Started process (PID=5299) to work on /home/lpimenta/pipelineAf/airflow_env/lib/python3.10/site-packages/airflow/example_dags/example_subdag_operator.py
[2025-02-22T11:46:48.817-0300] {processor.py:914} INFO - Processing file /home/lpimenta/pipelineAf/airflow_env/lib/python3.10/site-packages/airflow/example_dags/example_subdag_operator.py for tasks to queue
[2025-02-22T11:46:48.818-0300] {logging_mixin.py:190} INFO - [2025-02-22T11:46:48.817-0300] {dagbag.py:588} INFO - Filling up the DagBag from /home/lpimenta/pipelineAf/airflow_env/lib/python3.10/site-packages/airflow/example_dags/example_subdag_operator.py
[2025-02-22T11:46:48.830-0300] {processor.py:925} INFO - DAG(s) 'example_subdag_operator.section-1', 'example_subdag_operator.section-2', 'example_subdag_operator' retrieved from /home/lpimenta/pipelineAf/airflow_env/lib/python3.10/site-packages/airflow/example_dags/example_subdag_operator.py
[2025-02-22T11:46:48.838-0300] {logging_mixin.py:190} INFO - [2025-02-22T11:46:48.838-0300] {dag.py:3239} INFO - Sync 3 DAGs
[2025-02-22T11:46:48.849-0300] {logging_mixin.py:190} INFO - [2025-02-22T11:46:48.848-0300] {dag.py:4180} INFO - Setting next_dagrun for example_subdag_operator to 2022-01-01 00:00:00+00:00, run_after=2022-01-01 00:00:00+00:00
[2025-02-22T11:46:48.850-0300] {logging_mixin.py:190} INFO - [2025-02-22T11:46:48.850-0300] {dag.py:4180} INFO - Setting next_dagrun for example_subdag_operator.section-1 to None, run_after=None
[2025-02-22T11:46:48.851-0300] {logging_mixin.py:190} INFO - [2025-02-22T11:46:48.850-0300] {dag.py:4180} INFO - Setting next_dagrun for example_subdag_operator.section-2 to None, run_after=None
[2025-02-22T11:46:48.853-0300] {logging_mixin.py:190} INFO - [2025-02-22T11:46:48.853-0300] {dag.py:3239} INFO - Sync 2 DAGs
[2025-02-22T11:46:48.855-0300] {logging_mixin.py:190} INFO - [2025-02-22T11:46:48.855-0300] {dag.py:4180} INFO - Setting next_dagrun for example_subdag_operator.section-1 to None, run_after=None
[2025-02-22T11:46:48.855-0300] {logging_mixin.py:190} INFO - [2025-02-22T11:46:48.855-0300] {dag.py:4180} INFO - Setting next_dagrun for example_subdag_operator.section-2 to None, run_after=None
[2025-02-22T11:46:48.868-0300] {processor.py:208} INFO - Processing /home/lpimenta/pipelineAf/airflow_env/lib/python3.10/site-packages/airflow/example_dags/example_subdag_operator.py took 0.058 seconds
[2025-02-22T11:47:49.777-0300] {processor.py:186} INFO - Started process (PID=5517) to work on /home/lpimenta/pipelineAf/airflow_env/lib/python3.10/site-packages/airflow/example_dags/example_subdag_operator.py
[2025-02-22T11:47:49.779-0300] {processor.py:914} INFO - Processing file /home/lpimenta/pipelineAf/airflow_env/lib/python3.10/site-packages/airflow/example_dags/example_subdag_operator.py for tasks to queue
[2025-02-22T11:47:49.779-0300] {logging_mixin.py:190} INFO - [2025-02-22T11:47:49.779-0300] {dagbag.py:588} INFO - Filling up the DagBag from /home/lpimenta/pipelineAf/airflow_env/lib/python3.10/site-packages/airflow/example_dags/example_subdag_operator.py
[2025-02-22T11:47:49.792-0300] {processor.py:925} INFO - DAG(s) 'example_subdag_operator.section-1', 'example_subdag_operator.section-2', 'example_subdag_operator' retrieved from /home/lpimenta/pipelineAf/airflow_env/lib/python3.10/site-packages/airflow/example_dags/example_subdag_operator.py
[2025-02-22T11:47:49.800-0300] {logging_mixin.py:190} INFO - [2025-02-22T11:47:49.800-0300] {dag.py:3239} INFO - Sync 3 DAGs
[2025-02-22T11:47:49.812-0300] {logging_mixin.py:190} INFO - [2025-02-22T11:47:49.812-0300] {dag.py:4180} INFO - Setting next_dagrun for example_subdag_operator to 2022-01-01 00:00:00+00:00, run_after=2022-01-01 00:00:00+00:00
[2025-02-22T11:47:49.814-0300] {logging_mixin.py:190} INFO - [2025-02-22T11:47:49.814-0300] {dag.py:4180} INFO - Setting next_dagrun for example_subdag_operator.section-1 to None, run_after=None
[2025-02-22T11:47:49.815-0300] {logging_mixin.py:190} INFO - [2025-02-22T11:47:49.815-0300] {dag.py:4180} INFO - Setting next_dagrun for example_subdag_operator.section-2 to None, run_after=None
[2025-02-22T11:47:49.818-0300] {logging_mixin.py:190} INFO - [2025-02-22T11:47:49.818-0300] {dag.py:3239} INFO - Sync 2 DAGs
[2025-02-22T11:47:49.820-0300] {logging_mixin.py:190} INFO - [2025-02-22T11:47:49.820-0300] {dag.py:4180} INFO - Setting next_dagrun for example_subdag_operator.section-1 to None, run_after=None
[2025-02-22T11:47:49.820-0300] {logging_mixin.py:190} INFO - [2025-02-22T11:47:49.820-0300] {dag.py:4180} INFO - Setting next_dagrun for example_subdag_operator.section-2 to None, run_after=None
[2025-02-22T11:47:49.831-0300] {processor.py:208} INFO - Processing /home/lpimenta/pipelineAf/airflow_env/lib/python3.10/site-packages/airflow/example_dags/example_subdag_operator.py took 0.058 seconds
[2025-02-22T11:48:49.594-0300] {processor.py:186} INFO - Started process (PID=5774) to work on /home/lpimenta/pipelineAf/airflow_env/lib/python3.10/site-packages/airflow/example_dags/example_subdag_operator.py
[2025-02-22T11:48:49.596-0300] {processor.py:914} INFO - Processing file /home/lpimenta/pipelineAf/airflow_env/lib/python3.10/site-packages/airflow/example_dags/example_subdag_operator.py for tasks to queue
[2025-02-22T11:48:49.596-0300] {logging_mixin.py:190} INFO - [2025-02-22T11:48:49.596-0300] {dagbag.py:588} INFO - Filling up the DagBag from /home/lpimenta/pipelineAf/airflow_env/lib/python3.10/site-packages/airflow/example_dags/example_subdag_operator.py
[2025-02-22T11:48:49.609-0300] {processor.py:925} INFO - DAG(s) 'example_subdag_operator.section-1', 'example_subdag_operator.section-2', 'example_subdag_operator' retrieved from /home/lpimenta/pipelineAf/airflow_env/lib/python3.10/site-packages/airflow/example_dags/example_subdag_operator.py
[2025-02-22T11:48:49.618-0300] {logging_mixin.py:190} INFO - [2025-02-22T11:48:49.618-0300] {dag.py:3239} INFO - Sync 3 DAGs
[2025-02-22T11:48:49.629-0300] {logging_mixin.py:190} INFO - [2025-02-22T11:48:49.629-0300] {dag.py:4180} INFO - Setting next_dagrun for example_subdag_operator to 2022-01-01 00:00:00+00:00, run_after=2022-01-01 00:00:00+00:00
[2025-02-22T11:48:49.631-0300] {logging_mixin.py:190} INFO - [2025-02-22T11:48:49.631-0300] {dag.py:4180} INFO - Setting next_dagrun for example_subdag_operator.section-1 to None, run_after=None
[2025-02-22T11:48:49.632-0300] {logging_mixin.py:190} INFO - [2025-02-22T11:48:49.632-0300] {dag.py:4180} INFO - Setting next_dagrun for example_subdag_operator.section-2 to None, run_after=None
[2025-02-22T11:48:49.634-0300] {logging_mixin.py:190} INFO - [2025-02-22T11:48:49.634-0300] {dag.py:3239} INFO - Sync 2 DAGs
[2025-02-22T11:48:49.636-0300] {logging_mixin.py:190} INFO - [2025-02-22T11:48:49.636-0300] {dag.py:4180} INFO - Setting next_dagrun for example_subdag_operator.section-1 to None, run_after=None
[2025-02-22T11:48:49.636-0300] {logging_mixin.py:190} INFO - [2025-02-22T11:48:49.636-0300] {dag.py:4180} INFO - Setting next_dagrun for example_subdag_operator.section-2 to None, run_after=None
[2025-02-22T11:48:49.649-0300] {processor.py:208} INFO - Processing /home/lpimenta/pipelineAf/airflow_env/lib/python3.10/site-packages/airflow/example_dags/example_subdag_operator.py took 0.059 seconds
