[2025-02-22T11:40:48.830-0300] {processor.py:186} INFO - Started process (PID=3886) to work on /home/lpimenta/pipelineAf/airflow_env/lib/python3.10/site-packages/airflow/example_dags/example_skip_dag.py
[2025-02-22T11:40:48.831-0300] {processor.py:914} INFO - Processing file /home/lpimenta/pipelineAf/airflow_env/lib/python3.10/site-packages/airflow/example_dags/example_skip_dag.py for tasks to queue
[2025-02-22T11:40:48.832-0300] {logging_mixin.py:190} INFO - [2025-02-22T11:40:48.832-0300] {dagbag.py:588} INFO - Filling up the DagBag from /home/lpimenta/pipelineAf/airflow_env/lib/python3.10/site-packages/airflow/example_dags/example_skip_dag.py
[2025-02-22T11:40:48.837-0300] {processor.py:925} INFO - DAG(s) 'example_skip_dag' retrieved from /home/lpimenta/pipelineAf/airflow_env/lib/python3.10/site-packages/airflow/example_dags/example_skip_dag.py
[2025-02-22T11:40:48.949-0300] {logging_mixin.py:190} INFO - [2025-02-22T11:40:48.949-0300] {override.py:1930} INFO - Created Permission View: can read on DAG:example_skip_dag
[2025-02-22T11:40:48.958-0300] {logging_mixin.py:190} INFO - [2025-02-22T11:40:48.958-0300] {override.py:1930} INFO - Created Permission View: can edit on DAG:example_skip_dag
[2025-02-22T11:40:48.967-0300] {logging_mixin.py:190} INFO - [2025-02-22T11:40:48.966-0300] {override.py:1930} INFO - Created Permission View: can delete on DAG:example_skip_dag
[2025-02-22T11:40:48.979-0300] {logging_mixin.py:190} INFO - [2025-02-22T11:40:48.979-0300] {override.py:1930} INFO - Created Permission View: can read on DAG Run:example_skip_dag
[2025-02-22T11:40:48.987-0300] {logging_mixin.py:190} INFO - [2025-02-22T11:40:48.986-0300] {override.py:1930} INFO - Created Permission View: can delete on DAG Run:example_skip_dag
[2025-02-22T11:40:48.994-0300] {logging_mixin.py:190} INFO - [2025-02-22T11:40:48.994-0300] {override.py:1930} INFO - Created Permission View: menu access on DAG Run:example_skip_dag
[2025-02-22T11:40:49.001-0300] {logging_mixin.py:190} INFO - [2025-02-22T11:40:49.001-0300] {override.py:1930} INFO - Created Permission View: can create on DAG Run:example_skip_dag
[2025-02-22T11:40:49.001-0300] {logging_mixin.py:190} INFO - [2025-02-22T11:40:49.001-0300] {dag.py:3239} INFO - Sync 1 DAGs
[2025-02-22T11:40:49.007-0300] {logging_mixin.py:190} INFO - [2025-02-22T11:40:49.007-0300] {dag.py:3262} INFO - Creating ORM DAG for example_skip_dag
[2025-02-22T11:40:49.011-0300] {logging_mixin.py:190} INFO - [2025-02-22T11:40:49.011-0300] {dag.py:4180} INFO - Setting next_dagrun for example_skip_dag to 2025-02-21 00:00:00+00:00, run_after=2025-02-22 00:00:00+00:00
[2025-02-22T11:40:49.025-0300] {processor.py:208} INFO - Processing /home/lpimenta/pipelineAf/airflow_env/lib/python3.10/site-packages/airflow/example_dags/example_skip_dag.py took 0.199 seconds
[2025-02-22T11:41:58.284-0300] {processor.py:186} INFO - Started process (PID=4225) to work on /home/lpimenta/pipelineAf/airflow_env/lib/python3.10/site-packages/airflow/example_dags/example_skip_dag.py
[2025-02-22T11:41:58.285-0300] {processor.py:914} INFO - Processing file /home/lpimenta/pipelineAf/airflow_env/lib/python3.10/site-packages/airflow/example_dags/example_skip_dag.py for tasks to queue
[2025-02-22T11:41:58.286-0300] {logging_mixin.py:190} INFO - [2025-02-22T11:41:58.286-0300] {dagbag.py:588} INFO - Filling up the DagBag from /home/lpimenta/pipelineAf/airflow_env/lib/python3.10/site-packages/airflow/example_dags/example_skip_dag.py
[2025-02-22T11:41:58.292-0300] {processor.py:925} INFO - DAG(s) 'example_skip_dag' retrieved from /home/lpimenta/pipelineAf/airflow_env/lib/python3.10/site-packages/airflow/example_dags/example_skip_dag.py
[2025-02-22T11:41:58.301-0300] {logging_mixin.py:190} INFO - [2025-02-22T11:41:58.301-0300] {dag.py:3239} INFO - Sync 1 DAGs
[2025-02-22T11:41:58.314-0300] {logging_mixin.py:190} INFO - [2025-02-22T11:41:58.314-0300] {dag.py:4180} INFO - Setting next_dagrun for example_skip_dag to 2025-02-21 00:00:00+00:00, run_after=2025-02-22 00:00:00+00:00
[2025-02-22T11:41:58.333-0300] {processor.py:208} INFO - Processing /home/lpimenta/pipelineAf/airflow_env/lib/python3.10/site-packages/airflow/example_dags/example_skip_dag.py took 0.052 seconds
[2025-02-22T11:42:55.230-0300] {processor.py:186} INFO - Started process (PID=4451) to work on /home/lpimenta/pipelineAf/airflow_env/lib/python3.10/site-packages/airflow/example_dags/example_skip_dag.py
[2025-02-22T11:42:55.234-0300] {processor.py:914} INFO - Processing file /home/lpimenta/pipelineAf/airflow_env/lib/python3.10/site-packages/airflow/example_dags/example_skip_dag.py for tasks to queue
[2025-02-22T11:42:55.236-0300] {logging_mixin.py:190} INFO - [2025-02-22T11:42:55.235-0300] {dagbag.py:588} INFO - Filling up the DagBag from /home/lpimenta/pipelineAf/airflow_env/lib/python3.10/site-packages/airflow/example_dags/example_skip_dag.py
[2025-02-22T11:42:55.241-0300] {processor.py:925} INFO - DAG(s) 'example_skip_dag' retrieved from /home/lpimenta/pipelineAf/airflow_env/lib/python3.10/site-packages/airflow/example_dags/example_skip_dag.py
[2025-02-22T11:42:55.251-0300] {logging_mixin.py:190} INFO - [2025-02-22T11:42:55.251-0300] {dag.py:3239} INFO - Sync 1 DAGs
[2025-02-22T11:42:55.264-0300] {logging_mixin.py:190} INFO - [2025-02-22T11:42:55.264-0300] {dag.py:4180} INFO - Setting next_dagrun for example_skip_dag to 2025-02-21 00:00:00+00:00, run_after=2025-02-22 00:00:00+00:00
[2025-02-22T11:42:55.280-0300] {processor.py:208} INFO - Processing /home/lpimenta/pipelineAf/airflow_env/lib/python3.10/site-packages/airflow/example_dags/example_skip_dag.py took 0.054 seconds
[2025-02-22T11:44:03.299-0300] {processor.py:186} INFO - Started process (PID=4699) to work on /home/lpimenta/pipelineAf/airflow_env/lib/python3.10/site-packages/airflow/example_dags/example_skip_dag.py
[2025-02-22T11:44:03.301-0300] {processor.py:914} INFO - Processing file /home/lpimenta/pipelineAf/airflow_env/lib/python3.10/site-packages/airflow/example_dags/example_skip_dag.py for tasks to queue
[2025-02-22T11:44:03.302-0300] {logging_mixin.py:190} INFO - [2025-02-22T11:44:03.302-0300] {dagbag.py:588} INFO - Filling up the DagBag from /home/lpimenta/pipelineAf/airflow_env/lib/python3.10/site-packages/airflow/example_dags/example_skip_dag.py
[2025-02-22T11:44:03.308-0300] {processor.py:925} INFO - DAG(s) 'example_skip_dag' retrieved from /home/lpimenta/pipelineAf/airflow_env/lib/python3.10/site-packages/airflow/example_dags/example_skip_dag.py
[2025-02-22T11:44:03.318-0300] {logging_mixin.py:190} INFO - [2025-02-22T11:44:03.317-0300] {dag.py:3239} INFO - Sync 1 DAGs
[2025-02-22T11:44:03.328-0300] {logging_mixin.py:190} INFO - [2025-02-22T11:44:03.328-0300] {dag.py:4180} INFO - Setting next_dagrun for example_skip_dag to 2025-02-21 00:00:00+00:00, run_after=2025-02-22 00:00:00+00:00
[2025-02-22T11:44:03.344-0300] {processor.py:208} INFO - Processing /home/lpimenta/pipelineAf/airflow_env/lib/python3.10/site-packages/airflow/example_dags/example_skip_dag.py took 0.049 seconds
[2025-02-22T11:45:06.931-0300] {processor.py:186} INFO - Started process (PID=4928) to work on /home/lpimenta/pipelineAf/airflow_env/lib/python3.10/site-packages/airflow/example_dags/example_skip_dag.py
[2025-02-22T11:45:06.935-0300] {processor.py:914} INFO - Processing file /home/lpimenta/pipelineAf/airflow_env/lib/python3.10/site-packages/airflow/example_dags/example_skip_dag.py for tasks to queue
[2025-02-22T11:45:06.936-0300] {logging_mixin.py:190} INFO - [2025-02-22T11:45:06.936-0300] {dagbag.py:588} INFO - Filling up the DagBag from /home/lpimenta/pipelineAf/airflow_env/lib/python3.10/site-packages/airflow/example_dags/example_skip_dag.py
[2025-02-22T11:45:06.941-0300] {processor.py:925} INFO - DAG(s) 'example_skip_dag' retrieved from /home/lpimenta/pipelineAf/airflow_env/lib/python3.10/site-packages/airflow/example_dags/example_skip_dag.py
[2025-02-22T11:45:06.951-0300] {logging_mixin.py:190} INFO - [2025-02-22T11:45:06.951-0300] {dag.py:3239} INFO - Sync 1 DAGs
[2025-02-22T11:45:06.962-0300] {logging_mixin.py:190} INFO - [2025-02-22T11:45:06.962-0300] {dag.py:4180} INFO - Setting next_dagrun for example_skip_dag to 2025-02-21 00:00:00+00:00, run_after=2025-02-22 00:00:00+00:00
[2025-02-22T11:45:06.977-0300] {processor.py:208} INFO - Processing /home/lpimenta/pipelineAf/airflow_env/lib/python3.10/site-packages/airflow/example_dags/example_skip_dag.py took 0.050 seconds
[2025-02-22T11:46:10.589-0300] {processor.py:186} INFO - Started process (PID=5163) to work on /home/lpimenta/pipelineAf/airflow_env/lib/python3.10/site-packages/airflow/example_dags/example_skip_dag.py
[2025-02-22T11:46:10.592-0300] {processor.py:914} INFO - Processing file /home/lpimenta/pipelineAf/airflow_env/lib/python3.10/site-packages/airflow/example_dags/example_skip_dag.py for tasks to queue
[2025-02-22T11:46:10.593-0300] {logging_mixin.py:190} INFO - [2025-02-22T11:46:10.592-0300] {dagbag.py:588} INFO - Filling up the DagBag from /home/lpimenta/pipelineAf/airflow_env/lib/python3.10/site-packages/airflow/example_dags/example_skip_dag.py
[2025-02-22T11:46:10.598-0300] {processor.py:925} INFO - DAG(s) 'example_skip_dag' retrieved from /home/lpimenta/pipelineAf/airflow_env/lib/python3.10/site-packages/airflow/example_dags/example_skip_dag.py
[2025-02-22T11:46:10.609-0300] {logging_mixin.py:190} INFO - [2025-02-22T11:46:10.609-0300] {dag.py:3239} INFO - Sync 1 DAGs
[2025-02-22T11:46:10.620-0300] {logging_mixin.py:190} INFO - [2025-02-22T11:46:10.620-0300] {dag.py:4180} INFO - Setting next_dagrun for example_skip_dag to 2025-02-21 00:00:00+00:00, run_after=2025-02-22 00:00:00+00:00
[2025-02-22T11:46:10.635-0300] {processor.py:208} INFO - Processing /home/lpimenta/pipelineAf/airflow_env/lib/python3.10/site-packages/airflow/example_dags/example_skip_dag.py took 0.050 seconds
[2025-02-22T11:47:17.640-0300] {processor.py:186} INFO - Started process (PID=5401) to work on /home/lpimenta/pipelineAf/airflow_env/lib/python3.10/site-packages/airflow/example_dags/example_skip_dag.py
[2025-02-22T11:47:17.642-0300] {processor.py:914} INFO - Processing file /home/lpimenta/pipelineAf/airflow_env/lib/python3.10/site-packages/airflow/example_dags/example_skip_dag.py for tasks to queue
[2025-02-22T11:47:17.643-0300] {logging_mixin.py:190} INFO - [2025-02-22T11:47:17.643-0300] {dagbag.py:588} INFO - Filling up the DagBag from /home/lpimenta/pipelineAf/airflow_env/lib/python3.10/site-packages/airflow/example_dags/example_skip_dag.py
[2025-02-22T11:47:17.650-0300] {processor.py:925} INFO - DAG(s) 'example_skip_dag' retrieved from /home/lpimenta/pipelineAf/airflow_env/lib/python3.10/site-packages/airflow/example_dags/example_skip_dag.py
[2025-02-22T11:47:17.660-0300] {logging_mixin.py:190} INFO - [2025-02-22T11:47:17.660-0300] {dag.py:3239} INFO - Sync 1 DAGs
[2025-02-22T11:47:17.671-0300] {logging_mixin.py:190} INFO - [2025-02-22T11:47:17.671-0300] {dag.py:4180} INFO - Setting next_dagrun for example_skip_dag to 2025-02-21 00:00:00+00:00, run_after=2025-02-22 00:00:00+00:00
[2025-02-22T11:47:17.685-0300] {processor.py:208} INFO - Processing /home/lpimenta/pipelineAf/airflow_env/lib/python3.10/site-packages/airflow/example_dags/example_skip_dag.py took 0.049 seconds
[2025-02-22T11:48:18.081-0300] {processor.py:186} INFO - Started process (PID=5632) to work on /home/lpimenta/pipelineAf/airflow_env/lib/python3.10/site-packages/airflow/example_dags/example_skip_dag.py
[2025-02-22T11:48:18.083-0300] {processor.py:914} INFO - Processing file /home/lpimenta/pipelineAf/airflow_env/lib/python3.10/site-packages/airflow/example_dags/example_skip_dag.py for tasks to queue
[2025-02-22T11:48:18.084-0300] {logging_mixin.py:190} INFO - [2025-02-22T11:48:18.084-0300] {dagbag.py:588} INFO - Filling up the DagBag from /home/lpimenta/pipelineAf/airflow_env/lib/python3.10/site-packages/airflow/example_dags/example_skip_dag.py
[2025-02-22T11:48:18.090-0300] {processor.py:925} INFO - DAG(s) 'example_skip_dag' retrieved from /home/lpimenta/pipelineAf/airflow_env/lib/python3.10/site-packages/airflow/example_dags/example_skip_dag.py
[2025-02-22T11:48:18.099-0300] {logging_mixin.py:190} INFO - [2025-02-22T11:48:18.099-0300] {dag.py:3239} INFO - Sync 1 DAGs
[2025-02-22T11:48:18.109-0300] {logging_mixin.py:190} INFO - [2025-02-22T11:48:18.109-0300] {dag.py:4180} INFO - Setting next_dagrun for example_skip_dag to 2025-02-21 00:00:00+00:00, run_after=2025-02-22 00:00:00+00:00
[2025-02-22T11:48:18.124-0300] {processor.py:208} INFO - Processing /home/lpimenta/pipelineAf/airflow_env/lib/python3.10/site-packages/airflow/example_dags/example_skip_dag.py took 0.047 seconds
[2025-02-22T11:49:20.451-0300] {processor.py:186} INFO - Started process (PID=5892) to work on /home/lpimenta/pipelineAf/airflow_env/lib/python3.10/site-packages/airflow/example_dags/example_skip_dag.py
[2025-02-22T11:49:20.454-0300] {processor.py:914} INFO - Processing file /home/lpimenta/pipelineAf/airflow_env/lib/python3.10/site-packages/airflow/example_dags/example_skip_dag.py for tasks to queue
[2025-02-22T11:49:20.455-0300] {logging_mixin.py:190} INFO - [2025-02-22T11:49:20.454-0300] {dagbag.py:588} INFO - Filling up the DagBag from /home/lpimenta/pipelineAf/airflow_env/lib/python3.10/site-packages/airflow/example_dags/example_skip_dag.py
[2025-02-22T11:49:20.460-0300] {processor.py:925} INFO - DAG(s) 'example_skip_dag' retrieved from /home/lpimenta/pipelineAf/airflow_env/lib/python3.10/site-packages/airflow/example_dags/example_skip_dag.py
[2025-02-22T11:49:20.470-0300] {logging_mixin.py:190} INFO - [2025-02-22T11:49:20.470-0300] {dag.py:3239} INFO - Sync 1 DAGs
[2025-02-22T11:49:20.483-0300] {logging_mixin.py:190} INFO - [2025-02-22T11:49:20.483-0300] {dag.py:4180} INFO - Setting next_dagrun for example_skip_dag to 2025-02-21 00:00:00+00:00, run_after=2025-02-22 00:00:00+00:00
[2025-02-22T11:49:20.498-0300] {processor.py:208} INFO - Processing /home/lpimenta/pipelineAf/airflow_env/lib/python3.10/site-packages/airflow/example_dags/example_skip_dag.py took 0.051 seconds
