[2025-02-22T11:40:26.157-0300] {processor.py:186} INFO - Started process (PID=3782) to work on /home/lpimenta/pipelineAf/airflow_env/lib/python3.10/site-packages/airflow/example_dags/example_short_circuit_operator.py
[2025-02-22T11:40:26.158-0300] {processor.py:914} INFO - Processing file /home/lpimenta/pipelineAf/airflow_env/lib/python3.10/site-packages/airflow/example_dags/example_short_circuit_operator.py for tasks to queue
[2025-02-22T11:40:26.160-0300] {logging_mixin.py:190} INFO - [2025-02-22T11:40:26.160-0300] {dagbag.py:588} INFO - Filling up the DagBag from /home/lpimenta/pipelineAf/airflow_env/lib/python3.10/site-packages/airflow/example_dags/example_short_circuit_operator.py
[2025-02-22T11:40:26.172-0300] {processor.py:925} INFO - DAG(s) 'example_short_circuit_operator' retrieved from /home/lpimenta/pipelineAf/airflow_env/lib/python3.10/site-packages/airflow/example_dags/example_short_circuit_operator.py
[2025-02-22T11:40:26.315-0300] {logging_mixin.py:190} INFO - [2025-02-22T11:40:26.315-0300] {override.py:1930} INFO - Created Permission View: can read on DAG:example_short_circuit_operator
[2025-02-22T11:40:26.324-0300] {logging_mixin.py:190} INFO - [2025-02-22T11:40:26.324-0300] {override.py:1930} INFO - Created Permission View: can edit on DAG:example_short_circuit_operator
[2025-02-22T11:40:26.332-0300] {logging_mixin.py:190} INFO - [2025-02-22T11:40:26.331-0300] {override.py:1930} INFO - Created Permission View: can delete on DAG:example_short_circuit_operator
[2025-02-22T11:40:26.344-0300] {logging_mixin.py:190} INFO - [2025-02-22T11:40:26.344-0300] {override.py:1930} INFO - Created Permission View: can read on DAG Run:example_short_circuit_operator
[2025-02-22T11:40:26.351-0300] {logging_mixin.py:190} INFO - [2025-02-22T11:40:26.351-0300] {override.py:1930} INFO - Created Permission View: can delete on DAG Run:example_short_circuit_operator
[2025-02-22T11:40:26.359-0300] {logging_mixin.py:190} INFO - [2025-02-22T11:40:26.358-0300] {override.py:1930} INFO - Created Permission View: menu access on DAG Run:example_short_circuit_operator
[2025-02-22T11:40:26.366-0300] {logging_mixin.py:190} INFO - [2025-02-22T11:40:26.366-0300] {override.py:1930} INFO - Created Permission View: can create on DAG Run:example_short_circuit_operator
[2025-02-22T11:40:26.366-0300] {logging_mixin.py:190} INFO - [2025-02-22T11:40:26.366-0300] {dag.py:3239} INFO - Sync 1 DAGs
[2025-02-22T11:40:26.372-0300] {logging_mixin.py:190} INFO - [2025-02-22T11:40:26.372-0300] {dag.py:3262} INFO - Creating ORM DAG for example_short_circuit_operator
[2025-02-22T11:40:26.373-0300] {logging_mixin.py:190} INFO - [2025-02-22T11:40:26.373-0300] {dag.py:4180} INFO - Setting next_dagrun for example_short_circuit_operator to None, run_after=None
[2025-02-22T11:40:26.386-0300] {processor.py:208} INFO - Processing /home/lpimenta/pipelineAf/airflow_env/lib/python3.10/site-packages/airflow/example_dags/example_short_circuit_operator.py took 0.236 seconds
[2025-02-22T11:41:37.648-0300] {processor.py:186} INFO - Started process (PID=4114) to work on /home/lpimenta/pipelineAf/airflow_env/lib/python3.10/site-packages/airflow/example_dags/example_short_circuit_operator.py
[2025-02-22T11:41:37.650-0300] {processor.py:914} INFO - Processing file /home/lpimenta/pipelineAf/airflow_env/lib/python3.10/site-packages/airflow/example_dags/example_short_circuit_operator.py for tasks to queue
[2025-02-22T11:41:37.653-0300] {logging_mixin.py:190} INFO - [2025-02-22T11:41:37.652-0300] {dagbag.py:588} INFO - Filling up the DagBag from /home/lpimenta/pipelineAf/airflow_env/lib/python3.10/site-packages/airflow/example_dags/example_short_circuit_operator.py
[2025-02-22T11:41:37.662-0300] {processor.py:925} INFO - DAG(s) 'example_short_circuit_operator' retrieved from /home/lpimenta/pipelineAf/airflow_env/lib/python3.10/site-packages/airflow/example_dags/example_short_circuit_operator.py
[2025-02-22T11:41:37.683-0300] {logging_mixin.py:190} INFO - [2025-02-22T11:41:37.682-0300] {dag.py:3239} INFO - Sync 1 DAGs
[2025-02-22T11:41:37.696-0300] {logging_mixin.py:190} INFO - [2025-02-22T11:41:37.695-0300] {dag.py:4180} INFO - Setting next_dagrun for example_short_circuit_operator to None, run_after=None
[2025-02-22T11:41:37.718-0300] {processor.py:208} INFO - Processing /home/lpimenta/pipelineAf/airflow_env/lib/python3.10/site-packages/airflow/example_dags/example_short_circuit_operator.py took 0.077 seconds
[2025-02-22T11:42:14.170-0300] {processor.py:186} INFO - Started process (PID=4289) to work on /home/lpimenta/pipelineAf/airflow_env/lib/python3.10/site-packages/airflow/example_dags/example_short_circuit_operator.py
[2025-02-22T11:42:14.171-0300] {processor.py:914} INFO - Processing file /home/lpimenta/pipelineAf/airflow_env/lib/python3.10/site-packages/airflow/example_dags/example_short_circuit_operator.py for tasks to queue
[2025-02-22T11:42:14.173-0300] {logging_mixin.py:190} INFO - [2025-02-22T11:42:14.172-0300] {dagbag.py:588} INFO - Filling up the DagBag from /home/lpimenta/pipelineAf/airflow_env/lib/python3.10/site-packages/airflow/example_dags/example_short_circuit_operator.py
[2025-02-22T11:42:14.181-0300] {processor.py:925} INFO - DAG(s) 'example_short_circuit_operator' retrieved from /home/lpimenta/pipelineAf/airflow_env/lib/python3.10/site-packages/airflow/example_dags/example_short_circuit_operator.py
[2025-02-22T11:42:14.196-0300] {logging_mixin.py:190} INFO - [2025-02-22T11:42:14.196-0300] {dag.py:3239} INFO - Sync 1 DAGs
[2025-02-22T11:42:14.208-0300] {logging_mixin.py:190} INFO - [2025-02-22T11:42:14.208-0300] {dag.py:4180} INFO - Setting next_dagrun for example_short_circuit_operator to None, run_after=None
[2025-02-22T11:42:14.232-0300] {processor.py:208} INFO - Processing /home/lpimenta/pipelineAf/airflow_env/lib/python3.10/site-packages/airflow/example_dags/example_short_circuit_operator.py took 0.066 seconds
[2025-02-22T11:43:13.592-0300] {processor.py:186} INFO - Started process (PID=4515) to work on /home/lpimenta/pipelineAf/airflow_env/lib/python3.10/site-packages/airflow/example_dags/example_short_circuit_operator.py
[2025-02-22T11:43:13.593-0300] {processor.py:914} INFO - Processing file /home/lpimenta/pipelineAf/airflow_env/lib/python3.10/site-packages/airflow/example_dags/example_short_circuit_operator.py for tasks to queue
[2025-02-22T11:43:13.594-0300] {logging_mixin.py:190} INFO - [2025-02-22T11:43:13.594-0300] {dagbag.py:588} INFO - Filling up the DagBag from /home/lpimenta/pipelineAf/airflow_env/lib/python3.10/site-packages/airflow/example_dags/example_short_circuit_operator.py
[2025-02-22T11:43:13.599-0300] {processor.py:925} INFO - DAG(s) 'example_short_circuit_operator' retrieved from /home/lpimenta/pipelineAf/airflow_env/lib/python3.10/site-packages/airflow/example_dags/example_short_circuit_operator.py
[2025-02-22T11:43:13.612-0300] {logging_mixin.py:190} INFO - [2025-02-22T11:43:13.612-0300] {dag.py:3239} INFO - Sync 1 DAGs
[2025-02-22T11:43:13.622-0300] {logging_mixin.py:190} INFO - [2025-02-22T11:43:13.622-0300] {dag.py:4180} INFO - Setting next_dagrun for example_short_circuit_operator to None, run_after=None
[2025-02-22T11:43:13.639-0300] {processor.py:208} INFO - Processing /home/lpimenta/pipelineAf/airflow_env/lib/python3.10/site-packages/airflow/example_dags/example_short_circuit_operator.py took 0.051 seconds
[2025-02-22T11:43:49.075-0300] {processor.py:186} INFO - Started process (PID=4642) to work on /home/lpimenta/pipelineAf/airflow_env/lib/python3.10/site-packages/airflow/example_dags/example_short_circuit_operator.py
[2025-02-22T11:43:49.078-0300] {processor.py:914} INFO - Processing file /home/lpimenta/pipelineAf/airflow_env/lib/python3.10/site-packages/airflow/example_dags/example_short_circuit_operator.py for tasks to queue
[2025-02-22T11:43:49.079-0300] {logging_mixin.py:190} INFO - [2025-02-22T11:43:49.079-0300] {dagbag.py:588} INFO - Filling up the DagBag from /home/lpimenta/pipelineAf/airflow_env/lib/python3.10/site-packages/airflow/example_dags/example_short_circuit_operator.py
[2025-02-22T11:43:49.085-0300] {processor.py:925} INFO - DAG(s) 'example_short_circuit_operator' retrieved from /home/lpimenta/pipelineAf/airflow_env/lib/python3.10/site-packages/airflow/example_dags/example_short_circuit_operator.py
[2025-02-22T11:43:49.096-0300] {logging_mixin.py:190} INFO - [2025-02-22T11:43:49.095-0300] {dag.py:3239} INFO - Sync 1 DAGs
[2025-02-22T11:43:49.103-0300] {logging_mixin.py:190} INFO - [2025-02-22T11:43:49.102-0300] {dag.py:4180} INFO - Setting next_dagrun for example_short_circuit_operator to None, run_after=None
[2025-02-22T11:43:49.121-0300] {processor.py:208} INFO - Processing /home/lpimenta/pipelineAf/airflow_env/lib/python3.10/site-packages/airflow/example_dags/example_short_circuit_operator.py took 0.051 seconds
[2025-02-22T11:44:51.545-0300] {processor.py:186} INFO - Started process (PID=4865) to work on /home/lpimenta/pipelineAf/airflow_env/lib/python3.10/site-packages/airflow/example_dags/example_short_circuit_operator.py
[2025-02-22T11:44:51.547-0300] {processor.py:914} INFO - Processing file /home/lpimenta/pipelineAf/airflow_env/lib/python3.10/site-packages/airflow/example_dags/example_short_circuit_operator.py for tasks to queue
[2025-02-22T11:44:51.548-0300] {logging_mixin.py:190} INFO - [2025-02-22T11:44:51.548-0300] {dagbag.py:588} INFO - Filling up the DagBag from /home/lpimenta/pipelineAf/airflow_env/lib/python3.10/site-packages/airflow/example_dags/example_short_circuit_operator.py
[2025-02-22T11:44:51.557-0300] {processor.py:925} INFO - DAG(s) 'example_short_circuit_operator' retrieved from /home/lpimenta/pipelineAf/airflow_env/lib/python3.10/site-packages/airflow/example_dags/example_short_circuit_operator.py
[2025-02-22T11:44:51.569-0300] {logging_mixin.py:190} INFO - [2025-02-22T11:44:51.569-0300] {dag.py:3239} INFO - Sync 1 DAGs
[2025-02-22T11:44:51.576-0300] {logging_mixin.py:190} INFO - [2025-02-22T11:44:51.576-0300] {dag.py:4180} INFO - Setting next_dagrun for example_short_circuit_operator to None, run_after=None
[2025-02-22T11:44:51.592-0300] {processor.py:208} INFO - Processing /home/lpimenta/pipelineAf/airflow_env/lib/python3.10/site-packages/airflow/example_dags/example_short_circuit_operator.py took 0.051 seconds
[2025-02-22T11:45:52.745-0300] {processor.py:186} INFO - Started process (PID=5103) to work on /home/lpimenta/pipelineAf/airflow_env/lib/python3.10/site-packages/airflow/example_dags/example_short_circuit_operator.py
[2025-02-22T11:45:52.747-0300] {processor.py:914} INFO - Processing file /home/lpimenta/pipelineAf/airflow_env/lib/python3.10/site-packages/airflow/example_dags/example_short_circuit_operator.py for tasks to queue
[2025-02-22T11:45:52.748-0300] {logging_mixin.py:190} INFO - [2025-02-22T11:45:52.748-0300] {dagbag.py:588} INFO - Filling up the DagBag from /home/lpimenta/pipelineAf/airflow_env/lib/python3.10/site-packages/airflow/example_dags/example_short_circuit_operator.py
[2025-02-22T11:45:52.754-0300] {processor.py:925} INFO - DAG(s) 'example_short_circuit_operator' retrieved from /home/lpimenta/pipelineAf/airflow_env/lib/python3.10/site-packages/airflow/example_dags/example_short_circuit_operator.py
[2025-02-22T11:45:52.763-0300] {logging_mixin.py:190} INFO - [2025-02-22T11:45:52.763-0300] {dag.py:3239} INFO - Sync 1 DAGs
[2025-02-22T11:45:52.770-0300] {logging_mixin.py:190} INFO - [2025-02-22T11:45:52.770-0300] {dag.py:4180} INFO - Setting next_dagrun for example_short_circuit_operator to None, run_after=None
[2025-02-22T11:45:52.786-0300] {processor.py:208} INFO - Processing /home/lpimenta/pipelineAf/airflow_env/lib/python3.10/site-packages/airflow/example_dags/example_short_circuit_operator.py took 0.045 seconds
[2025-02-22T11:46:27.811-0300] {processor.py:186} INFO - Started process (PID=5228) to work on /home/lpimenta/pipelineAf/airflow_env/lib/python3.10/site-packages/airflow/example_dags/example_short_circuit_operator.py
[2025-02-22T11:46:27.815-0300] {processor.py:914} INFO - Processing file /home/lpimenta/pipelineAf/airflow_env/lib/python3.10/site-packages/airflow/example_dags/example_short_circuit_operator.py for tasks to queue
[2025-02-22T11:46:27.816-0300] {logging_mixin.py:190} INFO - [2025-02-22T11:46:27.816-0300] {dagbag.py:588} INFO - Filling up the DagBag from /home/lpimenta/pipelineAf/airflow_env/lib/python3.10/site-packages/airflow/example_dags/example_short_circuit_operator.py
[2025-02-22T11:46:27.822-0300] {processor.py:925} INFO - DAG(s) 'example_short_circuit_operator' retrieved from /home/lpimenta/pipelineAf/airflow_env/lib/python3.10/site-packages/airflow/example_dags/example_short_circuit_operator.py
[2025-02-22T11:46:27.832-0300] {logging_mixin.py:190} INFO - [2025-02-22T11:46:27.832-0300] {dag.py:3239} INFO - Sync 1 DAGs
[2025-02-22T11:46:27.840-0300] {logging_mixin.py:190} INFO - [2025-02-22T11:46:27.839-0300] {dag.py:4180} INFO - Setting next_dagrun for example_short_circuit_operator to None, run_after=None
[2025-02-22T11:46:27.855-0300] {processor.py:208} INFO - Processing /home/lpimenta/pipelineAf/airflow_env/lib/python3.10/site-packages/airflow/example_dags/example_short_circuit_operator.py took 0.047 seconds
[2025-02-22T11:47:01.526-0300] {processor.py:186} INFO - Started process (PID=5350) to work on /home/lpimenta/pipelineAf/airflow_env/lib/python3.10/site-packages/airflow/example_dags/example_short_circuit_operator.py
[2025-02-22T11:47:01.528-0300] {processor.py:914} INFO - Processing file /home/lpimenta/pipelineAf/airflow_env/lib/python3.10/site-packages/airflow/example_dags/example_short_circuit_operator.py for tasks to queue
[2025-02-22T11:47:01.529-0300] {logging_mixin.py:190} INFO - [2025-02-22T11:47:01.529-0300] {dagbag.py:588} INFO - Filling up the DagBag from /home/lpimenta/pipelineAf/airflow_env/lib/python3.10/site-packages/airflow/example_dags/example_short_circuit_operator.py
[2025-02-22T11:47:01.535-0300] {processor.py:925} INFO - DAG(s) 'example_short_circuit_operator' retrieved from /home/lpimenta/pipelineAf/airflow_env/lib/python3.10/site-packages/airflow/example_dags/example_short_circuit_operator.py
[2025-02-22T11:47:01.545-0300] {logging_mixin.py:190} INFO - [2025-02-22T11:47:01.545-0300] {dag.py:3239} INFO - Sync 1 DAGs
[2025-02-22T11:47:01.552-0300] {logging_mixin.py:190} INFO - [2025-02-22T11:47:01.552-0300] {dag.py:4180} INFO - Setting next_dagrun for example_short_circuit_operator to None, run_after=None
[2025-02-22T11:47:01.568-0300] {processor.py:208} INFO - Processing /home/lpimenta/pipelineAf/airflow_env/lib/python3.10/site-packages/airflow/example_dags/example_short_circuit_operator.py took 0.046 seconds
[2025-02-22T11:48:04.924-0300] {processor.py:186} INFO - Started process (PID=5581) to work on /home/lpimenta/pipelineAf/airflow_env/lib/python3.10/site-packages/airflow/example_dags/example_short_circuit_operator.py
[2025-02-22T11:48:04.926-0300] {processor.py:914} INFO - Processing file /home/lpimenta/pipelineAf/airflow_env/lib/python3.10/site-packages/airflow/example_dags/example_short_circuit_operator.py for tasks to queue
[2025-02-22T11:48:04.927-0300] {logging_mixin.py:190} INFO - [2025-02-22T11:48:04.927-0300] {dagbag.py:588} INFO - Filling up the DagBag from /home/lpimenta/pipelineAf/airflow_env/lib/python3.10/site-packages/airflow/example_dags/example_short_circuit_operator.py
[2025-02-22T11:48:04.932-0300] {processor.py:925} INFO - DAG(s) 'example_short_circuit_operator' retrieved from /home/lpimenta/pipelineAf/airflow_env/lib/python3.10/site-packages/airflow/example_dags/example_short_circuit_operator.py
[2025-02-22T11:48:04.943-0300] {logging_mixin.py:190} INFO - [2025-02-22T11:48:04.942-0300] {dag.py:3239} INFO - Sync 1 DAGs
[2025-02-22T11:48:04.950-0300] {logging_mixin.py:190} INFO - [2025-02-22T11:48:04.950-0300] {dag.py:4180} INFO - Setting next_dagrun for example_short_circuit_operator to None, run_after=None
[2025-02-22T11:48:04.964-0300] {processor.py:208} INFO - Processing /home/lpimenta/pipelineAf/airflow_env/lib/python3.10/site-packages/airflow/example_dags/example_short_circuit_operator.py took 0.044 seconds
[2025-02-22T11:49:06.297-0300] {processor.py:186} INFO - Started process (PID=5835) to work on /home/lpimenta/pipelineAf/airflow_env/lib/python3.10/site-packages/airflow/example_dags/example_short_circuit_operator.py
[2025-02-22T11:49:06.298-0300] {processor.py:914} INFO - Processing file /home/lpimenta/pipelineAf/airflow_env/lib/python3.10/site-packages/airflow/example_dags/example_short_circuit_operator.py for tasks to queue
[2025-02-22T11:49:06.298-0300] {logging_mixin.py:190} INFO - [2025-02-22T11:49:06.298-0300] {dagbag.py:588} INFO - Filling up the DagBag from /home/lpimenta/pipelineAf/airflow_env/lib/python3.10/site-packages/airflow/example_dags/example_short_circuit_operator.py
[2025-02-22T11:49:06.305-0300] {processor.py:925} INFO - DAG(s) 'example_short_circuit_operator' retrieved from /home/lpimenta/pipelineAf/airflow_env/lib/python3.10/site-packages/airflow/example_dags/example_short_circuit_operator.py
[2025-02-22T11:49:06.316-0300] {logging_mixin.py:190} INFO - [2025-02-22T11:49:06.316-0300] {dag.py:3239} INFO - Sync 1 DAGs
[2025-02-22T11:49:06.324-0300] {logging_mixin.py:190} INFO - [2025-02-22T11:49:06.324-0300] {dag.py:4180} INFO - Setting next_dagrun for example_short_circuit_operator to None, run_after=None
[2025-02-22T11:49:06.344-0300] {processor.py:208} INFO - Processing /home/lpimenta/pipelineAf/airflow_env/lib/python3.10/site-packages/airflow/example_dags/example_short_circuit_operator.py took 0.052 seconds
