[2025-02-22T11:41:08.677-0300] {processor.py:186} INFO - Started process (PID=3985) to work on /home/lpimenta/pipelineAf/airflow_env/lib/python3.10/site-packages/airflow/example_dags/example_nested_branch_dag.py
[2025-02-22T11:41:08.678-0300] {processor.py:914} INFO - Processing file /home/lpimenta/pipelineAf/airflow_env/lib/python3.10/site-packages/airflow/example_dags/example_nested_branch_dag.py for tasks to queue
[2025-02-22T11:41:08.679-0300] {logging_mixin.py:190} INFO - [2025-02-22T11:41:08.679-0300] {dagbag.py:588} INFO - Filling up the DagBag from /home/lpimenta/pipelineAf/airflow_env/lib/python3.10/site-packages/airflow/example_dags/example_nested_branch_dag.py
[2025-02-22T11:41:08.687-0300] {processor.py:925} INFO - DAG(s) 'example_nested_branch_dag' retrieved from /home/lpimenta/pipelineAf/airflow_env/lib/python3.10/site-packages/airflow/example_dags/example_nested_branch_dag.py
[2025-02-22T11:41:08.809-0300] {logging_mixin.py:190} INFO - [2025-02-22T11:41:08.809-0300] {override.py:1930} INFO - Created Permission View: can read on DAG:example_nested_branch_dag
[2025-02-22T11:41:08.819-0300] {logging_mixin.py:190} INFO - [2025-02-22T11:41:08.818-0300] {override.py:1930} INFO - Created Permission View: can edit on DAG:example_nested_branch_dag
[2025-02-22T11:41:08.827-0300] {logging_mixin.py:190} INFO - [2025-02-22T11:41:08.826-0300] {override.py:1930} INFO - Created Permission View: can delete on DAG:example_nested_branch_dag
[2025-02-22T11:41:08.839-0300] {logging_mixin.py:190} INFO - [2025-02-22T11:41:08.839-0300] {override.py:1930} INFO - Created Permission View: can read on DAG Run:example_nested_branch_dag
[2025-02-22T11:41:08.847-0300] {logging_mixin.py:190} INFO - [2025-02-22T11:41:08.846-0300] {override.py:1930} INFO - Created Permission View: can delete on DAG Run:example_nested_branch_dag
[2025-02-22T11:41:08.854-0300] {logging_mixin.py:190} INFO - [2025-02-22T11:41:08.854-0300] {override.py:1930} INFO - Created Permission View: menu access on DAG Run:example_nested_branch_dag
[2025-02-22T11:41:08.862-0300] {logging_mixin.py:190} INFO - [2025-02-22T11:41:08.862-0300] {override.py:1930} INFO - Created Permission View: can create on DAG Run:example_nested_branch_dag
[2025-02-22T11:41:08.862-0300] {logging_mixin.py:190} INFO - [2025-02-22T11:41:08.862-0300] {dag.py:3239} INFO - Sync 1 DAGs
[2025-02-22T11:41:08.868-0300] {logging_mixin.py:190} INFO - [2025-02-22T11:41:08.868-0300] {dag.py:3262} INFO - Creating ORM DAG for example_nested_branch_dag
[2025-02-22T11:41:08.873-0300] {logging_mixin.py:190} INFO - [2025-02-22T11:41:08.873-0300] {dag.py:4180} INFO - Setting next_dagrun for example_nested_branch_dag to 2025-02-21 00:00:00+00:00, run_after=2025-02-22 00:00:00+00:00
[2025-02-22T11:41:08.888-0300] {processor.py:208} INFO - Processing /home/lpimenta/pipelineAf/airflow_env/lib/python3.10/site-packages/airflow/example_dags/example_nested_branch_dag.py took 0.214 seconds
[2025-02-22T11:42:21.557-0300] {processor.py:186} INFO - Started process (PID=4320) to work on /home/lpimenta/pipelineAf/airflow_env/lib/python3.10/site-packages/airflow/example_dags/example_nested_branch_dag.py
[2025-02-22T11:42:21.559-0300] {processor.py:914} INFO - Processing file /home/lpimenta/pipelineAf/airflow_env/lib/python3.10/site-packages/airflow/example_dags/example_nested_branch_dag.py for tasks to queue
[2025-02-22T11:42:21.560-0300] {logging_mixin.py:190} INFO - [2025-02-22T11:42:21.560-0300] {dagbag.py:588} INFO - Filling up the DagBag from /home/lpimenta/pipelineAf/airflow_env/lib/python3.10/site-packages/airflow/example_dags/example_nested_branch_dag.py
[2025-02-22T11:42:21.567-0300] {processor.py:925} INFO - DAG(s) 'example_nested_branch_dag' retrieved from /home/lpimenta/pipelineAf/airflow_env/lib/python3.10/site-packages/airflow/example_dags/example_nested_branch_dag.py
[2025-02-22T11:42:21.577-0300] {logging_mixin.py:190} INFO - [2025-02-22T11:42:21.577-0300] {dag.py:3239} INFO - Sync 1 DAGs
[2025-02-22T11:42:21.589-0300] {logging_mixin.py:190} INFO - [2025-02-22T11:42:21.589-0300] {dag.py:4180} INFO - Setting next_dagrun for example_nested_branch_dag to 2025-02-21 00:00:00+00:00, run_after=2025-02-22 00:00:00+00:00
[2025-02-22T11:42:21.604-0300] {processor.py:208} INFO - Processing /home/lpimenta/pipelineAf/airflow_env/lib/python3.10/site-packages/airflow/example_dags/example_nested_branch_dag.py took 0.051 seconds
[2025-02-22T11:43:20.738-0300] {processor.py:186} INFO - Started process (PID=4546) to work on /home/lpimenta/pipelineAf/airflow_env/lib/python3.10/site-packages/airflow/example_dags/example_nested_branch_dag.py
[2025-02-22T11:43:20.742-0300] {processor.py:914} INFO - Processing file /home/lpimenta/pipelineAf/airflow_env/lib/python3.10/site-packages/airflow/example_dags/example_nested_branch_dag.py for tasks to queue
[2025-02-22T11:43:20.744-0300] {logging_mixin.py:190} INFO - [2025-02-22T11:43:20.743-0300] {dagbag.py:588} INFO - Filling up the DagBag from /home/lpimenta/pipelineAf/airflow_env/lib/python3.10/site-packages/airflow/example_dags/example_nested_branch_dag.py
[2025-02-22T11:43:20.752-0300] {processor.py:925} INFO - DAG(s) 'example_nested_branch_dag' retrieved from /home/lpimenta/pipelineAf/airflow_env/lib/python3.10/site-packages/airflow/example_dags/example_nested_branch_dag.py
[2025-02-22T11:43:20.761-0300] {logging_mixin.py:190} INFO - [2025-02-22T11:43:20.761-0300] {dag.py:3239} INFO - Sync 1 DAGs
[2025-02-22T11:43:20.772-0300] {logging_mixin.py:190} INFO - [2025-02-22T11:43:20.772-0300] {dag.py:4180} INFO - Setting next_dagrun for example_nested_branch_dag to 2025-02-21 00:00:00+00:00, run_after=2025-02-22 00:00:00+00:00
[2025-02-22T11:43:20.787-0300] {processor.py:208} INFO - Processing /home/lpimenta/pipelineAf/airflow_env/lib/python3.10/site-packages/airflow/example_dags/example_nested_branch_dag.py took 0.053 seconds
[2025-02-22T11:44:26.290-0300] {processor.py:186} INFO - Started process (PID=4782) to work on /home/lpimenta/pipelineAf/airflow_env/lib/python3.10/site-packages/airflow/example_dags/example_nested_branch_dag.py
[2025-02-22T11:44:26.294-0300] {processor.py:914} INFO - Processing file /home/lpimenta/pipelineAf/airflow_env/lib/python3.10/site-packages/airflow/example_dags/example_nested_branch_dag.py for tasks to queue
[2025-02-22T11:44:26.295-0300] {logging_mixin.py:190} INFO - [2025-02-22T11:44:26.295-0300] {dagbag.py:588} INFO - Filling up the DagBag from /home/lpimenta/pipelineAf/airflow_env/lib/python3.10/site-packages/airflow/example_dags/example_nested_branch_dag.py
[2025-02-22T11:44:26.303-0300] {processor.py:925} INFO - DAG(s) 'example_nested_branch_dag' retrieved from /home/lpimenta/pipelineAf/airflow_env/lib/python3.10/site-packages/airflow/example_dags/example_nested_branch_dag.py
[2025-02-22T11:44:26.312-0300] {logging_mixin.py:190} INFO - [2025-02-22T11:44:26.312-0300] {dag.py:3239} INFO - Sync 1 DAGs
[2025-02-22T11:44:26.327-0300] {logging_mixin.py:190} INFO - [2025-02-22T11:44:26.326-0300] {dag.py:4180} INFO - Setting next_dagrun for example_nested_branch_dag to 2025-02-21 00:00:00+00:00, run_after=2025-02-22 00:00:00+00:00
[2025-02-22T11:44:26.345-0300] {processor.py:208} INFO - Processing /home/lpimenta/pipelineAf/airflow_env/lib/python3.10/site-packages/airflow/example_dags/example_nested_branch_dag.py took 0.059 seconds
[2025-02-22T11:45:32.291-0300] {processor.py:186} INFO - Started process (PID=5017) to work on /home/lpimenta/pipelineAf/airflow_env/lib/python3.10/site-packages/airflow/example_dags/example_nested_branch_dag.py
[2025-02-22T11:45:32.294-0300] {processor.py:914} INFO - Processing file /home/lpimenta/pipelineAf/airflow_env/lib/python3.10/site-packages/airflow/example_dags/example_nested_branch_dag.py for tasks to queue
[2025-02-22T11:45:32.295-0300] {logging_mixin.py:190} INFO - [2025-02-22T11:45:32.294-0300] {dagbag.py:588} INFO - Filling up the DagBag from /home/lpimenta/pipelineAf/airflow_env/lib/python3.10/site-packages/airflow/example_dags/example_nested_branch_dag.py
[2025-02-22T11:45:32.302-0300] {processor.py:925} INFO - DAG(s) 'example_nested_branch_dag' retrieved from /home/lpimenta/pipelineAf/airflow_env/lib/python3.10/site-packages/airflow/example_dags/example_nested_branch_dag.py
[2025-02-22T11:45:32.311-0300] {logging_mixin.py:190} INFO - [2025-02-22T11:45:32.311-0300] {dag.py:3239} INFO - Sync 1 DAGs
[2025-02-22T11:45:32.322-0300] {logging_mixin.py:190} INFO - [2025-02-22T11:45:32.322-0300] {dag.py:4180} INFO - Setting next_dagrun for example_nested_branch_dag to 2025-02-21 00:00:00+00:00, run_after=2025-02-22 00:00:00+00:00
[2025-02-22T11:45:32.338-0300] {processor.py:208} INFO - Processing /home/lpimenta/pipelineAf/airflow_env/lib/python3.10/site-packages/airflow/example_dags/example_nested_branch_dag.py took 0.050 seconds
[2025-02-22T11:46:38.734-0300] {processor.py:186} INFO - Started process (PID=5259) to work on /home/lpimenta/pipelineAf/airflow_env/lib/python3.10/site-packages/airflow/example_dags/example_nested_branch_dag.py
[2025-02-22T11:46:38.736-0300] {processor.py:914} INFO - Processing file /home/lpimenta/pipelineAf/airflow_env/lib/python3.10/site-packages/airflow/example_dags/example_nested_branch_dag.py for tasks to queue
[2025-02-22T11:46:38.738-0300] {logging_mixin.py:190} INFO - [2025-02-22T11:46:38.737-0300] {dagbag.py:588} INFO - Filling up the DagBag from /home/lpimenta/pipelineAf/airflow_env/lib/python3.10/site-packages/airflow/example_dags/example_nested_branch_dag.py
[2025-02-22T11:46:38.745-0300] {processor.py:925} INFO - DAG(s) 'example_nested_branch_dag' retrieved from /home/lpimenta/pipelineAf/airflow_env/lib/python3.10/site-packages/airflow/example_dags/example_nested_branch_dag.py
[2025-02-22T11:46:38.755-0300] {logging_mixin.py:190} INFO - [2025-02-22T11:46:38.755-0300] {dag.py:3239} INFO - Sync 1 DAGs
[2025-02-22T11:46:38.768-0300] {logging_mixin.py:190} INFO - [2025-02-22T11:46:38.768-0300] {dag.py:4180} INFO - Setting next_dagrun for example_nested_branch_dag to 2025-02-21 00:00:00+00:00, run_after=2025-02-22 00:00:00+00:00
[2025-02-22T11:46:38.784-0300] {processor.py:208} INFO - Processing /home/lpimenta/pipelineAf/airflow_env/lib/python3.10/site-packages/airflow/example_dags/example_nested_branch_dag.py took 0.054 seconds
[2025-02-22T11:47:35.535-0300] {processor.py:186} INFO - Started process (PID=5477) to work on /home/lpimenta/pipelineAf/airflow_env/lib/python3.10/site-packages/airflow/example_dags/example_nested_branch_dag.py
[2025-02-22T11:47:35.537-0300] {processor.py:914} INFO - Processing file /home/lpimenta/pipelineAf/airflow_env/lib/python3.10/site-packages/airflow/example_dags/example_nested_branch_dag.py for tasks to queue
[2025-02-22T11:47:35.538-0300] {logging_mixin.py:190} INFO - [2025-02-22T11:47:35.537-0300] {dagbag.py:588} INFO - Filling up the DagBag from /home/lpimenta/pipelineAf/airflow_env/lib/python3.10/site-packages/airflow/example_dags/example_nested_branch_dag.py
[2025-02-22T11:47:35.547-0300] {processor.py:925} INFO - DAG(s) 'example_nested_branch_dag' retrieved from /home/lpimenta/pipelineAf/airflow_env/lib/python3.10/site-packages/airflow/example_dags/example_nested_branch_dag.py
[2025-02-22T11:47:35.558-0300] {logging_mixin.py:190} INFO - [2025-02-22T11:47:35.558-0300] {dag.py:3239} INFO - Sync 1 DAGs
[2025-02-22T11:47:35.573-0300] {logging_mixin.py:190} INFO - [2025-02-22T11:47:35.573-0300] {dag.py:4180} INFO - Setting next_dagrun for example_nested_branch_dag to 2025-02-21 00:00:00+00:00, run_after=2025-02-22 00:00:00+00:00
[2025-02-22T11:47:35.600-0300] {processor.py:208} INFO - Processing /home/lpimenta/pipelineAf/airflow_env/lib/python3.10/site-packages/airflow/example_dags/example_nested_branch_dag.py took 0.070 seconds
[2025-02-22T11:48:40.481-0300] {processor.py:186} INFO - Started process (PID=5707) to work on /home/lpimenta/pipelineAf/airflow_env/lib/python3.10/site-packages/airflow/example_dags/example_nested_branch_dag.py
[2025-02-22T11:48:40.483-0300] {processor.py:914} INFO - Processing file /home/lpimenta/pipelineAf/airflow_env/lib/python3.10/site-packages/airflow/example_dags/example_nested_branch_dag.py for tasks to queue
[2025-02-22T11:48:40.483-0300] {logging_mixin.py:190} INFO - [2025-02-22T11:48:40.483-0300] {dagbag.py:588} INFO - Filling up the DagBag from /home/lpimenta/pipelineAf/airflow_env/lib/python3.10/site-packages/airflow/example_dags/example_nested_branch_dag.py
[2025-02-22T11:48:40.490-0300] {processor.py:925} INFO - DAG(s) 'example_nested_branch_dag' retrieved from /home/lpimenta/pipelineAf/airflow_env/lib/python3.10/site-packages/airflow/example_dags/example_nested_branch_dag.py
[2025-02-22T11:48:40.499-0300] {logging_mixin.py:190} INFO - [2025-02-22T11:48:40.499-0300] {dag.py:3239} INFO - Sync 1 DAGs
[2025-02-22T11:48:40.510-0300] {logging_mixin.py:190} INFO - [2025-02-22T11:48:40.510-0300] {dag.py:4180} INFO - Setting next_dagrun for example_nested_branch_dag to 2025-02-21 00:00:00+00:00, run_after=2025-02-22 00:00:00+00:00
[2025-02-22T11:48:40.528-0300] {processor.py:208} INFO - Processing /home/lpimenta/pipelineAf/airflow_env/lib/python3.10/site-packages/airflow/example_dags/example_nested_branch_dag.py took 0.051 seconds
