[2025-02-22T11:40:45.372-0300] {processor.py:186} INFO - Started process (PID=3865) to work on /home/lpimenta/pipelineAf/airflow_env/lib/python3.10/site-packages/airflow/example_dags/example_dataset_alias_with_no_taskflow.py
[2025-02-22T11:40:45.372-0300] {processor.py:914} INFO - Processing file /home/lpimenta/pipelineAf/airflow_env/lib/python3.10/site-packages/airflow/example_dags/example_dataset_alias_with_no_taskflow.py for tasks to queue
[2025-02-22T11:40:45.374-0300] {logging_mixin.py:190} INFO - [2025-02-22T11:40:45.374-0300] {dagbag.py:588} INFO - Filling up the DagBag from /home/lpimenta/pipelineAf/airflow_env/lib/python3.10/site-packages/airflow/example_dags/example_dataset_alias_with_no_taskflow.py
[2025-02-22T11:40:45.384-0300] {processor.py:925} INFO - DAG(s) 'dataset_alias_example_alias_consumer_with_no_taskflow', 'dataset_s3_bucket_producer_with_no_taskflow', 'dataset_s3_bucket_consumer_with_no_taskflow', 'dataset_alias_example_alias_producer_with_no_taskflow' retrieved from /home/lpimenta/pipelineAf/airflow_env/lib/python3.10/site-packages/airflow/example_dags/example_dataset_alias_with_no_taskflow.py
[2025-02-22T11:40:45.496-0300] {logging_mixin.py:190} INFO - [2025-02-22T11:40:45.495-0300] {override.py:1930} INFO - Created Permission View: can read on DAG:dataset_alias_example_alias_consumer_with_no_taskflow
[2025-02-22T11:40:45.505-0300] {logging_mixin.py:190} INFO - [2025-02-22T11:40:45.504-0300] {override.py:1930} INFO - Created Permission View: can edit on DAG:dataset_alias_example_alias_consumer_with_no_taskflow
[2025-02-22T11:40:45.512-0300] {logging_mixin.py:190} INFO - [2025-02-22T11:40:45.512-0300] {override.py:1930} INFO - Created Permission View: can delete on DAG:dataset_alias_example_alias_consumer_with_no_taskflow
[2025-02-22T11:40:45.524-0300] {logging_mixin.py:190} INFO - [2025-02-22T11:40:45.524-0300] {override.py:1930} INFO - Created Permission View: can read on DAG Run:dataset_alias_example_alias_consumer_with_no_taskflow
[2025-02-22T11:40:45.532-0300] {logging_mixin.py:190} INFO - [2025-02-22T11:40:45.531-0300] {override.py:1930} INFO - Created Permission View: can delete on DAG Run:dataset_alias_example_alias_consumer_with_no_taskflow
[2025-02-22T11:40:45.539-0300] {logging_mixin.py:190} INFO - [2025-02-22T11:40:45.539-0300] {override.py:1930} INFO - Created Permission View: menu access on DAG Run:dataset_alias_example_alias_consumer_with_no_taskflow
[2025-02-22T11:40:45.548-0300] {logging_mixin.py:190} INFO - [2025-02-22T11:40:45.548-0300] {override.py:1930} INFO - Created Permission View: can create on DAG Run:dataset_alias_example_alias_consumer_with_no_taskflow
[2025-02-22T11:40:45.565-0300] {logging_mixin.py:190} INFO - [2025-02-22T11:40:45.564-0300] {override.py:1930} INFO - Created Permission View: can read on DAG:dataset_s3_bucket_producer_with_no_taskflow
[2025-02-22T11:40:45.572-0300] {logging_mixin.py:190} INFO - [2025-02-22T11:40:45.572-0300] {override.py:1930} INFO - Created Permission View: can edit on DAG:dataset_s3_bucket_producer_with_no_taskflow
[2025-02-22T11:40:45.579-0300] {logging_mixin.py:190} INFO - [2025-02-22T11:40:45.579-0300] {override.py:1930} INFO - Created Permission View: can delete on DAG:dataset_s3_bucket_producer_with_no_taskflow
[2025-02-22T11:40:45.591-0300] {logging_mixin.py:190} INFO - [2025-02-22T11:40:45.591-0300] {override.py:1930} INFO - Created Permission View: can read on DAG Run:dataset_s3_bucket_producer_with_no_taskflow
[2025-02-22T11:40:45.598-0300] {logging_mixin.py:190} INFO - [2025-02-22T11:40:45.598-0300] {override.py:1930} INFO - Created Permission View: can delete on DAG Run:dataset_s3_bucket_producer_with_no_taskflow
[2025-02-22T11:40:45.606-0300] {logging_mixin.py:190} INFO - [2025-02-22T11:40:45.606-0300] {override.py:1930} INFO - Created Permission View: menu access on DAG Run:dataset_s3_bucket_producer_with_no_taskflow
[2025-02-22T11:40:45.614-0300] {logging_mixin.py:190} INFO - [2025-02-22T11:40:45.614-0300] {override.py:1930} INFO - Created Permission View: can create on DAG Run:dataset_s3_bucket_producer_with_no_taskflow
[2025-02-22T11:40:45.630-0300] {logging_mixin.py:190} INFO - [2025-02-22T11:40:45.630-0300] {override.py:1930} INFO - Created Permission View: can read on DAG:dataset_s3_bucket_consumer_with_no_taskflow
[2025-02-22T11:40:45.637-0300] {logging_mixin.py:190} INFO - [2025-02-22T11:40:45.637-0300] {override.py:1930} INFO - Created Permission View: can edit on DAG:dataset_s3_bucket_consumer_with_no_taskflow
[2025-02-22T11:40:45.644-0300] {logging_mixin.py:190} INFO - [2025-02-22T11:40:45.644-0300] {override.py:1930} INFO - Created Permission View: can delete on DAG:dataset_s3_bucket_consumer_with_no_taskflow
[2025-02-22T11:40:45.657-0300] {logging_mixin.py:190} INFO - [2025-02-22T11:40:45.656-0300] {override.py:1930} INFO - Created Permission View: can read on DAG Run:dataset_s3_bucket_consumer_with_no_taskflow
[2025-02-22T11:40:45.665-0300] {logging_mixin.py:190} INFO - [2025-02-22T11:40:45.665-0300] {override.py:1930} INFO - Created Permission View: can delete on DAG Run:dataset_s3_bucket_consumer_with_no_taskflow
[2025-02-22T11:40:45.672-0300] {logging_mixin.py:190} INFO - [2025-02-22T11:40:45.672-0300] {override.py:1930} INFO - Created Permission View: menu access on DAG Run:dataset_s3_bucket_consumer_with_no_taskflow
[2025-02-22T11:40:45.680-0300] {logging_mixin.py:190} INFO - [2025-02-22T11:40:45.680-0300] {override.py:1930} INFO - Created Permission View: can create on DAG Run:dataset_s3_bucket_consumer_with_no_taskflow
[2025-02-22T11:40:45.697-0300] {logging_mixin.py:190} INFO - [2025-02-22T11:40:45.697-0300] {override.py:1930} INFO - Created Permission View: can read on DAG:dataset_alias_example_alias_producer_with_no_taskflow
[2025-02-22T11:40:45.704-0300] {logging_mixin.py:190} INFO - [2025-02-22T11:40:45.704-0300] {override.py:1930} INFO - Created Permission View: can edit on DAG:dataset_alias_example_alias_producer_with_no_taskflow
[2025-02-22T11:40:45.712-0300] {logging_mixin.py:190} INFO - [2025-02-22T11:40:45.711-0300] {override.py:1930} INFO - Created Permission View: can delete on DAG:dataset_alias_example_alias_producer_with_no_taskflow
[2025-02-22T11:40:45.725-0300] {logging_mixin.py:190} INFO - [2025-02-22T11:40:45.724-0300] {override.py:1930} INFO - Created Permission View: can read on DAG Run:dataset_alias_example_alias_producer_with_no_taskflow
[2025-02-22T11:40:45.732-0300] {logging_mixin.py:190} INFO - [2025-02-22T11:40:45.732-0300] {override.py:1930} INFO - Created Permission View: can delete on DAG Run:dataset_alias_example_alias_producer_with_no_taskflow
[2025-02-22T11:40:45.740-0300] {logging_mixin.py:190} INFO - [2025-02-22T11:40:45.739-0300] {override.py:1930} INFO - Created Permission View: menu access on DAG Run:dataset_alias_example_alias_producer_with_no_taskflow
[2025-02-22T11:40:45.747-0300] {logging_mixin.py:190} INFO - [2025-02-22T11:40:45.747-0300] {override.py:1930} INFO - Created Permission View: can create on DAG Run:dataset_alias_example_alias_producer_with_no_taskflow
[2025-02-22T11:40:45.747-0300] {logging_mixin.py:190} INFO - [2025-02-22T11:40:45.747-0300] {dag.py:3239} INFO - Sync 4 DAGs
[2025-02-22T11:40:45.752-0300] {logging_mixin.py:190} INFO - [2025-02-22T11:40:45.752-0300] {dag.py:3262} INFO - Creating ORM DAG for dataset_alias_example_alias_consumer_with_no_taskflow
[2025-02-22T11:40:45.753-0300] {logging_mixin.py:190} INFO - [2025-02-22T11:40:45.753-0300] {dag.py:3262} INFO - Creating ORM DAG for dataset_s3_bucket_consumer_with_no_taskflow
[2025-02-22T11:40:45.753-0300] {logging_mixin.py:190} INFO - [2025-02-22T11:40:45.753-0300] {dag.py:3262} INFO - Creating ORM DAG for dataset_alias_example_alias_producer_with_no_taskflow
[2025-02-22T11:40:45.753-0300] {logging_mixin.py:190} INFO - [2025-02-22T11:40:45.753-0300] {dag.py:3262} INFO - Creating ORM DAG for dataset_s3_bucket_producer_with_no_taskflow
[2025-02-22T11:40:45.757-0300] {logging_mixin.py:190} INFO - [2025-02-22T11:40:45.757-0300] {dag.py:4180} INFO - Setting next_dagrun for dataset_alias_example_alias_consumer_with_no_taskflow to None, run_after=None
[2025-02-22T11:40:45.758-0300] {logging_mixin.py:190} INFO - [2025-02-22T11:40:45.758-0300] {dag.py:4180} INFO - Setting next_dagrun for dataset_alias_example_alias_producer_with_no_taskflow to None, run_after=None
[2025-02-22T11:40:45.758-0300] {logging_mixin.py:190} INFO - [2025-02-22T11:40:45.758-0300] {dag.py:4180} INFO - Setting next_dagrun for dataset_s3_bucket_consumer_with_no_taskflow to None, run_after=None
[2025-02-22T11:40:45.758-0300] {logging_mixin.py:190} INFO - [2025-02-22T11:40:45.758-0300] {dag.py:4180} INFO - Setting next_dagrun for dataset_s3_bucket_producer_with_no_taskflow to None, run_after=None
[2025-02-22T11:40:45.776-0300] {processor.py:208} INFO - Processing /home/lpimenta/pipelineAf/airflow_env/lib/python3.10/site-packages/airflow/example_dags/example_dataset_alias_with_no_taskflow.py took 0.409 seconds
[2025-02-22T11:41:54.891-0300] {processor.py:186} INFO - Started process (PID=4209) to work on /home/lpimenta/pipelineAf/airflow_env/lib/python3.10/site-packages/airflow/example_dags/example_dataset_alias_with_no_taskflow.py
[2025-02-22T11:41:54.895-0300] {processor.py:914} INFO - Processing file /home/lpimenta/pipelineAf/airflow_env/lib/python3.10/site-packages/airflow/example_dags/example_dataset_alias_with_no_taskflow.py for tasks to queue
[2025-02-22T11:41:54.898-0300] {logging_mixin.py:190} INFO - [2025-02-22T11:41:54.897-0300] {dagbag.py:588} INFO - Filling up the DagBag from /home/lpimenta/pipelineAf/airflow_env/lib/python3.10/site-packages/airflow/example_dags/example_dataset_alias_with_no_taskflow.py
[2025-02-22T11:41:54.923-0300] {processor.py:925} INFO - DAG(s) 'dataset_alias_example_alias_consumer_with_no_taskflow', 'dataset_alias_example_alias_producer_with_no_taskflow', 'dataset_s3_bucket_producer_with_no_taskflow', 'dataset_s3_bucket_consumer_with_no_taskflow' retrieved from /home/lpimenta/pipelineAf/airflow_env/lib/python3.10/site-packages/airflow/example_dags/example_dataset_alias_with_no_taskflow.py
[2025-02-22T11:41:54.936-0300] {logging_mixin.py:190} INFO - [2025-02-22T11:41:54.935-0300] {dag.py:3239} INFO - Sync 4 DAGs
[2025-02-22T11:41:54.948-0300] {logging_mixin.py:190} INFO - [2025-02-22T11:41:54.948-0300] {dag.py:4180} INFO - Setting next_dagrun for dataset_alias_example_alias_consumer_with_no_taskflow to None, run_after=None
[2025-02-22T11:41:54.949-0300] {logging_mixin.py:190} INFO - [2025-02-22T11:41:54.949-0300] {dag.py:4180} INFO - Setting next_dagrun for dataset_alias_example_alias_producer_with_no_taskflow to None, run_after=None
[2025-02-22T11:41:54.950-0300] {logging_mixin.py:190} INFO - [2025-02-22T11:41:54.950-0300] {dag.py:4180} INFO - Setting next_dagrun for dataset_s3_bucket_consumer_with_no_taskflow to None, run_after=None
[2025-02-22T11:41:54.950-0300] {logging_mixin.py:190} INFO - [2025-02-22T11:41:54.950-0300] {dag.py:4180} INFO - Setting next_dagrun for dataset_s3_bucket_producer_with_no_taskflow to None, run_after=None
[2025-02-22T11:41:54.968-0300] {processor.py:208} INFO - Processing /home/lpimenta/pipelineAf/airflow_env/lib/python3.10/site-packages/airflow/example_dags/example_dataset_alias_with_no_taskflow.py took 0.082 seconds
[2025-02-22T11:42:52.661-0300] {processor.py:186} INFO - Started process (PID=4436) to work on /home/lpimenta/pipelineAf/airflow_env/lib/python3.10/site-packages/airflow/example_dags/example_dataset_alias_with_no_taskflow.py
[2025-02-22T11:42:52.665-0300] {processor.py:914} INFO - Processing file /home/lpimenta/pipelineAf/airflow_env/lib/python3.10/site-packages/airflow/example_dags/example_dataset_alias_with_no_taskflow.py for tasks to queue
[2025-02-22T11:42:52.667-0300] {logging_mixin.py:190} INFO - [2025-02-22T11:42:52.666-0300] {dagbag.py:588} INFO - Filling up the DagBag from /home/lpimenta/pipelineAf/airflow_env/lib/python3.10/site-packages/airflow/example_dags/example_dataset_alias_with_no_taskflow.py
[2025-02-22T11:42:52.679-0300] {processor.py:925} INFO - DAG(s) 'dataset_s3_bucket_producer_with_no_taskflow', 'dataset_s3_bucket_consumer_with_no_taskflow', 'dataset_alias_example_alias_producer_with_no_taskflow', 'dataset_alias_example_alias_consumer_with_no_taskflow' retrieved from /home/lpimenta/pipelineAf/airflow_env/lib/python3.10/site-packages/airflow/example_dags/example_dataset_alias_with_no_taskflow.py
[2025-02-22T11:42:52.691-0300] {logging_mixin.py:190} INFO - [2025-02-22T11:42:52.690-0300] {dag.py:3239} INFO - Sync 4 DAGs
[2025-02-22T11:42:52.702-0300] {logging_mixin.py:190} INFO - [2025-02-22T11:42:52.702-0300] {dag.py:4180} INFO - Setting next_dagrun for dataset_alias_example_alias_consumer_with_no_taskflow to None, run_after=None
[2025-02-22T11:42:52.703-0300] {logging_mixin.py:190} INFO - [2025-02-22T11:42:52.703-0300] {dag.py:4180} INFO - Setting next_dagrun for dataset_alias_example_alias_producer_with_no_taskflow to None, run_after=None
[2025-02-22T11:42:52.704-0300] {logging_mixin.py:190} INFO - [2025-02-22T11:42:52.704-0300] {dag.py:4180} INFO - Setting next_dagrun for dataset_s3_bucket_consumer_with_no_taskflow to None, run_after=None
[2025-02-22T11:42:52.704-0300] {logging_mixin.py:190} INFO - [2025-02-22T11:42:52.704-0300] {dag.py:4180} INFO - Setting next_dagrun for dataset_s3_bucket_producer_with_no_taskflow to None, run_after=None
[2025-02-22T11:42:52.720-0300] {processor.py:208} INFO - Processing /home/lpimenta/pipelineAf/airflow_env/lib/python3.10/site-packages/airflow/example_dags/example_dataset_alias_with_no_taskflow.py took 0.063 seconds
[2025-02-22T11:44:00.796-0300] {processor.py:186} INFO - Started process (PID=4690) to work on /home/lpimenta/pipelineAf/airflow_env/lib/python3.10/site-packages/airflow/example_dags/example_dataset_alias_with_no_taskflow.py
[2025-02-22T11:44:00.799-0300] {processor.py:914} INFO - Processing file /home/lpimenta/pipelineAf/airflow_env/lib/python3.10/site-packages/airflow/example_dags/example_dataset_alias_with_no_taskflow.py for tasks to queue
[2025-02-22T11:44:00.801-0300] {logging_mixin.py:190} INFO - [2025-02-22T11:44:00.801-0300] {dagbag.py:588} INFO - Filling up the DagBag from /home/lpimenta/pipelineAf/airflow_env/lib/python3.10/site-packages/airflow/example_dags/example_dataset_alias_with_no_taskflow.py
[2025-02-22T11:44:00.816-0300] {processor.py:925} INFO - DAG(s) 'dataset_alias_example_alias_consumer_with_no_taskflow', 'dataset_s3_bucket_producer_with_no_taskflow', 'dataset_alias_example_alias_producer_with_no_taskflow', 'dataset_s3_bucket_consumer_with_no_taskflow' retrieved from /home/lpimenta/pipelineAf/airflow_env/lib/python3.10/site-packages/airflow/example_dags/example_dataset_alias_with_no_taskflow.py
[2025-02-22T11:44:00.825-0300] {logging_mixin.py:190} INFO - [2025-02-22T11:44:00.825-0300] {dag.py:3239} INFO - Sync 4 DAGs
[2025-02-22T11:44:00.837-0300] {logging_mixin.py:190} INFO - [2025-02-22T11:44:00.837-0300] {dag.py:4180} INFO - Setting next_dagrun for dataset_alias_example_alias_consumer_with_no_taskflow to None, run_after=None
[2025-02-22T11:44:00.839-0300] {logging_mixin.py:190} INFO - [2025-02-22T11:44:00.839-0300] {dag.py:4180} INFO - Setting next_dagrun for dataset_alias_example_alias_producer_with_no_taskflow to None, run_after=None
[2025-02-22T11:44:00.839-0300] {logging_mixin.py:190} INFO - [2025-02-22T11:44:00.839-0300] {dag.py:4180} INFO - Setting next_dagrun for dataset_s3_bucket_consumer_with_no_taskflow to None, run_after=None
[2025-02-22T11:44:00.840-0300] {logging_mixin.py:190} INFO - [2025-02-22T11:44:00.840-0300] {dag.py:4180} INFO - Setting next_dagrun for dataset_s3_bucket_producer_with_no_taskflow to None, run_after=None
[2025-02-22T11:44:00.858-0300] {processor.py:208} INFO - Processing /home/lpimenta/pipelineAf/airflow_env/lib/python3.10/site-packages/airflow/example_dags/example_dataset_alias_with_no_taskflow.py took 0.066 seconds
[2025-02-22T11:45:03.802-0300] {processor.py:186} INFO - Started process (PID=4913) to work on /home/lpimenta/pipelineAf/airflow_env/lib/python3.10/site-packages/airflow/example_dags/example_dataset_alias_with_no_taskflow.py
[2025-02-22T11:45:03.803-0300] {processor.py:914} INFO - Processing file /home/lpimenta/pipelineAf/airflow_env/lib/python3.10/site-packages/airflow/example_dags/example_dataset_alias_with_no_taskflow.py for tasks to queue
[2025-02-22T11:45:03.805-0300] {logging_mixin.py:190} INFO - [2025-02-22T11:45:03.804-0300] {dagbag.py:588} INFO - Filling up the DagBag from /home/lpimenta/pipelineAf/airflow_env/lib/python3.10/site-packages/airflow/example_dags/example_dataset_alias_with_no_taskflow.py
[2025-02-22T11:45:03.820-0300] {processor.py:925} INFO - DAG(s) 'dataset_alias_example_alias_consumer_with_no_taskflow', 'dataset_s3_bucket_consumer_with_no_taskflow', 'dataset_s3_bucket_producer_with_no_taskflow', 'dataset_alias_example_alias_producer_with_no_taskflow' retrieved from /home/lpimenta/pipelineAf/airflow_env/lib/python3.10/site-packages/airflow/example_dags/example_dataset_alias_with_no_taskflow.py
[2025-02-22T11:45:03.833-0300] {logging_mixin.py:190} INFO - [2025-02-22T11:45:03.833-0300] {dag.py:3239} INFO - Sync 4 DAGs
[2025-02-22T11:45:03.844-0300] {logging_mixin.py:190} INFO - [2025-02-22T11:45:03.844-0300] {dag.py:4180} INFO - Setting next_dagrun for dataset_alias_example_alias_consumer_with_no_taskflow to None, run_after=None
[2025-02-22T11:45:03.846-0300] {logging_mixin.py:190} INFO - [2025-02-22T11:45:03.845-0300] {dag.py:4180} INFO - Setting next_dagrun for dataset_alias_example_alias_producer_with_no_taskflow to None, run_after=None
[2025-02-22T11:45:03.846-0300] {logging_mixin.py:190} INFO - [2025-02-22T11:45:03.846-0300] {dag.py:4180} INFO - Setting next_dagrun for dataset_s3_bucket_consumer_with_no_taskflow to None, run_after=None
[2025-02-22T11:45:03.847-0300] {logging_mixin.py:190} INFO - [2025-02-22T11:45:03.846-0300] {dag.py:4180} INFO - Setting next_dagrun for dataset_s3_bucket_producer_with_no_taskflow to None, run_after=None
[2025-02-22T11:45:03.869-0300] {processor.py:208} INFO - Processing /home/lpimenta/pipelineAf/airflow_env/lib/python3.10/site-packages/airflow/example_dags/example_dataset_alias_with_no_taskflow.py took 0.071 seconds
[2025-02-22T11:46:07.719-0300] {processor.py:186} INFO - Started process (PID=5148) to work on /home/lpimenta/pipelineAf/airflow_env/lib/python3.10/site-packages/airflow/example_dags/example_dataset_alias_with_no_taskflow.py
[2025-02-22T11:46:07.721-0300] {processor.py:914} INFO - Processing file /home/lpimenta/pipelineAf/airflow_env/lib/python3.10/site-packages/airflow/example_dags/example_dataset_alias_with_no_taskflow.py for tasks to queue
[2025-02-22T11:46:07.722-0300] {logging_mixin.py:190} INFO - [2025-02-22T11:46:07.722-0300] {dagbag.py:588} INFO - Filling up the DagBag from /home/lpimenta/pipelineAf/airflow_env/lib/python3.10/site-packages/airflow/example_dags/example_dataset_alias_with_no_taskflow.py
[2025-02-22T11:46:07.737-0300] {processor.py:925} INFO - DAG(s) 'dataset_alias_example_alias_consumer_with_no_taskflow', 'dataset_alias_example_alias_producer_with_no_taskflow', 'dataset_s3_bucket_producer_with_no_taskflow', 'dataset_s3_bucket_consumer_with_no_taskflow' retrieved from /home/lpimenta/pipelineAf/airflow_env/lib/python3.10/site-packages/airflow/example_dags/example_dataset_alias_with_no_taskflow.py
[2025-02-22T11:46:07.748-0300] {logging_mixin.py:190} INFO - [2025-02-22T11:46:07.748-0300] {dag.py:3239} INFO - Sync 4 DAGs
[2025-02-22T11:46:07.759-0300] {logging_mixin.py:190} INFO - [2025-02-22T11:46:07.759-0300] {dag.py:4180} INFO - Setting next_dagrun for dataset_alias_example_alias_consumer_with_no_taskflow to None, run_after=None
[2025-02-22T11:46:07.760-0300] {logging_mixin.py:190} INFO - [2025-02-22T11:46:07.760-0300] {dag.py:4180} INFO - Setting next_dagrun for dataset_alias_example_alias_producer_with_no_taskflow to None, run_after=None
[2025-02-22T11:46:07.761-0300] {logging_mixin.py:190} INFO - [2025-02-22T11:46:07.760-0300] {dag.py:4180} INFO - Setting next_dagrun for dataset_s3_bucket_consumer_with_no_taskflow to None, run_after=None
[2025-02-22T11:46:07.761-0300] {logging_mixin.py:190} INFO - [2025-02-22T11:46:07.761-0300] {dag.py:4180} INFO - Setting next_dagrun for dataset_s3_bucket_producer_with_no_taskflow to None, run_after=None
[2025-02-22T11:46:07.777-0300] {processor.py:208} INFO - Processing /home/lpimenta/pipelineAf/airflow_env/lib/python3.10/site-packages/airflow/example_dags/example_dataset_alias_with_no_taskflow.py took 0.062 seconds
[2025-02-22T11:47:14.249-0300] {processor.py:186} INFO - Started process (PID=5392) to work on /home/lpimenta/pipelineAf/airflow_env/lib/python3.10/site-packages/airflow/example_dags/example_dataset_alias_with_no_taskflow.py
[2025-02-22T11:47:14.251-0300] {processor.py:914} INFO - Processing file /home/lpimenta/pipelineAf/airflow_env/lib/python3.10/site-packages/airflow/example_dags/example_dataset_alias_with_no_taskflow.py for tasks to queue
[2025-02-22T11:47:14.252-0300] {logging_mixin.py:190} INFO - [2025-02-22T11:47:14.252-0300] {dagbag.py:588} INFO - Filling up the DagBag from /home/lpimenta/pipelineAf/airflow_env/lib/python3.10/site-packages/airflow/example_dags/example_dataset_alias_with_no_taskflow.py
[2025-02-22T11:47:14.265-0300] {processor.py:925} INFO - DAG(s) 'dataset_s3_bucket_consumer_with_no_taskflow', 'dataset_alias_example_alias_producer_with_no_taskflow', 'dataset_s3_bucket_producer_with_no_taskflow', 'dataset_alias_example_alias_consumer_with_no_taskflow' retrieved from /home/lpimenta/pipelineAf/airflow_env/lib/python3.10/site-packages/airflow/example_dags/example_dataset_alias_with_no_taskflow.py
[2025-02-22T11:47:14.276-0300] {logging_mixin.py:190} INFO - [2025-02-22T11:47:14.276-0300] {dag.py:3239} INFO - Sync 4 DAGs
[2025-02-22T11:47:14.288-0300] {logging_mixin.py:190} INFO - [2025-02-22T11:47:14.287-0300] {dag.py:4180} INFO - Setting next_dagrun for dataset_alias_example_alias_consumer_with_no_taskflow to None, run_after=None
[2025-02-22T11:47:14.289-0300] {logging_mixin.py:190} INFO - [2025-02-22T11:47:14.288-0300] {dag.py:4180} INFO - Setting next_dagrun for dataset_alias_example_alias_producer_with_no_taskflow to None, run_after=None
[2025-02-22T11:47:14.289-0300] {logging_mixin.py:190} INFO - [2025-02-22T11:47:14.289-0300] {dag.py:4180} INFO - Setting next_dagrun for dataset_s3_bucket_consumer_with_no_taskflow to None, run_after=None
[2025-02-22T11:47:14.290-0300] {logging_mixin.py:190} INFO - [2025-02-22T11:47:14.290-0300] {dag.py:4180} INFO - Setting next_dagrun for dataset_s3_bucket_producer_with_no_taskflow to None, run_after=None
[2025-02-22T11:47:14.307-0300] {processor.py:208} INFO - Processing /home/lpimenta/pipelineAf/airflow_env/lib/python3.10/site-packages/airflow/example_dags/example_dataset_alias_with_no_taskflow.py took 0.062 seconds
[2025-02-22T11:48:15.202-0300] {processor.py:186} INFO - Started process (PID=5623) to work on /home/lpimenta/pipelineAf/airflow_env/lib/python3.10/site-packages/airflow/example_dags/example_dataset_alias_with_no_taskflow.py
[2025-02-22T11:48:15.204-0300] {processor.py:914} INFO - Processing file /home/lpimenta/pipelineAf/airflow_env/lib/python3.10/site-packages/airflow/example_dags/example_dataset_alias_with_no_taskflow.py for tasks to queue
[2025-02-22T11:48:15.205-0300] {logging_mixin.py:190} INFO - [2025-02-22T11:48:15.205-0300] {dagbag.py:588} INFO - Filling up the DagBag from /home/lpimenta/pipelineAf/airflow_env/lib/python3.10/site-packages/airflow/example_dags/example_dataset_alias_with_no_taskflow.py
[2025-02-22T11:48:15.219-0300] {processor.py:925} INFO - DAG(s) 'dataset_alias_example_alias_consumer_with_no_taskflow', 'dataset_alias_example_alias_producer_with_no_taskflow', 'dataset_s3_bucket_producer_with_no_taskflow', 'dataset_s3_bucket_consumer_with_no_taskflow' retrieved from /home/lpimenta/pipelineAf/airflow_env/lib/python3.10/site-packages/airflow/example_dags/example_dataset_alias_with_no_taskflow.py
[2025-02-22T11:48:15.229-0300] {logging_mixin.py:190} INFO - [2025-02-22T11:48:15.229-0300] {dag.py:3239} INFO - Sync 4 DAGs
[2025-02-22T11:48:15.240-0300] {logging_mixin.py:190} INFO - [2025-02-22T11:48:15.240-0300] {dag.py:4180} INFO - Setting next_dagrun for dataset_alias_example_alias_consumer_with_no_taskflow to None, run_after=None
[2025-02-22T11:48:15.242-0300] {logging_mixin.py:190} INFO - [2025-02-22T11:48:15.241-0300] {dag.py:4180} INFO - Setting next_dagrun for dataset_alias_example_alias_producer_with_no_taskflow to None, run_after=None
[2025-02-22T11:48:15.242-0300] {logging_mixin.py:190} INFO - [2025-02-22T11:48:15.242-0300] {dag.py:4180} INFO - Setting next_dagrun for dataset_s3_bucket_consumer_with_no_taskflow to None, run_after=None
[2025-02-22T11:48:15.243-0300] {logging_mixin.py:190} INFO - [2025-02-22T11:48:15.243-0300] {dag.py:4180} INFO - Setting next_dagrun for dataset_s3_bucket_producer_with_no_taskflow to None, run_after=None
[2025-02-22T11:48:15.259-0300] {processor.py:208} INFO - Processing /home/lpimenta/pipelineAf/airflow_env/lib/python3.10/site-packages/airflow/example_dags/example_dataset_alias_with_no_taskflow.py took 0.061 seconds
[2025-02-22T11:49:17.051-0300] {processor.py:186} INFO - Started process (PID=5883) to work on /home/lpimenta/pipelineAf/airflow_env/lib/python3.10/site-packages/airflow/example_dags/example_dataset_alias_with_no_taskflow.py
[2025-02-22T11:49:17.053-0300] {processor.py:914} INFO - Processing file /home/lpimenta/pipelineAf/airflow_env/lib/python3.10/site-packages/airflow/example_dags/example_dataset_alias_with_no_taskflow.py for tasks to queue
[2025-02-22T11:49:17.054-0300] {logging_mixin.py:190} INFO - [2025-02-22T11:49:17.054-0300] {dagbag.py:588} INFO - Filling up the DagBag from /home/lpimenta/pipelineAf/airflow_env/lib/python3.10/site-packages/airflow/example_dags/example_dataset_alias_with_no_taskflow.py
[2025-02-22T11:49:17.069-0300] {processor.py:925} INFO - DAG(s) 'dataset_alias_example_alias_producer_with_no_taskflow', 'dataset_s3_bucket_producer_with_no_taskflow', 'dataset_s3_bucket_consumer_with_no_taskflow', 'dataset_alias_example_alias_consumer_with_no_taskflow' retrieved from /home/lpimenta/pipelineAf/airflow_env/lib/python3.10/site-packages/airflow/example_dags/example_dataset_alias_with_no_taskflow.py
[2025-02-22T11:49:17.079-0300] {logging_mixin.py:190} INFO - [2025-02-22T11:49:17.079-0300] {dag.py:3239} INFO - Sync 4 DAGs
[2025-02-22T11:49:17.091-0300] {logging_mixin.py:190} INFO - [2025-02-22T11:49:17.090-0300] {dag.py:4180} INFO - Setting next_dagrun for dataset_alias_example_alias_consumer_with_no_taskflow to None, run_after=None
[2025-02-22T11:49:17.092-0300] {logging_mixin.py:190} INFO - [2025-02-22T11:49:17.092-0300] {dag.py:4180} INFO - Setting next_dagrun for dataset_alias_example_alias_producer_with_no_taskflow to None, run_after=None
[2025-02-22T11:49:17.092-0300] {logging_mixin.py:190} INFO - [2025-02-22T11:49:17.092-0300] {dag.py:4180} INFO - Setting next_dagrun for dataset_s3_bucket_consumer_with_no_taskflow to None, run_after=None
[2025-02-22T11:49:17.093-0300] {logging_mixin.py:190} INFO - [2025-02-22T11:49:17.093-0300] {dag.py:4180} INFO - Setting next_dagrun for dataset_s3_bucket_producer_with_no_taskflow to None, run_after=None
[2025-02-22T11:49:17.108-0300] {processor.py:208} INFO - Processing /home/lpimenta/pipelineAf/airflow_env/lib/python3.10/site-packages/airflow/example_dags/example_dataset_alias_with_no_taskflow.py took 0.061 seconds
