[2025-02-22T11:41:18.290-0300] {processor.py:186} INFO - Started process (PID=4009) to work on /home/lpimenta/pipelineAf/airflow_env/lib/python3.10/site-packages/airflow/example_dags/example_dynamic_task_mapping.py
[2025-02-22T11:41:18.291-0300] {processor.py:914} INFO - Processing file /home/lpimenta/pipelineAf/airflow_env/lib/python3.10/site-packages/airflow/example_dags/example_dynamic_task_mapping.py for tasks to queue
[2025-02-22T11:41:18.294-0300] {logging_mixin.py:190} INFO - [2025-02-22T11:41:18.293-0300] {dagbag.py:588} INFO - Filling up the DagBag from /home/lpimenta/pipelineAf/airflow_env/lib/python3.10/site-packages/airflow/example_dags/example_dynamic_task_mapping.py
[2025-02-22T11:41:18.307-0300] {processor.py:925} INFO - DAG(s) 'example_dynamic_task_mapping' retrieved from /home/lpimenta/pipelineAf/airflow_env/lib/python3.10/site-packages/airflow/example_dags/example_dynamic_task_mapping.py
[2025-02-22T11:41:18.503-0300] {logging_mixin.py:190} INFO - [2025-02-22T11:41:18.502-0300] {override.py:1930} INFO - Created Permission View: can read on DAG:example_dynamic_task_mapping
[2025-02-22T11:41:18.515-0300] {logging_mixin.py:190} INFO - [2025-02-22T11:41:18.515-0300] {override.py:1930} INFO - Created Permission View: can edit on DAG:example_dynamic_task_mapping
[2025-02-22T11:41:18.524-0300] {logging_mixin.py:190} INFO - [2025-02-22T11:41:18.524-0300] {override.py:1930} INFO - Created Permission View: can delete on DAG:example_dynamic_task_mapping
[2025-02-22T11:41:18.539-0300] {logging_mixin.py:190} INFO - [2025-02-22T11:41:18.539-0300] {override.py:1930} INFO - Created Permission View: can read on DAG Run:example_dynamic_task_mapping
[2025-02-22T11:41:18.547-0300] {logging_mixin.py:190} INFO - [2025-02-22T11:41:18.547-0300] {override.py:1930} INFO - Created Permission View: can delete on DAG Run:example_dynamic_task_mapping
[2025-02-22T11:41:18.565-0300] {logging_mixin.py:190} INFO - [2025-02-22T11:41:18.564-0300] {override.py:1930} INFO - Created Permission View: menu access on DAG Run:example_dynamic_task_mapping
[2025-02-22T11:41:18.573-0300] {logging_mixin.py:190} INFO - [2025-02-22T11:41:18.572-0300] {override.py:1930} INFO - Created Permission View: can create on DAG Run:example_dynamic_task_mapping
[2025-02-22T11:41:18.573-0300] {logging_mixin.py:190} INFO - [2025-02-22T11:41:18.573-0300] {dag.py:3239} INFO - Sync 1 DAGs
[2025-02-22T11:41:18.580-0300] {logging_mixin.py:190} INFO - [2025-02-22T11:41:18.580-0300] {dag.py:3262} INFO - Creating ORM DAG for example_dynamic_task_mapping
[2025-02-22T11:41:18.580-0300] {logging_mixin.py:190} INFO - [2025-02-22T11:41:18.580-0300] {dag.py:4180} INFO - Setting next_dagrun for example_dynamic_task_mapping to None, run_after=None
[2025-02-22T11:41:18.594-0300] {processor.py:208} INFO - Processing /home/lpimenta/pipelineAf/airflow_env/lib/python3.10/site-packages/airflow/example_dags/example_dynamic_task_mapping.py took 0.310 seconds
[2025-02-22T11:42:29.599-0300] {processor.py:186} INFO - Started process (PID=4343) to work on /home/lpimenta/pipelineAf/airflow_env/lib/python3.10/site-packages/airflow/example_dags/example_dynamic_task_mapping.py
[2025-02-22T11:42:29.604-0300] {processor.py:914} INFO - Processing file /home/lpimenta/pipelineAf/airflow_env/lib/python3.10/site-packages/airflow/example_dags/example_dynamic_task_mapping.py for tasks to queue
[2025-02-22T11:42:29.605-0300] {logging_mixin.py:190} INFO - [2025-02-22T11:42:29.605-0300] {dagbag.py:588} INFO - Filling up the DagBag from /home/lpimenta/pipelineAf/airflow_env/lib/python3.10/site-packages/airflow/example_dags/example_dynamic_task_mapping.py
[2025-02-22T11:42:29.610-0300] {processor.py:925} INFO - DAG(s) 'example_dynamic_task_mapping' retrieved from /home/lpimenta/pipelineAf/airflow_env/lib/python3.10/site-packages/airflow/example_dags/example_dynamic_task_mapping.py
[2025-02-22T11:42:29.620-0300] {logging_mixin.py:190} INFO - [2025-02-22T11:42:29.620-0300] {dag.py:3239} INFO - Sync 1 DAGs
[2025-02-22T11:42:29.627-0300] {logging_mixin.py:190} INFO - [2025-02-22T11:42:29.627-0300] {dag.py:4180} INFO - Setting next_dagrun for example_dynamic_task_mapping to None, run_after=None
[2025-02-22T11:42:29.643-0300] {processor.py:208} INFO - Processing /home/lpimenta/pipelineAf/airflow_env/lib/python3.10/site-packages/airflow/example_dags/example_dynamic_task_mapping.py took 0.048 seconds
[2025-02-22T11:43:26.990-0300] {processor.py:186} INFO - Started process (PID=4570) to work on /home/lpimenta/pipelineAf/airflow_env/lib/python3.10/site-packages/airflow/example_dags/example_dynamic_task_mapping.py
[2025-02-22T11:43:26.997-0300] {processor.py:914} INFO - Processing file /home/lpimenta/pipelineAf/airflow_env/lib/python3.10/site-packages/airflow/example_dags/example_dynamic_task_mapping.py for tasks to queue
[2025-02-22T11:43:26.998-0300] {logging_mixin.py:190} INFO - [2025-02-22T11:43:26.998-0300] {dagbag.py:588} INFO - Filling up the DagBag from /home/lpimenta/pipelineAf/airflow_env/lib/python3.10/site-packages/airflow/example_dags/example_dynamic_task_mapping.py
[2025-02-22T11:43:27.003-0300] {processor.py:925} INFO - DAG(s) 'example_dynamic_task_mapping' retrieved from /home/lpimenta/pipelineAf/airflow_env/lib/python3.10/site-packages/airflow/example_dags/example_dynamic_task_mapping.py
[2025-02-22T11:43:27.013-0300] {logging_mixin.py:190} INFO - [2025-02-22T11:43:27.013-0300] {dag.py:3239} INFO - Sync 1 DAGs
[2025-02-22T11:43:27.020-0300] {logging_mixin.py:190} INFO - [2025-02-22T11:43:27.020-0300] {dag.py:4180} INFO - Setting next_dagrun for example_dynamic_task_mapping to None, run_after=None
[2025-02-22T11:43:27.035-0300] {processor.py:208} INFO - Processing /home/lpimenta/pipelineAf/airflow_env/lib/python3.10/site-packages/airflow/example_dags/example_dynamic_task_mapping.py took 0.049 seconds
[2025-02-22T11:44:31.419-0300] {processor.py:186} INFO - Started process (PID=4800) to work on /home/lpimenta/pipelineAf/airflow_env/lib/python3.10/site-packages/airflow/example_dags/example_dynamic_task_mapping.py
[2025-02-22T11:44:31.422-0300] {processor.py:914} INFO - Processing file /home/lpimenta/pipelineAf/airflow_env/lib/python3.10/site-packages/airflow/example_dags/example_dynamic_task_mapping.py for tasks to queue
[2025-02-22T11:44:31.424-0300] {logging_mixin.py:190} INFO - [2025-02-22T11:44:31.424-0300] {dagbag.py:588} INFO - Filling up the DagBag from /home/lpimenta/pipelineAf/airflow_env/lib/python3.10/site-packages/airflow/example_dags/example_dynamic_task_mapping.py
[2025-02-22T11:44:31.429-0300] {processor.py:925} INFO - DAG(s) 'example_dynamic_task_mapping' retrieved from /home/lpimenta/pipelineAf/airflow_env/lib/python3.10/site-packages/airflow/example_dags/example_dynamic_task_mapping.py
[2025-02-22T11:44:31.439-0300] {logging_mixin.py:190} INFO - [2025-02-22T11:44:31.438-0300] {dag.py:3239} INFO - Sync 1 DAGs
[2025-02-22T11:44:31.446-0300] {logging_mixin.py:190} INFO - [2025-02-22T11:44:31.446-0300] {dag.py:4180} INFO - Setting next_dagrun for example_dynamic_task_mapping to None, run_after=None
[2025-02-22T11:44:31.461-0300] {processor.py:208} INFO - Processing /home/lpimenta/pipelineAf/airflow_env/lib/python3.10/site-packages/airflow/example_dags/example_dynamic_task_mapping.py took 0.046 seconds
[2025-02-22T11:45:37.774-0300] {processor.py:186} INFO - Started process (PID=5035) to work on /home/lpimenta/pipelineAf/airflow_env/lib/python3.10/site-packages/airflow/example_dags/example_dynamic_task_mapping.py
[2025-02-22T11:45:37.776-0300] {processor.py:914} INFO - Processing file /home/lpimenta/pipelineAf/airflow_env/lib/python3.10/site-packages/airflow/example_dags/example_dynamic_task_mapping.py for tasks to queue
[2025-02-22T11:45:37.777-0300] {logging_mixin.py:190} INFO - [2025-02-22T11:45:37.777-0300] {dagbag.py:588} INFO - Filling up the DagBag from /home/lpimenta/pipelineAf/airflow_env/lib/python3.10/site-packages/airflow/example_dags/example_dynamic_task_mapping.py
[2025-02-22T11:45:37.784-0300] {processor.py:925} INFO - DAG(s) 'example_dynamic_task_mapping' retrieved from /home/lpimenta/pipelineAf/airflow_env/lib/python3.10/site-packages/airflow/example_dags/example_dynamic_task_mapping.py
[2025-02-22T11:45:37.794-0300] {logging_mixin.py:190} INFO - [2025-02-22T11:45:37.793-0300] {dag.py:3239} INFO - Sync 1 DAGs
[2025-02-22T11:45:37.801-0300] {logging_mixin.py:190} INFO - [2025-02-22T11:45:37.801-0300] {dag.py:4180} INFO - Setting next_dagrun for example_dynamic_task_mapping to None, run_after=None
[2025-02-22T11:45:37.816-0300] {processor.py:208} INFO - Processing /home/lpimenta/pipelineAf/airflow_env/lib/python3.10/site-packages/airflow/example_dags/example_dynamic_task_mapping.py took 0.045 seconds
[2025-02-22T11:46:44.578-0300] {processor.py:186} INFO - Started process (PID=5283) to work on /home/lpimenta/pipelineAf/airflow_env/lib/python3.10/site-packages/airflow/example_dags/example_dynamic_task_mapping.py
[2025-02-22T11:46:44.581-0300] {processor.py:914} INFO - Processing file /home/lpimenta/pipelineAf/airflow_env/lib/python3.10/site-packages/airflow/example_dags/example_dynamic_task_mapping.py for tasks to queue
[2025-02-22T11:46:44.582-0300] {logging_mixin.py:190} INFO - [2025-02-22T11:46:44.582-0300] {dagbag.py:588} INFO - Filling up the DagBag from /home/lpimenta/pipelineAf/airflow_env/lib/python3.10/site-packages/airflow/example_dags/example_dynamic_task_mapping.py
[2025-02-22T11:46:44.588-0300] {processor.py:925} INFO - DAG(s) 'example_dynamic_task_mapping' retrieved from /home/lpimenta/pipelineAf/airflow_env/lib/python3.10/site-packages/airflow/example_dags/example_dynamic_task_mapping.py
[2025-02-22T11:46:44.597-0300] {logging_mixin.py:190} INFO - [2025-02-22T11:46:44.597-0300] {dag.py:3239} INFO - Sync 1 DAGs
[2025-02-22T11:46:44.605-0300] {logging_mixin.py:190} INFO - [2025-02-22T11:46:44.605-0300] {dag.py:4180} INFO - Setting next_dagrun for example_dynamic_task_mapping to None, run_after=None
[2025-02-22T11:46:44.623-0300] {processor.py:208} INFO - Processing /home/lpimenta/pipelineAf/airflow_env/lib/python3.10/site-packages/airflow/example_dags/example_dynamic_task_mapping.py took 0.049 seconds
[2025-02-22T11:47:42.198-0300] {processor.py:186} INFO - Started process (PID=5501) to work on /home/lpimenta/pipelineAf/airflow_env/lib/python3.10/site-packages/airflow/example_dags/example_dynamic_task_mapping.py
[2025-02-22T11:47:42.201-0300] {processor.py:914} INFO - Processing file /home/lpimenta/pipelineAf/airflow_env/lib/python3.10/site-packages/airflow/example_dags/example_dynamic_task_mapping.py for tasks to queue
[2025-02-22T11:47:42.202-0300] {logging_mixin.py:190} INFO - [2025-02-22T11:47:42.202-0300] {dagbag.py:588} INFO - Filling up the DagBag from /home/lpimenta/pipelineAf/airflow_env/lib/python3.10/site-packages/airflow/example_dags/example_dynamic_task_mapping.py
[2025-02-22T11:47:42.207-0300] {processor.py:925} INFO - DAG(s) 'example_dynamic_task_mapping' retrieved from /home/lpimenta/pipelineAf/airflow_env/lib/python3.10/site-packages/airflow/example_dags/example_dynamic_task_mapping.py
[2025-02-22T11:47:42.216-0300] {logging_mixin.py:190} INFO - [2025-02-22T11:47:42.216-0300] {dag.py:3239} INFO - Sync 1 DAGs
[2025-02-22T11:47:42.222-0300] {logging_mixin.py:190} INFO - [2025-02-22T11:47:42.222-0300] {dag.py:4180} INFO - Setting next_dagrun for example_dynamic_task_mapping to None, run_after=None
[2025-02-22T11:47:42.239-0300] {processor.py:208} INFO - Processing /home/lpimenta/pipelineAf/airflow_env/lib/python3.10/site-packages/airflow/example_dags/example_dynamic_task_mapping.py took 0.044 seconds
[2025-02-22T11:48:46.622-0300] {processor.py:186} INFO - Started process (PID=5758) to work on /home/lpimenta/pipelineAf/airflow_env/lib/python3.10/site-packages/airflow/example_dags/example_dynamic_task_mapping.py
[2025-02-22T11:48:46.623-0300] {processor.py:914} INFO - Processing file /home/lpimenta/pipelineAf/airflow_env/lib/python3.10/site-packages/airflow/example_dags/example_dynamic_task_mapping.py for tasks to queue
[2025-02-22T11:48:46.624-0300] {logging_mixin.py:190} INFO - [2025-02-22T11:48:46.623-0300] {dagbag.py:588} INFO - Filling up the DagBag from /home/lpimenta/pipelineAf/airflow_env/lib/python3.10/site-packages/airflow/example_dags/example_dynamic_task_mapping.py
[2025-02-22T11:48:46.629-0300] {processor.py:925} INFO - DAG(s) 'example_dynamic_task_mapping' retrieved from /home/lpimenta/pipelineAf/airflow_env/lib/python3.10/site-packages/airflow/example_dags/example_dynamic_task_mapping.py
[2025-02-22T11:48:46.638-0300] {logging_mixin.py:190} INFO - [2025-02-22T11:48:46.638-0300] {dag.py:3239} INFO - Sync 1 DAGs
[2025-02-22T11:48:46.645-0300] {logging_mixin.py:190} INFO - [2025-02-22T11:48:46.645-0300] {dag.py:4180} INFO - Setting next_dagrun for example_dynamic_task_mapping to None, run_after=None
[2025-02-22T11:48:46.660-0300] {processor.py:208} INFO - Processing /home/lpimenta/pipelineAf/airflow_env/lib/python3.10/site-packages/airflow/example_dags/example_dynamic_task_mapping.py took 0.042 seconds
