[2025-02-22T11:41:16.760-0300] {processor.py:186} INFO - Started process (PID=4002) to work on /home/lpimenta/pipelineAf/airflow_env/lib/python3.10/site-packages/airflow/example_dags/example_trigger_controller_dag.py
[2025-02-22T11:41:16.761-0300] {processor.py:914} INFO - Processing file /home/lpimenta/pipelineAf/airflow_env/lib/python3.10/site-packages/airflow/example_dags/example_trigger_controller_dag.py for tasks to queue
[2025-02-22T11:41:16.763-0300] {logging_mixin.py:190} INFO - [2025-02-22T11:41:16.762-0300] {dagbag.py:588} INFO - Filling up the DagBag from /home/lpimenta/pipelineAf/airflow_env/lib/python3.10/site-packages/airflow/example_dags/example_trigger_controller_dag.py
[2025-02-22T11:41:16.772-0300] {processor.py:925} INFO - DAG(s) 'example_trigger_controller_dag' retrieved from /home/lpimenta/pipelineAf/airflow_env/lib/python3.10/site-packages/airflow/example_dags/example_trigger_controller_dag.py
[2025-02-22T11:41:17.086-0300] {logging_mixin.py:190} INFO - [2025-02-22T11:41:17.086-0300] {override.py:1930} INFO - Created Permission View: can read on DAG:example_trigger_controller_dag
[2025-02-22T11:41:17.105-0300] {logging_mixin.py:190} INFO - [2025-02-22T11:41:17.103-0300] {override.py:1930} INFO - Created Permission View: can edit on DAG:example_trigger_controller_dag
[2025-02-22T11:41:17.121-0300] {logging_mixin.py:190} INFO - [2025-02-22T11:41:17.120-0300] {override.py:1930} INFO - Created Permission View: can delete on DAG:example_trigger_controller_dag
[2025-02-22T11:41:17.140-0300] {logging_mixin.py:190} INFO - [2025-02-22T11:41:17.140-0300] {override.py:1930} INFO - Created Permission View: can read on DAG Run:example_trigger_controller_dag
[2025-02-22T11:41:17.152-0300] {logging_mixin.py:190} INFO - [2025-02-22T11:41:17.152-0300] {override.py:1930} INFO - Created Permission View: can delete on DAG Run:example_trigger_controller_dag
[2025-02-22T11:41:17.164-0300] {logging_mixin.py:190} INFO - [2025-02-22T11:41:17.163-0300] {override.py:1930} INFO - Created Permission View: menu access on DAG Run:example_trigger_controller_dag
[2025-02-22T11:41:17.175-0300] {logging_mixin.py:190} INFO - [2025-02-22T11:41:17.174-0300] {override.py:1930} INFO - Created Permission View: can create on DAG Run:example_trigger_controller_dag
[2025-02-22T11:41:17.175-0300] {logging_mixin.py:190} INFO - [2025-02-22T11:41:17.175-0300] {dag.py:3239} INFO - Sync 1 DAGs
[2025-02-22T11:41:17.184-0300] {logging_mixin.py:190} INFO - [2025-02-22T11:41:17.183-0300] {dag.py:3262} INFO - Creating ORM DAG for example_trigger_controller_dag
[2025-02-22T11:41:17.191-0300] {logging_mixin.py:190} INFO - [2025-02-22T11:41:17.190-0300] {dag.py:4180} INFO - Setting next_dagrun for example_trigger_controller_dag to 2021-01-01 00:00:00+00:00, run_after=2021-01-01 00:00:00+00:00
[2025-02-22T11:41:17.212-0300] {processor.py:208} INFO - Processing /home/lpimenta/pipelineAf/airflow_env/lib/python3.10/site-packages/airflow/example_dags/example_trigger_controller_dag.py took 0.460 seconds
[2025-02-22T11:42:28.465-0300] {processor.py:186} INFO - Started process (PID=4342) to work on /home/lpimenta/pipelineAf/airflow_env/lib/python3.10/site-packages/airflow/example_dags/example_trigger_controller_dag.py
[2025-02-22T11:42:28.470-0300] {processor.py:914} INFO - Processing file /home/lpimenta/pipelineAf/airflow_env/lib/python3.10/site-packages/airflow/example_dags/example_trigger_controller_dag.py for tasks to queue
[2025-02-22T11:42:28.473-0300] {logging_mixin.py:190} INFO - [2025-02-22T11:42:28.473-0300] {dagbag.py:588} INFO - Filling up the DagBag from /home/lpimenta/pipelineAf/airflow_env/lib/python3.10/site-packages/airflow/example_dags/example_trigger_controller_dag.py
[2025-02-22T11:42:28.477-0300] {processor.py:925} INFO - DAG(s) 'example_trigger_controller_dag' retrieved from /home/lpimenta/pipelineAf/airflow_env/lib/python3.10/site-packages/airflow/example_dags/example_trigger_controller_dag.py
[2025-02-22T11:42:28.486-0300] {logging_mixin.py:190} INFO - [2025-02-22T11:42:28.486-0300] {dag.py:3239} INFO - Sync 1 DAGs
[2025-02-22T11:42:28.497-0300] {logging_mixin.py:190} INFO - [2025-02-22T11:42:28.497-0300] {dag.py:4180} INFO - Setting next_dagrun for example_trigger_controller_dag to 2021-01-01 00:00:00+00:00, run_after=2021-01-01 00:00:00+00:00
[2025-02-22T11:42:28.513-0300] {processor.py:208} INFO - Processing /home/lpimenta/pipelineAf/airflow_env/lib/python3.10/site-packages/airflow/example_dags/example_trigger_controller_dag.py took 0.052 seconds
[2025-02-22T11:43:25.862-0300] {processor.py:186} INFO - Started process (PID=4563) to work on /home/lpimenta/pipelineAf/airflow_env/lib/python3.10/site-packages/airflow/example_dags/example_trigger_controller_dag.py
[2025-02-22T11:43:25.863-0300] {processor.py:914} INFO - Processing file /home/lpimenta/pipelineAf/airflow_env/lib/python3.10/site-packages/airflow/example_dags/example_trigger_controller_dag.py for tasks to queue
[2025-02-22T11:43:25.864-0300] {logging_mixin.py:190} INFO - [2025-02-22T11:43:25.864-0300] {dagbag.py:588} INFO - Filling up the DagBag from /home/lpimenta/pipelineAf/airflow_env/lib/python3.10/site-packages/airflow/example_dags/example_trigger_controller_dag.py
[2025-02-22T11:43:25.869-0300] {processor.py:925} INFO - DAG(s) 'example_trigger_controller_dag' retrieved from /home/lpimenta/pipelineAf/airflow_env/lib/python3.10/site-packages/airflow/example_dags/example_trigger_controller_dag.py
[2025-02-22T11:43:25.877-0300] {logging_mixin.py:190} INFO - [2025-02-22T11:43:25.877-0300] {dag.py:3239} INFO - Sync 1 DAGs
[2025-02-22T11:43:25.889-0300] {logging_mixin.py:190} INFO - [2025-02-22T11:43:25.889-0300] {dag.py:4180} INFO - Setting next_dagrun for example_trigger_controller_dag to 2021-01-01 00:00:00+00:00, run_after=2021-01-01 00:00:00+00:00
[2025-02-22T11:43:25.909-0300] {processor.py:208} INFO - Processing /home/lpimenta/pipelineAf/airflow_env/lib/python3.10/site-packages/airflow/example_dags/example_trigger_controller_dag.py took 0.050 seconds
[2025-02-22T11:44:31.156-0300] {processor.py:186} INFO - Started process (PID=4799) to work on /home/lpimenta/pipelineAf/airflow_env/lib/python3.10/site-packages/airflow/example_dags/example_trigger_controller_dag.py
[2025-02-22T11:44:31.157-0300] {processor.py:914} INFO - Processing file /home/lpimenta/pipelineAf/airflow_env/lib/python3.10/site-packages/airflow/example_dags/example_trigger_controller_dag.py for tasks to queue
[2025-02-22T11:44:31.159-0300] {logging_mixin.py:190} INFO - [2025-02-22T11:44:31.158-0300] {dagbag.py:588} INFO - Filling up the DagBag from /home/lpimenta/pipelineAf/airflow_env/lib/python3.10/site-packages/airflow/example_dags/example_trigger_controller_dag.py
[2025-02-22T11:44:31.163-0300] {processor.py:925} INFO - DAG(s) 'example_trigger_controller_dag' retrieved from /home/lpimenta/pipelineAf/airflow_env/lib/python3.10/site-packages/airflow/example_dags/example_trigger_controller_dag.py
[2025-02-22T11:44:31.172-0300] {logging_mixin.py:190} INFO - [2025-02-22T11:44:31.172-0300] {dag.py:3239} INFO - Sync 1 DAGs
[2025-02-22T11:44:31.183-0300] {logging_mixin.py:190} INFO - [2025-02-22T11:44:31.182-0300] {dag.py:4180} INFO - Setting next_dagrun for example_trigger_controller_dag to 2021-01-01 00:00:00+00:00, run_after=2021-01-01 00:00:00+00:00
[2025-02-22T11:44:31.198-0300] {processor.py:208} INFO - Processing /home/lpimenta/pipelineAf/airflow_env/lib/python3.10/site-packages/airflow/example_dags/example_trigger_controller_dag.py took 0.045 seconds
[2025-02-22T11:45:36.648-0300] {processor.py:186} INFO - Started process (PID=5034) to work on /home/lpimenta/pipelineAf/airflow_env/lib/python3.10/site-packages/airflow/example_dags/example_trigger_controller_dag.py
[2025-02-22T11:45:36.649-0300] {processor.py:914} INFO - Processing file /home/lpimenta/pipelineAf/airflow_env/lib/python3.10/site-packages/airflow/example_dags/example_trigger_controller_dag.py for tasks to queue
[2025-02-22T11:45:36.650-0300] {logging_mixin.py:190} INFO - [2025-02-22T11:45:36.649-0300] {dagbag.py:588} INFO - Filling up the DagBag from /home/lpimenta/pipelineAf/airflow_env/lib/python3.10/site-packages/airflow/example_dags/example_trigger_controller_dag.py
[2025-02-22T11:45:36.655-0300] {processor.py:925} INFO - DAG(s) 'example_trigger_controller_dag' retrieved from /home/lpimenta/pipelineAf/airflow_env/lib/python3.10/site-packages/airflow/example_dags/example_trigger_controller_dag.py
[2025-02-22T11:45:36.664-0300] {logging_mixin.py:190} INFO - [2025-02-22T11:45:36.664-0300] {dag.py:3239} INFO - Sync 1 DAGs
[2025-02-22T11:45:36.676-0300] {logging_mixin.py:190} INFO - [2025-02-22T11:45:36.676-0300] {dag.py:4180} INFO - Setting next_dagrun for example_trigger_controller_dag to 2021-01-01 00:00:00+00:00, run_after=2021-01-01 00:00:00+00:00
[2025-02-22T11:45:36.694-0300] {processor.py:208} INFO - Processing /home/lpimenta/pipelineAf/airflow_env/lib/python3.10/site-packages/airflow/example_dags/example_trigger_controller_dag.py took 0.050 seconds
[2025-02-22T11:46:43.865-0300] {processor.py:186} INFO - Started process (PID=5276) to work on /home/lpimenta/pipelineAf/airflow_env/lib/python3.10/site-packages/airflow/example_dags/example_trigger_controller_dag.py
[2025-02-22T11:46:43.868-0300] {processor.py:914} INFO - Processing file /home/lpimenta/pipelineAf/airflow_env/lib/python3.10/site-packages/airflow/example_dags/example_trigger_controller_dag.py for tasks to queue
[2025-02-22T11:46:43.869-0300] {logging_mixin.py:190} INFO - [2025-02-22T11:46:43.869-0300] {dagbag.py:588} INFO - Filling up the DagBag from /home/lpimenta/pipelineAf/airflow_env/lib/python3.10/site-packages/airflow/example_dags/example_trigger_controller_dag.py
[2025-02-22T11:46:43.874-0300] {processor.py:925} INFO - DAG(s) 'example_trigger_controller_dag' retrieved from /home/lpimenta/pipelineAf/airflow_env/lib/python3.10/site-packages/airflow/example_dags/example_trigger_controller_dag.py
[2025-02-22T11:46:43.884-0300] {logging_mixin.py:190} INFO - [2025-02-22T11:46:43.884-0300] {dag.py:3239} INFO - Sync 1 DAGs
[2025-02-22T11:46:43.896-0300] {logging_mixin.py:190} INFO - [2025-02-22T11:46:43.896-0300] {dag.py:4180} INFO - Setting next_dagrun for example_trigger_controller_dag to 2021-01-01 00:00:00+00:00, run_after=2021-01-01 00:00:00+00:00
[2025-02-22T11:46:43.915-0300] {processor.py:208} INFO - Processing /home/lpimenta/pipelineAf/airflow_env/lib/python3.10/site-packages/airflow/example_dags/example_trigger_controller_dag.py took 0.054 seconds
[2025-02-22T11:47:41.065-0300] {processor.py:186} INFO - Started process (PID=5500) to work on /home/lpimenta/pipelineAf/airflow_env/lib/python3.10/site-packages/airflow/example_dags/example_trigger_controller_dag.py
[2025-02-22T11:47:41.067-0300] {processor.py:914} INFO - Processing file /home/lpimenta/pipelineAf/airflow_env/lib/python3.10/site-packages/airflow/example_dags/example_trigger_controller_dag.py for tasks to queue
[2025-02-22T11:47:41.069-0300] {logging_mixin.py:190} INFO - [2025-02-22T11:47:41.068-0300] {dagbag.py:588} INFO - Filling up the DagBag from /home/lpimenta/pipelineAf/airflow_env/lib/python3.10/site-packages/airflow/example_dags/example_trigger_controller_dag.py
[2025-02-22T11:47:41.074-0300] {processor.py:925} INFO - DAG(s) 'example_trigger_controller_dag' retrieved from /home/lpimenta/pipelineAf/airflow_env/lib/python3.10/site-packages/airflow/example_dags/example_trigger_controller_dag.py
[2025-02-22T11:47:41.082-0300] {logging_mixin.py:190} INFO - [2025-02-22T11:47:41.082-0300] {dag.py:3239} INFO - Sync 1 DAGs
[2025-02-22T11:47:41.093-0300] {logging_mixin.py:190} INFO - [2025-02-22T11:47:41.093-0300] {dag.py:4180} INFO - Setting next_dagrun for example_trigger_controller_dag to 2021-01-01 00:00:00+00:00, run_after=2021-01-01 00:00:00+00:00
[2025-02-22T11:47:41.109-0300] {processor.py:208} INFO - Processing /home/lpimenta/pipelineAf/airflow_env/lib/python3.10/site-packages/airflow/example_dags/example_trigger_controller_dag.py took 0.050 seconds
[2025-02-22T11:48:45.488-0300] {processor.py:186} INFO - Started process (PID=5745) to work on /home/lpimenta/pipelineAf/airflow_env/lib/python3.10/site-packages/airflow/example_dags/example_trigger_controller_dag.py
[2025-02-22T11:48:45.489-0300] {processor.py:914} INFO - Processing file /home/lpimenta/pipelineAf/airflow_env/lib/python3.10/site-packages/airflow/example_dags/example_trigger_controller_dag.py for tasks to queue
[2025-02-22T11:48:45.490-0300] {logging_mixin.py:190} INFO - [2025-02-22T11:48:45.490-0300] {dagbag.py:588} INFO - Filling up the DagBag from /home/lpimenta/pipelineAf/airflow_env/lib/python3.10/site-packages/airflow/example_dags/example_trigger_controller_dag.py
[2025-02-22T11:48:45.494-0300] {processor.py:925} INFO - DAG(s) 'example_trigger_controller_dag' retrieved from /home/lpimenta/pipelineAf/airflow_env/lib/python3.10/site-packages/airflow/example_dags/example_trigger_controller_dag.py
[2025-02-22T11:48:45.503-0300] {logging_mixin.py:190} INFO - [2025-02-22T11:48:45.503-0300] {dag.py:3239} INFO - Sync 1 DAGs
[2025-02-22T11:48:45.515-0300] {logging_mixin.py:190} INFO - [2025-02-22T11:48:45.515-0300] {dag.py:4180} INFO - Setting next_dagrun for example_trigger_controller_dag to 2021-01-01 00:00:00+00:00, run_after=2021-01-01 00:00:00+00:00
[2025-02-22T11:48:45.530-0300] {processor.py:208} INFO - Processing /home/lpimenta/pipelineAf/airflow_env/lib/python3.10/site-packages/airflow/example_dags/example_trigger_controller_dag.py took 0.046 seconds
