[2025-02-22T11:40:27.084-0300] {processor.py:186} INFO - Started process (PID=3789) to work on /home/lpimenta/pipelineAf/airflow_env/lib/python3.10/site-packages/airflow/example_dags/example_xcom.py
[2025-02-22T11:40:27.084-0300] {processor.py:914} INFO - Processing file /home/lpimenta/pipelineAf/airflow_env/lib/python3.10/site-packages/airflow/example_dags/example_xcom.py for tasks to queue
[2025-02-22T11:40:27.086-0300] {logging_mixin.py:190} INFO - [2025-02-22T11:40:27.085-0300] {dagbag.py:588} INFO - Filling up the DagBag from /home/lpimenta/pipelineAf/airflow_env/lib/python3.10/site-packages/airflow/example_dags/example_xcom.py
[2025-02-22T11:40:27.092-0300] {processor.py:925} INFO - DAG(s) 'example_xcom' retrieved from /home/lpimenta/pipelineAf/airflow_env/lib/python3.10/site-packages/airflow/example_dags/example_xcom.py
[2025-02-22T11:40:27.206-0300] {logging_mixin.py:190} INFO - [2025-02-22T11:40:27.206-0300] {override.py:1930} INFO - Created Permission View: can read on DAG:example_xcom
[2025-02-22T11:40:27.216-0300] {logging_mixin.py:190} INFO - [2025-02-22T11:40:27.215-0300] {override.py:1930} INFO - Created Permission View: can edit on DAG:example_xcom
[2025-02-22T11:40:27.223-0300] {logging_mixin.py:190} INFO - [2025-02-22T11:40:27.223-0300] {override.py:1930} INFO - Created Permission View: can delete on DAG:example_xcom
[2025-02-22T11:40:27.237-0300] {logging_mixin.py:190} INFO - [2025-02-22T11:40:27.237-0300] {override.py:1930} INFO - Created Permission View: can read on DAG Run:example_xcom
[2025-02-22T11:40:27.244-0300] {logging_mixin.py:190} INFO - [2025-02-22T11:40:27.244-0300] {override.py:1930} INFO - Created Permission View: can delete on DAG Run:example_xcom
[2025-02-22T11:40:27.252-0300] {logging_mixin.py:190} INFO - [2025-02-22T11:40:27.251-0300] {override.py:1930} INFO - Created Permission View: menu access on DAG Run:example_xcom
[2025-02-22T11:40:27.259-0300] {logging_mixin.py:190} INFO - [2025-02-22T11:40:27.259-0300] {override.py:1930} INFO - Created Permission View: can create on DAG Run:example_xcom
[2025-02-22T11:40:27.259-0300] {logging_mixin.py:190} INFO - [2025-02-22T11:40:27.259-0300] {dag.py:3239} INFO - Sync 1 DAGs
[2025-02-22T11:40:27.265-0300] {logging_mixin.py:190} INFO - [2025-02-22T11:40:27.265-0300] {dag.py:3262} INFO - Creating ORM DAG for example_xcom
[2025-02-22T11:40:27.268-0300] {logging_mixin.py:190} INFO - [2025-02-22T11:40:27.268-0300] {dag.py:4180} INFO - Setting next_dagrun for example_xcom to 2021-01-01 00:00:00+00:00, run_after=2021-01-01 00:00:00+00:00
[2025-02-22T11:40:27.283-0300] {processor.py:208} INFO - Processing /home/lpimenta/pipelineAf/airflow_env/lib/python3.10/site-packages/airflow/example_dags/example_xcom.py took 0.203 seconds
[2025-02-22T11:41:38.809-0300] {processor.py:186} INFO - Started process (PID=4142) to work on /home/lpimenta/pipelineAf/airflow_env/lib/python3.10/site-packages/airflow/example_dags/example_xcom.py
[2025-02-22T11:41:38.810-0300] {processor.py:914} INFO - Processing file /home/lpimenta/pipelineAf/airflow_env/lib/python3.10/site-packages/airflow/example_dags/example_xcom.py for tasks to queue
[2025-02-22T11:41:38.814-0300] {logging_mixin.py:190} INFO - [2025-02-22T11:41:38.813-0300] {dagbag.py:588} INFO - Filling up the DagBag from /home/lpimenta/pipelineAf/airflow_env/lib/python3.10/site-packages/airflow/example_dags/example_xcom.py
[2025-02-22T11:41:38.826-0300] {processor.py:925} INFO - DAG(s) 'example_xcom' retrieved from /home/lpimenta/pipelineAf/airflow_env/lib/python3.10/site-packages/airflow/example_dags/example_xcom.py
[2025-02-22T11:41:38.845-0300] {logging_mixin.py:190} INFO - [2025-02-22T11:41:38.845-0300] {dag.py:3239} INFO - Sync 1 DAGs
[2025-02-22T11:41:38.881-0300] {logging_mixin.py:190} INFO - [2025-02-22T11:41:38.881-0300] {dag.py:4180} INFO - Setting next_dagrun for example_xcom to 2021-01-01 00:00:00+00:00, run_after=2021-01-01 00:00:00+00:00
[2025-02-22T11:41:38.921-0300] {processor.py:208} INFO - Processing /home/lpimenta/pipelineAf/airflow_env/lib/python3.10/site-packages/airflow/example_dags/example_xcom.py took 0.121 seconds
[2025-02-22T11:42:15.300-0300] {processor.py:186} INFO - Started process (PID=4290) to work on /home/lpimenta/pipelineAf/airflow_env/lib/python3.10/site-packages/airflow/example_dags/example_xcom.py
[2025-02-22T11:42:15.303-0300] {processor.py:914} INFO - Processing file /home/lpimenta/pipelineAf/airflow_env/lib/python3.10/site-packages/airflow/example_dags/example_xcom.py for tasks to queue
[2025-02-22T11:42:15.304-0300] {logging_mixin.py:190} INFO - [2025-02-22T11:42:15.304-0300] {dagbag.py:588} INFO - Filling up the DagBag from /home/lpimenta/pipelineAf/airflow_env/lib/python3.10/site-packages/airflow/example_dags/example_xcom.py
[2025-02-22T11:42:15.310-0300] {processor.py:925} INFO - DAG(s) 'example_xcom' retrieved from /home/lpimenta/pipelineAf/airflow_env/lib/python3.10/site-packages/airflow/example_dags/example_xcom.py
[2025-02-22T11:42:15.319-0300] {logging_mixin.py:190} INFO - [2025-02-22T11:42:15.319-0300] {dag.py:3239} INFO - Sync 1 DAGs
[2025-02-22T11:42:15.332-0300] {logging_mixin.py:190} INFO - [2025-02-22T11:42:15.332-0300] {dag.py:4180} INFO - Setting next_dagrun for example_xcom to 2021-01-01 00:00:00+00:00, run_after=2021-01-01 00:00:00+00:00
[2025-02-22T11:42:15.347-0300] {processor.py:208} INFO - Processing /home/lpimenta/pipelineAf/airflow_env/lib/python3.10/site-packages/airflow/example_dags/example_xcom.py took 0.051 seconds
[2025-02-22T11:43:14.718-0300] {processor.py:186} INFO - Started process (PID=4522) to work on /home/lpimenta/pipelineAf/airflow_env/lib/python3.10/site-packages/airflow/example_dags/example_xcom.py
[2025-02-22T11:43:14.719-0300] {processor.py:914} INFO - Processing file /home/lpimenta/pipelineAf/airflow_env/lib/python3.10/site-packages/airflow/example_dags/example_xcom.py for tasks to queue
[2025-02-22T11:43:14.720-0300] {logging_mixin.py:190} INFO - [2025-02-22T11:43:14.720-0300] {dagbag.py:588} INFO - Filling up the DagBag from /home/lpimenta/pipelineAf/airflow_env/lib/python3.10/site-packages/airflow/example_dags/example_xcom.py
[2025-02-22T11:43:14.726-0300] {processor.py:925} INFO - DAG(s) 'example_xcom' retrieved from /home/lpimenta/pipelineAf/airflow_env/lib/python3.10/site-packages/airflow/example_dags/example_xcom.py
[2025-02-22T11:43:14.741-0300] {logging_mixin.py:190} INFO - [2025-02-22T11:43:14.740-0300] {dag.py:3239} INFO - Sync 1 DAGs
[2025-02-22T11:43:14.755-0300] {logging_mixin.py:190} INFO - [2025-02-22T11:43:14.755-0300] {dag.py:4180} INFO - Setting next_dagrun for example_xcom to 2021-01-01 00:00:00+00:00, run_after=2021-01-01 00:00:00+00:00
[2025-02-22T11:43:14.772-0300] {processor.py:208} INFO - Processing /home/lpimenta/pipelineAf/airflow_env/lib/python3.10/site-packages/airflow/example_dags/example_xcom.py took 0.058 seconds
[2025-02-22T11:43:50.199-0300] {processor.py:186} INFO - Started process (PID=4649) to work on /home/lpimenta/pipelineAf/airflow_env/lib/python3.10/site-packages/airflow/example_dags/example_xcom.py
[2025-02-22T11:43:50.207-0300] {processor.py:914} INFO - Processing file /home/lpimenta/pipelineAf/airflow_env/lib/python3.10/site-packages/airflow/example_dags/example_xcom.py for tasks to queue
[2025-02-22T11:43:50.208-0300] {logging_mixin.py:190} INFO - [2025-02-22T11:43:50.208-0300] {dagbag.py:588} INFO - Filling up the DagBag from /home/lpimenta/pipelineAf/airflow_env/lib/python3.10/site-packages/airflow/example_dags/example_xcom.py
[2025-02-22T11:43:50.214-0300] {processor.py:925} INFO - DAG(s) 'example_xcom' retrieved from /home/lpimenta/pipelineAf/airflow_env/lib/python3.10/site-packages/airflow/example_dags/example_xcom.py
[2025-02-22T11:43:50.223-0300] {logging_mixin.py:190} INFO - [2025-02-22T11:43:50.223-0300] {dag.py:3239} INFO - Sync 1 DAGs
[2025-02-22T11:43:50.234-0300] {logging_mixin.py:190} INFO - [2025-02-22T11:43:50.234-0300] {dag.py:4180} INFO - Setting next_dagrun for example_xcom to 2021-01-01 00:00:00+00:00, run_after=2021-01-01 00:00:00+00:00
[2025-02-22T11:43:50.369-0300] {processor.py:208} INFO - Processing /home/lpimenta/pipelineAf/airflow_env/lib/python3.10/site-packages/airflow/example_dags/example_xcom.py took 0.173 seconds
[2025-02-22T11:44:52.539-0300] {processor.py:186} INFO - Started process (PID=4872) to work on /home/lpimenta/pipelineAf/airflow_env/lib/python3.10/site-packages/airflow/example_dags/example_xcom.py
[2025-02-22T11:44:52.544-0300] {processor.py:914} INFO - Processing file /home/lpimenta/pipelineAf/airflow_env/lib/python3.10/site-packages/airflow/example_dags/example_xcom.py for tasks to queue
[2025-02-22T11:44:52.545-0300] {logging_mixin.py:190} INFO - [2025-02-22T11:44:52.545-0300] {dagbag.py:588} INFO - Filling up the DagBag from /home/lpimenta/pipelineAf/airflow_env/lib/python3.10/site-packages/airflow/example_dags/example_xcom.py
[2025-02-22T11:44:52.551-0300] {processor.py:925} INFO - DAG(s) 'example_xcom' retrieved from /home/lpimenta/pipelineAf/airflow_env/lib/python3.10/site-packages/airflow/example_dags/example_xcom.py
[2025-02-22T11:44:52.561-0300] {logging_mixin.py:190} INFO - [2025-02-22T11:44:52.561-0300] {dag.py:3239} INFO - Sync 1 DAGs
[2025-02-22T11:44:52.571-0300] {logging_mixin.py:190} INFO - [2025-02-22T11:44:52.571-0300] {dag.py:4180} INFO - Setting next_dagrun for example_xcom to 2021-01-01 00:00:00+00:00, run_after=2021-01-01 00:00:00+00:00
[2025-02-22T11:44:52.587-0300] {processor.py:208} INFO - Processing /home/lpimenta/pipelineAf/airflow_env/lib/python3.10/site-packages/airflow/example_dags/example_xcom.py took 0.053 seconds
[2025-02-22T11:45:53.873-0300] {processor.py:186} INFO - Started process (PID=5104) to work on /home/lpimenta/pipelineAf/airflow_env/lib/python3.10/site-packages/airflow/example_dags/example_xcom.py
[2025-02-22T11:45:53.875-0300] {processor.py:914} INFO - Processing file /home/lpimenta/pipelineAf/airflow_env/lib/python3.10/site-packages/airflow/example_dags/example_xcom.py for tasks to queue
[2025-02-22T11:45:53.876-0300] {logging_mixin.py:190} INFO - [2025-02-22T11:45:53.875-0300] {dagbag.py:588} INFO - Filling up the DagBag from /home/lpimenta/pipelineAf/airflow_env/lib/python3.10/site-packages/airflow/example_dags/example_xcom.py
[2025-02-22T11:45:53.881-0300] {processor.py:925} INFO - DAG(s) 'example_xcom' retrieved from /home/lpimenta/pipelineAf/airflow_env/lib/python3.10/site-packages/airflow/example_dags/example_xcom.py
[2025-02-22T11:45:53.891-0300] {logging_mixin.py:190} INFO - [2025-02-22T11:45:53.891-0300] {dag.py:3239} INFO - Sync 1 DAGs
[2025-02-22T11:45:53.902-0300] {logging_mixin.py:190} INFO - [2025-02-22T11:45:53.902-0300] {dag.py:4180} INFO - Setting next_dagrun for example_xcom to 2021-01-01 00:00:00+00:00, run_after=2021-01-01 00:00:00+00:00
[2025-02-22T11:45:53.917-0300] {processor.py:208} INFO - Processing /home/lpimenta/pipelineAf/airflow_env/lib/python3.10/site-packages/airflow/example_dags/example_xcom.py took 0.049 seconds
[2025-02-22T11:46:28.947-0300] {processor.py:186} INFO - Started process (PID=5235) to work on /home/lpimenta/pipelineAf/airflow_env/lib/python3.10/site-packages/airflow/example_dags/example_xcom.py
[2025-02-22T11:46:28.950-0300] {processor.py:914} INFO - Processing file /home/lpimenta/pipelineAf/airflow_env/lib/python3.10/site-packages/airflow/example_dags/example_xcom.py for tasks to queue
[2025-02-22T11:46:28.951-0300] {logging_mixin.py:190} INFO - [2025-02-22T11:46:28.950-0300] {dagbag.py:588} INFO - Filling up the DagBag from /home/lpimenta/pipelineAf/airflow_env/lib/python3.10/site-packages/airflow/example_dags/example_xcom.py
[2025-02-22T11:46:28.957-0300] {processor.py:925} INFO - DAG(s) 'example_xcom' retrieved from /home/lpimenta/pipelineAf/airflow_env/lib/python3.10/site-packages/airflow/example_dags/example_xcom.py
[2025-02-22T11:46:28.966-0300] {logging_mixin.py:190} INFO - [2025-02-22T11:46:28.966-0300] {dag.py:3239} INFO - Sync 1 DAGs
[2025-02-22T11:46:28.977-0300] {logging_mixin.py:190} INFO - [2025-02-22T11:46:28.977-0300] {dag.py:4180} INFO - Setting next_dagrun for example_xcom to 2021-01-01 00:00:00+00:00, run_after=2021-01-01 00:00:00+00:00
[2025-02-22T11:46:28.993-0300] {processor.py:208} INFO - Processing /home/lpimenta/pipelineAf/airflow_env/lib/python3.10/site-packages/airflow/example_dags/example_xcom.py took 0.051 seconds
[2025-02-22T11:47:29.820-0300] {processor.py:186} INFO - Started process (PID=5451) to work on /home/lpimenta/pipelineAf/airflow_env/lib/python3.10/site-packages/airflow/example_dags/example_xcom.py
[2025-02-22T11:47:29.821-0300] {processor.py:914} INFO - Processing file /home/lpimenta/pipelineAf/airflow_env/lib/python3.10/site-packages/airflow/example_dags/example_xcom.py for tasks to queue
[2025-02-22T11:47:29.822-0300] {logging_mixin.py:190} INFO - [2025-02-22T11:47:29.822-0300] {dagbag.py:588} INFO - Filling up the DagBag from /home/lpimenta/pipelineAf/airflow_env/lib/python3.10/site-packages/airflow/example_dags/example_xcom.py
[2025-02-22T11:47:29.828-0300] {processor.py:925} INFO - DAG(s) 'example_xcom' retrieved from /home/lpimenta/pipelineAf/airflow_env/lib/python3.10/site-packages/airflow/example_dags/example_xcom.py
[2025-02-22T11:47:29.838-0300] {logging_mixin.py:190} INFO - [2025-02-22T11:47:29.837-0300] {dag.py:3239} INFO - Sync 1 DAGs
[2025-02-22T11:47:29.848-0300] {logging_mixin.py:190} INFO - [2025-02-22T11:47:29.848-0300] {dag.py:4180} INFO - Setting next_dagrun for example_xcom to 2021-01-01 00:00:00+00:00, run_after=2021-01-01 00:00:00+00:00
[2025-02-22T11:47:29.866-0300] {processor.py:208} INFO - Processing /home/lpimenta/pipelineAf/airflow_env/lib/python3.10/site-packages/airflow/example_dags/example_xcom.py took 0.050 seconds
[2025-02-22T11:48:06.058-0300] {processor.py:186} INFO - Started process (PID=5582) to work on /home/lpimenta/pipelineAf/airflow_env/lib/python3.10/site-packages/airflow/example_dags/example_xcom.py
[2025-02-22T11:48:06.060-0300] {processor.py:914} INFO - Processing file /home/lpimenta/pipelineAf/airflow_env/lib/python3.10/site-packages/airflow/example_dags/example_xcom.py for tasks to queue
[2025-02-22T11:48:06.061-0300] {logging_mixin.py:190} INFO - [2025-02-22T11:48:06.061-0300] {dagbag.py:588} INFO - Filling up the DagBag from /home/lpimenta/pipelineAf/airflow_env/lib/python3.10/site-packages/airflow/example_dags/example_xcom.py
[2025-02-22T11:48:06.067-0300] {processor.py:925} INFO - DAG(s) 'example_xcom' retrieved from /home/lpimenta/pipelineAf/airflow_env/lib/python3.10/site-packages/airflow/example_dags/example_xcom.py
[2025-02-22T11:48:06.075-0300] {logging_mixin.py:190} INFO - [2025-02-22T11:48:06.075-0300] {dag.py:3239} INFO - Sync 1 DAGs
[2025-02-22T11:48:06.085-0300] {logging_mixin.py:190} INFO - [2025-02-22T11:48:06.085-0300] {dag.py:4180} INFO - Setting next_dagrun for example_xcom to 2021-01-01 00:00:00+00:00, run_after=2021-01-01 00:00:00+00:00
[2025-02-22T11:48:06.101-0300] {processor.py:208} INFO - Processing /home/lpimenta/pipelineAf/airflow_env/lib/python3.10/site-packages/airflow/example_dags/example_xcom.py took 0.048 seconds
[2025-02-22T11:49:07.442-0300] {processor.py:186} INFO - Started process (PID=5842) to work on /home/lpimenta/pipelineAf/airflow_env/lib/python3.10/site-packages/airflow/example_dags/example_xcom.py
[2025-02-22T11:49:07.444-0300] {processor.py:914} INFO - Processing file /home/lpimenta/pipelineAf/airflow_env/lib/python3.10/site-packages/airflow/example_dags/example_xcom.py for tasks to queue
[2025-02-22T11:49:07.445-0300] {logging_mixin.py:190} INFO - [2025-02-22T11:49:07.445-0300] {dagbag.py:588} INFO - Filling up the DagBag from /home/lpimenta/pipelineAf/airflow_env/lib/python3.10/site-packages/airflow/example_dags/example_xcom.py
[2025-02-22T11:49:07.451-0300] {processor.py:925} INFO - DAG(s) 'example_xcom' retrieved from /home/lpimenta/pipelineAf/airflow_env/lib/python3.10/site-packages/airflow/example_dags/example_xcom.py
[2025-02-22T11:49:07.461-0300] {logging_mixin.py:190} INFO - [2025-02-22T11:49:07.460-0300] {dag.py:3239} INFO - Sync 1 DAGs
[2025-02-22T11:49:07.471-0300] {logging_mixin.py:190} INFO - [2025-02-22T11:49:07.470-0300] {dag.py:4180} INFO - Setting next_dagrun for example_xcom to 2021-01-01 00:00:00+00:00, run_after=2021-01-01 00:00:00+00:00
[2025-02-22T11:49:07.489-0300] {processor.py:208} INFO - Processing /home/lpimenta/pipelineAf/airflow_env/lib/python3.10/site-packages/airflow/example_dags/example_xcom.py took 0.052 seconds
