[2025-02-22T11:40:40.032-0300] {processor.py:186} INFO - Started process (PID=3848) to work on /home/lpimenta/pipelineAf/airflow_env/lib/python3.10/site-packages/airflow/example_dags/example_dag_decorator.py
[2025-02-22T11:40:40.033-0300] {processor.py:914} INFO - Processing file /home/lpimenta/pipelineAf/airflow_env/lib/python3.10/site-packages/airflow/example_dags/example_dag_decorator.py for tasks to queue
[2025-02-22T11:40:40.034-0300] {logging_mixin.py:190} INFO - [2025-02-22T11:40:40.034-0300] {dagbag.py:588} INFO - Filling up the DagBag from /home/lpimenta/pipelineAf/airflow_env/lib/python3.10/site-packages/airflow/example_dags/example_dag_decorator.py
[2025-02-22T11:40:40.054-0300] {processor.py:925} INFO - DAG(s) 'example_dag_decorator' retrieved from /home/lpimenta/pipelineAf/airflow_env/lib/python3.10/site-packages/airflow/example_dags/example_dag_decorator.py
[2025-02-22T11:40:40.166-0300] {logging_mixin.py:190} INFO - [2025-02-22T11:40:40.166-0300] {override.py:1930} INFO - Created Permission View: can read on DAG:example_dag_decorator
[2025-02-22T11:40:40.175-0300] {logging_mixin.py:190} INFO - [2025-02-22T11:40:40.175-0300] {override.py:1930} INFO - Created Permission View: can edit on DAG:example_dag_decorator
[2025-02-22T11:40:40.183-0300] {logging_mixin.py:190} INFO - [2025-02-22T11:40:40.182-0300] {override.py:1930} INFO - Created Permission View: can delete on DAG:example_dag_decorator
[2025-02-22T11:40:40.196-0300] {logging_mixin.py:190} INFO - [2025-02-22T11:40:40.195-0300] {override.py:1930} INFO - Created Permission View: can read on DAG Run:example_dag_decorator
[2025-02-22T11:40:40.203-0300] {logging_mixin.py:190} INFO - [2025-02-22T11:40:40.203-0300] {override.py:1930} INFO - Created Permission View: can delete on DAG Run:example_dag_decorator
[2025-02-22T11:40:40.210-0300] {logging_mixin.py:190} INFO - [2025-02-22T11:40:40.210-0300] {override.py:1930} INFO - Created Permission View: menu access on DAG Run:example_dag_decorator
[2025-02-22T11:40:40.217-0300] {logging_mixin.py:190} INFO - [2025-02-22T11:40:40.217-0300] {override.py:1930} INFO - Created Permission View: can create on DAG Run:example_dag_decorator
[2025-02-22T11:40:40.218-0300] {logging_mixin.py:190} INFO - [2025-02-22T11:40:40.218-0300] {dag.py:3239} INFO - Sync 1 DAGs
[2025-02-22T11:40:40.223-0300] {logging_mixin.py:190} INFO - [2025-02-22T11:40:40.223-0300] {dag.py:3262} INFO - Creating ORM DAG for example_dag_decorator
[2025-02-22T11:40:40.224-0300] {logging_mixin.py:190} INFO - [2025-02-22T11:40:40.224-0300] {dag.py:4180} INFO - Setting next_dagrun for example_dag_decorator to None, run_after=None
[2025-02-22T11:40:40.237-0300] {processor.py:208} INFO - Processing /home/lpimenta/pipelineAf/airflow_env/lib/python3.10/site-packages/airflow/example_dags/example_dag_decorator.py took 0.209 seconds
[2025-02-22T11:41:50.867-0300] {processor.py:186} INFO - Started process (PID=4193) to work on /home/lpimenta/pipelineAf/airflow_env/lib/python3.10/site-packages/airflow/example_dags/example_dag_decorator.py
[2025-02-22T11:41:50.868-0300] {processor.py:914} INFO - Processing file /home/lpimenta/pipelineAf/airflow_env/lib/python3.10/site-packages/airflow/example_dags/example_dag_decorator.py for tasks to queue
[2025-02-22T11:41:50.869-0300] {logging_mixin.py:190} INFO - [2025-02-22T11:41:50.869-0300] {dagbag.py:588} INFO - Filling up the DagBag from /home/lpimenta/pipelineAf/airflow_env/lib/python3.10/site-packages/airflow/example_dags/example_dag_decorator.py
[2025-02-22T11:41:50.897-0300] {processor.py:925} INFO - DAG(s) 'example_dag_decorator' retrieved from /home/lpimenta/pipelineAf/airflow_env/lib/python3.10/site-packages/airflow/example_dags/example_dag_decorator.py
[2025-02-22T11:41:50.952-0300] {logging_mixin.py:190} INFO - [2025-02-22T11:41:50.952-0300] {dag.py:3239} INFO - Sync 1 DAGs
[2025-02-22T11:41:50.958-0300] {logging_mixin.py:190} INFO - [2025-02-22T11:41:50.958-0300] {dag.py:4180} INFO - Setting next_dagrun for example_dag_decorator to None, run_after=None
[2025-02-22T11:41:50.974-0300] {processor.py:208} INFO - Processing /home/lpimenta/pipelineAf/airflow_env/lib/python3.10/site-packages/airflow/example_dags/example_dag_decorator.py took 0.112 seconds
[2025-02-22T11:42:48.868-0300] {processor.py:186} INFO - Started process (PID=4426) to work on /home/lpimenta/pipelineAf/airflow_env/lib/python3.10/site-packages/airflow/example_dags/example_dag_decorator.py
[2025-02-22T11:42:48.873-0300] {processor.py:914} INFO - Processing file /home/lpimenta/pipelineAf/airflow_env/lib/python3.10/site-packages/airflow/example_dags/example_dag_decorator.py for tasks to queue
[2025-02-22T11:42:48.874-0300] {logging_mixin.py:190} INFO - [2025-02-22T11:42:48.874-0300] {dagbag.py:588} INFO - Filling up the DagBag from /home/lpimenta/pipelineAf/airflow_env/lib/python3.10/site-packages/airflow/example_dags/example_dag_decorator.py
[2025-02-22T11:42:48.894-0300] {processor.py:925} INFO - DAG(s) 'example_dag_decorator' retrieved from /home/lpimenta/pipelineAf/airflow_env/lib/python3.10/site-packages/airflow/example_dags/example_dag_decorator.py
[2025-02-22T11:42:48.950-0300] {logging_mixin.py:190} INFO - [2025-02-22T11:42:48.950-0300] {dag.py:3239} INFO - Sync 1 DAGs
[2025-02-22T11:42:48.956-0300] {logging_mixin.py:190} INFO - [2025-02-22T11:42:48.956-0300] {dag.py:4180} INFO - Setting next_dagrun for example_dag_decorator to None, run_after=None
[2025-02-22T11:42:48.974-0300] {processor.py:208} INFO - Processing /home/lpimenta/pipelineAf/airflow_env/lib/python3.10/site-packages/airflow/example_dags/example_dag_decorator.py took 0.110 seconds
[2025-02-22T11:43:56.915-0300] {processor.py:186} INFO - Started process (PID=4674) to work on /home/lpimenta/pipelineAf/airflow_env/lib/python3.10/site-packages/airflow/example_dags/example_dag_decorator.py
[2025-02-22T11:43:56.922-0300] {processor.py:914} INFO - Processing file /home/lpimenta/pipelineAf/airflow_env/lib/python3.10/site-packages/airflow/example_dags/example_dag_decorator.py for tasks to queue
[2025-02-22T11:43:56.924-0300] {logging_mixin.py:190} INFO - [2025-02-22T11:43:56.923-0300] {dagbag.py:588} INFO - Filling up the DagBag from /home/lpimenta/pipelineAf/airflow_env/lib/python3.10/site-packages/airflow/example_dags/example_dag_decorator.py
[2025-02-22T11:43:56.945-0300] {processor.py:925} INFO - DAG(s) 'example_dag_decorator' retrieved from /home/lpimenta/pipelineAf/airflow_env/lib/python3.10/site-packages/airflow/example_dags/example_dag_decorator.py
[2025-02-22T11:43:57.013-0300] {logging_mixin.py:190} INFO - [2025-02-22T11:43:57.012-0300] {dag.py:3239} INFO - Sync 1 DAGs
[2025-02-22T11:43:57.020-0300] {logging_mixin.py:190} INFO - [2025-02-22T11:43:57.020-0300] {dag.py:4180} INFO - Setting next_dagrun for example_dag_decorator to None, run_after=None
[2025-02-22T11:43:57.037-0300] {processor.py:208} INFO - Processing /home/lpimenta/pipelineAf/airflow_env/lib/python3.10/site-packages/airflow/example_dags/example_dag_decorator.py took 0.126 seconds
[2025-02-22T11:45:00.063-0300] {processor.py:186} INFO - Started process (PID=4897) to work on /home/lpimenta/pipelineAf/airflow_env/lib/python3.10/site-packages/airflow/example_dags/example_dag_decorator.py
[2025-02-22T11:45:00.067-0300] {processor.py:914} INFO - Processing file /home/lpimenta/pipelineAf/airflow_env/lib/python3.10/site-packages/airflow/example_dags/example_dag_decorator.py for tasks to queue
[2025-02-22T11:45:00.069-0300] {logging_mixin.py:190} INFO - [2025-02-22T11:45:00.068-0300] {dagbag.py:588} INFO - Filling up the DagBag from /home/lpimenta/pipelineAf/airflow_env/lib/python3.10/site-packages/airflow/example_dags/example_dag_decorator.py
[2025-02-22T11:45:00.092-0300] {processor.py:925} INFO - DAG(s) 'example_dag_decorator' retrieved from /home/lpimenta/pipelineAf/airflow_env/lib/python3.10/site-packages/airflow/example_dags/example_dag_decorator.py
[2025-02-22T11:45:00.141-0300] {logging_mixin.py:190} INFO - [2025-02-22T11:45:00.140-0300] {dag.py:3239} INFO - Sync 1 DAGs
[2025-02-22T11:45:00.146-0300] {logging_mixin.py:190} INFO - [2025-02-22T11:45:00.146-0300] {dag.py:4180} INFO - Setting next_dagrun for example_dag_decorator to None, run_after=None
[2025-02-22T11:45:00.162-0300] {processor.py:208} INFO - Processing /home/lpimenta/pipelineAf/airflow_env/lib/python3.10/site-packages/airflow/example_dags/example_dag_decorator.py took 0.103 seconds
[2025-02-22T11:46:03.883-0300] {processor.py:186} INFO - Started process (PID=5130) to work on /home/lpimenta/pipelineAf/airflow_env/lib/python3.10/site-packages/airflow/example_dags/example_dag_decorator.py
[2025-02-22T11:46:03.887-0300] {processor.py:914} INFO - Processing file /home/lpimenta/pipelineAf/airflow_env/lib/python3.10/site-packages/airflow/example_dags/example_dag_decorator.py for tasks to queue
[2025-02-22T11:46:03.888-0300] {logging_mixin.py:190} INFO - [2025-02-22T11:46:03.888-0300] {dagbag.py:588} INFO - Filling up the DagBag from /home/lpimenta/pipelineAf/airflow_env/lib/python3.10/site-packages/airflow/example_dags/example_dag_decorator.py
[2025-02-22T11:46:03.908-0300] {processor.py:925} INFO - DAG(s) 'example_dag_decorator' retrieved from /home/lpimenta/pipelineAf/airflow_env/lib/python3.10/site-packages/airflow/example_dags/example_dag_decorator.py
[2025-02-22T11:46:03.954-0300] {logging_mixin.py:190} INFO - [2025-02-22T11:46:03.954-0300] {dag.py:3239} INFO - Sync 1 DAGs
[2025-02-22T11:46:03.962-0300] {logging_mixin.py:190} INFO - [2025-02-22T11:46:03.962-0300] {dag.py:4180} INFO - Setting next_dagrun for example_dag_decorator to None, run_after=None
[2025-02-22T11:46:03.979-0300] {processor.py:208} INFO - Processing /home/lpimenta/pipelineAf/airflow_env/lib/python3.10/site-packages/airflow/example_dags/example_dag_decorator.py took 0.099 seconds
[2025-02-22T11:47:07.115-0300] {processor.py:186} INFO - Started process (PID=5375) to work on /home/lpimenta/pipelineAf/airflow_env/lib/python3.10/site-packages/airflow/example_dags/example_dag_decorator.py
[2025-02-22T11:47:07.117-0300] {processor.py:914} INFO - Processing file /home/lpimenta/pipelineAf/airflow_env/lib/python3.10/site-packages/airflow/example_dags/example_dag_decorator.py for tasks to queue
[2025-02-22T11:47:07.118-0300] {logging_mixin.py:190} INFO - [2025-02-22T11:47:07.118-0300] {dagbag.py:588} INFO - Filling up the DagBag from /home/lpimenta/pipelineAf/airflow_env/lib/python3.10/site-packages/airflow/example_dags/example_dag_decorator.py
[2025-02-22T11:47:07.138-0300] {processor.py:925} INFO - DAG(s) 'example_dag_decorator' retrieved from /home/lpimenta/pipelineAf/airflow_env/lib/python3.10/site-packages/airflow/example_dags/example_dag_decorator.py
[2025-02-22T11:47:07.186-0300] {logging_mixin.py:190} INFO - [2025-02-22T11:47:07.186-0300] {dag.py:3239} INFO - Sync 1 DAGs
[2025-02-22T11:47:07.192-0300] {logging_mixin.py:190} INFO - [2025-02-22T11:47:07.192-0300] {dag.py:4180} INFO - Setting next_dagrun for example_dag_decorator to None, run_after=None
[2025-02-22T11:47:07.207-0300] {processor.py:208} INFO - Processing /home/lpimenta/pipelineAf/airflow_env/lib/python3.10/site-packages/airflow/example_dags/example_dag_decorator.py took 0.095 seconds
[2025-02-22T11:48:11.641-0300] {processor.py:186} INFO - Started process (PID=5607) to work on /home/lpimenta/pipelineAf/airflow_env/lib/python3.10/site-packages/airflow/example_dags/example_dag_decorator.py
[2025-02-22T11:48:11.642-0300] {processor.py:914} INFO - Processing file /home/lpimenta/pipelineAf/airflow_env/lib/python3.10/site-packages/airflow/example_dags/example_dag_decorator.py for tasks to queue
[2025-02-22T11:48:11.643-0300] {logging_mixin.py:190} INFO - [2025-02-22T11:48:11.643-0300] {dagbag.py:588} INFO - Filling up the DagBag from /home/lpimenta/pipelineAf/airflow_env/lib/python3.10/site-packages/airflow/example_dags/example_dag_decorator.py
[2025-02-22T11:48:11.664-0300] {processor.py:925} INFO - DAG(s) 'example_dag_decorator' retrieved from /home/lpimenta/pipelineAf/airflow_env/lib/python3.10/site-packages/airflow/example_dags/example_dag_decorator.py
[2025-02-22T11:48:11.717-0300] {logging_mixin.py:190} INFO - [2025-02-22T11:48:11.716-0300] {dag.py:3239} INFO - Sync 1 DAGs
[2025-02-22T11:48:11.724-0300] {logging_mixin.py:190} INFO - [2025-02-22T11:48:11.724-0300] {dag.py:4180} INFO - Setting next_dagrun for example_dag_decorator to None, run_after=None
[2025-02-22T11:48:11.740-0300] {processor.py:208} INFO - Processing /home/lpimenta/pipelineAf/airflow_env/lib/python3.10/site-packages/airflow/example_dags/example_dag_decorator.py took 0.103 seconds
[2025-02-22T11:49:13.482-0300] {processor.py:186} INFO - Started process (PID=5867) to work on /home/lpimenta/pipelineAf/airflow_env/lib/python3.10/site-packages/airflow/example_dags/example_dag_decorator.py
[2025-02-22T11:49:13.483-0300] {processor.py:914} INFO - Processing file /home/lpimenta/pipelineAf/airflow_env/lib/python3.10/site-packages/airflow/example_dags/example_dag_decorator.py for tasks to queue
[2025-02-22T11:49:13.484-0300] {logging_mixin.py:190} INFO - [2025-02-22T11:49:13.483-0300] {dagbag.py:588} INFO - Filling up the DagBag from /home/lpimenta/pipelineAf/airflow_env/lib/python3.10/site-packages/airflow/example_dags/example_dag_decorator.py
[2025-02-22T11:49:13.503-0300] {processor.py:925} INFO - DAG(s) 'example_dag_decorator' retrieved from /home/lpimenta/pipelineAf/airflow_env/lib/python3.10/site-packages/airflow/example_dags/example_dag_decorator.py
[2025-02-22T11:49:13.551-0300] {logging_mixin.py:190} INFO - [2025-02-22T11:49:13.551-0300] {dag.py:3239} INFO - Sync 1 DAGs
[2025-02-22T11:49:13.557-0300] {logging_mixin.py:190} INFO - [2025-02-22T11:49:13.557-0300] {dag.py:4180} INFO - Setting next_dagrun for example_dag_decorator to None, run_after=None
[2025-02-22T11:49:13.576-0300] {processor.py:208} INFO - Processing /home/lpimenta/pipelineAf/airflow_env/lib/python3.10/site-packages/airflow/example_dags/example_dag_decorator.py took 0.097 seconds
