[2025-02-22T11:41:10.006-0300] {processor.py:186} INFO - Started process (PID=3986) to work on /home/lpimenta/pipelineAf/airflow_env/lib/python3.10/site-packages/airflow/example_dags/example_time_delta_sensor_async.py
[2025-02-22T11:41:10.006-0300] {processor.py:914} INFO - Processing file /home/lpimenta/pipelineAf/airflow_env/lib/python3.10/site-packages/airflow/example_dags/example_time_delta_sensor_async.py for tasks to queue
[2025-02-22T11:41:10.008-0300] {logging_mixin.py:190} INFO - [2025-02-22T11:41:10.007-0300] {dagbag.py:588} INFO - Filling up the DagBag from /home/lpimenta/pipelineAf/airflow_env/lib/python3.10/site-packages/airflow/example_dags/example_time_delta_sensor_async.py
[2025-02-22T11:41:10.012-0300] {processor.py:925} INFO - DAG(s) 'example_time_delta_sensor_async' retrieved from /home/lpimenta/pipelineAf/airflow_env/lib/python3.10/site-packages/airflow/example_dags/example_time_delta_sensor_async.py
[2025-02-22T11:41:10.143-0300] {logging_mixin.py:190} INFO - [2025-02-22T11:41:10.142-0300] {override.py:1930} INFO - Created Permission View: can read on DAG:example_time_delta_sensor_async
[2025-02-22T11:41:10.151-0300] {logging_mixin.py:190} INFO - [2025-02-22T11:41:10.151-0300] {override.py:1930} INFO - Created Permission View: can edit on DAG:example_time_delta_sensor_async
[2025-02-22T11:41:10.159-0300] {logging_mixin.py:190} INFO - [2025-02-22T11:41:10.159-0300] {override.py:1930} INFO - Created Permission View: can delete on DAG:example_time_delta_sensor_async
[2025-02-22T11:41:10.172-0300] {logging_mixin.py:190} INFO - [2025-02-22T11:41:10.171-0300] {override.py:1930} INFO - Created Permission View: can read on DAG Run:example_time_delta_sensor_async
[2025-02-22T11:41:10.179-0300] {logging_mixin.py:190} INFO - [2025-02-22T11:41:10.179-0300] {override.py:1930} INFO - Created Permission View: can delete on DAG Run:example_time_delta_sensor_async
[2025-02-22T11:41:10.186-0300] {logging_mixin.py:190} INFO - [2025-02-22T11:41:10.186-0300] {override.py:1930} INFO - Created Permission View: menu access on DAG Run:example_time_delta_sensor_async
[2025-02-22T11:41:10.194-0300] {logging_mixin.py:190} INFO - [2025-02-22T11:41:10.194-0300] {override.py:1930} INFO - Created Permission View: can create on DAG Run:example_time_delta_sensor_async
[2025-02-22T11:41:10.194-0300] {logging_mixin.py:190} INFO - [2025-02-22T11:41:10.194-0300] {dag.py:3239} INFO - Sync 1 DAGs
[2025-02-22T11:41:10.200-0300] {logging_mixin.py:190} INFO - [2025-02-22T11:41:10.200-0300] {dag.py:3262} INFO - Creating ORM DAG for example_time_delta_sensor_async
[2025-02-22T11:41:10.200-0300] {logging_mixin.py:190} INFO - [2025-02-22T11:41:10.200-0300] {dag.py:4180} INFO - Setting next_dagrun for example_time_delta_sensor_async to None, run_after=None
[2025-02-22T11:41:10.213-0300] {processor.py:208} INFO - Processing /home/lpimenta/pipelineAf/airflow_env/lib/python3.10/site-packages/airflow/example_dags/example_time_delta_sensor_async.py took 0.211 seconds
[2025-02-22T11:42:25.599-0300] {processor.py:186} INFO - Started process (PID=4324) to work on /home/lpimenta/pipelineAf/airflow_env/lib/python3.10/site-packages/airflow/example_dags/example_time_delta_sensor_async.py
[2025-02-22T11:42:25.600-0300] {processor.py:914} INFO - Processing file /home/lpimenta/pipelineAf/airflow_env/lib/python3.10/site-packages/airflow/example_dags/example_time_delta_sensor_async.py for tasks to queue
[2025-02-22T11:42:25.602-0300] {logging_mixin.py:190} INFO - [2025-02-22T11:42:25.601-0300] {dagbag.py:588} INFO - Filling up the DagBag from /home/lpimenta/pipelineAf/airflow_env/lib/python3.10/site-packages/airflow/example_dags/example_time_delta_sensor_async.py
[2025-02-22T11:42:25.608-0300] {processor.py:925} INFO - DAG(s) 'example_time_delta_sensor_async' retrieved from /home/lpimenta/pipelineAf/airflow_env/lib/python3.10/site-packages/airflow/example_dags/example_time_delta_sensor_async.py
[2025-02-22T11:42:25.618-0300] {logging_mixin.py:190} INFO - [2025-02-22T11:42:25.618-0300] {dag.py:3239} INFO - Sync 1 DAGs
[2025-02-22T11:42:25.626-0300] {logging_mixin.py:190} INFO - [2025-02-22T11:42:25.626-0300] {dag.py:4180} INFO - Setting next_dagrun for example_time_delta_sensor_async to None, run_after=None
[2025-02-22T11:42:25.648-0300] {processor.py:208} INFO - Processing /home/lpimenta/pipelineAf/airflow_env/lib/python3.10/site-packages/airflow/example_dags/example_time_delta_sensor_async.py took 0.053 seconds
[2025-02-22T11:43:21.867-0300] {processor.py:186} INFO - Started process (PID=4547) to work on /home/lpimenta/pipelineAf/airflow_env/lib/python3.10/site-packages/airflow/example_dags/example_time_delta_sensor_async.py
[2025-02-22T11:43:21.868-0300] {processor.py:914} INFO - Processing file /home/lpimenta/pipelineAf/airflow_env/lib/python3.10/site-packages/airflow/example_dags/example_time_delta_sensor_async.py for tasks to queue
[2025-02-22T11:43:21.869-0300] {logging_mixin.py:190} INFO - [2025-02-22T11:43:21.869-0300] {dagbag.py:588} INFO - Filling up the DagBag from /home/lpimenta/pipelineAf/airflow_env/lib/python3.10/site-packages/airflow/example_dags/example_time_delta_sensor_async.py
[2025-02-22T11:43:21.874-0300] {processor.py:925} INFO - DAG(s) 'example_time_delta_sensor_async' retrieved from /home/lpimenta/pipelineAf/airflow_env/lib/python3.10/site-packages/airflow/example_dags/example_time_delta_sensor_async.py
[2025-02-22T11:43:21.882-0300] {logging_mixin.py:190} INFO - [2025-02-22T11:43:21.882-0300] {dag.py:3239} INFO - Sync 1 DAGs
[2025-02-22T11:43:21.890-0300] {logging_mixin.py:190} INFO - [2025-02-22T11:43:21.889-0300] {dag.py:4180} INFO - Setting next_dagrun for example_time_delta_sensor_async to None, run_after=None
[2025-02-22T11:43:21.906-0300] {processor.py:208} INFO - Processing /home/lpimenta/pipelineAf/airflow_env/lib/python3.10/site-packages/airflow/example_dags/example_time_delta_sensor_async.py took 0.042 seconds
[2025-02-22T11:44:27.422-0300] {processor.py:186} INFO - Started process (PID=4783) to work on /home/lpimenta/pipelineAf/airflow_env/lib/python3.10/site-packages/airflow/example_dags/example_time_delta_sensor_async.py
[2025-02-22T11:44:27.424-0300] {processor.py:914} INFO - Processing file /home/lpimenta/pipelineAf/airflow_env/lib/python3.10/site-packages/airflow/example_dags/example_time_delta_sensor_async.py for tasks to queue
[2025-02-22T11:44:27.428-0300] {logging_mixin.py:190} INFO - [2025-02-22T11:44:27.427-0300] {dagbag.py:588} INFO - Filling up the DagBag from /home/lpimenta/pipelineAf/airflow_env/lib/python3.10/site-packages/airflow/example_dags/example_time_delta_sensor_async.py
[2025-02-22T11:44:27.434-0300] {processor.py:925} INFO - DAG(s) 'example_time_delta_sensor_async' retrieved from /home/lpimenta/pipelineAf/airflow_env/lib/python3.10/site-packages/airflow/example_dags/example_time_delta_sensor_async.py
[2025-02-22T11:44:27.444-0300] {logging_mixin.py:190} INFO - [2025-02-22T11:44:27.443-0300] {dag.py:3239} INFO - Sync 1 DAGs
[2025-02-22T11:44:27.451-0300] {logging_mixin.py:190} INFO - [2025-02-22T11:44:27.451-0300] {dag.py:4180} INFO - Setting next_dagrun for example_time_delta_sensor_async to None, run_after=None
[2025-02-22T11:44:27.467-0300] {processor.py:208} INFO - Processing /home/lpimenta/pipelineAf/airflow_env/lib/python3.10/site-packages/airflow/example_dags/example_time_delta_sensor_async.py took 0.049 seconds
[2025-02-22T11:45:33.423-0300] {processor.py:186} INFO - Started process (PID=5018) to work on /home/lpimenta/pipelineAf/airflow_env/lib/python3.10/site-packages/airflow/example_dags/example_time_delta_sensor_async.py
[2025-02-22T11:45:33.425-0300] {processor.py:914} INFO - Processing file /home/lpimenta/pipelineAf/airflow_env/lib/python3.10/site-packages/airflow/example_dags/example_time_delta_sensor_async.py for tasks to queue
[2025-02-22T11:45:33.426-0300] {logging_mixin.py:190} INFO - [2025-02-22T11:45:33.425-0300] {dagbag.py:588} INFO - Filling up the DagBag from /home/lpimenta/pipelineAf/airflow_env/lib/python3.10/site-packages/airflow/example_dags/example_time_delta_sensor_async.py
[2025-02-22T11:45:33.430-0300] {processor.py:925} INFO - DAG(s) 'example_time_delta_sensor_async' retrieved from /home/lpimenta/pipelineAf/airflow_env/lib/python3.10/site-packages/airflow/example_dags/example_time_delta_sensor_async.py
[2025-02-22T11:45:33.438-0300] {logging_mixin.py:190} INFO - [2025-02-22T11:45:33.438-0300] {dag.py:3239} INFO - Sync 1 DAGs
[2025-02-22T11:45:33.446-0300] {logging_mixin.py:190} INFO - [2025-02-22T11:45:33.446-0300] {dag.py:4180} INFO - Setting next_dagrun for example_time_delta_sensor_async to None, run_after=None
[2025-02-22T11:45:33.464-0300] {processor.py:208} INFO - Processing /home/lpimenta/pipelineAf/airflow_env/lib/python3.10/site-packages/airflow/example_dags/example_time_delta_sensor_async.py took 0.045 seconds
[2025-02-22T11:46:39.862-0300] {processor.py:186} INFO - Started process (PID=5260) to work on /home/lpimenta/pipelineAf/airflow_env/lib/python3.10/site-packages/airflow/example_dags/example_time_delta_sensor_async.py
[2025-02-22T11:46:39.863-0300] {processor.py:914} INFO - Processing file /home/lpimenta/pipelineAf/airflow_env/lib/python3.10/site-packages/airflow/example_dags/example_time_delta_sensor_async.py for tasks to queue
[2025-02-22T11:46:39.864-0300] {logging_mixin.py:190} INFO - [2025-02-22T11:46:39.864-0300] {dagbag.py:588} INFO - Filling up the DagBag from /home/lpimenta/pipelineAf/airflow_env/lib/python3.10/site-packages/airflow/example_dags/example_time_delta_sensor_async.py
[2025-02-22T11:46:39.869-0300] {processor.py:925} INFO - DAG(s) 'example_time_delta_sensor_async' retrieved from /home/lpimenta/pipelineAf/airflow_env/lib/python3.10/site-packages/airflow/example_dags/example_time_delta_sensor_async.py
[2025-02-22T11:46:39.878-0300] {logging_mixin.py:190} INFO - [2025-02-22T11:46:39.878-0300] {dag.py:3239} INFO - Sync 1 DAGs
[2025-02-22T11:46:39.886-0300] {logging_mixin.py:190} INFO - [2025-02-22T11:46:39.886-0300] {dag.py:4180} INFO - Setting next_dagrun for example_time_delta_sensor_async to None, run_after=None
[2025-02-22T11:46:39.901-0300] {processor.py:208} INFO - Processing /home/lpimenta/pipelineAf/airflow_env/lib/python3.10/site-packages/airflow/example_dags/example_time_delta_sensor_async.py took 0.044 seconds
[2025-02-22T11:47:36.672-0300] {processor.py:186} INFO - Started process (PID=5484) to work on /home/lpimenta/pipelineAf/airflow_env/lib/python3.10/site-packages/airflow/example_dags/example_time_delta_sensor_async.py
[2025-02-22T11:47:36.673-0300] {processor.py:914} INFO - Processing file /home/lpimenta/pipelineAf/airflow_env/lib/python3.10/site-packages/airflow/example_dags/example_time_delta_sensor_async.py for tasks to queue
[2025-02-22T11:47:36.674-0300] {logging_mixin.py:190} INFO - [2025-02-22T11:47:36.674-0300] {dagbag.py:588} INFO - Filling up the DagBag from /home/lpimenta/pipelineAf/airflow_env/lib/python3.10/site-packages/airflow/example_dags/example_time_delta_sensor_async.py
[2025-02-22T11:47:36.680-0300] {processor.py:925} INFO - DAG(s) 'example_time_delta_sensor_async' retrieved from /home/lpimenta/pipelineAf/airflow_env/lib/python3.10/site-packages/airflow/example_dags/example_time_delta_sensor_async.py
[2025-02-22T11:47:36.692-0300] {logging_mixin.py:190} INFO - [2025-02-22T11:47:36.692-0300] {dag.py:3239} INFO - Sync 1 DAGs
[2025-02-22T11:47:36.701-0300] {logging_mixin.py:190} INFO - [2025-02-22T11:47:36.700-0300] {dag.py:4180} INFO - Setting next_dagrun for example_time_delta_sensor_async to None, run_after=None
[2025-02-22T11:47:36.723-0300] {processor.py:208} INFO - Processing /home/lpimenta/pipelineAf/airflow_env/lib/python3.10/site-packages/airflow/example_dags/example_time_delta_sensor_async.py took 0.056 seconds
[2025-02-22T11:48:41.617-0300] {processor.py:186} INFO - Started process (PID=5714) to work on /home/lpimenta/pipelineAf/airflow_env/lib/python3.10/site-packages/airflow/example_dags/example_time_delta_sensor_async.py
[2025-02-22T11:48:41.619-0300] {processor.py:914} INFO - Processing file /home/lpimenta/pipelineAf/airflow_env/lib/python3.10/site-packages/airflow/example_dags/example_time_delta_sensor_async.py for tasks to queue
[2025-02-22T11:48:41.619-0300] {logging_mixin.py:190} INFO - [2025-02-22T11:48:41.619-0300] {dagbag.py:588} INFO - Filling up the DagBag from /home/lpimenta/pipelineAf/airflow_env/lib/python3.10/site-packages/airflow/example_dags/example_time_delta_sensor_async.py
[2025-02-22T11:48:41.624-0300] {processor.py:925} INFO - DAG(s) 'example_time_delta_sensor_async' retrieved from /home/lpimenta/pipelineAf/airflow_env/lib/python3.10/site-packages/airflow/example_dags/example_time_delta_sensor_async.py
[2025-02-22T11:48:41.632-0300] {logging_mixin.py:190} INFO - [2025-02-22T11:48:41.632-0300] {dag.py:3239} INFO - Sync 1 DAGs
[2025-02-22T11:48:41.640-0300] {logging_mixin.py:190} INFO - [2025-02-22T11:48:41.640-0300] {dag.py:4180} INFO - Setting next_dagrun for example_time_delta_sensor_async to None, run_after=None
[2025-02-22T11:48:41.658-0300] {processor.py:208} INFO - Processing /home/lpimenta/pipelineAf/airflow_env/lib/python3.10/site-packages/airflow/example_dags/example_time_delta_sensor_async.py took 0.044 seconds
