[2025-02-22T11:40:52.649-0300] {processor.py:186} INFO - Started process (PID=3905) to work on /home/lpimenta/pipelineAf/airflow_env/lib/python3.10/site-packages/airflow/example_dags/example_setup_teardown_taskflow.py
[2025-02-22T11:40:52.650-0300] {processor.py:914} INFO - Processing file /home/lpimenta/pipelineAf/airflow_env/lib/python3.10/site-packages/airflow/example_dags/example_setup_teardown_taskflow.py for tasks to queue
[2025-02-22T11:40:52.651-0300] {logging_mixin.py:190} INFO - [2025-02-22T11:40:52.651-0300] {dagbag.py:588} INFO - Filling up the DagBag from /home/lpimenta/pipelineAf/airflow_env/lib/python3.10/site-packages/airflow/example_dags/example_setup_teardown_taskflow.py
[2025-02-22T11:40:52.657-0300] {processor.py:925} INFO - DAG(s) 'example_setup_teardown_taskflow' retrieved from /home/lpimenta/pipelineAf/airflow_env/lib/python3.10/site-packages/airflow/example_dags/example_setup_teardown_taskflow.py
[2025-02-22T11:40:52.770-0300] {logging_mixin.py:190} INFO - [2025-02-22T11:40:52.770-0300] {override.py:1930} INFO - Created Permission View: can read on DAG:example_setup_teardown_taskflow
[2025-02-22T11:40:52.779-0300] {logging_mixin.py:190} INFO - [2025-02-22T11:40:52.779-0300] {override.py:1930} INFO - Created Permission View: can edit on DAG:example_setup_teardown_taskflow
[2025-02-22T11:40:52.787-0300] {logging_mixin.py:190} INFO - [2025-02-22T11:40:52.787-0300] {override.py:1930} INFO - Created Permission View: can delete on DAG:example_setup_teardown_taskflow
[2025-02-22T11:40:52.800-0300] {logging_mixin.py:190} INFO - [2025-02-22T11:40:52.800-0300] {override.py:1930} INFO - Created Permission View: can read on DAG Run:example_setup_teardown_taskflow
[2025-02-22T11:40:52.807-0300] {logging_mixin.py:190} INFO - [2025-02-22T11:40:52.807-0300] {override.py:1930} INFO - Created Permission View: can delete on DAG Run:example_setup_teardown_taskflow
[2025-02-22T11:40:52.814-0300] {logging_mixin.py:190} INFO - [2025-02-22T11:40:52.814-0300] {override.py:1930} INFO - Created Permission View: menu access on DAG Run:example_setup_teardown_taskflow
[2025-02-22T11:40:52.821-0300] {logging_mixin.py:190} INFO - [2025-02-22T11:40:52.821-0300] {override.py:1930} INFO - Created Permission View: can create on DAG Run:example_setup_teardown_taskflow
[2025-02-22T11:40:52.821-0300] {logging_mixin.py:190} INFO - [2025-02-22T11:40:52.821-0300] {dag.py:3239} INFO - Sync 1 DAGs
[2025-02-22T11:40:52.826-0300] {logging_mixin.py:190} INFO - [2025-02-22T11:40:52.826-0300] {dag.py:3262} INFO - Creating ORM DAG for example_setup_teardown_taskflow
[2025-02-22T11:40:52.827-0300] {logging_mixin.py:190} INFO - [2025-02-22T11:40:52.827-0300] {dag.py:4180} INFO - Setting next_dagrun for example_setup_teardown_taskflow to None, run_after=None
[2025-02-22T11:40:52.841-0300] {processor.py:208} INFO - Processing /home/lpimenta/pipelineAf/airflow_env/lib/python3.10/site-packages/airflow/example_dags/example_setup_teardown_taskflow.py took 0.195 seconds
[2025-02-22T11:42:01.147-0300] {processor.py:186} INFO - Started process (PID=4240) to work on /home/lpimenta/pipelineAf/airflow_env/lib/python3.10/site-packages/airflow/example_dags/example_setup_teardown_taskflow.py
[2025-02-22T11:42:01.163-0300] {processor.py:914} INFO - Processing file /home/lpimenta/pipelineAf/airflow_env/lib/python3.10/site-packages/airflow/example_dags/example_setup_teardown_taskflow.py for tasks to queue
[2025-02-22T11:42:01.165-0300] {logging_mixin.py:190} INFO - [2025-02-22T11:42:01.165-0300] {dagbag.py:588} INFO - Filling up the DagBag from /home/lpimenta/pipelineAf/airflow_env/lib/python3.10/site-packages/airflow/example_dags/example_setup_teardown_taskflow.py
[2025-02-22T11:42:01.173-0300] {processor.py:925} INFO - DAG(s) 'example_setup_teardown_taskflow' retrieved from /home/lpimenta/pipelineAf/airflow_env/lib/python3.10/site-packages/airflow/example_dags/example_setup_teardown_taskflow.py
[2025-02-22T11:42:01.184-0300] {logging_mixin.py:190} INFO - [2025-02-22T11:42:01.184-0300] {dag.py:3239} INFO - Sync 1 DAGs
[2025-02-22T11:42:01.191-0300] {logging_mixin.py:190} INFO - [2025-02-22T11:42:01.191-0300] {dag.py:4180} INFO - Setting next_dagrun for example_setup_teardown_taskflow to None, run_after=None
[2025-02-22T11:42:01.418-0300] {processor.py:208} INFO - Processing /home/lpimenta/pipelineAf/airflow_env/lib/python3.10/site-packages/airflow/example_dags/example_setup_teardown_taskflow.py took 0.276 seconds
[2025-02-22T11:43:01.607-0300] {processor.py:186} INFO - Started process (PID=4460) to work on /home/lpimenta/pipelineAf/airflow_env/lib/python3.10/site-packages/airflow/example_dags/example_setup_teardown_taskflow.py
[2025-02-22T11:43:01.610-0300] {processor.py:914} INFO - Processing file /home/lpimenta/pipelineAf/airflow_env/lib/python3.10/site-packages/airflow/example_dags/example_setup_teardown_taskflow.py for tasks to queue
[2025-02-22T11:43:01.611-0300] {logging_mixin.py:190} INFO - [2025-02-22T11:43:01.611-0300] {dagbag.py:588} INFO - Filling up the DagBag from /home/lpimenta/pipelineAf/airflow_env/lib/python3.10/site-packages/airflow/example_dags/example_setup_teardown_taskflow.py
[2025-02-22T11:43:01.619-0300] {processor.py:925} INFO - DAG(s) 'example_setup_teardown_taskflow' retrieved from /home/lpimenta/pipelineAf/airflow_env/lib/python3.10/site-packages/airflow/example_dags/example_setup_teardown_taskflow.py
[2025-02-22T11:43:01.628-0300] {logging_mixin.py:190} INFO - [2025-02-22T11:43:01.628-0300] {dag.py:3239} INFO - Sync 1 DAGs
[2025-02-22T11:43:01.635-0300] {logging_mixin.py:190} INFO - [2025-02-22T11:43:01.635-0300] {dag.py:4180} INFO - Setting next_dagrun for example_setup_teardown_taskflow to None, run_after=None
[2025-02-22T11:43:01.650-0300] {processor.py:208} INFO - Processing /home/lpimenta/pipelineAf/airflow_env/lib/python3.10/site-packages/airflow/example_dags/example_setup_teardown_taskflow.py took 0.047 seconds
[2025-02-22T11:44:05.917-0300] {processor.py:186} INFO - Started process (PID=4708) to work on /home/lpimenta/pipelineAf/airflow_env/lib/python3.10/site-packages/airflow/example_dags/example_setup_teardown_taskflow.py
[2025-02-22T11:44:05.918-0300] {processor.py:914} INFO - Processing file /home/lpimenta/pipelineAf/airflow_env/lib/python3.10/site-packages/airflow/example_dags/example_setup_teardown_taskflow.py for tasks to queue
[2025-02-22T11:44:05.920-0300] {logging_mixin.py:190} INFO - [2025-02-22T11:44:05.920-0300] {dagbag.py:588} INFO - Filling up the DagBag from /home/lpimenta/pipelineAf/airflow_env/lib/python3.10/site-packages/airflow/example_dags/example_setup_teardown_taskflow.py
[2025-02-22T11:44:05.928-0300] {processor.py:925} INFO - DAG(s) 'example_setup_teardown_taskflow' retrieved from /home/lpimenta/pipelineAf/airflow_env/lib/python3.10/site-packages/airflow/example_dags/example_setup_teardown_taskflow.py
[2025-02-22T11:44:05.937-0300] {logging_mixin.py:190} INFO - [2025-02-22T11:44:05.937-0300] {dag.py:3239} INFO - Sync 1 DAGs
[2025-02-22T11:44:05.944-0300] {logging_mixin.py:190} INFO - [2025-02-22T11:44:05.944-0300] {dag.py:4180} INFO - Setting next_dagrun for example_setup_teardown_taskflow to None, run_after=None
[2025-02-22T11:44:05.963-0300] {processor.py:208} INFO - Processing /home/lpimenta/pipelineAf/airflow_env/lib/python3.10/site-packages/airflow/example_dags/example_setup_teardown_taskflow.py took 0.049 seconds
[2025-02-22T11:45:10.309-0300] {processor.py:186} INFO - Started process (PID=4943) to work on /home/lpimenta/pipelineAf/airflow_env/lib/python3.10/site-packages/airflow/example_dags/example_setup_teardown_taskflow.py
[2025-02-22T11:45:10.312-0300] {processor.py:914} INFO - Processing file /home/lpimenta/pipelineAf/airflow_env/lib/python3.10/site-packages/airflow/example_dags/example_setup_teardown_taskflow.py for tasks to queue
[2025-02-22T11:45:10.314-0300] {logging_mixin.py:190} INFO - [2025-02-22T11:45:10.313-0300] {dagbag.py:588} INFO - Filling up the DagBag from /home/lpimenta/pipelineAf/airflow_env/lib/python3.10/site-packages/airflow/example_dags/example_setup_teardown_taskflow.py
[2025-02-22T11:45:10.320-0300] {processor.py:925} INFO - DAG(s) 'example_setup_teardown_taskflow' retrieved from /home/lpimenta/pipelineAf/airflow_env/lib/python3.10/site-packages/airflow/example_dags/example_setup_teardown_taskflow.py
[2025-02-22T11:45:10.329-0300] {logging_mixin.py:190} INFO - [2025-02-22T11:45:10.329-0300] {dag.py:3239} INFO - Sync 1 DAGs
[2025-02-22T11:45:10.336-0300] {logging_mixin.py:190} INFO - [2025-02-22T11:45:10.336-0300] {dag.py:4180} INFO - Setting next_dagrun for example_setup_teardown_taskflow to None, run_after=None
[2025-02-22T11:45:10.352-0300] {processor.py:208} INFO - Processing /home/lpimenta/pipelineAf/airflow_env/lib/python3.10/site-packages/airflow/example_dags/example_setup_teardown_taskflow.py took 0.046 seconds
[2025-02-22T11:46:13.815-0300] {processor.py:186} INFO - Started process (PID=5172) to work on /home/lpimenta/pipelineAf/airflow_env/lib/python3.10/site-packages/airflow/example_dags/example_setup_teardown_taskflow.py
[2025-02-22T11:46:13.816-0300] {processor.py:914} INFO - Processing file /home/lpimenta/pipelineAf/airflow_env/lib/python3.10/site-packages/airflow/example_dags/example_setup_teardown_taskflow.py for tasks to queue
[2025-02-22T11:46:13.817-0300] {logging_mixin.py:190} INFO - [2025-02-22T11:46:13.817-0300] {dagbag.py:588} INFO - Filling up the DagBag from /home/lpimenta/pipelineAf/airflow_env/lib/python3.10/site-packages/airflow/example_dags/example_setup_teardown_taskflow.py
[2025-02-22T11:46:13.824-0300] {processor.py:925} INFO - DAG(s) 'example_setup_teardown_taskflow' retrieved from /home/lpimenta/pipelineAf/airflow_env/lib/python3.10/site-packages/airflow/example_dags/example_setup_teardown_taskflow.py
[2025-02-22T11:46:13.833-0300] {logging_mixin.py:190} INFO - [2025-02-22T11:46:13.832-0300] {dag.py:3239} INFO - Sync 1 DAGs
[2025-02-22T11:46:13.839-0300] {logging_mixin.py:190} INFO - [2025-02-22T11:46:13.839-0300] {dag.py:4180} INFO - Setting next_dagrun for example_setup_teardown_taskflow to None, run_after=None
[2025-02-22T11:46:13.855-0300] {processor.py:208} INFO - Processing /home/lpimenta/pipelineAf/airflow_env/lib/python3.10/site-packages/airflow/example_dags/example_setup_teardown_taskflow.py took 0.043 seconds
[2025-02-22T11:47:19.697-0300] {processor.py:186} INFO - Started process (PID=5410) to work on /home/lpimenta/pipelineAf/airflow_env/lib/python3.10/site-packages/airflow/example_dags/example_setup_teardown_taskflow.py
[2025-02-22T11:47:19.698-0300] {processor.py:914} INFO - Processing file /home/lpimenta/pipelineAf/airflow_env/lib/python3.10/site-packages/airflow/example_dags/example_setup_teardown_taskflow.py for tasks to queue
[2025-02-22T11:47:19.699-0300] {logging_mixin.py:190} INFO - [2025-02-22T11:47:19.699-0300] {dagbag.py:588} INFO - Filling up the DagBag from /home/lpimenta/pipelineAf/airflow_env/lib/python3.10/site-packages/airflow/example_dags/example_setup_teardown_taskflow.py
[2025-02-22T11:47:19.706-0300] {processor.py:925} INFO - DAG(s) 'example_setup_teardown_taskflow' retrieved from /home/lpimenta/pipelineAf/airflow_env/lib/python3.10/site-packages/airflow/example_dags/example_setup_teardown_taskflow.py
[2025-02-22T11:47:19.715-0300] {logging_mixin.py:190} INFO - [2025-02-22T11:47:19.715-0300] {dag.py:3239} INFO - Sync 1 DAGs
[2025-02-22T11:47:19.722-0300] {logging_mixin.py:190} INFO - [2025-02-22T11:47:19.721-0300] {dag.py:4180} INFO - Setting next_dagrun for example_setup_teardown_taskflow to None, run_after=None
[2025-02-22T11:47:19.736-0300] {processor.py:208} INFO - Processing /home/lpimenta/pipelineAf/airflow_env/lib/python3.10/site-packages/airflow/example_dags/example_setup_teardown_taskflow.py took 0.043 seconds
[2025-02-22T11:48:25.078-0300] {processor.py:186} INFO - Started process (PID=5647) to work on /home/lpimenta/pipelineAf/airflow_env/lib/python3.10/site-packages/airflow/example_dags/example_setup_teardown_taskflow.py
[2025-02-22T11:48:25.080-0300] {processor.py:914} INFO - Processing file /home/lpimenta/pipelineAf/airflow_env/lib/python3.10/site-packages/airflow/example_dags/example_setup_teardown_taskflow.py for tasks to queue
[2025-02-22T11:48:25.081-0300] {logging_mixin.py:190} INFO - [2025-02-22T11:48:25.080-0300] {dagbag.py:588} INFO - Filling up the DagBag from /home/lpimenta/pipelineAf/airflow_env/lib/python3.10/site-packages/airflow/example_dags/example_setup_teardown_taskflow.py
[2025-02-22T11:48:25.087-0300] {processor.py:925} INFO - DAG(s) 'example_setup_teardown_taskflow' retrieved from /home/lpimenta/pipelineAf/airflow_env/lib/python3.10/site-packages/airflow/example_dags/example_setup_teardown_taskflow.py
[2025-02-22T11:48:25.097-0300] {logging_mixin.py:190} INFO - [2025-02-22T11:48:25.097-0300] {dag.py:3239} INFO - Sync 1 DAGs
[2025-02-22T11:48:25.104-0300] {logging_mixin.py:190} INFO - [2025-02-22T11:48:25.104-0300] {dag.py:4180} INFO - Setting next_dagrun for example_setup_teardown_taskflow to None, run_after=None
[2025-02-22T11:48:25.119-0300] {processor.py:208} INFO - Processing /home/lpimenta/pipelineAf/airflow_env/lib/python3.10/site-packages/airflow/example_dags/example_setup_teardown_taskflow.py took 0.045 seconds
[2025-02-22T11:49:22.834-0300] {processor.py:186} INFO - Started process (PID=5907) to work on /home/lpimenta/pipelineAf/airflow_env/lib/python3.10/site-packages/airflow/example_dags/example_setup_teardown_taskflow.py
[2025-02-22T11:49:22.836-0300] {processor.py:914} INFO - Processing file /home/lpimenta/pipelineAf/airflow_env/lib/python3.10/site-packages/airflow/example_dags/example_setup_teardown_taskflow.py for tasks to queue
[2025-02-22T11:49:22.837-0300] {logging_mixin.py:190} INFO - [2025-02-22T11:49:22.837-0300] {dagbag.py:588} INFO - Filling up the DagBag from /home/lpimenta/pipelineAf/airflow_env/lib/python3.10/site-packages/airflow/example_dags/example_setup_teardown_taskflow.py
[2025-02-22T11:49:22.844-0300] {processor.py:925} INFO - DAG(s) 'example_setup_teardown_taskflow' retrieved from /home/lpimenta/pipelineAf/airflow_env/lib/python3.10/site-packages/airflow/example_dags/example_setup_teardown_taskflow.py
[2025-02-22T11:49:22.854-0300] {logging_mixin.py:190} INFO - [2025-02-22T11:49:22.854-0300] {dag.py:3239} INFO - Sync 1 DAGs
[2025-02-22T11:49:22.862-0300] {logging_mixin.py:190} INFO - [2025-02-22T11:49:22.862-0300] {dag.py:4180} INFO - Setting next_dagrun for example_setup_teardown_taskflow to None, run_after=None
[2025-02-22T11:49:22.879-0300] {processor.py:208} INFO - Processing /home/lpimenta/pipelineAf/airflow_env/lib/python3.10/site-packages/airflow/example_dags/example_setup_teardown_taskflow.py took 0.049 seconds
