[2025-02-22T11:40:31.199-0300] {processor.py:186} INFO - Started process (PID=3824) to work on /home/lpimenta/pipelineAf/airflow_env/lib/python3.10/site-packages/airflow/example_dags/example_kubernetes_executor.py
[2025-02-22T11:40:31.199-0300] {processor.py:914} INFO - Processing file /home/lpimenta/pipelineAf/airflow_env/lib/python3.10/site-packages/airflow/example_dags/example_kubernetes_executor.py for tasks to queue
[2025-02-22T11:40:31.201-0300] {logging_mixin.py:190} INFO - [2025-02-22T11:40:31.200-0300] {dagbag.py:588} INFO - Filling up the DagBag from /home/lpimenta/pipelineAf/airflow_env/lib/python3.10/site-packages/airflow/example_dags/example_kubernetes_executor.py
[2025-02-22T11:40:31.202-0300] {logging_mixin.py:190} INFO - [2025-02-22T11:40:31.202-0300] {example_kubernetes_executor.py:39} WARNING - The example_kubernetes_executor example DAG requires the kubernetes provider. Please install it with: pip install apache-airflow[cncf.kubernetes]
[2025-02-22T11:40:31.202-0300] {processor.py:927} WARNING - No viable dags retrieved from /home/lpimenta/pipelineAf/airflow_env/lib/python3.10/site-packages/airflow/example_dags/example_kubernetes_executor.py
[2025-02-22T11:40:31.208-0300] {processor.py:208} INFO - Processing /home/lpimenta/pipelineAf/airflow_env/lib/python3.10/site-packages/airflow/example_dags/example_kubernetes_executor.py took 0.012 seconds
[2025-02-22T11:41:41.645-0300] {processor.py:186} INFO - Started process (PID=4155) to work on /home/lpimenta/pipelineAf/airflow_env/lib/python3.10/site-packages/airflow/example_dags/example_kubernetes_executor.py
[2025-02-22T11:41:41.646-0300] {processor.py:914} INFO - Processing file /home/lpimenta/pipelineAf/airflow_env/lib/python3.10/site-packages/airflow/example_dags/example_kubernetes_executor.py for tasks to queue
[2025-02-22T11:41:41.647-0300] {logging_mixin.py:190} INFO - [2025-02-22T11:41:41.647-0300] {dagbag.py:588} INFO - Filling up the DagBag from /home/lpimenta/pipelineAf/airflow_env/lib/python3.10/site-packages/airflow/example_dags/example_kubernetes_executor.py
[2025-02-22T11:41:41.650-0300] {logging_mixin.py:190} INFO - [2025-02-22T11:41:41.650-0300] {example_kubernetes_executor.py:39} WARNING - The example_kubernetes_executor example DAG requires the kubernetes provider. Please install it with: pip install apache-airflow[cncf.kubernetes]
[2025-02-22T11:41:41.650-0300] {processor.py:927} WARNING - No viable dags retrieved from /home/lpimenta/pipelineAf/airflow_env/lib/python3.10/site-packages/airflow/example_dags/example_kubernetes_executor.py
[2025-02-22T11:41:41.657-0300] {processor.py:208} INFO - Processing /home/lpimenta/pipelineAf/airflow_env/lib/python3.10/site-packages/airflow/example_dags/example_kubernetes_executor.py took 0.017 seconds
[2025-02-22T11:42:43.740-0300] {processor.py:186} INFO - Started process (PID=4402) to work on /home/lpimenta/pipelineAf/airflow_env/lib/python3.10/site-packages/airflow/example_dags/example_kubernetes_executor.py
[2025-02-22T11:42:43.741-0300] {processor.py:914} INFO - Processing file /home/lpimenta/pipelineAf/airflow_env/lib/python3.10/site-packages/airflow/example_dags/example_kubernetes_executor.py for tasks to queue
[2025-02-22T11:42:43.743-0300] {logging_mixin.py:190} INFO - [2025-02-22T11:42:43.742-0300] {dagbag.py:588} INFO - Filling up the DagBag from /home/lpimenta/pipelineAf/airflow_env/lib/python3.10/site-packages/airflow/example_dags/example_kubernetes_executor.py
[2025-02-22T11:42:43.746-0300] {logging_mixin.py:190} INFO - [2025-02-22T11:42:43.745-0300] {example_kubernetes_executor.py:39} WARNING - The example_kubernetes_executor example DAG requires the kubernetes provider. Please install it with: pip install apache-airflow[cncf.kubernetes]
[2025-02-22T11:42:43.746-0300] {processor.py:927} WARNING - No viable dags retrieved from /home/lpimenta/pipelineAf/airflow_env/lib/python3.10/site-packages/airflow/example_dags/example_kubernetes_executor.py
[2025-02-22T11:42:43.754-0300] {processor.py:208} INFO - Processing /home/lpimenta/pipelineAf/airflow_env/lib/python3.10/site-packages/airflow/example_dags/example_kubernetes_executor.py took 0.019 seconds
[2025-02-22T11:43:51.430-0300] {processor.py:186} INFO - Started process (PID=4650) to work on /home/lpimenta/pipelineAf/airflow_env/lib/python3.10/site-packages/airflow/example_dags/example_kubernetes_executor.py
[2025-02-22T11:43:51.432-0300] {processor.py:914} INFO - Processing file /home/lpimenta/pipelineAf/airflow_env/lib/python3.10/site-packages/airflow/example_dags/example_kubernetes_executor.py for tasks to queue
[2025-02-22T11:43:51.433-0300] {logging_mixin.py:190} INFO - [2025-02-22T11:43:51.433-0300] {dagbag.py:588} INFO - Filling up the DagBag from /home/lpimenta/pipelineAf/airflow_env/lib/python3.10/site-packages/airflow/example_dags/example_kubernetes_executor.py
[2025-02-22T11:43:51.435-0300] {logging_mixin.py:190} INFO - [2025-02-22T11:43:51.434-0300] {example_kubernetes_executor.py:39} WARNING - The example_kubernetes_executor example DAG requires the kubernetes provider. Please install it with: pip install apache-airflow[cncf.kubernetes]
[2025-02-22T11:43:51.435-0300] {processor.py:927} WARNING - No viable dags retrieved from /home/lpimenta/pipelineAf/airflow_env/lib/python3.10/site-packages/airflow/example_dags/example_kubernetes_executor.py
[2025-02-22T11:43:51.441-0300] {processor.py:208} INFO - Processing /home/lpimenta/pipelineAf/airflow_env/lib/python3.10/site-packages/airflow/example_dags/example_kubernetes_executor.py took 0.015 seconds
[2025-02-22T11:44:53.673-0300] {processor.py:186} INFO - Started process (PID=4873) to work on /home/lpimenta/pipelineAf/airflow_env/lib/python3.10/site-packages/airflow/example_dags/example_kubernetes_executor.py
[2025-02-22T11:44:53.676-0300] {processor.py:914} INFO - Processing file /home/lpimenta/pipelineAf/airflow_env/lib/python3.10/site-packages/airflow/example_dags/example_kubernetes_executor.py for tasks to queue
[2025-02-22T11:44:53.677-0300] {logging_mixin.py:190} INFO - [2025-02-22T11:44:53.677-0300] {dagbag.py:588} INFO - Filling up the DagBag from /home/lpimenta/pipelineAf/airflow_env/lib/python3.10/site-packages/airflow/example_dags/example_kubernetes_executor.py
[2025-02-22T11:44:53.679-0300] {logging_mixin.py:190} INFO - [2025-02-22T11:44:53.679-0300] {example_kubernetes_executor.py:39} WARNING - The example_kubernetes_executor example DAG requires the kubernetes provider. Please install it with: pip install apache-airflow[cncf.kubernetes]
[2025-02-22T11:44:53.679-0300] {processor.py:927} WARNING - No viable dags retrieved from /home/lpimenta/pipelineAf/airflow_env/lib/python3.10/site-packages/airflow/example_dags/example_kubernetes_executor.py
[2025-02-22T11:44:53.685-0300] {processor.py:208} INFO - Processing /home/lpimenta/pipelineAf/airflow_env/lib/python3.10/site-packages/airflow/example_dags/example_kubernetes_executor.py took 0.018 seconds
[2025-02-22T11:45:55.004-0300] {processor.py:186} INFO - Started process (PID=5111) to work on /home/lpimenta/pipelineAf/airflow_env/lib/python3.10/site-packages/airflow/example_dags/example_kubernetes_executor.py
[2025-02-22T11:45:55.005-0300] {processor.py:914} INFO - Processing file /home/lpimenta/pipelineAf/airflow_env/lib/python3.10/site-packages/airflow/example_dags/example_kubernetes_executor.py for tasks to queue
[2025-02-22T11:45:55.006-0300] {logging_mixin.py:190} INFO - [2025-02-22T11:45:55.006-0300] {dagbag.py:588} INFO - Filling up the DagBag from /home/lpimenta/pipelineAf/airflow_env/lib/python3.10/site-packages/airflow/example_dags/example_kubernetes_executor.py
[2025-02-22T11:45:55.008-0300] {logging_mixin.py:190} INFO - [2025-02-22T11:45:55.008-0300] {example_kubernetes_executor.py:39} WARNING - The example_kubernetes_executor example DAG requires the kubernetes provider. Please install it with: pip install apache-airflow[cncf.kubernetes]
[2025-02-22T11:45:55.008-0300] {processor.py:927} WARNING - No viable dags retrieved from /home/lpimenta/pipelineAf/airflow_env/lib/python3.10/site-packages/airflow/example_dags/example_kubernetes_executor.py
[2025-02-22T11:45:55.015-0300] {processor.py:208} INFO - Processing /home/lpimenta/pipelineAf/airflow_env/lib/python3.10/site-packages/airflow/example_dags/example_kubernetes_executor.py took 0.015 seconds
[2025-02-22T11:47:01.673-0300] {processor.py:186} INFO - Started process (PID=5351) to work on /home/lpimenta/pipelineAf/airflow_env/lib/python3.10/site-packages/airflow/example_dags/example_kubernetes_executor.py
[2025-02-22T11:47:01.675-0300] {processor.py:914} INFO - Processing file /home/lpimenta/pipelineAf/airflow_env/lib/python3.10/site-packages/airflow/example_dags/example_kubernetes_executor.py for tasks to queue
[2025-02-22T11:47:01.676-0300] {logging_mixin.py:190} INFO - [2025-02-22T11:47:01.676-0300] {dagbag.py:588} INFO - Filling up the DagBag from /home/lpimenta/pipelineAf/airflow_env/lib/python3.10/site-packages/airflow/example_dags/example_kubernetes_executor.py
[2025-02-22T11:47:01.678-0300] {logging_mixin.py:190} INFO - [2025-02-22T11:47:01.678-0300] {example_kubernetes_executor.py:39} WARNING - The example_kubernetes_executor example DAG requires the kubernetes provider. Please install it with: pip install apache-airflow[cncf.kubernetes]
[2025-02-22T11:47:01.678-0300] {processor.py:927} WARNING - No viable dags retrieved from /home/lpimenta/pipelineAf/airflow_env/lib/python3.10/site-packages/airflow/example_dags/example_kubernetes_executor.py
[2025-02-22T11:47:01.685-0300] {processor.py:208} INFO - Processing /home/lpimenta/pipelineAf/airflow_env/lib/python3.10/site-packages/airflow/example_dags/example_kubernetes_executor.py took 0.016 seconds
[2025-02-22T11:48:06.209-0300] {processor.py:186} INFO - Started process (PID=5583) to work on /home/lpimenta/pipelineAf/airflow_env/lib/python3.10/site-packages/airflow/example_dags/example_kubernetes_executor.py
[2025-02-22T11:48:06.210-0300] {processor.py:914} INFO - Processing file /home/lpimenta/pipelineAf/airflow_env/lib/python3.10/site-packages/airflow/example_dags/example_kubernetes_executor.py for tasks to queue
[2025-02-22T11:48:06.211-0300] {logging_mixin.py:190} INFO - [2025-02-22T11:48:06.211-0300] {dagbag.py:588} INFO - Filling up the DagBag from /home/lpimenta/pipelineAf/airflow_env/lib/python3.10/site-packages/airflow/example_dags/example_kubernetes_executor.py
[2025-02-22T11:48:06.213-0300] {logging_mixin.py:190} INFO - [2025-02-22T11:48:06.213-0300] {example_kubernetes_executor.py:39} WARNING - The example_kubernetes_executor example DAG requires the kubernetes provider. Please install it with: pip install apache-airflow[cncf.kubernetes]
[2025-02-22T11:48:06.213-0300] {processor.py:927} WARNING - No viable dags retrieved from /home/lpimenta/pipelineAf/airflow_env/lib/python3.10/site-packages/airflow/example_dags/example_kubernetes_executor.py
[2025-02-22T11:48:06.219-0300] {processor.py:208} INFO - Processing /home/lpimenta/pipelineAf/airflow_env/lib/python3.10/site-packages/airflow/example_dags/example_kubernetes_executor.py took 0.015 seconds
[2025-02-22T11:49:08.566-0300] {processor.py:186} INFO - Started process (PID=5849) to work on /home/lpimenta/pipelineAf/airflow_env/lib/python3.10/site-packages/airflow/example_dags/example_kubernetes_executor.py
[2025-02-22T11:49:08.567-0300] {processor.py:914} INFO - Processing file /home/lpimenta/pipelineAf/airflow_env/lib/python3.10/site-packages/airflow/example_dags/example_kubernetes_executor.py for tasks to queue
[2025-02-22T11:49:08.568-0300] {logging_mixin.py:190} INFO - [2025-02-22T11:49:08.568-0300] {dagbag.py:588} INFO - Filling up the DagBag from /home/lpimenta/pipelineAf/airflow_env/lib/python3.10/site-packages/airflow/example_dags/example_kubernetes_executor.py
[2025-02-22T11:49:08.570-0300] {logging_mixin.py:190} INFO - [2025-02-22T11:49:08.570-0300] {example_kubernetes_executor.py:39} WARNING - The example_kubernetes_executor example DAG requires the kubernetes provider. Please install it with: pip install apache-airflow[cncf.kubernetes]
[2025-02-22T11:49:08.570-0300] {processor.py:927} WARNING - No viable dags retrieved from /home/lpimenta/pipelineAf/airflow_env/lib/python3.10/site-packages/airflow/example_dags/example_kubernetes_executor.py
[2025-02-22T11:49:08.577-0300] {processor.py:208} INFO - Processing /home/lpimenta/pipelineAf/airflow_env/lib/python3.10/site-packages/airflow/example_dags/example_kubernetes_executor.py took 0.015 seconds
