[2025-02-22T11:40:35.115-0300] {processor.py:186} INFO - Started process (PID=3840) to work on /home/lpimenta/pipelineAf/airflow_env/lib/python3.10/site-packages/airflow/example_dags/example_branch_operator_decorator.py
[2025-02-22T11:40:35.116-0300] {processor.py:914} INFO - Processing file /home/lpimenta/pipelineAf/airflow_env/lib/python3.10/site-packages/airflow/example_dags/example_branch_operator_decorator.py for tasks to queue
[2025-02-22T11:40:35.117-0300] {logging_mixin.py:190} INFO - [2025-02-22T11:40:35.117-0300] {dagbag.py:588} INFO - Filling up the DagBag from /home/lpimenta/pipelineAf/airflow_env/lib/python3.10/site-packages/airflow/example_dags/example_branch_operator_decorator.py
[2025-02-22T11:40:35.129-0300] {processor.py:925} INFO - DAG(s) 'example_branch_python_operator_decorator' retrieved from /home/lpimenta/pipelineAf/airflow_env/lib/python3.10/site-packages/airflow/example_dags/example_branch_operator_decorator.py
[2025-02-22T11:40:35.250-0300] {logging_mixin.py:190} INFO - [2025-02-22T11:40:35.250-0300] {override.py:1930} INFO - Created Permission View: can read on DAG:example_branch_python_operator_decorator
[2025-02-22T11:40:35.259-0300] {logging_mixin.py:190} INFO - [2025-02-22T11:40:35.259-0300] {override.py:1930} INFO - Created Permission View: can edit on DAG:example_branch_python_operator_decorator
[2025-02-22T11:40:35.266-0300] {logging_mixin.py:190} INFO - [2025-02-22T11:40:35.266-0300] {override.py:1930} INFO - Created Permission View: can delete on DAG:example_branch_python_operator_decorator
[2025-02-22T11:40:35.278-0300] {logging_mixin.py:190} INFO - [2025-02-22T11:40:35.278-0300] {override.py:1930} INFO - Created Permission View: can read on DAG Run:example_branch_python_operator_decorator
[2025-02-22T11:40:35.286-0300] {logging_mixin.py:190} INFO - [2025-02-22T11:40:35.286-0300] {override.py:1930} INFO - Created Permission View: can delete on DAG Run:example_branch_python_operator_decorator
[2025-02-22T11:40:35.293-0300] {logging_mixin.py:190} INFO - [2025-02-22T11:40:35.293-0300] {override.py:1930} INFO - Created Permission View: menu access on DAG Run:example_branch_python_operator_decorator
[2025-02-22T11:40:35.301-0300] {logging_mixin.py:190} INFO - [2025-02-22T11:40:35.301-0300] {override.py:1930} INFO - Created Permission View: can create on DAG Run:example_branch_python_operator_decorator
[2025-02-22T11:40:35.301-0300] {logging_mixin.py:190} INFO - [2025-02-22T11:40:35.301-0300] {dag.py:3239} INFO - Sync 1 DAGs
[2025-02-22T11:40:35.308-0300] {logging_mixin.py:190} INFO - [2025-02-22T11:40:35.308-0300] {dag.py:3262} INFO - Creating ORM DAG for example_branch_python_operator_decorator
[2025-02-22T11:40:35.313-0300] {logging_mixin.py:190} INFO - [2025-02-22T11:40:35.312-0300] {dag.py:4180} INFO - Setting next_dagrun for example_branch_python_operator_decorator to 2025-02-21 00:00:00+00:00, run_after=2025-02-22 00:00:00+00:00
[2025-02-22T11:40:35.326-0300] {processor.py:208} INFO - Processing /home/lpimenta/pipelineAf/airflow_env/lib/python3.10/site-packages/airflow/example_dags/example_branch_operator_decorator.py took 0.214 seconds
[2025-02-22T11:41:46.317-0300] {processor.py:186} INFO - Started process (PID=4191) to work on /home/lpimenta/pipelineAf/airflow_env/lib/python3.10/site-packages/airflow/example_dags/example_branch_operator_decorator.py
[2025-02-22T11:41:46.318-0300] {processor.py:914} INFO - Processing file /home/lpimenta/pipelineAf/airflow_env/lib/python3.10/site-packages/airflow/example_dags/example_branch_operator_decorator.py for tasks to queue
[2025-02-22T11:41:46.320-0300] {logging_mixin.py:190} INFO - [2025-02-22T11:41:46.320-0300] {dagbag.py:588} INFO - Filling up the DagBag from /home/lpimenta/pipelineAf/airflow_env/lib/python3.10/site-packages/airflow/example_dags/example_branch_operator_decorator.py
[2025-02-22T11:41:46.339-0300] {processor.py:925} INFO - DAG(s) 'example_branch_python_operator_decorator' retrieved from /home/lpimenta/pipelineAf/airflow_env/lib/python3.10/site-packages/airflow/example_dags/example_branch_operator_decorator.py
[2025-02-22T11:41:46.358-0300] {logging_mixin.py:190} INFO - [2025-02-22T11:41:46.358-0300] {dag.py:3239} INFO - Sync 1 DAGs
[2025-02-22T11:41:46.375-0300] {logging_mixin.py:190} INFO - [2025-02-22T11:41:46.375-0300] {dag.py:4180} INFO - Setting next_dagrun for example_branch_python_operator_decorator to 2025-02-21 00:00:00+00:00, run_after=2025-02-22 00:00:00+00:00
[2025-02-22T11:41:46.393-0300] {processor.py:208} INFO - Processing /home/lpimenta/pipelineAf/airflow_env/lib/python3.10/site-packages/airflow/example_dags/example_branch_operator_decorator.py took 0.082 seconds
[2025-02-22T11:42:47.465-0300] {processor.py:186} INFO - Started process (PID=4418) to work on /home/lpimenta/pipelineAf/airflow_env/lib/python3.10/site-packages/airflow/example_dags/example_branch_operator_decorator.py
[2025-02-22T11:42:47.466-0300] {processor.py:914} INFO - Processing file /home/lpimenta/pipelineAf/airflow_env/lib/python3.10/site-packages/airflow/example_dags/example_branch_operator_decorator.py for tasks to queue
[2025-02-22T11:42:47.468-0300] {logging_mixin.py:190} INFO - [2025-02-22T11:42:47.467-0300] {dagbag.py:588} INFO - Filling up the DagBag from /home/lpimenta/pipelineAf/airflow_env/lib/python3.10/site-packages/airflow/example_dags/example_branch_operator_decorator.py
[2025-02-22T11:42:47.481-0300] {processor.py:925} INFO - DAG(s) 'example_branch_python_operator_decorator' retrieved from /home/lpimenta/pipelineAf/airflow_env/lib/python3.10/site-packages/airflow/example_dags/example_branch_operator_decorator.py
[2025-02-22T11:42:47.495-0300] {logging_mixin.py:190} INFO - [2025-02-22T11:42:47.494-0300] {dag.py:3239} INFO - Sync 1 DAGs
[2025-02-22T11:42:47.509-0300] {logging_mixin.py:190} INFO - [2025-02-22T11:42:47.509-0300] {dag.py:4180} INFO - Setting next_dagrun for example_branch_python_operator_decorator to 2025-02-21 00:00:00+00:00, run_after=2025-02-22 00:00:00+00:00
[2025-02-22T11:42:47.531-0300] {processor.py:208} INFO - Processing /home/lpimenta/pipelineAf/airflow_env/lib/python3.10/site-packages/airflow/example_dags/example_branch_operator_decorator.py took 0.070 seconds
[2025-02-22T11:43:54.653-0300] {processor.py:186} INFO - Started process (PID=4666) to work on /home/lpimenta/pipelineAf/airflow_env/lib/python3.10/site-packages/airflow/example_dags/example_branch_operator_decorator.py
[2025-02-22T11:43:54.654-0300] {processor.py:914} INFO - Processing file /home/lpimenta/pipelineAf/airflow_env/lib/python3.10/site-packages/airflow/example_dags/example_branch_operator_decorator.py for tasks to queue
[2025-02-22T11:43:54.656-0300] {logging_mixin.py:190} INFO - [2025-02-22T11:43:54.656-0300] {dagbag.py:588} INFO - Filling up the DagBag from /home/lpimenta/pipelineAf/airflow_env/lib/python3.10/site-packages/airflow/example_dags/example_branch_operator_decorator.py
[2025-02-22T11:43:54.668-0300] {processor.py:925} INFO - DAG(s) 'example_branch_python_operator_decorator' retrieved from /home/lpimenta/pipelineAf/airflow_env/lib/python3.10/site-packages/airflow/example_dags/example_branch_operator_decorator.py
[2025-02-22T11:43:54.681-0300] {logging_mixin.py:190} INFO - [2025-02-22T11:43:54.680-0300] {dag.py:3239} INFO - Sync 1 DAGs
[2025-02-22T11:43:54.695-0300] {logging_mixin.py:190} INFO - [2025-02-22T11:43:54.694-0300] {dag.py:4180} INFO - Setting next_dagrun for example_branch_python_operator_decorator to 2025-02-21 00:00:00+00:00, run_after=2025-02-22 00:00:00+00:00
[2025-02-22T11:43:54.712-0300] {processor.py:208} INFO - Processing /home/lpimenta/pipelineAf/airflow_env/lib/python3.10/site-packages/airflow/example_dags/example_branch_operator_decorator.py took 0.063 seconds
[2025-02-22T11:44:57.807-0300] {processor.py:186} INFO - Started process (PID=4889) to work on /home/lpimenta/pipelineAf/airflow_env/lib/python3.10/site-packages/airflow/example_dags/example_branch_operator_decorator.py
[2025-02-22T11:44:57.814-0300] {processor.py:914} INFO - Processing file /home/lpimenta/pipelineAf/airflow_env/lib/python3.10/site-packages/airflow/example_dags/example_branch_operator_decorator.py for tasks to queue
[2025-02-22T11:44:57.815-0300] {logging_mixin.py:190} INFO - [2025-02-22T11:44:57.815-0300] {dagbag.py:588} INFO - Filling up the DagBag from /home/lpimenta/pipelineAf/airflow_env/lib/python3.10/site-packages/airflow/example_dags/example_branch_operator_decorator.py
[2025-02-22T11:44:57.827-0300] {processor.py:925} INFO - DAG(s) 'example_branch_python_operator_decorator' retrieved from /home/lpimenta/pipelineAf/airflow_env/lib/python3.10/site-packages/airflow/example_dags/example_branch_operator_decorator.py
[2025-02-22T11:44:57.839-0300] {logging_mixin.py:190} INFO - [2025-02-22T11:44:57.839-0300] {dag.py:3239} INFO - Sync 1 DAGs
[2025-02-22T11:44:57.849-0300] {logging_mixin.py:190} INFO - [2025-02-22T11:44:57.849-0300] {dag.py:4180} INFO - Setting next_dagrun for example_branch_python_operator_decorator to 2025-02-21 00:00:00+00:00, run_after=2025-02-22 00:00:00+00:00
[2025-02-22T11:44:57.865-0300] {processor.py:208} INFO - Processing /home/lpimenta/pipelineAf/airflow_env/lib/python3.10/site-packages/airflow/example_dags/example_branch_operator_decorator.py took 0.062 seconds
[2025-02-22T11:46:01.613-0300] {processor.py:186} INFO - Started process (PID=5122) to work on /home/lpimenta/pipelineAf/airflow_env/lib/python3.10/site-packages/airflow/example_dags/example_branch_operator_decorator.py
[2025-02-22T11:46:01.615-0300] {processor.py:914} INFO - Processing file /home/lpimenta/pipelineAf/airflow_env/lib/python3.10/site-packages/airflow/example_dags/example_branch_operator_decorator.py for tasks to queue
[2025-02-22T11:46:01.616-0300] {logging_mixin.py:190} INFO - [2025-02-22T11:46:01.616-0300] {dagbag.py:588} INFO - Filling up the DagBag from /home/lpimenta/pipelineAf/airflow_env/lib/python3.10/site-packages/airflow/example_dags/example_branch_operator_decorator.py
[2025-02-22T11:46:01.628-0300] {processor.py:925} INFO - DAG(s) 'example_branch_python_operator_decorator' retrieved from /home/lpimenta/pipelineAf/airflow_env/lib/python3.10/site-packages/airflow/example_dags/example_branch_operator_decorator.py
[2025-02-22T11:46:01.641-0300] {logging_mixin.py:190} INFO - [2025-02-22T11:46:01.641-0300] {dag.py:3239} INFO - Sync 1 DAGs
[2025-02-22T11:46:01.653-0300] {logging_mixin.py:190} INFO - [2025-02-22T11:46:01.652-0300] {dag.py:4180} INFO - Setting next_dagrun for example_branch_python_operator_decorator to 2025-02-21 00:00:00+00:00, run_after=2025-02-22 00:00:00+00:00
[2025-02-22T11:46:01.667-0300] {processor.py:208} INFO - Processing /home/lpimenta/pipelineAf/airflow_env/lib/python3.10/site-packages/airflow/example_dags/example_branch_operator_decorator.py took 0.057 seconds
[2025-02-22T11:47:04.841-0300] {processor.py:186} INFO - Started process (PID=5367) to work on /home/lpimenta/pipelineAf/airflow_env/lib/python3.10/site-packages/airflow/example_dags/example_branch_operator_decorator.py
[2025-02-22T11:47:04.843-0300] {processor.py:914} INFO - Processing file /home/lpimenta/pipelineAf/airflow_env/lib/python3.10/site-packages/airflow/example_dags/example_branch_operator_decorator.py for tasks to queue
[2025-02-22T11:47:04.844-0300] {logging_mixin.py:190} INFO - [2025-02-22T11:47:04.844-0300] {dagbag.py:588} INFO - Filling up the DagBag from /home/lpimenta/pipelineAf/airflow_env/lib/python3.10/site-packages/airflow/example_dags/example_branch_operator_decorator.py
[2025-02-22T11:47:04.856-0300] {processor.py:925} INFO - DAG(s) 'example_branch_python_operator_decorator' retrieved from /home/lpimenta/pipelineAf/airflow_env/lib/python3.10/site-packages/airflow/example_dags/example_branch_operator_decorator.py
[2025-02-22T11:47:04.870-0300] {logging_mixin.py:190} INFO - [2025-02-22T11:47:04.870-0300] {dag.py:3239} INFO - Sync 1 DAGs
[2025-02-22T11:47:04.882-0300] {logging_mixin.py:190} INFO - [2025-02-22T11:47:04.881-0300] {dag.py:4180} INFO - Setting next_dagrun for example_branch_python_operator_decorator to 2025-02-21 00:00:00+00:00, run_after=2025-02-22 00:00:00+00:00
[2025-02-22T11:47:04.896-0300] {processor.py:208} INFO - Processing /home/lpimenta/pipelineAf/airflow_env/lib/python3.10/site-packages/airflow/example_dags/example_branch_operator_decorator.py took 0.058 seconds
[2025-02-22T11:48:09.385-0300] {processor.py:186} INFO - Started process (PID=5599) to work on /home/lpimenta/pipelineAf/airflow_env/lib/python3.10/site-packages/airflow/example_dags/example_branch_operator_decorator.py
[2025-02-22T11:48:09.387-0300] {processor.py:914} INFO - Processing file /home/lpimenta/pipelineAf/airflow_env/lib/python3.10/site-packages/airflow/example_dags/example_branch_operator_decorator.py for tasks to queue
[2025-02-22T11:48:09.388-0300] {logging_mixin.py:190} INFO - [2025-02-22T11:48:09.388-0300] {dagbag.py:588} INFO - Filling up the DagBag from /home/lpimenta/pipelineAf/airflow_env/lib/python3.10/site-packages/airflow/example_dags/example_branch_operator_decorator.py
[2025-02-22T11:48:09.400-0300] {processor.py:925} INFO - DAG(s) 'example_branch_python_operator_decorator' retrieved from /home/lpimenta/pipelineAf/airflow_env/lib/python3.10/site-packages/airflow/example_dags/example_branch_operator_decorator.py
[2025-02-22T11:48:09.412-0300] {logging_mixin.py:190} INFO - [2025-02-22T11:48:09.412-0300] {dag.py:3239} INFO - Sync 1 DAGs
[2025-02-22T11:48:09.423-0300] {logging_mixin.py:190} INFO - [2025-02-22T11:48:09.423-0300] {dag.py:4180} INFO - Setting next_dagrun for example_branch_python_operator_decorator to 2025-02-21 00:00:00+00:00, run_after=2025-02-22 00:00:00+00:00
[2025-02-22T11:48:09.439-0300] {processor.py:208} INFO - Processing /home/lpimenta/pipelineAf/airflow_env/lib/python3.10/site-packages/airflow/example_dags/example_branch_operator_decorator.py took 0.058 seconds
[2025-02-22T11:49:12.569-0300] {processor.py:186} INFO - Started process (PID=5865) to work on /home/lpimenta/pipelineAf/airflow_env/lib/python3.10/site-packages/airflow/example_dags/example_branch_operator_decorator.py
[2025-02-22T11:49:12.570-0300] {processor.py:914} INFO - Processing file /home/lpimenta/pipelineAf/airflow_env/lib/python3.10/site-packages/airflow/example_dags/example_branch_operator_decorator.py for tasks to queue
[2025-02-22T11:49:12.571-0300] {logging_mixin.py:190} INFO - [2025-02-22T11:49:12.571-0300] {dagbag.py:588} INFO - Filling up the DagBag from /home/lpimenta/pipelineAf/airflow_env/lib/python3.10/site-packages/airflow/example_dags/example_branch_operator_decorator.py
[2025-02-22T11:49:12.585-0300] {processor.py:925} INFO - DAG(s) 'example_branch_python_operator_decorator' retrieved from /home/lpimenta/pipelineAf/airflow_env/lib/python3.10/site-packages/airflow/example_dags/example_branch_operator_decorator.py
[2025-02-22T11:49:12.599-0300] {logging_mixin.py:190} INFO - [2025-02-22T11:49:12.598-0300] {dag.py:3239} INFO - Sync 1 DAGs
[2025-02-22T11:49:12.610-0300] {logging_mixin.py:190} INFO - [2025-02-22T11:49:12.610-0300] {dag.py:4180} INFO - Setting next_dagrun for example_branch_python_operator_decorator to 2025-02-21 00:00:00+00:00, run_after=2025-02-22 00:00:00+00:00
[2025-02-22T11:49:12.625-0300] {processor.py:208} INFO - Processing /home/lpimenta/pipelineAf/airflow_env/lib/python3.10/site-packages/airflow/example_dags/example_branch_operator_decorator.py took 0.061 seconds
