[2025-02-22T11:41:06.287-0300] {processor.py:186} INFO - Started process (PID=3967) to work on /home/lpimenta/pipelineAf/airflow_env/lib/python3.10/site-packages/airflow/example_dags/example_sla_dag.py
[2025-02-22T11:41:06.287-0300] {processor.py:914} INFO - Processing file /home/lpimenta/pipelineAf/airflow_env/lib/python3.10/site-packages/airflow/example_dags/example_sla_dag.py for tasks to queue
[2025-02-22T11:41:06.289-0300] {logging_mixin.py:190} INFO - [2025-02-22T11:41:06.289-0300] {dagbag.py:588} INFO - Filling up the DagBag from /home/lpimenta/pipelineAf/airflow_env/lib/python3.10/site-packages/airflow/example_dags/example_sla_dag.py
[2025-02-22T11:41:06.296-0300] {processor.py:925} INFO - DAG(s) 'example_sla_dag' retrieved from /home/lpimenta/pipelineAf/airflow_env/lib/python3.10/site-packages/airflow/example_dags/example_sla_dag.py
[2025-02-22T11:41:06.986-0300] {logging_mixin.py:190} INFO - [2025-02-22T11:41:06.985-0300] {override.py:1930} INFO - Created Permission View: can read on DAG:example_sla_dag
[2025-02-22T11:41:06.996-0300] {logging_mixin.py:190} INFO - [2025-02-22T11:41:06.995-0300] {override.py:1930} INFO - Created Permission View: can edit on DAG:example_sla_dag
[2025-02-22T11:41:07.003-0300] {logging_mixin.py:190} INFO - [2025-02-22T11:41:07.003-0300] {override.py:1930} INFO - Created Permission View: can delete on DAG:example_sla_dag
[2025-02-22T11:41:07.016-0300] {logging_mixin.py:190} INFO - [2025-02-22T11:41:07.016-0300] {override.py:1930} INFO - Created Permission View: can read on DAG Run:example_sla_dag
[2025-02-22T11:41:07.027-0300] {logging_mixin.py:190} INFO - [2025-02-22T11:41:07.027-0300] {override.py:1930} INFO - Created Permission View: can delete on DAG Run:example_sla_dag
[2025-02-22T11:41:07.035-0300] {logging_mixin.py:190} INFO - [2025-02-22T11:41:07.034-0300] {override.py:1930} INFO - Created Permission View: menu access on DAG Run:example_sla_dag
[2025-02-22T11:41:07.043-0300] {logging_mixin.py:190} INFO - [2025-02-22T11:41:07.043-0300] {override.py:1930} INFO - Created Permission View: can create on DAG Run:example_sla_dag
[2025-02-22T11:41:07.043-0300] {logging_mixin.py:190} INFO - [2025-02-22T11:41:07.043-0300] {dag.py:3239} INFO - Sync 1 DAGs
[2025-02-22T11:41:07.049-0300] {logging_mixin.py:190} INFO - [2025-02-22T11:41:07.049-0300] {dag.py:3262} INFO - Creating ORM DAG for example_sla_dag
[2025-02-22T11:41:07.055-0300] {logging_mixin.py:190} INFO - [2025-02-22T11:41:07.055-0300] {dag.py:4180} INFO - Setting next_dagrun for example_sla_dag to 2025-02-22 14:38:00+00:00, run_after=2025-02-22 14:40:00+00:00
[2025-02-22T11:41:07.070-0300] {processor.py:208} INFO - Processing /home/lpimenta/pipelineAf/airflow_env/lib/python3.10/site-packages/airflow/example_dags/example_sla_dag.py took 0.787 seconds
[2025-02-22T11:42:19.495-0300] {processor.py:186} INFO - Started process (PID=4312) to work on /home/lpimenta/pipelineAf/airflow_env/lib/python3.10/site-packages/airflow/example_dags/example_sla_dag.py
[2025-02-22T11:42:19.496-0300] {processor.py:914} INFO - Processing file /home/lpimenta/pipelineAf/airflow_env/lib/python3.10/site-packages/airflow/example_dags/example_sla_dag.py for tasks to queue
[2025-02-22T11:42:19.498-0300] {logging_mixin.py:190} INFO - [2025-02-22T11:42:19.498-0300] {dagbag.py:588} INFO - Filling up the DagBag from /home/lpimenta/pipelineAf/airflow_env/lib/python3.10/site-packages/airflow/example_dags/example_sla_dag.py
[2025-02-22T11:42:19.505-0300] {processor.py:925} INFO - DAG(s) 'example_sla_dag' retrieved from /home/lpimenta/pipelineAf/airflow_env/lib/python3.10/site-packages/airflow/example_dags/example_sla_dag.py
[2025-02-22T11:42:19.517-0300] {logging_mixin.py:190} INFO - [2025-02-22T11:42:19.516-0300] {dag.py:3239} INFO - Sync 1 DAGs
[2025-02-22T11:42:19.535-0300] {logging_mixin.py:190} INFO - [2025-02-22T11:42:19.535-0300] {dag.py:4180} INFO - Setting next_dagrun for example_sla_dag to 2025-02-22 14:40:00+00:00, run_after=2025-02-22 14:42:00+00:00
[2025-02-22T11:42:19.551-0300] {processor.py:208} INFO - Processing /home/lpimenta/pipelineAf/airflow_env/lib/python3.10/site-packages/airflow/example_dags/example_sla_dag.py took 0.060 seconds
[2025-02-22T11:43:18.727-0300] {processor.py:186} INFO - Started process (PID=4538) to work on /home/lpimenta/pipelineAf/airflow_env/lib/python3.10/site-packages/airflow/example_dags/example_sla_dag.py
[2025-02-22T11:43:18.728-0300] {processor.py:914} INFO - Processing file /home/lpimenta/pipelineAf/airflow_env/lib/python3.10/site-packages/airflow/example_dags/example_sla_dag.py for tasks to queue
[2025-02-22T11:43:18.730-0300] {logging_mixin.py:190} INFO - [2025-02-22T11:43:18.729-0300] {dagbag.py:588} INFO - Filling up the DagBag from /home/lpimenta/pipelineAf/airflow_env/lib/python3.10/site-packages/airflow/example_dags/example_sla_dag.py
[2025-02-22T11:43:18.738-0300] {processor.py:925} INFO - DAG(s) 'example_sla_dag' retrieved from /home/lpimenta/pipelineAf/airflow_env/lib/python3.10/site-packages/airflow/example_dags/example_sla_dag.py
[2025-02-22T11:43:18.753-0300] {logging_mixin.py:190} INFO - [2025-02-22T11:43:18.753-0300] {dag.py:3239} INFO - Sync 1 DAGs
[2025-02-22T11:43:18.768-0300] {logging_mixin.py:190} INFO - [2025-02-22T11:43:18.768-0300] {dag.py:4180} INFO - Setting next_dagrun for example_sla_dag to 2025-02-22 14:40:00+00:00, run_after=2025-02-22 14:42:00+00:00
[2025-02-22T11:43:18.787-0300] {processor.py:208} INFO - Processing /home/lpimenta/pipelineAf/airflow_env/lib/python3.10/site-packages/airflow/example_dags/example_sla_dag.py took 0.064 seconds
[2025-02-22T11:44:24.577-0300] {processor.py:186} INFO - Started process (PID=4774) to work on /home/lpimenta/pipelineAf/airflow_env/lib/python3.10/site-packages/airflow/example_dags/example_sla_dag.py
[2025-02-22T11:44:24.578-0300] {processor.py:914} INFO - Processing file /home/lpimenta/pipelineAf/airflow_env/lib/python3.10/site-packages/airflow/example_dags/example_sla_dag.py for tasks to queue
[2025-02-22T11:44:24.580-0300] {logging_mixin.py:190} INFO - [2025-02-22T11:44:24.579-0300] {dagbag.py:588} INFO - Filling up the DagBag from /home/lpimenta/pipelineAf/airflow_env/lib/python3.10/site-packages/airflow/example_dags/example_sla_dag.py
[2025-02-22T11:44:24.587-0300] {processor.py:925} INFO - DAG(s) 'example_sla_dag' retrieved from /home/lpimenta/pipelineAf/airflow_env/lib/python3.10/site-packages/airflow/example_dags/example_sla_dag.py
[2025-02-22T11:44:24.596-0300] {logging_mixin.py:190} INFO - [2025-02-22T11:44:24.596-0300] {dag.py:3239} INFO - Sync 1 DAGs
[2025-02-22T11:44:24.610-0300] {logging_mixin.py:190} INFO - [2025-02-22T11:44:24.610-0300] {dag.py:4180} INFO - Setting next_dagrun for example_sla_dag to 2025-02-22 14:42:00+00:00, run_after=2025-02-22 14:44:00+00:00
[2025-02-22T11:44:24.626-0300] {processor.py:208} INFO - Processing /home/lpimenta/pipelineAf/airflow_env/lib/python3.10/site-packages/airflow/example_dags/example_sla_dag.py took 0.054 seconds
[2025-02-22T11:45:29.913-0300] {processor.py:186} INFO - Started process (PID=5003) to work on /home/lpimenta/pipelineAf/airflow_env/lib/python3.10/site-packages/airflow/example_dags/example_sla_dag.py
[2025-02-22T11:45:29.914-0300] {processor.py:914} INFO - Processing file /home/lpimenta/pipelineAf/airflow_env/lib/python3.10/site-packages/airflow/example_dags/example_sla_dag.py for tasks to queue
[2025-02-22T11:45:29.916-0300] {logging_mixin.py:190} INFO - [2025-02-22T11:45:29.915-0300] {dagbag.py:588} INFO - Filling up the DagBag from /home/lpimenta/pipelineAf/airflow_env/lib/python3.10/site-packages/airflow/example_dags/example_sla_dag.py
[2025-02-22T11:45:29.928-0300] {processor.py:925} INFO - DAG(s) 'example_sla_dag' retrieved from /home/lpimenta/pipelineAf/airflow_env/lib/python3.10/site-packages/airflow/example_dags/example_sla_dag.py
[2025-02-22T11:45:29.939-0300] {logging_mixin.py:190} INFO - [2025-02-22T11:45:29.939-0300] {dag.py:3239} INFO - Sync 1 DAGs
[2025-02-22T11:45:29.961-0300] {logging_mixin.py:190} INFO - [2025-02-22T11:45:29.961-0300] {dag.py:4180} INFO - Setting next_dagrun for example_sla_dag to 2025-02-22 14:42:00+00:00, run_after=2025-02-22 14:44:00+00:00
[2025-02-22T11:45:30.001-0300] {processor.py:208} INFO - Processing /home/lpimenta/pipelineAf/airflow_env/lib/python3.10/site-packages/airflow/example_dags/example_sla_dag.py took 0.091 seconds
[2025-02-22T11:46:36.712-0300] {processor.py:186} INFO - Started process (PID=5251) to work on /home/lpimenta/pipelineAf/airflow_env/lib/python3.10/site-packages/airflow/example_dags/example_sla_dag.py
[2025-02-22T11:46:36.714-0300] {processor.py:914} INFO - Processing file /home/lpimenta/pipelineAf/airflow_env/lib/python3.10/site-packages/airflow/example_dags/example_sla_dag.py for tasks to queue
[2025-02-22T11:46:36.715-0300] {logging_mixin.py:190} INFO - [2025-02-22T11:46:36.715-0300] {dagbag.py:588} INFO - Filling up the DagBag from /home/lpimenta/pipelineAf/airflow_env/lib/python3.10/site-packages/airflow/example_dags/example_sla_dag.py
[2025-02-22T11:46:36.722-0300] {processor.py:925} INFO - DAG(s) 'example_sla_dag' retrieved from /home/lpimenta/pipelineAf/airflow_env/lib/python3.10/site-packages/airflow/example_dags/example_sla_dag.py
[2025-02-22T11:46:36.730-0300] {logging_mixin.py:190} INFO - [2025-02-22T11:46:36.730-0300] {dag.py:3239} INFO - Sync 1 DAGs
[2025-02-22T11:46:36.743-0300] {logging_mixin.py:190} INFO - [2025-02-22T11:46:36.743-0300] {dag.py:4180} INFO - Setting next_dagrun for example_sla_dag to 2025-02-22 14:44:00+00:00, run_after=2025-02-22 14:46:00+00:00
[2025-02-22T11:46:36.759-0300] {processor.py:208} INFO - Processing /home/lpimenta/pipelineAf/airflow_env/lib/python3.10/site-packages/airflow/example_dags/example_sla_dag.py took 0.051 seconds
[2025-02-22T11:47:33.652-0300] {processor.py:186} INFO - Started process (PID=5467) to work on /home/lpimenta/pipelineAf/airflow_env/lib/python3.10/site-packages/airflow/example_dags/example_sla_dag.py
[2025-02-22T11:47:33.655-0300] {processor.py:914} INFO - Processing file /home/lpimenta/pipelineAf/airflow_env/lib/python3.10/site-packages/airflow/example_dags/example_sla_dag.py for tasks to queue
[2025-02-22T11:47:33.657-0300] {logging_mixin.py:190} INFO - [2025-02-22T11:47:33.656-0300] {dagbag.py:588} INFO - Filling up the DagBag from /home/lpimenta/pipelineAf/airflow_env/lib/python3.10/site-packages/airflow/example_dags/example_sla_dag.py
[2025-02-22T11:47:33.667-0300] {processor.py:925} INFO - DAG(s) 'example_sla_dag' retrieved from /home/lpimenta/pipelineAf/airflow_env/lib/python3.10/site-packages/airflow/example_dags/example_sla_dag.py
[2025-02-22T11:47:33.675-0300] {logging_mixin.py:190} INFO - [2025-02-22T11:47:33.675-0300] {dag.py:3239} INFO - Sync 1 DAGs
[2025-02-22T11:47:33.688-0300] {logging_mixin.py:190} INFO - [2025-02-22T11:47:33.688-0300] {dag.py:4180} INFO - Setting next_dagrun for example_sla_dag to 2025-02-22 14:44:00+00:00, run_after=2025-02-22 14:46:00+00:00
[2025-02-22T11:47:33.705-0300] {processor.py:208} INFO - Processing /home/lpimenta/pipelineAf/airflow_env/lib/python3.10/site-packages/airflow/example_dags/example_sla_dag.py took 0.061 seconds
[2025-02-22T11:48:38.217-0300] {processor.py:186} INFO - Started process (PID=5699) to work on /home/lpimenta/pipelineAf/airflow_env/lib/python3.10/site-packages/airflow/example_dags/example_sla_dag.py
[2025-02-22T11:48:38.220-0300] {processor.py:914} INFO - Processing file /home/lpimenta/pipelineAf/airflow_env/lib/python3.10/site-packages/airflow/example_dags/example_sla_dag.py for tasks to queue
[2025-02-22T11:48:38.221-0300] {logging_mixin.py:190} INFO - [2025-02-22T11:48:38.221-0300] {dagbag.py:588} INFO - Filling up the DagBag from /home/lpimenta/pipelineAf/airflow_env/lib/python3.10/site-packages/airflow/example_dags/example_sla_dag.py
[2025-02-22T11:48:38.229-0300] {processor.py:925} INFO - DAG(s) 'example_sla_dag' retrieved from /home/lpimenta/pipelineAf/airflow_env/lib/python3.10/site-packages/airflow/example_dags/example_sla_dag.py
[2025-02-22T11:48:38.237-0300] {logging_mixin.py:190} INFO - [2025-02-22T11:48:38.237-0300] {dag.py:3239} INFO - Sync 1 DAGs
[2025-02-22T11:48:38.250-0300] {logging_mixin.py:190} INFO - [2025-02-22T11:48:38.250-0300] {dag.py:4180} INFO - Setting next_dagrun for example_sla_dag to 2025-02-22 14:46:00+00:00, run_after=2025-02-22 14:48:00+00:00
[2025-02-22T11:48:38.264-0300] {processor.py:208} INFO - Processing /home/lpimenta/pipelineAf/airflow_env/lib/python3.10/site-packages/airflow/example_dags/example_sla_dag.py took 0.051 seconds
