[2025-02-22T11:40:32.434-0300] {processor.py:186} INFO - Started process (PID=3826) to work on /home/lpimenta/pipelineAf/airflow_env/lib/python3.10/site-packages/airflow/example_dags/example_branch_labels.py
[2025-02-22T11:40:32.435-0300] {processor.py:914} INFO - Processing file /home/lpimenta/pipelineAf/airflow_env/lib/python3.10/site-packages/airflow/example_dags/example_branch_labels.py for tasks to queue
[2025-02-22T11:40:32.436-0300] {logging_mixin.py:190} INFO - [2025-02-22T11:40:32.436-0300] {dagbag.py:588} INFO - Filling up the DagBag from /home/lpimenta/pipelineAf/airflow_env/lib/python3.10/site-packages/airflow/example_dags/example_branch_labels.py
[2025-02-22T11:40:32.442-0300] {processor.py:925} INFO - DAG(s) 'example_branch_labels' retrieved from /home/lpimenta/pipelineAf/airflow_env/lib/python3.10/site-packages/airflow/example_dags/example_branch_labels.py
[2025-02-22T11:40:32.561-0300] {logging_mixin.py:190} INFO - [2025-02-22T11:40:32.561-0300] {override.py:1930} INFO - Created Permission View: can read on DAG:example_branch_labels
[2025-02-22T11:40:32.570-0300] {logging_mixin.py:190} INFO - [2025-02-22T11:40:32.569-0300] {override.py:1930} INFO - Created Permission View: can edit on DAG:example_branch_labels
[2025-02-22T11:40:32.577-0300] {logging_mixin.py:190} INFO - [2025-02-22T11:40:32.577-0300] {override.py:1930} INFO - Created Permission View: can delete on DAG:example_branch_labels
[2025-02-22T11:40:32.590-0300] {logging_mixin.py:190} INFO - [2025-02-22T11:40:32.589-0300] {override.py:1930} INFO - Created Permission View: can read on DAG Run:example_branch_labels
[2025-02-22T11:40:32.599-0300] {logging_mixin.py:190} INFO - [2025-02-22T11:40:32.599-0300] {override.py:1930} INFO - Created Permission View: can delete on DAG Run:example_branch_labels
[2025-02-22T11:40:32.606-0300] {logging_mixin.py:190} INFO - [2025-02-22T11:40:32.606-0300] {override.py:1930} INFO - Created Permission View: menu access on DAG Run:example_branch_labels
[2025-02-22T11:40:32.613-0300] {logging_mixin.py:190} INFO - [2025-02-22T11:40:32.613-0300] {override.py:1930} INFO - Created Permission View: can create on DAG Run:example_branch_labels
[2025-02-22T11:40:32.613-0300] {logging_mixin.py:190} INFO - [2025-02-22T11:40:32.613-0300] {dag.py:3239} INFO - Sync 1 DAGs
[2025-02-22T11:40:32.619-0300] {logging_mixin.py:190} INFO - [2025-02-22T11:40:32.619-0300] {dag.py:3262} INFO - Creating ORM DAG for example_branch_labels
[2025-02-22T11:40:32.624-0300] {logging_mixin.py:190} INFO - [2025-02-22T11:40:32.624-0300] {dag.py:4180} INFO - Setting next_dagrun for example_branch_labels to 2025-02-21 00:00:00+00:00, run_after=2025-02-22 00:00:00+00:00
[2025-02-22T11:40:32.636-0300] {processor.py:208} INFO - Processing /home/lpimenta/pipelineAf/airflow_env/lib/python3.10/site-packages/airflow/example_dags/example_branch_labels.py took 0.206 seconds
[2025-02-22T11:41:43.935-0300] {processor.py:186} INFO - Started process (PID=4177) to work on /home/lpimenta/pipelineAf/airflow_env/lib/python3.10/site-packages/airflow/example_dags/example_branch_labels.py
[2025-02-22T11:41:43.936-0300] {processor.py:914} INFO - Processing file /home/lpimenta/pipelineAf/airflow_env/lib/python3.10/site-packages/airflow/example_dags/example_branch_labels.py for tasks to queue
[2025-02-22T11:41:43.939-0300] {logging_mixin.py:190} INFO - [2025-02-22T11:41:43.938-0300] {dagbag.py:588} INFO - Filling up the DagBag from /home/lpimenta/pipelineAf/airflow_env/lib/python3.10/site-packages/airflow/example_dags/example_branch_labels.py
[2025-02-22T11:41:43.951-0300] {processor.py:925} INFO - DAG(s) 'example_branch_labels' retrieved from /home/lpimenta/pipelineAf/airflow_env/lib/python3.10/site-packages/airflow/example_dags/example_branch_labels.py
[2025-02-22T11:41:43.973-0300] {logging_mixin.py:190} INFO - [2025-02-22T11:41:43.972-0300] {dag.py:3239} INFO - Sync 1 DAGs
[2025-02-22T11:41:43.997-0300] {logging_mixin.py:190} INFO - [2025-02-22T11:41:43.996-0300] {dag.py:4180} INFO - Setting next_dagrun for example_branch_labels to 2025-02-21 00:00:00+00:00, run_after=2025-02-22 00:00:00+00:00
[2025-02-22T11:41:44.027-0300] {processor.py:208} INFO - Processing /home/lpimenta/pipelineAf/airflow_env/lib/python3.10/site-packages/airflow/example_dags/example_branch_labels.py took 0.105 seconds
[2025-02-22T11:42:46.014-0300] {processor.py:186} INFO - Started process (PID=4410) to work on /home/lpimenta/pipelineAf/airflow_env/lib/python3.10/site-packages/airflow/example_dags/example_branch_labels.py
[2025-02-22T11:42:46.015-0300] {processor.py:914} INFO - Processing file /home/lpimenta/pipelineAf/airflow_env/lib/python3.10/site-packages/airflow/example_dags/example_branch_labels.py for tasks to queue
[2025-02-22T11:42:46.017-0300] {logging_mixin.py:190} INFO - [2025-02-22T11:42:46.016-0300] {dagbag.py:588} INFO - Filling up the DagBag from /home/lpimenta/pipelineAf/airflow_env/lib/python3.10/site-packages/airflow/example_dags/example_branch_labels.py
[2025-02-22T11:42:46.023-0300] {processor.py:925} INFO - DAG(s) 'example_branch_labels' retrieved from /home/lpimenta/pipelineAf/airflow_env/lib/python3.10/site-packages/airflow/example_dags/example_branch_labels.py
[2025-02-22T11:42:46.032-0300] {logging_mixin.py:190} INFO - [2025-02-22T11:42:46.032-0300] {dag.py:3239} INFO - Sync 1 DAGs
[2025-02-22T11:42:46.046-0300] {logging_mixin.py:190} INFO - [2025-02-22T11:42:46.046-0300] {dag.py:4180} INFO - Setting next_dagrun for example_branch_labels to 2025-02-21 00:00:00+00:00, run_after=2025-02-22 00:00:00+00:00
[2025-02-22T11:42:46.061-0300] {processor.py:208} INFO - Processing /home/lpimenta/pipelineAf/airflow_env/lib/python3.10/site-packages/airflow/example_dags/example_branch_labels.py took 0.051 seconds
[2025-02-22T11:43:53.093-0300] {processor.py:186} INFO - Started process (PID=4658) to work on /home/lpimenta/pipelineAf/airflow_env/lib/python3.10/site-packages/airflow/example_dags/example_branch_labels.py
[2025-02-22T11:43:53.100-0300] {processor.py:914} INFO - Processing file /home/lpimenta/pipelineAf/airflow_env/lib/python3.10/site-packages/airflow/example_dags/example_branch_labels.py for tasks to queue
[2025-02-22T11:43:53.102-0300] {logging_mixin.py:190} INFO - [2025-02-22T11:43:53.102-0300] {dagbag.py:588} INFO - Filling up the DagBag from /home/lpimenta/pipelineAf/airflow_env/lib/python3.10/site-packages/airflow/example_dags/example_branch_labels.py
[2025-02-22T11:43:53.120-0300] {processor.py:925} INFO - DAG(s) 'example_branch_labels' retrieved from /home/lpimenta/pipelineAf/airflow_env/lib/python3.10/site-packages/airflow/example_dags/example_branch_labels.py
[2025-02-22T11:43:53.141-0300] {logging_mixin.py:190} INFO - [2025-02-22T11:43:53.140-0300] {dag.py:3239} INFO - Sync 1 DAGs
[2025-02-22T11:43:53.154-0300] {logging_mixin.py:190} INFO - [2025-02-22T11:43:53.154-0300] {dag.py:4180} INFO - Setting next_dagrun for example_branch_labels to 2025-02-21 00:00:00+00:00, run_after=2025-02-22 00:00:00+00:00
[2025-02-22T11:43:53.169-0300] {processor.py:208} INFO - Processing /home/lpimenta/pipelineAf/airflow_env/lib/python3.10/site-packages/airflow/example_dags/example_branch_labels.py took 0.082 seconds
[2025-02-22T11:44:55.540-0300] {processor.py:186} INFO - Started process (PID=4881) to work on /home/lpimenta/pipelineAf/airflow_env/lib/python3.10/site-packages/airflow/example_dags/example_branch_labels.py
[2025-02-22T11:44:55.541-0300] {processor.py:914} INFO - Processing file /home/lpimenta/pipelineAf/airflow_env/lib/python3.10/site-packages/airflow/example_dags/example_branch_labels.py for tasks to queue
[2025-02-22T11:44:55.543-0300] {logging_mixin.py:190} INFO - [2025-02-22T11:44:55.542-0300] {dagbag.py:588} INFO - Filling up the DagBag from /home/lpimenta/pipelineAf/airflow_env/lib/python3.10/site-packages/airflow/example_dags/example_branch_labels.py
[2025-02-22T11:44:55.549-0300] {processor.py:925} INFO - DAG(s) 'example_branch_labels' retrieved from /home/lpimenta/pipelineAf/airflow_env/lib/python3.10/site-packages/airflow/example_dags/example_branch_labels.py
[2025-02-22T11:44:55.558-0300] {logging_mixin.py:190} INFO - [2025-02-22T11:44:55.557-0300] {dag.py:3239} INFO - Sync 1 DAGs
[2025-02-22T11:44:55.569-0300] {logging_mixin.py:190} INFO - [2025-02-22T11:44:55.569-0300] {dag.py:4180} INFO - Setting next_dagrun for example_branch_labels to 2025-02-21 00:00:00+00:00, run_after=2025-02-22 00:00:00+00:00
[2025-02-22T11:44:55.588-0300] {processor.py:208} INFO - Processing /home/lpimenta/pipelineAf/airflow_env/lib/python3.10/site-packages/airflow/example_dags/example_branch_labels.py took 0.052 seconds
[2025-02-22T11:46:00.324-0300] {processor.py:186} INFO - Started process (PID=5119) to work on /home/lpimenta/pipelineAf/airflow_env/lib/python3.10/site-packages/airflow/example_dags/example_branch_labels.py
[2025-02-22T11:46:00.326-0300] {processor.py:914} INFO - Processing file /home/lpimenta/pipelineAf/airflow_env/lib/python3.10/site-packages/airflow/example_dags/example_branch_labels.py for tasks to queue
[2025-02-22T11:46:00.327-0300] {logging_mixin.py:190} INFO - [2025-02-22T11:46:00.327-0300] {dagbag.py:588} INFO - Filling up the DagBag from /home/lpimenta/pipelineAf/airflow_env/lib/python3.10/site-packages/airflow/example_dags/example_branch_labels.py
[2025-02-22T11:46:00.333-0300] {processor.py:925} INFO - DAG(s) 'example_branch_labels' retrieved from /home/lpimenta/pipelineAf/airflow_env/lib/python3.10/site-packages/airflow/example_dags/example_branch_labels.py
[2025-02-22T11:46:00.342-0300] {logging_mixin.py:190} INFO - [2025-02-22T11:46:00.342-0300] {dag.py:3239} INFO - Sync 1 DAGs
[2025-02-22T11:46:00.353-0300] {logging_mixin.py:190} INFO - [2025-02-22T11:46:00.353-0300] {dag.py:4180} INFO - Setting next_dagrun for example_branch_labels to 2025-02-21 00:00:00+00:00, run_after=2025-02-22 00:00:00+00:00
[2025-02-22T11:46:00.370-0300] {processor.py:208} INFO - Processing /home/lpimenta/pipelineAf/airflow_env/lib/python3.10/site-packages/airflow/example_dags/example_branch_labels.py took 0.050 seconds
[2025-02-22T11:47:03.932-0300] {processor.py:186} INFO - Started process (PID=5359) to work on /home/lpimenta/pipelineAf/airflow_env/lib/python3.10/site-packages/airflow/example_dags/example_branch_labels.py
[2025-02-22T11:47:03.935-0300] {processor.py:914} INFO - Processing file /home/lpimenta/pipelineAf/airflow_env/lib/python3.10/site-packages/airflow/example_dags/example_branch_labels.py for tasks to queue
[2025-02-22T11:47:03.936-0300] {logging_mixin.py:190} INFO - [2025-02-22T11:47:03.935-0300] {dagbag.py:588} INFO - Filling up the DagBag from /home/lpimenta/pipelineAf/airflow_env/lib/python3.10/site-packages/airflow/example_dags/example_branch_labels.py
[2025-02-22T11:47:03.942-0300] {processor.py:925} INFO - DAG(s) 'example_branch_labels' retrieved from /home/lpimenta/pipelineAf/airflow_env/lib/python3.10/site-packages/airflow/example_dags/example_branch_labels.py
[2025-02-22T11:47:03.952-0300] {logging_mixin.py:190} INFO - [2025-02-22T11:47:03.952-0300] {dag.py:3239} INFO - Sync 1 DAGs
[2025-02-22T11:47:03.965-0300] {logging_mixin.py:190} INFO - [2025-02-22T11:47:03.965-0300] {dag.py:4180} INFO - Setting next_dagrun for example_branch_labels to 2025-02-21 00:00:00+00:00, run_after=2025-02-22 00:00:00+00:00
[2025-02-22T11:47:03.981-0300] {processor.py:208} INFO - Processing /home/lpimenta/pipelineAf/airflow_env/lib/python3.10/site-packages/airflow/example_dags/example_branch_labels.py took 0.052 seconds
[2025-02-22T11:48:07.801-0300] {processor.py:186} INFO - Started process (PID=5591) to work on /home/lpimenta/pipelineAf/airflow_env/lib/python3.10/site-packages/airflow/example_dags/example_branch_labels.py
[2025-02-22T11:48:07.804-0300] {processor.py:914} INFO - Processing file /home/lpimenta/pipelineAf/airflow_env/lib/python3.10/site-packages/airflow/example_dags/example_branch_labels.py for tasks to queue
[2025-02-22T11:48:07.805-0300] {logging_mixin.py:190} INFO - [2025-02-22T11:48:07.805-0300] {dagbag.py:588} INFO - Filling up the DagBag from /home/lpimenta/pipelineAf/airflow_env/lib/python3.10/site-packages/airflow/example_dags/example_branch_labels.py
[2025-02-22T11:48:07.811-0300] {processor.py:925} INFO - DAG(s) 'example_branch_labels' retrieved from /home/lpimenta/pipelineAf/airflow_env/lib/python3.10/site-packages/airflow/example_dags/example_branch_labels.py
[2025-02-22T11:48:07.820-0300] {logging_mixin.py:190} INFO - [2025-02-22T11:48:07.819-0300] {dag.py:3239} INFO - Sync 1 DAGs
[2025-02-22T11:48:07.831-0300] {logging_mixin.py:190} INFO - [2025-02-22T11:48:07.830-0300] {dag.py:4180} INFO - Setting next_dagrun for example_branch_labels to 2025-02-21 00:00:00+00:00, run_after=2025-02-22 00:00:00+00:00
[2025-02-22T11:48:07.847-0300] {processor.py:208} INFO - Processing /home/lpimenta/pipelineAf/airflow_env/lib/python3.10/site-packages/airflow/example_dags/example_branch_labels.py took 0.050 seconds
[2025-02-22T11:49:10.569-0300] {processor.py:186} INFO - Started process (PID=5857) to work on /home/lpimenta/pipelineAf/airflow_env/lib/python3.10/site-packages/airflow/example_dags/example_branch_labels.py
[2025-02-22T11:49:10.571-0300] {processor.py:914} INFO - Processing file /home/lpimenta/pipelineAf/airflow_env/lib/python3.10/site-packages/airflow/example_dags/example_branch_labels.py for tasks to queue
[2025-02-22T11:49:10.572-0300] {logging_mixin.py:190} INFO - [2025-02-22T11:49:10.572-0300] {dagbag.py:588} INFO - Filling up the DagBag from /home/lpimenta/pipelineAf/airflow_env/lib/python3.10/site-packages/airflow/example_dags/example_branch_labels.py
[2025-02-22T11:49:10.578-0300] {processor.py:925} INFO - DAG(s) 'example_branch_labels' retrieved from /home/lpimenta/pipelineAf/airflow_env/lib/python3.10/site-packages/airflow/example_dags/example_branch_labels.py
[2025-02-22T11:49:10.590-0300] {logging_mixin.py:190} INFO - [2025-02-22T11:49:10.589-0300] {dag.py:3239} INFO - Sync 1 DAGs
[2025-02-22T11:49:10.603-0300] {logging_mixin.py:190} INFO - [2025-02-22T11:49:10.603-0300] {dag.py:4180} INFO - Setting next_dagrun for example_branch_labels to 2025-02-21 00:00:00+00:00, run_after=2025-02-22 00:00:00+00:00
[2025-02-22T11:49:10.618-0300] {processor.py:208} INFO - Processing /home/lpimenta/pipelineAf/airflow_env/lib/python3.10/site-packages/airflow/example_dags/example_branch_labels.py took 0.054 seconds
