[2025-02-22T11:41:20.737-0300] {processor.py:186} INFO - Started process (PID=4018) to work on /home/lpimenta/pipelineAf/airflow_env/lib/python3.10/site-packages/airflow/example_dags/example_python_decorator.py
[2025-02-22T11:41:20.738-0300] {processor.py:914} INFO - Processing file /home/lpimenta/pipelineAf/airflow_env/lib/python3.10/site-packages/airflow/example_dags/example_python_decorator.py for tasks to queue
[2025-02-22T11:41:20.739-0300] {logging_mixin.py:190} INFO - [2025-02-22T11:41:20.739-0300] {dagbag.py:588} INFO - Filling up the DagBag from /home/lpimenta/pipelineAf/airflow_env/lib/python3.10/site-packages/airflow/example_dags/example_python_decorator.py
[2025-02-22T11:41:20.809-0300] {processor.py:925} INFO - DAG(s) 'example_python_decorator' retrieved from /home/lpimenta/pipelineAf/airflow_env/lib/python3.10/site-packages/airflow/example_dags/example_python_decorator.py
[2025-02-22T11:41:20.863-0300] {logging_mixin.py:190} INFO - [2025-02-22T11:41:20.862-0300] {override.py:1930} INFO - Created Permission View: can read on DAG:example_python_decorator
[2025-02-22T11:41:20.872-0300] {logging_mixin.py:190} INFO - [2025-02-22T11:41:20.871-0300] {override.py:1930} INFO - Created Permission View: can edit on DAG:example_python_decorator
[2025-02-22T11:41:20.881-0300] {logging_mixin.py:190} INFO - [2025-02-22T11:41:20.881-0300] {override.py:1930} INFO - Created Permission View: can delete on DAG:example_python_decorator
[2025-02-22T11:41:20.894-0300] {logging_mixin.py:190} INFO - [2025-02-22T11:41:20.894-0300] {override.py:1930} INFO - Created Permission View: can read on DAG Run:example_python_decorator
[2025-02-22T11:41:20.901-0300] {logging_mixin.py:190} INFO - [2025-02-22T11:41:20.901-0300] {override.py:1930} INFO - Created Permission View: can delete on DAG Run:example_python_decorator
[2025-02-22T11:41:20.909-0300] {logging_mixin.py:190} INFO - [2025-02-22T11:41:20.908-0300] {override.py:1930} INFO - Created Permission View: menu access on DAG Run:example_python_decorator
[2025-02-22T11:41:20.916-0300] {logging_mixin.py:190} INFO - [2025-02-22T11:41:20.916-0300] {override.py:1930} INFO - Created Permission View: can create on DAG Run:example_python_decorator
[2025-02-22T11:41:20.916-0300] {logging_mixin.py:190} INFO - [2025-02-22T11:41:20.916-0300] {dag.py:3239} INFO - Sync 1 DAGs
[2025-02-22T11:41:20.922-0300] {logging_mixin.py:190} INFO - [2025-02-22T11:41:20.921-0300] {dag.py:3262} INFO - Creating ORM DAG for example_python_decorator
[2025-02-22T11:41:20.922-0300] {logging_mixin.py:190} INFO - [2025-02-22T11:41:20.922-0300] {dag.py:4180} INFO - Setting next_dagrun for example_python_decorator to None, run_after=None
[2025-02-22T11:41:20.935-0300] {processor.py:208} INFO - Processing /home/lpimenta/pipelineAf/airflow_env/lib/python3.10/site-packages/airflow/example_dags/example_python_decorator.py took 0.202 seconds
[2025-02-22T11:42:33.013-0300] {processor.py:186} INFO - Started process (PID=4358) to work on /home/lpimenta/pipelineAf/airflow_env/lib/python3.10/site-packages/airflow/example_dags/example_python_decorator.py
[2025-02-22T11:42:33.014-0300] {processor.py:914} INFO - Processing file /home/lpimenta/pipelineAf/airflow_env/lib/python3.10/site-packages/airflow/example_dags/example_python_decorator.py for tasks to queue
[2025-02-22T11:42:33.015-0300] {logging_mixin.py:190} INFO - [2025-02-22T11:42:33.015-0300] {dagbag.py:588} INFO - Filling up the DagBag from /home/lpimenta/pipelineAf/airflow_env/lib/python3.10/site-packages/airflow/example_dags/example_python_decorator.py
[2025-02-22T11:42:33.024-0300] {processor.py:925} INFO - DAG(s) 'example_python_decorator' retrieved from /home/lpimenta/pipelineAf/airflow_env/lib/python3.10/site-packages/airflow/example_dags/example_python_decorator.py
[2025-02-22T11:42:33.033-0300] {logging_mixin.py:190} INFO - [2025-02-22T11:42:33.033-0300] {dag.py:3239} INFO - Sync 1 DAGs
[2025-02-22T11:42:33.040-0300] {logging_mixin.py:190} INFO - [2025-02-22T11:42:33.040-0300] {dag.py:4180} INFO - Setting next_dagrun for example_python_decorator to None, run_after=None
[2025-02-22T11:42:33.056-0300] {processor.py:208} INFO - Processing /home/lpimenta/pipelineAf/airflow_env/lib/python3.10/site-packages/airflow/example_dags/example_python_decorator.py took 0.047 seconds
[2025-02-22T11:43:30.370-0300] {processor.py:186} INFO - Started process (PID=4585) to work on /home/lpimenta/pipelineAf/airflow_env/lib/python3.10/site-packages/airflow/example_dags/example_python_decorator.py
[2025-02-22T11:43:30.371-0300] {processor.py:914} INFO - Processing file /home/lpimenta/pipelineAf/airflow_env/lib/python3.10/site-packages/airflow/example_dags/example_python_decorator.py for tasks to queue
[2025-02-22T11:43:30.372-0300] {logging_mixin.py:190} INFO - [2025-02-22T11:43:30.371-0300] {dagbag.py:588} INFO - Filling up the DagBag from /home/lpimenta/pipelineAf/airflow_env/lib/python3.10/site-packages/airflow/example_dags/example_python_decorator.py
[2025-02-22T11:43:30.382-0300] {processor.py:925} INFO - DAG(s) 'example_python_decorator' retrieved from /home/lpimenta/pipelineAf/airflow_env/lib/python3.10/site-packages/airflow/example_dags/example_python_decorator.py
[2025-02-22T11:43:30.392-0300] {logging_mixin.py:190} INFO - [2025-02-22T11:43:30.392-0300] {dag.py:3239} INFO - Sync 1 DAGs
[2025-02-22T11:43:30.399-0300] {logging_mixin.py:190} INFO - [2025-02-22T11:43:30.399-0300] {dag.py:4180} INFO - Setting next_dagrun for example_python_decorator to None, run_after=None
[2025-02-22T11:43:30.414-0300] {processor.py:208} INFO - Processing /home/lpimenta/pipelineAf/airflow_env/lib/python3.10/site-packages/airflow/example_dags/example_python_decorator.py took 0.048 seconds
[2025-02-22T11:44:34.838-0300] {processor.py:186} INFO - Started process (PID=4815) to work on /home/lpimenta/pipelineAf/airflow_env/lib/python3.10/site-packages/airflow/example_dags/example_python_decorator.py
[2025-02-22T11:44:34.840-0300] {processor.py:914} INFO - Processing file /home/lpimenta/pipelineAf/airflow_env/lib/python3.10/site-packages/airflow/example_dags/example_python_decorator.py for tasks to queue
[2025-02-22T11:44:34.841-0300] {logging_mixin.py:190} INFO - [2025-02-22T11:44:34.841-0300] {dagbag.py:588} INFO - Filling up the DagBag from /home/lpimenta/pipelineAf/airflow_env/lib/python3.10/site-packages/airflow/example_dags/example_python_decorator.py
[2025-02-22T11:44:34.850-0300] {processor.py:925} INFO - DAG(s) 'example_python_decorator' retrieved from /home/lpimenta/pipelineAf/airflow_env/lib/python3.10/site-packages/airflow/example_dags/example_python_decorator.py
[2025-02-22T11:44:34.859-0300] {logging_mixin.py:190} INFO - [2025-02-22T11:44:34.859-0300] {dag.py:3239} INFO - Sync 1 DAGs
[2025-02-22T11:44:34.866-0300] {logging_mixin.py:190} INFO - [2025-02-22T11:44:34.866-0300] {dag.py:4180} INFO - Setting next_dagrun for example_python_decorator to None, run_after=None
[2025-02-22T11:44:34.884-0300] {processor.py:208} INFO - Processing /home/lpimenta/pipelineAf/airflow_env/lib/python3.10/site-packages/airflow/example_dags/example_python_decorator.py took 0.050 seconds
[2025-02-22T11:45:40.187-0300] {processor.py:186} INFO - Started process (PID=5044) to work on /home/lpimenta/pipelineAf/airflow_env/lib/python3.10/site-packages/airflow/example_dags/example_python_decorator.py
[2025-02-22T11:45:40.188-0300] {processor.py:914} INFO - Processing file /home/lpimenta/pipelineAf/airflow_env/lib/python3.10/site-packages/airflow/example_dags/example_python_decorator.py for tasks to queue
[2025-02-22T11:45:40.188-0300] {logging_mixin.py:190} INFO - [2025-02-22T11:45:40.188-0300] {dagbag.py:588} INFO - Filling up the DagBag from /home/lpimenta/pipelineAf/airflow_env/lib/python3.10/site-packages/airflow/example_dags/example_python_decorator.py
[2025-02-22T11:45:40.198-0300] {processor.py:925} INFO - DAG(s) 'example_python_decorator' retrieved from /home/lpimenta/pipelineAf/airflow_env/lib/python3.10/site-packages/airflow/example_dags/example_python_decorator.py
[2025-02-22T11:45:40.209-0300] {logging_mixin.py:190} INFO - [2025-02-22T11:45:40.208-0300] {dag.py:3239} INFO - Sync 1 DAGs
[2025-02-22T11:45:40.216-0300] {logging_mixin.py:190} INFO - [2025-02-22T11:45:40.216-0300] {dag.py:4180} INFO - Setting next_dagrun for example_python_decorator to None, run_after=None
[2025-02-22T11:45:40.234-0300] {processor.py:208} INFO - Processing /home/lpimenta/pipelineAf/airflow_env/lib/python3.10/site-packages/airflow/example_dags/example_python_decorator.py took 0.051 seconds
[2025-02-22T11:46:47.675-0300] {processor.py:186} INFO - Started process (PID=5292) to work on /home/lpimenta/pipelineAf/airflow_env/lib/python3.10/site-packages/airflow/example_dags/example_python_decorator.py
[2025-02-22T11:46:47.677-0300] {processor.py:914} INFO - Processing file /home/lpimenta/pipelineAf/airflow_env/lib/python3.10/site-packages/airflow/example_dags/example_python_decorator.py for tasks to queue
[2025-02-22T11:46:47.678-0300] {logging_mixin.py:190} INFO - [2025-02-22T11:46:47.677-0300] {dagbag.py:588} INFO - Filling up the DagBag from /home/lpimenta/pipelineAf/airflow_env/lib/python3.10/site-packages/airflow/example_dags/example_python_decorator.py
[2025-02-22T11:46:47.686-0300] {processor.py:925} INFO - DAG(s) 'example_python_decorator' retrieved from /home/lpimenta/pipelineAf/airflow_env/lib/python3.10/site-packages/airflow/example_dags/example_python_decorator.py
[2025-02-22T11:46:47.697-0300] {logging_mixin.py:190} INFO - [2025-02-22T11:46:47.697-0300] {dag.py:3239} INFO - Sync 1 DAGs
[2025-02-22T11:46:47.706-0300] {logging_mixin.py:190} INFO - [2025-02-22T11:46:47.706-0300] {dag.py:4180} INFO - Setting next_dagrun for example_python_decorator to None, run_after=None
[2025-02-22T11:46:47.721-0300] {processor.py:208} INFO - Processing /home/lpimenta/pipelineAf/airflow_env/lib/python3.10/site-packages/airflow/example_dags/example_python_decorator.py took 0.050 seconds
[2025-02-22T11:47:48.651-0300] {processor.py:186} INFO - Started process (PID=5516) to work on /home/lpimenta/pipelineAf/airflow_env/lib/python3.10/site-packages/airflow/example_dags/example_python_decorator.py
[2025-02-22T11:47:48.654-0300] {processor.py:914} INFO - Processing file /home/lpimenta/pipelineAf/airflow_env/lib/python3.10/site-packages/airflow/example_dags/example_python_decorator.py for tasks to queue
[2025-02-22T11:47:48.655-0300] {logging_mixin.py:190} INFO - [2025-02-22T11:47:48.655-0300] {dagbag.py:588} INFO - Filling up the DagBag from /home/lpimenta/pipelineAf/airflow_env/lib/python3.10/site-packages/airflow/example_dags/example_python_decorator.py
[2025-02-22T11:47:48.665-0300] {processor.py:925} INFO - DAG(s) 'example_python_decorator' retrieved from /home/lpimenta/pipelineAf/airflow_env/lib/python3.10/site-packages/airflow/example_dags/example_python_decorator.py
[2025-02-22T11:47:48.674-0300] {logging_mixin.py:190} INFO - [2025-02-22T11:47:48.674-0300] {dag.py:3239} INFO - Sync 1 DAGs
[2025-02-22T11:47:48.682-0300] {logging_mixin.py:190} INFO - [2025-02-22T11:47:48.682-0300] {dag.py:4180} INFO - Setting next_dagrun for example_python_decorator to None, run_after=None
[2025-02-22T11:47:48.699-0300] {processor.py:208} INFO - Processing /home/lpimenta/pipelineAf/airflow_env/lib/python3.10/site-packages/airflow/example_dags/example_python_decorator.py took 0.052 seconds
[2025-02-22T11:48:48.468-0300] {processor.py:186} INFO - Started process (PID=5767) to work on /home/lpimenta/pipelineAf/airflow_env/lib/python3.10/site-packages/airflow/example_dags/example_python_decorator.py
[2025-02-22T11:48:48.471-0300] {processor.py:914} INFO - Processing file /home/lpimenta/pipelineAf/airflow_env/lib/python3.10/site-packages/airflow/example_dags/example_python_decorator.py for tasks to queue
[2025-02-22T11:48:48.472-0300] {logging_mixin.py:190} INFO - [2025-02-22T11:48:48.471-0300] {dagbag.py:588} INFO - Filling up the DagBag from /home/lpimenta/pipelineAf/airflow_env/lib/python3.10/site-packages/airflow/example_dags/example_python_decorator.py
[2025-02-22T11:48:48.480-0300] {processor.py:925} INFO - DAG(s) 'example_python_decorator' retrieved from /home/lpimenta/pipelineAf/airflow_env/lib/python3.10/site-packages/airflow/example_dags/example_python_decorator.py
[2025-02-22T11:48:48.491-0300] {logging_mixin.py:190} INFO - [2025-02-22T11:48:48.491-0300] {dag.py:3239} INFO - Sync 1 DAGs
[2025-02-22T11:48:48.498-0300] {logging_mixin.py:190} INFO - [2025-02-22T11:48:48.498-0300] {dag.py:4180} INFO - Setting next_dagrun for example_python_decorator to None, run_after=None
[2025-02-22T11:48:48.513-0300] {processor.py:208} INFO - Processing /home/lpimenta/pipelineAf/airflow_env/lib/python3.10/site-packages/airflow/example_dags/example_python_decorator.py took 0.049 seconds
