[2025-02-22T11:40:28.436-0300] {processor.py:186} INFO - Started process (PID=3790) to work on /home/lpimenta/pipelineAf/airflow_env/lib/python3.10/site-packages/airflow/example_dags/example_outlet_event_extra.py
[2025-02-22T11:40:28.436-0300] {processor.py:914} INFO - Processing file /home/lpimenta/pipelineAf/airflow_env/lib/python3.10/site-packages/airflow/example_dags/example_outlet_event_extra.py for tasks to queue
[2025-02-22T11:40:28.438-0300] {logging_mixin.py:190} INFO - [2025-02-22T11:40:28.437-0300] {dagbag.py:588} INFO - Filling up the DagBag from /home/lpimenta/pipelineAf/airflow_env/lib/python3.10/site-packages/airflow/example_dags/example_outlet_event_extra.py
[2025-02-22T11:40:28.446-0300] {processor.py:925} INFO - DAG(s) 'dataset_with_extra_by_yield', 'dataset_with_extra_by_context', 'dataset_with_extra_from_classic_operator' retrieved from /home/lpimenta/pipelineAf/airflow_env/lib/python3.10/site-packages/airflow/example_dags/example_outlet_event_extra.py
[2025-02-22T11:40:28.578-0300] {logging_mixin.py:190} INFO - [2025-02-22T11:40:28.577-0300] {override.py:1930} INFO - Created Permission View: can read on DAG:dataset_with_extra_by_yield
[2025-02-22T11:40:28.587-0300] {logging_mixin.py:190} INFO - [2025-02-22T11:40:28.587-0300] {override.py:1930} INFO - Created Permission View: can edit on DAG:dataset_with_extra_by_yield
[2025-02-22T11:40:28.597-0300] {logging_mixin.py:190} INFO - [2025-02-22T11:40:28.597-0300] {override.py:1930} INFO - Created Permission View: can delete on DAG:dataset_with_extra_by_yield
[2025-02-22T11:40:28.610-0300] {logging_mixin.py:190} INFO - [2025-02-22T11:40:28.610-0300] {override.py:1930} INFO - Created Permission View: can read on DAG Run:dataset_with_extra_by_yield
[2025-02-22T11:40:28.617-0300] {logging_mixin.py:190} INFO - [2025-02-22T11:40:28.617-0300] {override.py:1930} INFO - Created Permission View: can delete on DAG Run:dataset_with_extra_by_yield
[2025-02-22T11:40:28.624-0300] {logging_mixin.py:190} INFO - [2025-02-22T11:40:28.624-0300] {override.py:1930} INFO - Created Permission View: menu access on DAG Run:dataset_with_extra_by_yield
[2025-02-22T11:40:28.631-0300] {logging_mixin.py:190} INFO - [2025-02-22T11:40:28.631-0300] {override.py:1930} INFO - Created Permission View: can create on DAG Run:dataset_with_extra_by_yield
[2025-02-22T11:40:28.647-0300] {logging_mixin.py:190} INFO - [2025-02-22T11:40:28.646-0300] {override.py:1930} INFO - Created Permission View: can read on DAG:dataset_with_extra_by_context
[2025-02-22T11:40:28.654-0300] {logging_mixin.py:190} INFO - [2025-02-22T11:40:28.654-0300] {override.py:1930} INFO - Created Permission View: can edit on DAG:dataset_with_extra_by_context
[2025-02-22T11:40:28.662-0300] {logging_mixin.py:190} INFO - [2025-02-22T11:40:28.662-0300] {override.py:1930} INFO - Created Permission View: can delete on DAG:dataset_with_extra_by_context
[2025-02-22T11:40:28.674-0300] {logging_mixin.py:190} INFO - [2025-02-22T11:40:28.674-0300] {override.py:1930} INFO - Created Permission View: can read on DAG Run:dataset_with_extra_by_context
[2025-02-22T11:40:28.681-0300] {logging_mixin.py:190} INFO - [2025-02-22T11:40:28.681-0300] {override.py:1930} INFO - Created Permission View: can delete on DAG Run:dataset_with_extra_by_context
[2025-02-22T11:40:28.689-0300] {logging_mixin.py:190} INFO - [2025-02-22T11:40:28.688-0300] {override.py:1930} INFO - Created Permission View: menu access on DAG Run:dataset_with_extra_by_context
[2025-02-22T11:40:28.696-0300] {logging_mixin.py:190} INFO - [2025-02-22T11:40:28.696-0300] {override.py:1930} INFO - Created Permission View: can create on DAG Run:dataset_with_extra_by_context
[2025-02-22T11:40:28.713-0300] {logging_mixin.py:190} INFO - [2025-02-22T11:40:28.713-0300] {override.py:1930} INFO - Created Permission View: can read on DAG:dataset_with_extra_from_classic_operator
[2025-02-22T11:40:28.721-0300] {logging_mixin.py:190} INFO - [2025-02-22T11:40:28.720-0300] {override.py:1930} INFO - Created Permission View: can edit on DAG:dataset_with_extra_from_classic_operator
[2025-02-22T11:40:28.729-0300] {logging_mixin.py:190} INFO - [2025-02-22T11:40:28.729-0300] {override.py:1930} INFO - Created Permission View: can delete on DAG:dataset_with_extra_from_classic_operator
[2025-02-22T11:40:28.742-0300] {logging_mixin.py:190} INFO - [2025-02-22T11:40:28.742-0300] {override.py:1930} INFO - Created Permission View: can read on DAG Run:dataset_with_extra_from_classic_operator
[2025-02-22T11:40:28.750-0300] {logging_mixin.py:190} INFO - [2025-02-22T11:40:28.750-0300] {override.py:1930} INFO - Created Permission View: can delete on DAG Run:dataset_with_extra_from_classic_operator
[2025-02-22T11:40:28.758-0300] {logging_mixin.py:190} INFO - [2025-02-22T11:40:28.758-0300] {override.py:1930} INFO - Created Permission View: menu access on DAG Run:dataset_with_extra_from_classic_operator
[2025-02-22T11:40:28.765-0300] {logging_mixin.py:190} INFO - [2025-02-22T11:40:28.765-0300] {override.py:1930} INFO - Created Permission View: can create on DAG Run:dataset_with_extra_from_classic_operator
[2025-02-22T11:40:28.765-0300] {logging_mixin.py:190} INFO - [2025-02-22T11:40:28.765-0300] {dag.py:3239} INFO - Sync 3 DAGs
[2025-02-22T11:40:28.772-0300] {logging_mixin.py:190} INFO - [2025-02-22T11:40:28.772-0300] {dag.py:3262} INFO - Creating ORM DAG for dataset_with_extra_by_yield
[2025-02-22T11:40:28.772-0300] {logging_mixin.py:190} INFO - [2025-02-22T11:40:28.772-0300] {dag.py:3262} INFO - Creating ORM DAG for dataset_with_extra_from_classic_operator
[2025-02-22T11:40:28.773-0300] {logging_mixin.py:190} INFO - [2025-02-22T11:40:28.773-0300] {dag.py:3262} INFO - Creating ORM DAG for dataset_with_extra_by_context
[2025-02-22T11:40:28.777-0300] {logging_mixin.py:190} INFO - [2025-02-22T11:40:28.777-0300] {dag.py:4180} INFO - Setting next_dagrun for dataset_with_extra_by_context to 2025-02-21 00:00:00+00:00, run_after=2025-02-22 00:00:00+00:00
[2025-02-22T11:40:28.778-0300] {logging_mixin.py:190} INFO - [2025-02-22T11:40:28.778-0300] {dag.py:4180} INFO - Setting next_dagrun for dataset_with_extra_by_yield to 2025-02-21 00:00:00+00:00, run_after=2025-02-22 00:00:00+00:00
[2025-02-22T11:40:28.779-0300] {logging_mixin.py:190} INFO - [2025-02-22T11:40:28.779-0300] {dag.py:4180} INFO - Setting next_dagrun for dataset_with_extra_from_classic_operator to 2025-02-21 00:00:00+00:00, run_after=2025-02-22 00:00:00+00:00
[2025-02-22T11:40:28.796-0300] {processor.py:208} INFO - Processing /home/lpimenta/pipelineAf/airflow_env/lib/python3.10/site-packages/airflow/example_dags/example_outlet_event_extra.py took 0.364 seconds
[2025-02-22T11:41:40.039-0300] {processor.py:186} INFO - Started process (PID=4153) to work on /home/lpimenta/pipelineAf/airflow_env/lib/python3.10/site-packages/airflow/example_dags/example_outlet_event_extra.py
[2025-02-22T11:41:40.041-0300] {processor.py:914} INFO - Processing file /home/lpimenta/pipelineAf/airflow_env/lib/python3.10/site-packages/airflow/example_dags/example_outlet_event_extra.py for tasks to queue
[2025-02-22T11:41:40.044-0300] {logging_mixin.py:190} INFO - [2025-02-22T11:41:40.044-0300] {dagbag.py:588} INFO - Filling up the DagBag from /home/lpimenta/pipelineAf/airflow_env/lib/python3.10/site-packages/airflow/example_dags/example_outlet_event_extra.py
[2025-02-22T11:41:40.063-0300] {processor.py:925} INFO - DAG(s) 'dataset_with_extra_by_context', 'dataset_with_extra_by_yield', 'dataset_with_extra_from_classic_operator' retrieved from /home/lpimenta/pipelineAf/airflow_env/lib/python3.10/site-packages/airflow/example_dags/example_outlet_event_extra.py
[2025-02-22T11:41:40.091-0300] {logging_mixin.py:190} INFO - [2025-02-22T11:41:40.091-0300] {dag.py:3239} INFO - Sync 3 DAGs
[2025-02-22T11:41:40.114-0300] {logging_mixin.py:190} INFO - [2025-02-22T11:41:40.114-0300] {dag.py:4180} INFO - Setting next_dagrun for dataset_with_extra_by_context to 2025-02-21 00:00:00+00:00, run_after=2025-02-22 00:00:00+00:00
[2025-02-22T11:41:40.118-0300] {logging_mixin.py:190} INFO - [2025-02-22T11:41:40.118-0300] {dag.py:4180} INFO - Setting next_dagrun for dataset_with_extra_by_yield to 2025-02-21 00:00:00+00:00, run_after=2025-02-22 00:00:00+00:00
[2025-02-22T11:41:40.120-0300] {logging_mixin.py:190} INFO - [2025-02-22T11:41:40.120-0300] {dag.py:4180} INFO - Setting next_dagrun for dataset_with_extra_from_classic_operator to 2025-02-21 00:00:00+00:00, run_after=2025-02-22 00:00:00+00:00
[2025-02-22T11:41:40.150-0300] {processor.py:208} INFO - Processing /home/lpimenta/pipelineAf/airflow_env/lib/python3.10/site-packages/airflow/example_dags/example_outlet_event_extra.py took 0.119 seconds
[2025-02-22T11:42:16.428-0300] {processor.py:186} INFO - Started process (PID=4297) to work on /home/lpimenta/pipelineAf/airflow_env/lib/python3.10/site-packages/airflow/example_dags/example_outlet_event_extra.py
[2025-02-22T11:42:16.430-0300] {processor.py:914} INFO - Processing file /home/lpimenta/pipelineAf/airflow_env/lib/python3.10/site-packages/airflow/example_dags/example_outlet_event_extra.py for tasks to queue
[2025-02-22T11:42:16.431-0300] {logging_mixin.py:190} INFO - [2025-02-22T11:42:16.431-0300] {dagbag.py:588} INFO - Filling up the DagBag from /home/lpimenta/pipelineAf/airflow_env/lib/python3.10/site-packages/airflow/example_dags/example_outlet_event_extra.py
[2025-02-22T11:42:16.439-0300] {processor.py:925} INFO - DAG(s) 'dataset_with_extra_by_yield', 'dataset_with_extra_by_context', 'dataset_with_extra_from_classic_operator' retrieved from /home/lpimenta/pipelineAf/airflow_env/lib/python3.10/site-packages/airflow/example_dags/example_outlet_event_extra.py
[2025-02-22T11:42:16.451-0300] {logging_mixin.py:190} INFO - [2025-02-22T11:42:16.451-0300] {dag.py:3239} INFO - Sync 3 DAGs
[2025-02-22T11:42:16.464-0300] {logging_mixin.py:190} INFO - [2025-02-22T11:42:16.464-0300] {dag.py:4180} INFO - Setting next_dagrun for dataset_with_extra_by_context to 2025-02-21 00:00:00+00:00, run_after=2025-02-22 00:00:00+00:00
[2025-02-22T11:42:16.466-0300] {logging_mixin.py:190} INFO - [2025-02-22T11:42:16.466-0300] {dag.py:4180} INFO - Setting next_dagrun for dataset_with_extra_by_yield to 2025-02-21 00:00:00+00:00, run_after=2025-02-22 00:00:00+00:00
[2025-02-22T11:42:16.468-0300] {logging_mixin.py:190} INFO - [2025-02-22T11:42:16.467-0300] {dag.py:4180} INFO - Setting next_dagrun for dataset_with_extra_from_classic_operator to 2025-02-21 00:00:00+00:00, run_after=2025-02-22 00:00:00+00:00
[2025-02-22T11:42:16.484-0300] {processor.py:208} INFO - Processing /home/lpimenta/pipelineAf/airflow_env/lib/python3.10/site-packages/airflow/example_dags/example_outlet_event_extra.py took 0.061 seconds
[2025-02-22T11:43:15.849-0300] {processor.py:186} INFO - Started process (PID=4523) to work on /home/lpimenta/pipelineAf/airflow_env/lib/python3.10/site-packages/airflow/example_dags/example_outlet_event_extra.py
[2025-02-22T11:43:15.850-0300] {processor.py:914} INFO - Processing file /home/lpimenta/pipelineAf/airflow_env/lib/python3.10/site-packages/airflow/example_dags/example_outlet_event_extra.py for tasks to queue
[2025-02-22T11:43:15.851-0300] {logging_mixin.py:190} INFO - [2025-02-22T11:43:15.851-0300] {dagbag.py:588} INFO - Filling up the DagBag from /home/lpimenta/pipelineAf/airflow_env/lib/python3.10/site-packages/airflow/example_dags/example_outlet_event_extra.py
[2025-02-22T11:43:15.860-0300] {processor.py:925} INFO - DAG(s) 'dataset_with_extra_by_context', 'dataset_with_extra_from_classic_operator', 'dataset_with_extra_by_yield' retrieved from /home/lpimenta/pipelineAf/airflow_env/lib/python3.10/site-packages/airflow/example_dags/example_outlet_event_extra.py
[2025-02-22T11:43:15.871-0300] {logging_mixin.py:190} INFO - [2025-02-22T11:43:15.871-0300] {dag.py:3239} INFO - Sync 3 DAGs
[2025-02-22T11:43:15.884-0300] {logging_mixin.py:190} INFO - [2025-02-22T11:43:15.884-0300] {dag.py:4180} INFO - Setting next_dagrun for dataset_with_extra_by_context to 2025-02-21 00:00:00+00:00, run_after=2025-02-22 00:00:00+00:00
[2025-02-22T11:43:15.886-0300] {logging_mixin.py:190} INFO - [2025-02-22T11:43:15.886-0300] {dag.py:4180} INFO - Setting next_dagrun for dataset_with_extra_by_yield to 2025-02-21 00:00:00+00:00, run_after=2025-02-22 00:00:00+00:00
[2025-02-22T11:43:15.887-0300] {logging_mixin.py:190} INFO - [2025-02-22T11:43:15.887-0300] {dag.py:4180} INFO - Setting next_dagrun for dataset_with_extra_from_classic_operator to 2025-02-21 00:00:00+00:00, run_after=2025-02-22 00:00:00+00:00
[2025-02-22T11:43:15.905-0300] {processor.py:208} INFO - Processing /home/lpimenta/pipelineAf/airflow_env/lib/python3.10/site-packages/airflow/example_dags/example_outlet_event_extra.py took 0.061 seconds
[2025-02-22T11:44:21.160-0300] {processor.py:186} INFO - Started process (PID=4758) to work on /home/lpimenta/pipelineAf/airflow_env/lib/python3.10/site-packages/airflow/example_dags/example_outlet_event_extra.py
[2025-02-22T11:44:21.166-0300] {processor.py:914} INFO - Processing file /home/lpimenta/pipelineAf/airflow_env/lib/python3.10/site-packages/airflow/example_dags/example_outlet_event_extra.py for tasks to queue
[2025-02-22T11:44:21.168-0300] {logging_mixin.py:190} INFO - [2025-02-22T11:44:21.167-0300] {dagbag.py:588} INFO - Filling up the DagBag from /home/lpimenta/pipelineAf/airflow_env/lib/python3.10/site-packages/airflow/example_dags/example_outlet_event_extra.py
[2025-02-22T11:44:21.176-0300] {processor.py:925} INFO - DAG(s) 'dataset_with_extra_by_yield', 'dataset_with_extra_by_context', 'dataset_with_extra_from_classic_operator' retrieved from /home/lpimenta/pipelineAf/airflow_env/lib/python3.10/site-packages/airflow/example_dags/example_outlet_event_extra.py
[2025-02-22T11:44:21.187-0300] {logging_mixin.py:190} INFO - [2025-02-22T11:44:21.187-0300] {dag.py:3239} INFO - Sync 3 DAGs
[2025-02-22T11:44:21.199-0300] {logging_mixin.py:190} INFO - [2025-02-22T11:44:21.199-0300] {dag.py:4180} INFO - Setting next_dagrun for dataset_with_extra_by_context to 2025-02-21 00:00:00+00:00, run_after=2025-02-22 00:00:00+00:00
[2025-02-22T11:44:21.201-0300] {logging_mixin.py:190} INFO - [2025-02-22T11:44:21.201-0300] {dag.py:4180} INFO - Setting next_dagrun for dataset_with_extra_by_yield to 2025-02-21 00:00:00+00:00, run_after=2025-02-22 00:00:00+00:00
[2025-02-22T11:44:21.202-0300] {logging_mixin.py:190} INFO - [2025-02-22T11:44:21.202-0300] {dag.py:4180} INFO - Setting next_dagrun for dataset_with_extra_from_classic_operator to 2025-02-21 00:00:00+00:00, run_after=2025-02-22 00:00:00+00:00
[2025-02-22T11:44:21.218-0300] {processor.py:208} INFO - Processing /home/lpimenta/pipelineAf/airflow_env/lib/python3.10/site-packages/airflow/example_dags/example_outlet_event_extra.py took 0.062 seconds
[2025-02-22T11:45:26.518-0300] {processor.py:186} INFO - Started process (PID=4992) to work on /home/lpimenta/pipelineAf/airflow_env/lib/python3.10/site-packages/airflow/example_dags/example_outlet_event_extra.py
[2025-02-22T11:45:26.519-0300] {processor.py:914} INFO - Processing file /home/lpimenta/pipelineAf/airflow_env/lib/python3.10/site-packages/airflow/example_dags/example_outlet_event_extra.py for tasks to queue
[2025-02-22T11:45:26.520-0300] {logging_mixin.py:190} INFO - [2025-02-22T11:45:26.520-0300] {dagbag.py:588} INFO - Filling up the DagBag from /home/lpimenta/pipelineAf/airflow_env/lib/python3.10/site-packages/airflow/example_dags/example_outlet_event_extra.py
[2025-02-22T11:45:26.529-0300] {processor.py:925} INFO - DAG(s) 'dataset_with_extra_by_yield', 'dataset_with_extra_from_classic_operator', 'dataset_with_extra_by_context' retrieved from /home/lpimenta/pipelineAf/airflow_env/lib/python3.10/site-packages/airflow/example_dags/example_outlet_event_extra.py
[2025-02-22T11:45:26.541-0300] {logging_mixin.py:190} INFO - [2025-02-22T11:45:26.541-0300] {dag.py:3239} INFO - Sync 3 DAGs
[2025-02-22T11:45:26.555-0300] {logging_mixin.py:190} INFO - [2025-02-22T11:45:26.554-0300] {dag.py:4180} INFO - Setting next_dagrun for dataset_with_extra_by_context to 2025-02-21 00:00:00+00:00, run_after=2025-02-22 00:00:00+00:00
[2025-02-22T11:45:26.558-0300] {logging_mixin.py:190} INFO - [2025-02-22T11:45:26.557-0300] {dag.py:4180} INFO - Setting next_dagrun for dataset_with_extra_by_yield to 2025-02-21 00:00:00+00:00, run_after=2025-02-22 00:00:00+00:00
[2025-02-22T11:45:26.559-0300] {logging_mixin.py:190} INFO - [2025-02-22T11:45:26.559-0300] {dag.py:4180} INFO - Setting next_dagrun for dataset_with_extra_from_classic_operator to 2025-02-21 00:00:00+00:00, run_after=2025-02-22 00:00:00+00:00
[2025-02-22T11:45:26.575-0300] {processor.py:208} INFO - Processing /home/lpimenta/pipelineAf/airflow_env/lib/python3.10/site-packages/airflow/example_dags/example_outlet_event_extra.py took 0.061 seconds
[2025-02-22T11:46:30.006-0300] {processor.py:186} INFO - Started process (PID=5236) to work on /home/lpimenta/pipelineAf/airflow_env/lib/python3.10/site-packages/airflow/example_dags/example_outlet_event_extra.py
[2025-02-22T11:46:30.008-0300] {processor.py:914} INFO - Processing file /home/lpimenta/pipelineAf/airflow_env/lib/python3.10/site-packages/airflow/example_dags/example_outlet_event_extra.py for tasks to queue
[2025-02-22T11:46:30.009-0300] {logging_mixin.py:190} INFO - [2025-02-22T11:46:30.009-0300] {dagbag.py:588} INFO - Filling up the DagBag from /home/lpimenta/pipelineAf/airflow_env/lib/python3.10/site-packages/airflow/example_dags/example_outlet_event_extra.py
[2025-02-22T11:46:30.017-0300] {processor.py:925} INFO - DAG(s) 'dataset_with_extra_by_context', 'dataset_with_extra_from_classic_operator', 'dataset_with_extra_by_yield' retrieved from /home/lpimenta/pipelineAf/airflow_env/lib/python3.10/site-packages/airflow/example_dags/example_outlet_event_extra.py
[2025-02-22T11:46:30.027-0300] {logging_mixin.py:190} INFO - [2025-02-22T11:46:30.027-0300] {dag.py:3239} INFO - Sync 3 DAGs
[2025-02-22T11:46:30.043-0300] {logging_mixin.py:190} INFO - [2025-02-22T11:46:30.043-0300] {dag.py:4180} INFO - Setting next_dagrun for dataset_with_extra_by_context to 2025-02-21 00:00:00+00:00, run_after=2025-02-22 00:00:00+00:00
[2025-02-22T11:46:30.047-0300] {logging_mixin.py:190} INFO - [2025-02-22T11:46:30.047-0300] {dag.py:4180} INFO - Setting next_dagrun for dataset_with_extra_by_yield to 2025-02-21 00:00:00+00:00, run_after=2025-02-22 00:00:00+00:00
[2025-02-22T11:46:30.048-0300] {logging_mixin.py:190} INFO - [2025-02-22T11:46:30.048-0300] {dag.py:4180} INFO - Setting next_dagrun for dataset_with_extra_from_classic_operator to 2025-02-21 00:00:00+00:00, run_after=2025-02-22 00:00:00+00:00
[2025-02-22T11:46:30.070-0300] {processor.py:208} INFO - Processing /home/lpimenta/pipelineAf/airflow_env/lib/python3.10/site-packages/airflow/example_dags/example_outlet_event_extra.py took 0.068 seconds
[2025-02-22T11:47:30.946-0300] {processor.py:186} INFO - Started process (PID=5458) to work on /home/lpimenta/pipelineAf/airflow_env/lib/python3.10/site-packages/airflow/example_dags/example_outlet_event_extra.py
[2025-02-22T11:47:30.948-0300] {processor.py:914} INFO - Processing file /home/lpimenta/pipelineAf/airflow_env/lib/python3.10/site-packages/airflow/example_dags/example_outlet_event_extra.py for tasks to queue
[2025-02-22T11:47:30.948-0300] {logging_mixin.py:190} INFO - [2025-02-22T11:47:30.948-0300] {dagbag.py:588} INFO - Filling up the DagBag from /home/lpimenta/pipelineAf/airflow_env/lib/python3.10/site-packages/airflow/example_dags/example_outlet_event_extra.py
[2025-02-22T11:47:30.957-0300] {processor.py:925} INFO - DAG(s) 'dataset_with_extra_by_context', 'dataset_with_extra_from_classic_operator', 'dataset_with_extra_by_yield' retrieved from /home/lpimenta/pipelineAf/airflow_env/lib/python3.10/site-packages/airflow/example_dags/example_outlet_event_extra.py
[2025-02-22T11:47:30.968-0300] {logging_mixin.py:190} INFO - [2025-02-22T11:47:30.968-0300] {dag.py:3239} INFO - Sync 3 DAGs
[2025-02-22T11:47:30.983-0300] {logging_mixin.py:190} INFO - [2025-02-22T11:47:30.982-0300] {dag.py:4180} INFO - Setting next_dagrun for dataset_with_extra_by_context to 2025-02-21 00:00:00+00:00, run_after=2025-02-22 00:00:00+00:00
[2025-02-22T11:47:30.985-0300] {logging_mixin.py:190} INFO - [2025-02-22T11:47:30.985-0300] {dag.py:4180} INFO - Setting next_dagrun for dataset_with_extra_by_yield to 2025-02-21 00:00:00+00:00, run_after=2025-02-22 00:00:00+00:00
[2025-02-22T11:47:30.987-0300] {logging_mixin.py:190} INFO - [2025-02-22T11:47:30.987-0300] {dag.py:4180} INFO - Setting next_dagrun for dataset_with_extra_from_classic_operator to 2025-02-21 00:00:00+00:00, run_after=2025-02-22 00:00:00+00:00
[2025-02-22T11:47:31.003-0300] {processor.py:208} INFO - Processing /home/lpimenta/pipelineAf/airflow_env/lib/python3.10/site-packages/airflow/example_dags/example_outlet_event_extra.py took 0.061 seconds
[2025-02-22T11:48:36.474-0300] {processor.py:186} INFO - Started process (PID=5693) to work on /home/lpimenta/pipelineAf/airflow_env/lib/python3.10/site-packages/airflow/example_dags/example_outlet_event_extra.py
[2025-02-22T11:48:36.476-0300] {processor.py:914} INFO - Processing file /home/lpimenta/pipelineAf/airflow_env/lib/python3.10/site-packages/airflow/example_dags/example_outlet_event_extra.py for tasks to queue
[2025-02-22T11:48:36.477-0300] {logging_mixin.py:190} INFO - [2025-02-22T11:48:36.477-0300] {dagbag.py:588} INFO - Filling up the DagBag from /home/lpimenta/pipelineAf/airflow_env/lib/python3.10/site-packages/airflow/example_dags/example_outlet_event_extra.py
[2025-02-22T11:48:36.485-0300] {processor.py:925} INFO - DAG(s) 'dataset_with_extra_by_context', 'dataset_with_extra_from_classic_operator', 'dataset_with_extra_by_yield' retrieved from /home/lpimenta/pipelineAf/airflow_env/lib/python3.10/site-packages/airflow/example_dags/example_outlet_event_extra.py
[2025-02-22T11:48:36.497-0300] {logging_mixin.py:190} INFO - [2025-02-22T11:48:36.497-0300] {dag.py:3239} INFO - Sync 3 DAGs
[2025-02-22T11:48:36.509-0300] {logging_mixin.py:190} INFO - [2025-02-22T11:48:36.508-0300] {dag.py:4180} INFO - Setting next_dagrun for dataset_with_extra_by_context to 2025-02-21 00:00:00+00:00, run_after=2025-02-22 00:00:00+00:00
[2025-02-22T11:48:36.511-0300] {logging_mixin.py:190} INFO - [2025-02-22T11:48:36.511-0300] {dag.py:4180} INFO - Setting next_dagrun for dataset_with_extra_by_yield to 2025-02-21 00:00:00+00:00, run_after=2025-02-22 00:00:00+00:00
[2025-02-22T11:48:36.512-0300] {logging_mixin.py:190} INFO - [2025-02-22T11:48:36.512-0300] {dag.py:4180} INFO - Setting next_dagrun for dataset_with_extra_from_classic_operator to 2025-02-21 00:00:00+00:00, run_after=2025-02-22 00:00:00+00:00
[2025-02-22T11:48:36.530-0300] {processor.py:208} INFO - Processing /home/lpimenta/pipelineAf/airflow_env/lib/python3.10/site-packages/airflow/example_dags/example_outlet_event_extra.py took 0.059 seconds
