[2025-02-22T11:40:47.292-0300] {processor.py:186} INFO - Started process (PID=3875) to work on /home/lpimenta/pipelineAf/airflow_env/lib/python3.10/site-packages/airflow/example_dags/example_dataset_alias.py
[2025-02-22T11:40:47.292-0300] {processor.py:914} INFO - Processing file /home/lpimenta/pipelineAf/airflow_env/lib/python3.10/site-packages/airflow/example_dags/example_dataset_alias.py for tasks to queue
[2025-02-22T11:40:47.293-0300] {logging_mixin.py:190} INFO - [2025-02-22T11:40:47.293-0300] {dagbag.py:588} INFO - Filling up the DagBag from /home/lpimenta/pipelineAf/airflow_env/lib/python3.10/site-packages/airflow/example_dags/example_dataset_alias.py
[2025-02-22T11:40:47.305-0300] {processor.py:925} INFO - DAG(s) 'dataset_s3_bucket_consumer', 'dataset_alias_example_alias_producer', 'dataset_alias_example_alias_consumer', 'dataset_s3_bucket_producer' retrieved from /home/lpimenta/pipelineAf/airflow_env/lib/python3.10/site-packages/airflow/example_dags/example_dataset_alias.py
[2025-02-22T11:40:47.418-0300] {logging_mixin.py:190} INFO - [2025-02-22T11:40:47.418-0300] {override.py:1930} INFO - Created Permission View: can read on DAG:dataset_s3_bucket_consumer
[2025-02-22T11:40:47.428-0300] {logging_mixin.py:190} INFO - [2025-02-22T11:40:47.427-0300] {override.py:1930} INFO - Created Permission View: can edit on DAG:dataset_s3_bucket_consumer
[2025-02-22T11:40:47.436-0300] {logging_mixin.py:190} INFO - [2025-02-22T11:40:47.436-0300] {override.py:1930} INFO - Created Permission View: can delete on DAG:dataset_s3_bucket_consumer
[2025-02-22T11:40:47.449-0300] {logging_mixin.py:190} INFO - [2025-02-22T11:40:47.449-0300] {override.py:1930} INFO - Created Permission View: can read on DAG Run:dataset_s3_bucket_consumer
[2025-02-22T11:40:47.456-0300] {logging_mixin.py:190} INFO - [2025-02-22T11:40:47.456-0300] {override.py:1930} INFO - Created Permission View: can delete on DAG Run:dataset_s3_bucket_consumer
[2025-02-22T11:40:47.463-0300] {logging_mixin.py:190} INFO - [2025-02-22T11:40:47.463-0300] {override.py:1930} INFO - Created Permission View: menu access on DAG Run:dataset_s3_bucket_consumer
[2025-02-22T11:40:47.470-0300] {logging_mixin.py:190} INFO - [2025-02-22T11:40:47.470-0300] {override.py:1930} INFO - Created Permission View: can create on DAG Run:dataset_s3_bucket_consumer
[2025-02-22T11:40:47.488-0300] {logging_mixin.py:190} INFO - [2025-02-22T11:40:47.487-0300] {override.py:1930} INFO - Created Permission View: can read on DAG:dataset_alias_example_alias_producer
[2025-02-22T11:40:47.495-0300] {logging_mixin.py:190} INFO - [2025-02-22T11:40:47.495-0300] {override.py:1930} INFO - Created Permission View: can edit on DAG:dataset_alias_example_alias_producer
[2025-02-22T11:40:47.502-0300] {logging_mixin.py:190} INFO - [2025-02-22T11:40:47.502-0300] {override.py:1930} INFO - Created Permission View: can delete on DAG:dataset_alias_example_alias_producer
[2025-02-22T11:40:47.514-0300] {logging_mixin.py:190} INFO - [2025-02-22T11:40:47.514-0300] {override.py:1930} INFO - Created Permission View: can read on DAG Run:dataset_alias_example_alias_producer
[2025-02-22T11:40:47.522-0300] {logging_mixin.py:190} INFO - [2025-02-22T11:40:47.521-0300] {override.py:1930} INFO - Created Permission View: can delete on DAG Run:dataset_alias_example_alias_producer
[2025-02-22T11:40:47.529-0300] {logging_mixin.py:190} INFO - [2025-02-22T11:40:47.528-0300] {override.py:1930} INFO - Created Permission View: menu access on DAG Run:dataset_alias_example_alias_producer
[2025-02-22T11:40:47.536-0300] {logging_mixin.py:190} INFO - [2025-02-22T11:40:47.536-0300] {override.py:1930} INFO - Created Permission View: can create on DAG Run:dataset_alias_example_alias_producer
[2025-02-22T11:40:47.553-0300] {logging_mixin.py:190} INFO - [2025-02-22T11:40:47.552-0300] {override.py:1930} INFO - Created Permission View: can read on DAG:dataset_alias_example_alias_consumer
[2025-02-22T11:40:47.560-0300] {logging_mixin.py:190} INFO - [2025-02-22T11:40:47.560-0300] {override.py:1930} INFO - Created Permission View: can edit on DAG:dataset_alias_example_alias_consumer
[2025-02-22T11:40:47.568-0300] {logging_mixin.py:190} INFO - [2025-02-22T11:40:47.567-0300] {override.py:1930} INFO - Created Permission View: can delete on DAG:dataset_alias_example_alias_consumer
[2025-02-22T11:40:47.579-0300] {logging_mixin.py:190} INFO - [2025-02-22T11:40:47.579-0300] {override.py:1930} INFO - Created Permission View: can read on DAG Run:dataset_alias_example_alias_consumer
[2025-02-22T11:40:47.586-0300] {logging_mixin.py:190} INFO - [2025-02-22T11:40:47.586-0300] {override.py:1930} INFO - Created Permission View: can delete on DAG Run:dataset_alias_example_alias_consumer
[2025-02-22T11:40:47.596-0300] {logging_mixin.py:190} INFO - [2025-02-22T11:40:47.595-0300] {override.py:1930} INFO - Created Permission View: menu access on DAG Run:dataset_alias_example_alias_consumer
[2025-02-22T11:40:47.603-0300] {logging_mixin.py:190} INFO - [2025-02-22T11:40:47.603-0300] {override.py:1930} INFO - Created Permission View: can create on DAG Run:dataset_alias_example_alias_consumer
[2025-02-22T11:40:47.619-0300] {logging_mixin.py:190} INFO - [2025-02-22T11:40:47.619-0300] {override.py:1930} INFO - Created Permission View: can read on DAG:dataset_s3_bucket_producer
[2025-02-22T11:40:47.626-0300] {logging_mixin.py:190} INFO - [2025-02-22T11:40:47.626-0300] {override.py:1930} INFO - Created Permission View: can edit on DAG:dataset_s3_bucket_producer
[2025-02-22T11:40:47.632-0300] {logging_mixin.py:190} INFO - [2025-02-22T11:40:47.632-0300] {override.py:1930} INFO - Created Permission View: can delete on DAG:dataset_s3_bucket_producer
[2025-02-22T11:40:47.645-0300] {logging_mixin.py:190} INFO - [2025-02-22T11:40:47.645-0300] {override.py:1930} INFO - Created Permission View: can read on DAG Run:dataset_s3_bucket_producer
[2025-02-22T11:40:47.653-0300] {logging_mixin.py:190} INFO - [2025-02-22T11:40:47.653-0300] {override.py:1930} INFO - Created Permission View: can delete on DAG Run:dataset_s3_bucket_producer
[2025-02-22T11:40:47.660-0300] {logging_mixin.py:190} INFO - [2025-02-22T11:40:47.660-0300] {override.py:1930} INFO - Created Permission View: menu access on DAG Run:dataset_s3_bucket_producer
[2025-02-22T11:40:47.668-0300] {logging_mixin.py:190} INFO - [2025-02-22T11:40:47.668-0300] {override.py:1930} INFO - Created Permission View: can create on DAG Run:dataset_s3_bucket_producer
[2025-02-22T11:40:47.668-0300] {logging_mixin.py:190} INFO - [2025-02-22T11:40:47.668-0300] {dag.py:3239} INFO - Sync 4 DAGs
[2025-02-22T11:40:47.674-0300] {logging_mixin.py:190} INFO - [2025-02-22T11:40:47.674-0300] {dag.py:3262} INFO - Creating ORM DAG for dataset_s3_bucket_producer
[2025-02-22T11:40:47.675-0300] {logging_mixin.py:190} INFO - [2025-02-22T11:40:47.675-0300] {dag.py:3262} INFO - Creating ORM DAG for dataset_alias_example_alias_producer
[2025-02-22T11:40:47.675-0300] {logging_mixin.py:190} INFO - [2025-02-22T11:40:47.675-0300] {dag.py:3262} INFO - Creating ORM DAG for dataset_alias_example_alias_consumer
[2025-02-22T11:40:47.675-0300] {logging_mixin.py:190} INFO - [2025-02-22T11:40:47.675-0300] {dag.py:3262} INFO - Creating ORM DAG for dataset_s3_bucket_consumer
[2025-02-22T11:40:47.679-0300] {logging_mixin.py:190} INFO - [2025-02-22T11:40:47.679-0300] {dag.py:4180} INFO - Setting next_dagrun for dataset_alias_example_alias_consumer to None, run_after=None
[2025-02-22T11:40:47.679-0300] {logging_mixin.py:190} INFO - [2025-02-22T11:40:47.679-0300] {dag.py:4180} INFO - Setting next_dagrun for dataset_alias_example_alias_producer to None, run_after=None
[2025-02-22T11:40:47.679-0300] {logging_mixin.py:190} INFO - [2025-02-22T11:40:47.679-0300] {dag.py:4180} INFO - Setting next_dagrun for dataset_s3_bucket_consumer to None, run_after=None
[2025-02-22T11:40:47.680-0300] {logging_mixin.py:190} INFO - [2025-02-22T11:40:47.680-0300] {dag.py:4180} INFO - Setting next_dagrun for dataset_s3_bucket_producer to None, run_after=None
[2025-02-22T11:40:47.697-0300] {processor.py:208} INFO - Processing /home/lpimenta/pipelineAf/airflow_env/lib/python3.10/site-packages/airflow/example_dags/example_dataset_alias.py took 0.409 seconds
[2025-02-22T11:41:57.146-0300] {processor.py:186} INFO - Started process (PID=4224) to work on /home/lpimenta/pipelineAf/airflow_env/lib/python3.10/site-packages/airflow/example_dags/example_dataset_alias.py
[2025-02-22T11:41:57.152-0300] {processor.py:914} INFO - Processing file /home/lpimenta/pipelineAf/airflow_env/lib/python3.10/site-packages/airflow/example_dags/example_dataset_alias.py for tasks to queue
[2025-02-22T11:41:57.154-0300] {logging_mixin.py:190} INFO - [2025-02-22T11:41:57.154-0300] {dagbag.py:588} INFO - Filling up the DagBag from /home/lpimenta/pipelineAf/airflow_env/lib/python3.10/site-packages/airflow/example_dags/example_dataset_alias.py
[2025-02-22T11:41:57.168-0300] {processor.py:925} INFO - DAG(s) 'dataset_alias_example_alias_producer', 'dataset_s3_bucket_producer', 'dataset_s3_bucket_consumer', 'dataset_alias_example_alias_consumer' retrieved from /home/lpimenta/pipelineAf/airflow_env/lib/python3.10/site-packages/airflow/example_dags/example_dataset_alias.py
[2025-02-22T11:41:57.179-0300] {logging_mixin.py:190} INFO - [2025-02-22T11:41:57.179-0300] {dag.py:3239} INFO - Sync 4 DAGs
[2025-02-22T11:41:57.191-0300] {logging_mixin.py:190} INFO - [2025-02-22T11:41:57.191-0300] {dag.py:4180} INFO - Setting next_dagrun for dataset_alias_example_alias_consumer to None, run_after=None
[2025-02-22T11:41:57.192-0300] {logging_mixin.py:190} INFO - [2025-02-22T11:41:57.192-0300] {dag.py:4180} INFO - Setting next_dagrun for dataset_alias_example_alias_producer to None, run_after=None
[2025-02-22T11:41:57.192-0300] {logging_mixin.py:190} INFO - [2025-02-22T11:41:57.192-0300] {dag.py:4180} INFO - Setting next_dagrun for dataset_s3_bucket_consumer to None, run_after=None
[2025-02-22T11:41:57.193-0300] {logging_mixin.py:190} INFO - [2025-02-22T11:41:57.193-0300] {dag.py:4180} INFO - Setting next_dagrun for dataset_s3_bucket_producer to None, run_after=None
[2025-02-22T11:41:57.209-0300] {processor.py:208} INFO - Processing /home/lpimenta/pipelineAf/airflow_env/lib/python3.10/site-packages/airflow/example_dags/example_dataset_alias.py took 0.067 seconds
[2025-02-22T11:42:54.095-0300] {processor.py:186} INFO - Started process (PID=4444) to work on /home/lpimenta/pipelineAf/airflow_env/lib/python3.10/site-packages/airflow/example_dags/example_dataset_alias.py
[2025-02-22T11:42:54.098-0300] {processor.py:914} INFO - Processing file /home/lpimenta/pipelineAf/airflow_env/lib/python3.10/site-packages/airflow/example_dags/example_dataset_alias.py for tasks to queue
[2025-02-22T11:42:54.099-0300] {logging_mixin.py:190} INFO - [2025-02-22T11:42:54.099-0300] {dagbag.py:588} INFO - Filling up the DagBag from /home/lpimenta/pipelineAf/airflow_env/lib/python3.10/site-packages/airflow/example_dags/example_dataset_alias.py
[2025-02-22T11:42:54.112-0300] {processor.py:925} INFO - DAG(s) 'dataset_alias_example_alias_consumer', 'dataset_alias_example_alias_producer', 'dataset_s3_bucket_consumer', 'dataset_s3_bucket_producer' retrieved from /home/lpimenta/pipelineAf/airflow_env/lib/python3.10/site-packages/airflow/example_dags/example_dataset_alias.py
[2025-02-22T11:42:54.124-0300] {logging_mixin.py:190} INFO - [2025-02-22T11:42:54.124-0300] {dag.py:3239} INFO - Sync 4 DAGs
[2025-02-22T11:42:54.136-0300] {logging_mixin.py:190} INFO - [2025-02-22T11:42:54.136-0300] {dag.py:4180} INFO - Setting next_dagrun for dataset_alias_example_alias_consumer to None, run_after=None
[2025-02-22T11:42:54.137-0300] {logging_mixin.py:190} INFO - [2025-02-22T11:42:54.137-0300] {dag.py:4180} INFO - Setting next_dagrun for dataset_alias_example_alias_producer to None, run_after=None
[2025-02-22T11:42:54.138-0300] {logging_mixin.py:190} INFO - [2025-02-22T11:42:54.138-0300] {dag.py:4180} INFO - Setting next_dagrun for dataset_s3_bucket_consumer to None, run_after=None
[2025-02-22T11:42:54.138-0300] {logging_mixin.py:190} INFO - [2025-02-22T11:42:54.138-0300] {dag.py:4180} INFO - Setting next_dagrun for dataset_s3_bucket_producer to None, run_after=None
[2025-02-22T11:42:54.157-0300] {processor.py:208} INFO - Processing /home/lpimenta/pipelineAf/airflow_env/lib/python3.10/site-packages/airflow/example_dags/example_dataset_alias.py took 0.066 seconds
[2025-02-22T11:44:02.159-0300] {processor.py:186} INFO - Started process (PID=4692) to work on /home/lpimenta/pipelineAf/airflow_env/lib/python3.10/site-packages/airflow/example_dags/example_dataset_alias.py
[2025-02-22T11:44:02.164-0300] {processor.py:914} INFO - Processing file /home/lpimenta/pipelineAf/airflow_env/lib/python3.10/site-packages/airflow/example_dags/example_dataset_alias.py for tasks to queue
[2025-02-22T11:44:02.165-0300] {logging_mixin.py:190} INFO - [2025-02-22T11:44:02.165-0300] {dagbag.py:588} INFO - Filling up the DagBag from /home/lpimenta/pipelineAf/airflow_env/lib/python3.10/site-packages/airflow/example_dags/example_dataset_alias.py
[2025-02-22T11:44:02.180-0300] {processor.py:925} INFO - DAG(s) 'dataset_s3_bucket_producer', 'dataset_alias_example_alias_producer', 'dataset_alias_example_alias_consumer', 'dataset_s3_bucket_consumer' retrieved from /home/lpimenta/pipelineAf/airflow_env/lib/python3.10/site-packages/airflow/example_dags/example_dataset_alias.py
[2025-02-22T11:44:02.191-0300] {logging_mixin.py:190} INFO - [2025-02-22T11:44:02.191-0300] {dag.py:3239} INFO - Sync 4 DAGs
[2025-02-22T11:44:02.204-0300] {logging_mixin.py:190} INFO - [2025-02-22T11:44:02.203-0300] {dag.py:4180} INFO - Setting next_dagrun for dataset_alias_example_alias_consumer to None, run_after=None
[2025-02-22T11:44:02.205-0300] {logging_mixin.py:190} INFO - [2025-02-22T11:44:02.205-0300] {dag.py:4180} INFO - Setting next_dagrun for dataset_alias_example_alias_producer to None, run_after=None
[2025-02-22T11:44:02.206-0300] {logging_mixin.py:190} INFO - [2025-02-22T11:44:02.206-0300] {dag.py:4180} INFO - Setting next_dagrun for dataset_s3_bucket_consumer to None, run_after=None
[2025-02-22T11:44:02.207-0300] {logging_mixin.py:190} INFO - [2025-02-22T11:44:02.207-0300] {dag.py:4180} INFO - Setting next_dagrun for dataset_s3_bucket_producer to None, run_after=None
[2025-02-22T11:44:02.223-0300] {processor.py:208} INFO - Processing /home/lpimenta/pipelineAf/airflow_env/lib/python3.10/site-packages/airflow/example_dags/example_dataset_alias.py took 0.068 seconds
[2025-02-22T11:45:05.796-0300] {processor.py:186} INFO - Started process (PID=4921) to work on /home/lpimenta/pipelineAf/airflow_env/lib/python3.10/site-packages/airflow/example_dags/example_dataset_alias.py
[2025-02-22T11:45:05.798-0300] {processor.py:914} INFO - Processing file /home/lpimenta/pipelineAf/airflow_env/lib/python3.10/site-packages/airflow/example_dags/example_dataset_alias.py for tasks to queue
[2025-02-22T11:45:05.799-0300] {logging_mixin.py:190} INFO - [2025-02-22T11:45:05.799-0300] {dagbag.py:588} INFO - Filling up the DagBag from /home/lpimenta/pipelineAf/airflow_env/lib/python3.10/site-packages/airflow/example_dags/example_dataset_alias.py
[2025-02-22T11:45:05.817-0300] {processor.py:925} INFO - DAG(s) 'dataset_s3_bucket_consumer', 'dataset_s3_bucket_producer', 'dataset_alias_example_alias_consumer', 'dataset_alias_example_alias_producer' retrieved from /home/lpimenta/pipelineAf/airflow_env/lib/python3.10/site-packages/airflow/example_dags/example_dataset_alias.py
[2025-02-22T11:45:05.828-0300] {logging_mixin.py:190} INFO - [2025-02-22T11:45:05.828-0300] {dag.py:3239} INFO - Sync 4 DAGs
[2025-02-22T11:45:05.840-0300] {logging_mixin.py:190} INFO - [2025-02-22T11:45:05.840-0300] {dag.py:4180} INFO - Setting next_dagrun for dataset_alias_example_alias_consumer to None, run_after=None
[2025-02-22T11:45:05.842-0300] {logging_mixin.py:190} INFO - [2025-02-22T11:45:05.842-0300] {dag.py:4180} INFO - Setting next_dagrun for dataset_alias_example_alias_producer to None, run_after=None
[2025-02-22T11:45:05.843-0300] {logging_mixin.py:190} INFO - [2025-02-22T11:45:05.843-0300] {dag.py:4180} INFO - Setting next_dagrun for dataset_s3_bucket_consumer to None, run_after=None
[2025-02-22T11:45:05.843-0300] {logging_mixin.py:190} INFO - [2025-02-22T11:45:05.843-0300] {dag.py:4180} INFO - Setting next_dagrun for dataset_s3_bucket_producer to None, run_after=None
[2025-02-22T11:45:05.866-0300] {processor.py:208} INFO - Processing /home/lpimenta/pipelineAf/airflow_env/lib/python3.10/site-packages/airflow/example_dags/example_dataset_alias.py took 0.075 seconds
[2025-02-22T11:46:09.458-0300] {processor.py:186} INFO - Started process (PID=5156) to work on /home/lpimenta/pipelineAf/airflow_env/lib/python3.10/site-packages/airflow/example_dags/example_dataset_alias.py
[2025-02-22T11:46:09.461-0300] {processor.py:914} INFO - Processing file /home/lpimenta/pipelineAf/airflow_env/lib/python3.10/site-packages/airflow/example_dags/example_dataset_alias.py for tasks to queue
[2025-02-22T11:46:09.462-0300] {logging_mixin.py:190} INFO - [2025-02-22T11:46:09.461-0300] {dagbag.py:588} INFO - Filling up the DagBag from /home/lpimenta/pipelineAf/airflow_env/lib/python3.10/site-packages/airflow/example_dags/example_dataset_alias.py
[2025-02-22T11:46:09.475-0300] {processor.py:925} INFO - DAG(s) 'dataset_alias_example_alias_consumer', 'dataset_s3_bucket_producer', 'dataset_alias_example_alias_producer', 'dataset_s3_bucket_consumer' retrieved from /home/lpimenta/pipelineAf/airflow_env/lib/python3.10/site-packages/airflow/example_dags/example_dataset_alias.py
[2025-02-22T11:46:09.486-0300] {logging_mixin.py:190} INFO - [2025-02-22T11:46:09.486-0300] {dag.py:3239} INFO - Sync 4 DAGs
[2025-02-22T11:46:09.499-0300] {logging_mixin.py:190} INFO - [2025-02-22T11:46:09.499-0300] {dag.py:4180} INFO - Setting next_dagrun for dataset_alias_example_alias_consumer to None, run_after=None
[2025-02-22T11:46:09.500-0300] {logging_mixin.py:190} INFO - [2025-02-22T11:46:09.500-0300] {dag.py:4180} INFO - Setting next_dagrun for dataset_alias_example_alias_producer to None, run_after=None
[2025-02-22T11:46:09.502-0300] {logging_mixin.py:190} INFO - [2025-02-22T11:46:09.501-0300] {dag.py:4180} INFO - Setting next_dagrun for dataset_s3_bucket_consumer to None, run_after=None
[2025-02-22T11:46:09.502-0300] {logging_mixin.py:190} INFO - [2025-02-22T11:46:09.502-0300] {dag.py:4180} INFO - Setting next_dagrun for dataset_s3_bucket_producer to None, run_after=None
[2025-02-22T11:46:09.519-0300] {processor.py:208} INFO - Processing /home/lpimenta/pipelineAf/airflow_env/lib/python3.10/site-packages/airflow/example_dags/example_dataset_alias.py took 0.065 seconds
[2025-02-22T11:47:16.509-0300] {processor.py:186} INFO - Started process (PID=5400) to work on /home/lpimenta/pipelineAf/airflow_env/lib/python3.10/site-packages/airflow/example_dags/example_dataset_alias.py
[2025-02-22T11:47:16.511-0300] {processor.py:914} INFO - Processing file /home/lpimenta/pipelineAf/airflow_env/lib/python3.10/site-packages/airflow/example_dags/example_dataset_alias.py for tasks to queue
[2025-02-22T11:47:16.511-0300] {logging_mixin.py:190} INFO - [2025-02-22T11:47:16.511-0300] {dagbag.py:588} INFO - Filling up the DagBag from /home/lpimenta/pipelineAf/airflow_env/lib/python3.10/site-packages/airflow/example_dags/example_dataset_alias.py
[2025-02-22T11:47:16.526-0300] {processor.py:925} INFO - DAG(s) 'dataset_s3_bucket_producer', 'dataset_alias_example_alias_consumer', 'dataset_s3_bucket_consumer', 'dataset_alias_example_alias_producer' retrieved from /home/lpimenta/pipelineAf/airflow_env/lib/python3.10/site-packages/airflow/example_dags/example_dataset_alias.py
[2025-02-22T11:47:16.536-0300] {logging_mixin.py:190} INFO - [2025-02-22T11:47:16.536-0300] {dag.py:3239} INFO - Sync 4 DAGs
[2025-02-22T11:47:16.547-0300] {logging_mixin.py:190} INFO - [2025-02-22T11:47:16.547-0300] {dag.py:4180} INFO - Setting next_dagrun for dataset_alias_example_alias_consumer to None, run_after=None
[2025-02-22T11:47:16.548-0300] {logging_mixin.py:190} INFO - [2025-02-22T11:47:16.548-0300] {dag.py:4180} INFO - Setting next_dagrun for dataset_alias_example_alias_producer to None, run_after=None
[2025-02-22T11:47:16.548-0300] {logging_mixin.py:190} INFO - [2025-02-22T11:47:16.548-0300] {dag.py:4180} INFO - Setting next_dagrun for dataset_s3_bucket_consumer to None, run_after=None
[2025-02-22T11:47:16.549-0300] {logging_mixin.py:190} INFO - [2025-02-22T11:47:16.549-0300] {dag.py:4180} INFO - Setting next_dagrun for dataset_s3_bucket_producer to None, run_after=None
[2025-02-22T11:47:16.564-0300] {processor.py:208} INFO - Processing /home/lpimenta/pipelineAf/airflow_env/lib/python3.10/site-packages/airflow/example_dags/example_dataset_alias.py took 0.060 seconds
[2025-02-22T11:48:17.465-0300] {processor.py:186} INFO - Started process (PID=5631) to work on /home/lpimenta/pipelineAf/airflow_env/lib/python3.10/site-packages/airflow/example_dags/example_dataset_alias.py
[2025-02-22T11:48:17.468-0300] {processor.py:914} INFO - Processing file /home/lpimenta/pipelineAf/airflow_env/lib/python3.10/site-packages/airflow/example_dags/example_dataset_alias.py for tasks to queue
[2025-02-22T11:48:17.468-0300] {logging_mixin.py:190} INFO - [2025-02-22T11:48:17.468-0300] {dagbag.py:588} INFO - Filling up the DagBag from /home/lpimenta/pipelineAf/airflow_env/lib/python3.10/site-packages/airflow/example_dags/example_dataset_alias.py
[2025-02-22T11:48:17.481-0300] {processor.py:925} INFO - DAG(s) 'dataset_alias_example_alias_producer', 'dataset_s3_bucket_consumer', 'dataset_s3_bucket_producer', 'dataset_alias_example_alias_consumer' retrieved from /home/lpimenta/pipelineAf/airflow_env/lib/python3.10/site-packages/airflow/example_dags/example_dataset_alias.py
[2025-02-22T11:48:17.491-0300] {logging_mixin.py:190} INFO - [2025-02-22T11:48:17.491-0300] {dag.py:3239} INFO - Sync 4 DAGs
[2025-02-22T11:48:17.502-0300] {logging_mixin.py:190} INFO - [2025-02-22T11:48:17.502-0300] {dag.py:4180} INFO - Setting next_dagrun for dataset_alias_example_alias_consumer to None, run_after=None
[2025-02-22T11:48:17.503-0300] {logging_mixin.py:190} INFO - [2025-02-22T11:48:17.503-0300] {dag.py:4180} INFO - Setting next_dagrun for dataset_alias_example_alias_producer to None, run_after=None
[2025-02-22T11:48:17.504-0300] {logging_mixin.py:190} INFO - [2025-02-22T11:48:17.504-0300] {dag.py:4180} INFO - Setting next_dagrun for dataset_s3_bucket_consumer to None, run_after=None
[2025-02-22T11:48:17.504-0300] {logging_mixin.py:190} INFO - [2025-02-22T11:48:17.504-0300] {dag.py:4180} INFO - Setting next_dagrun for dataset_s3_bucket_producer to None, run_after=None
[2025-02-22T11:48:17.521-0300] {processor.py:208} INFO - Processing /home/lpimenta/pipelineAf/airflow_env/lib/python3.10/site-packages/airflow/example_dags/example_dataset_alias.py took 0.060 seconds
[2025-02-22T11:49:19.309-0300] {processor.py:186} INFO - Started process (PID=5891) to work on /home/lpimenta/pipelineAf/airflow_env/lib/python3.10/site-packages/airflow/example_dags/example_dataset_alias.py
[2025-02-22T11:49:19.311-0300] {processor.py:914} INFO - Processing file /home/lpimenta/pipelineAf/airflow_env/lib/python3.10/site-packages/airflow/example_dags/example_dataset_alias.py for tasks to queue
[2025-02-22T11:49:19.312-0300] {logging_mixin.py:190} INFO - [2025-02-22T11:49:19.312-0300] {dagbag.py:588} INFO - Filling up the DagBag from /home/lpimenta/pipelineAf/airflow_env/lib/python3.10/site-packages/airflow/example_dags/example_dataset_alias.py
[2025-02-22T11:49:19.328-0300] {processor.py:925} INFO - DAG(s) 'dataset_s3_bucket_consumer', 'dataset_s3_bucket_producer', 'dataset_alias_example_alias_consumer', 'dataset_alias_example_alias_producer' retrieved from /home/lpimenta/pipelineAf/airflow_env/lib/python3.10/site-packages/airflow/example_dags/example_dataset_alias.py
[2025-02-22T11:49:19.344-0300] {logging_mixin.py:190} INFO - [2025-02-22T11:49:19.344-0300] {dag.py:3239} INFO - Sync 4 DAGs
[2025-02-22T11:49:19.357-0300] {logging_mixin.py:190} INFO - [2025-02-22T11:49:19.357-0300] {dag.py:4180} INFO - Setting next_dagrun for dataset_alias_example_alias_consumer to None, run_after=None
[2025-02-22T11:49:19.359-0300] {logging_mixin.py:190} INFO - [2025-02-22T11:49:19.359-0300] {dag.py:4180} INFO - Setting next_dagrun for dataset_alias_example_alias_producer to None, run_after=None
[2025-02-22T11:49:19.359-0300] {logging_mixin.py:190} INFO - [2025-02-22T11:49:19.359-0300] {dag.py:4180} INFO - Setting next_dagrun for dataset_s3_bucket_consumer to None, run_after=None
[2025-02-22T11:49:19.360-0300] {logging_mixin.py:190} INFO - [2025-02-22T11:49:19.360-0300] {dag.py:4180} INFO - Setting next_dagrun for dataset_s3_bucket_producer to None, run_after=None
[2025-02-22T11:49:19.378-0300] {processor.py:208} INFO - Processing /home/lpimenta/pipelineAf/airflow_env/lib/python3.10/site-packages/airflow/example_dags/example_dataset_alias.py took 0.072 seconds
