[2025-02-22T11:40:40.726-0300] {processor.py:186} INFO - Started process (PID=3849) to work on /home/lpimenta/pipelineAf/airflow_env/lib/python3.10/site-packages/airflow/example_dags/example_display_name.py
[2025-02-22T11:40:40.726-0300] {processor.py:914} INFO - Processing file /home/lpimenta/pipelineAf/airflow_env/lib/python3.10/site-packages/airflow/example_dags/example_display_name.py for tasks to queue
[2025-02-22T11:40:40.727-0300] {logging_mixin.py:190} INFO - [2025-02-22T11:40:40.727-0300] {dagbag.py:588} INFO - Filling up the DagBag from /home/lpimenta/pipelineAf/airflow_env/lib/python3.10/site-packages/airflow/example_dags/example_display_name.py
[2025-02-22T11:40:40.732-0300] {processor.py:925} INFO - DAG(s) 'example_display_name' retrieved from /home/lpimenta/pipelineAf/airflow_env/lib/python3.10/site-packages/airflow/example_dags/example_display_name.py
[2025-02-22T11:40:40.850-0300] {logging_mixin.py:190} INFO - [2025-02-22T11:40:40.850-0300] {override.py:1930} INFO - Created Permission View: can read on DAG:example_display_name
[2025-02-22T11:40:40.859-0300] {logging_mixin.py:190} INFO - [2025-02-22T11:40:40.859-0300] {override.py:1930} INFO - Created Permission View: can edit on DAG:example_display_name
[2025-02-22T11:40:40.867-0300] {logging_mixin.py:190} INFO - [2025-02-22T11:40:40.866-0300] {override.py:1930} INFO - Created Permission View: can delete on DAG:example_display_name
[2025-02-22T11:40:40.880-0300] {logging_mixin.py:190} INFO - [2025-02-22T11:40:40.880-0300] {override.py:1930} INFO - Created Permission View: can read on DAG Run:example_display_name
[2025-02-22T11:40:40.888-0300] {logging_mixin.py:190} INFO - [2025-02-22T11:40:40.888-0300] {override.py:1930} INFO - Created Permission View: can delete on DAG Run:example_display_name
[2025-02-22T11:40:40.895-0300] {logging_mixin.py:190} INFO - [2025-02-22T11:40:40.895-0300] {override.py:1930} INFO - Created Permission View: menu access on DAG Run:example_display_name
[2025-02-22T11:40:40.903-0300] {logging_mixin.py:190} INFO - [2025-02-22T11:40:40.902-0300] {override.py:1930} INFO - Created Permission View: can create on DAG Run:example_display_name
[2025-02-22T11:40:40.903-0300] {logging_mixin.py:190} INFO - [2025-02-22T11:40:40.903-0300] {dag.py:3239} INFO - Sync 1 DAGs
[2025-02-22T11:40:40.909-0300] {logging_mixin.py:190} INFO - [2025-02-22T11:40:40.909-0300] {dag.py:3262} INFO - Creating ORM DAG for example_display_name
[2025-02-22T11:40:40.910-0300] {logging_mixin.py:190} INFO - [2025-02-22T11:40:40.909-0300] {dag.py:4180} INFO - Setting next_dagrun for example_display_name to None, run_after=None
[2025-02-22T11:40:40.923-0300] {processor.py:208} INFO - Processing /home/lpimenta/pipelineAf/airflow_env/lib/python3.10/site-packages/airflow/example_dags/example_display_name.py took 0.201 seconds
[2025-02-22T11:41:52.096-0300] {processor.py:186} INFO - Started process (PID=4200) to work on /home/lpimenta/pipelineAf/airflow_env/lib/python3.10/site-packages/airflow/example_dags/example_display_name.py
[2025-02-22T11:41:52.097-0300] {processor.py:914} INFO - Processing file /home/lpimenta/pipelineAf/airflow_env/lib/python3.10/site-packages/airflow/example_dags/example_display_name.py for tasks to queue
[2025-02-22T11:41:52.099-0300] {logging_mixin.py:190} INFO - [2025-02-22T11:41:52.098-0300] {dagbag.py:588} INFO - Filling up the DagBag from /home/lpimenta/pipelineAf/airflow_env/lib/python3.10/site-packages/airflow/example_dags/example_display_name.py
[2025-02-22T11:41:52.104-0300] {processor.py:925} INFO - DAG(s) 'example_display_name' retrieved from /home/lpimenta/pipelineAf/airflow_env/lib/python3.10/site-packages/airflow/example_dags/example_display_name.py
[2025-02-22T11:41:52.114-0300] {logging_mixin.py:190} INFO - [2025-02-22T11:41:52.113-0300] {dag.py:3239} INFO - Sync 1 DAGs
[2025-02-22T11:41:52.121-0300] {logging_mixin.py:190} INFO - [2025-02-22T11:41:52.121-0300] {dag.py:4180} INFO - Setting next_dagrun for example_display_name to None, run_after=None
[2025-02-22T11:41:52.137-0300] {processor.py:208} INFO - Processing /home/lpimenta/pipelineAf/airflow_env/lib/python3.10/site-packages/airflow/example_dags/example_display_name.py took 0.045 seconds
[2025-02-22T11:42:50.099-0300] {processor.py:186} INFO - Started process (PID=4427) to work on /home/lpimenta/pipelineAf/airflow_env/lib/python3.10/site-packages/airflow/example_dags/example_display_name.py
[2025-02-22T11:42:50.102-0300] {processor.py:914} INFO - Processing file /home/lpimenta/pipelineAf/airflow_env/lib/python3.10/site-packages/airflow/example_dags/example_display_name.py for tasks to queue
[2025-02-22T11:42:50.103-0300] {logging_mixin.py:190} INFO - [2025-02-22T11:42:50.103-0300] {dagbag.py:588} INFO - Filling up the DagBag from /home/lpimenta/pipelineAf/airflow_env/lib/python3.10/site-packages/airflow/example_dags/example_display_name.py
[2025-02-22T11:42:50.108-0300] {processor.py:925} INFO - DAG(s) 'example_display_name' retrieved from /home/lpimenta/pipelineAf/airflow_env/lib/python3.10/site-packages/airflow/example_dags/example_display_name.py
[2025-02-22T11:42:50.116-0300] {logging_mixin.py:190} INFO - [2025-02-22T11:42:50.116-0300] {dag.py:3239} INFO - Sync 1 DAGs
[2025-02-22T11:42:50.123-0300] {logging_mixin.py:190} INFO - [2025-02-22T11:42:50.123-0300] {dag.py:4180} INFO - Setting next_dagrun for example_display_name to None, run_after=None
[2025-02-22T11:42:50.140-0300] {processor.py:208} INFO - Processing /home/lpimenta/pipelineAf/airflow_env/lib/python3.10/site-packages/airflow/example_dags/example_display_name.py took 0.045 seconds
[2025-02-22T11:43:57.394-0300] {processor.py:186} INFO - Started process (PID=4675) to work on /home/lpimenta/pipelineAf/airflow_env/lib/python3.10/site-packages/airflow/example_dags/example_display_name.py
[2025-02-22T11:43:57.395-0300] {processor.py:914} INFO - Processing file /home/lpimenta/pipelineAf/airflow_env/lib/python3.10/site-packages/airflow/example_dags/example_display_name.py for tasks to queue
[2025-02-22T11:43:57.396-0300] {logging_mixin.py:190} INFO - [2025-02-22T11:43:57.396-0300] {dagbag.py:588} INFO - Filling up the DagBag from /home/lpimenta/pipelineAf/airflow_env/lib/python3.10/site-packages/airflow/example_dags/example_display_name.py
[2025-02-22T11:43:57.401-0300] {processor.py:925} INFO - DAG(s) 'example_display_name' retrieved from /home/lpimenta/pipelineAf/airflow_env/lib/python3.10/site-packages/airflow/example_dags/example_display_name.py
[2025-02-22T11:43:57.410-0300] {logging_mixin.py:190} INFO - [2025-02-22T11:43:57.410-0300] {dag.py:3239} INFO - Sync 1 DAGs
[2025-02-22T11:43:57.417-0300] {logging_mixin.py:190} INFO - [2025-02-22T11:43:57.417-0300] {dag.py:4180} INFO - Setting next_dagrun for example_display_name to None, run_after=None
[2025-02-22T11:43:57.431-0300] {processor.py:208} INFO - Processing /home/lpimenta/pipelineAf/airflow_env/lib/python3.10/site-packages/airflow/example_dags/example_display_name.py took 0.040 seconds
[2025-02-22T11:45:00.667-0300] {processor.py:186} INFO - Started process (PID=4904) to work on /home/lpimenta/pipelineAf/airflow_env/lib/python3.10/site-packages/airflow/example_dags/example_display_name.py
[2025-02-22T11:45:00.668-0300] {processor.py:914} INFO - Processing file /home/lpimenta/pipelineAf/airflow_env/lib/python3.10/site-packages/airflow/example_dags/example_display_name.py for tasks to queue
[2025-02-22T11:45:00.670-0300] {logging_mixin.py:190} INFO - [2025-02-22T11:45:00.669-0300] {dagbag.py:588} INFO - Filling up the DagBag from /home/lpimenta/pipelineAf/airflow_env/lib/python3.10/site-packages/airflow/example_dags/example_display_name.py
[2025-02-22T11:45:00.675-0300] {processor.py:925} INFO - DAG(s) 'example_display_name' retrieved from /home/lpimenta/pipelineAf/airflow_env/lib/python3.10/site-packages/airflow/example_dags/example_display_name.py
[2025-02-22T11:45:00.683-0300] {logging_mixin.py:190} INFO - [2025-02-22T11:45:00.683-0300] {dag.py:3239} INFO - Sync 1 DAGs
[2025-02-22T11:45:00.691-0300] {logging_mixin.py:190} INFO - [2025-02-22T11:45:00.690-0300] {dag.py:4180} INFO - Setting next_dagrun for example_display_name to None, run_after=None
[2025-02-22T11:45:00.705-0300] {processor.py:208} INFO - Processing /home/lpimenta/pipelineAf/airflow_env/lib/python3.10/site-packages/airflow/example_dags/example_display_name.py took 0.042 seconds
[2025-02-22T11:46:04.329-0300] {processor.py:186} INFO - Started process (PID=5137) to work on /home/lpimenta/pipelineAf/airflow_env/lib/python3.10/site-packages/airflow/example_dags/example_display_name.py
[2025-02-22T11:46:04.330-0300] {processor.py:914} INFO - Processing file /home/lpimenta/pipelineAf/airflow_env/lib/python3.10/site-packages/airflow/example_dags/example_display_name.py for tasks to queue
[2025-02-22T11:46:04.330-0300] {logging_mixin.py:190} INFO - [2025-02-22T11:46:04.330-0300] {dagbag.py:588} INFO - Filling up the DagBag from /home/lpimenta/pipelineAf/airflow_env/lib/python3.10/site-packages/airflow/example_dags/example_display_name.py
[2025-02-22T11:46:04.338-0300] {processor.py:925} INFO - DAG(s) 'example_display_name' retrieved from /home/lpimenta/pipelineAf/airflow_env/lib/python3.10/site-packages/airflow/example_dags/example_display_name.py
[2025-02-22T11:46:04.368-0300] {logging_mixin.py:190} INFO - [2025-02-22T11:46:04.368-0300] {dag.py:3239} INFO - Sync 1 DAGs
[2025-02-22T11:46:04.375-0300] {logging_mixin.py:190} INFO - [2025-02-22T11:46:04.375-0300] {dag.py:4180} INFO - Setting next_dagrun for example_display_name to None, run_after=None
[2025-02-22T11:46:04.397-0300] {processor.py:208} INFO - Processing /home/lpimenta/pipelineAf/airflow_env/lib/python3.10/site-packages/airflow/example_dags/example_display_name.py took 0.072 seconds
[2025-02-22T11:47:11.830-0300] {processor.py:186} INFO - Started process (PID=5376) to work on /home/lpimenta/pipelineAf/airflow_env/lib/python3.10/site-packages/airflow/example_dags/example_display_name.py
[2025-02-22T11:47:11.832-0300] {processor.py:914} INFO - Processing file /home/lpimenta/pipelineAf/airflow_env/lib/python3.10/site-packages/airflow/example_dags/example_display_name.py for tasks to queue
[2025-02-22T11:47:11.833-0300] {logging_mixin.py:190} INFO - [2025-02-22T11:47:11.833-0300] {dagbag.py:588} INFO - Filling up the DagBag from /home/lpimenta/pipelineAf/airflow_env/lib/python3.10/site-packages/airflow/example_dags/example_display_name.py
[2025-02-22T11:47:11.841-0300] {processor.py:925} INFO - DAG(s) 'example_display_name' retrieved from /home/lpimenta/pipelineAf/airflow_env/lib/python3.10/site-packages/airflow/example_dags/example_display_name.py
[2025-02-22T11:47:11.850-0300] {logging_mixin.py:190} INFO - [2025-02-22T11:47:11.849-0300] {dag.py:3239} INFO - Sync 1 DAGs
[2025-02-22T11:47:11.859-0300] {logging_mixin.py:190} INFO - [2025-02-22T11:47:11.858-0300] {dag.py:4180} INFO - Setting next_dagrun for example_display_name to None, run_after=None
[2025-02-22T11:47:11.873-0300] {processor.py:208} INFO - Processing /home/lpimenta/pipelineAf/airflow_env/lib/python3.10/site-packages/airflow/example_dags/example_display_name.py took 0.048 seconds
[2025-02-22T11:48:12.797-0300] {processor.py:186} INFO - Started process (PID=5614) to work on /home/lpimenta/pipelineAf/airflow_env/lib/python3.10/site-packages/airflow/example_dags/example_display_name.py
[2025-02-22T11:48:12.798-0300] {processor.py:914} INFO - Processing file /home/lpimenta/pipelineAf/airflow_env/lib/python3.10/site-packages/airflow/example_dags/example_display_name.py for tasks to queue
[2025-02-22T11:48:12.799-0300] {logging_mixin.py:190} INFO - [2025-02-22T11:48:12.799-0300] {dagbag.py:588} INFO - Filling up the DagBag from /home/lpimenta/pipelineAf/airflow_env/lib/python3.10/site-packages/airflow/example_dags/example_display_name.py
[2025-02-22T11:48:12.805-0300] {processor.py:925} INFO - DAG(s) 'example_display_name' retrieved from /home/lpimenta/pipelineAf/airflow_env/lib/python3.10/site-packages/airflow/example_dags/example_display_name.py
[2025-02-22T11:48:12.814-0300] {logging_mixin.py:190} INFO - [2025-02-22T11:48:12.814-0300] {dag.py:3239} INFO - Sync 1 DAGs
[2025-02-22T11:48:12.822-0300] {logging_mixin.py:190} INFO - [2025-02-22T11:48:12.822-0300] {dag.py:4180} INFO - Setting next_dagrun for example_display_name to None, run_after=None
[2025-02-22T11:48:12.839-0300] {processor.py:208} INFO - Processing /home/lpimenta/pipelineAf/airflow_env/lib/python3.10/site-packages/airflow/example_dags/example_display_name.py took 0.046 seconds
[2025-02-22T11:49:14.612-0300] {processor.py:186} INFO - Started process (PID=5874) to work on /home/lpimenta/pipelineAf/airflow_env/lib/python3.10/site-packages/airflow/example_dags/example_display_name.py
[2025-02-22T11:49:14.615-0300] {processor.py:914} INFO - Processing file /home/lpimenta/pipelineAf/airflow_env/lib/python3.10/site-packages/airflow/example_dags/example_display_name.py for tasks to queue
[2025-02-22T11:49:14.616-0300] {logging_mixin.py:190} INFO - [2025-02-22T11:49:14.615-0300] {dagbag.py:588} INFO - Filling up the DagBag from /home/lpimenta/pipelineAf/airflow_env/lib/python3.10/site-packages/airflow/example_dags/example_display_name.py
[2025-02-22T11:49:14.620-0300] {processor.py:925} INFO - DAG(s) 'example_display_name' retrieved from /home/lpimenta/pipelineAf/airflow_env/lib/python3.10/site-packages/airflow/example_dags/example_display_name.py
[2025-02-22T11:49:14.629-0300] {logging_mixin.py:190} INFO - [2025-02-22T11:49:14.628-0300] {dag.py:3239} INFO - Sync 1 DAGs
[2025-02-22T11:49:14.636-0300] {logging_mixin.py:190} INFO - [2025-02-22T11:49:14.635-0300] {dag.py:4180} INFO - Setting next_dagrun for example_display_name to None, run_after=None
[2025-02-22T11:49:14.651-0300] {processor.py:208} INFO - Processing /home/lpimenta/pipelineAf/airflow_env/lib/python3.10/site-packages/airflow/example_dags/example_display_name.py took 0.042 seconds
