[2025-02-22T11:41:31.208-0300] {processor.py:186} INFO - Started process (PID=4065) to work on /home/lpimenta/pipelineAf/airflow_env/lib/python3.10/site-packages/airflow/example_dags/example_bash_operator.py
[2025-02-22T11:41:31.209-0300] {processor.py:914} INFO - Processing file /home/lpimenta/pipelineAf/airflow_env/lib/python3.10/site-packages/airflow/example_dags/example_bash_operator.py for tasks to queue
[2025-02-22T11:41:31.211-0300] {logging_mixin.py:190} INFO - [2025-02-22T11:41:31.211-0300] {dagbag.py:588} INFO - Filling up the DagBag from /home/lpimenta/pipelineAf/airflow_env/lib/python3.10/site-packages/airflow/example_dags/example_bash_operator.py
[2025-02-22T11:41:31.287-0300] {processor.py:925} INFO - DAG(s) 'example_bash_operator' retrieved from /home/lpimenta/pipelineAf/airflow_env/lib/python3.10/site-packages/airflow/example_dags/example_bash_operator.py
[2025-02-22T11:41:31.354-0300] {logging_mixin.py:190} INFO - [2025-02-22T11:41:31.353-0300] {override.py:1930} INFO - Created Permission View: can read on DAG:example_bash_operator
[2025-02-22T11:41:31.364-0300] {logging_mixin.py:190} INFO - [2025-02-22T11:41:31.363-0300] {override.py:1930} INFO - Created Permission View: can edit on DAG:example_bash_operator
[2025-02-22T11:41:31.374-0300] {logging_mixin.py:190} INFO - [2025-02-22T11:41:31.373-0300] {override.py:1930} INFO - Created Permission View: can delete on DAG:example_bash_operator
[2025-02-22T11:41:31.387-0300] {logging_mixin.py:190} INFO - [2025-02-22T11:41:31.387-0300] {override.py:1930} INFO - Created Permission View: can read on DAG Run:example_bash_operator
[2025-02-22T11:41:31.394-0300] {logging_mixin.py:190} INFO - [2025-02-22T11:41:31.394-0300] {override.py:1930} INFO - Created Permission View: can delete on DAG Run:example_bash_operator
[2025-02-22T11:41:31.402-0300] {logging_mixin.py:190} INFO - [2025-02-22T11:41:31.402-0300] {override.py:1930} INFO - Created Permission View: menu access on DAG Run:example_bash_operator
[2025-02-22T11:41:31.410-0300] {logging_mixin.py:190} INFO - [2025-02-22T11:41:31.409-0300] {override.py:1930} INFO - Created Permission View: can create on DAG Run:example_bash_operator
[2025-02-22T11:41:31.410-0300] {logging_mixin.py:190} INFO - [2025-02-22T11:41:31.410-0300] {dag.py:3239} INFO - Sync 1 DAGs
[2025-02-22T11:41:31.419-0300] {logging_mixin.py:190} INFO - [2025-02-22T11:41:31.419-0300] {dag.py:3262} INFO - Creating ORM DAG for example_bash_operator
[2025-02-22T11:41:31.423-0300] {logging_mixin.py:190} INFO - [2025-02-22T11:41:31.423-0300] {dag.py:4180} INFO - Setting next_dagrun for example_bash_operator to 2025-02-21 00:00:00+00:00, run_after=2025-02-22 00:00:00+00:00
[2025-02-22T11:41:31.439-0300] {processor.py:208} INFO - Processing /home/lpimenta/pipelineAf/airflow_env/lib/python3.10/site-packages/airflow/example_dags/example_bash_operator.py took 0.236 seconds
[2025-02-22T11:42:39.854-0300] {processor.py:186} INFO - Started process (PID=4387) to work on /home/lpimenta/pipelineAf/airflow_env/lib/python3.10/site-packages/airflow/example_dags/example_bash_operator.py
[2025-02-22T11:42:39.856-0300] {processor.py:914} INFO - Processing file /home/lpimenta/pipelineAf/airflow_env/lib/python3.10/site-packages/airflow/example_dags/example_bash_operator.py for tasks to queue
[2025-02-22T11:42:39.857-0300] {logging_mixin.py:190} INFO - [2025-02-22T11:42:39.857-0300] {dagbag.py:588} INFO - Filling up the DagBag from /home/lpimenta/pipelineAf/airflow_env/lib/python3.10/site-packages/airflow/example_dags/example_bash_operator.py
[2025-02-22T11:42:39.865-0300] {processor.py:925} INFO - DAG(s) 'example_bash_operator' retrieved from /home/lpimenta/pipelineAf/airflow_env/lib/python3.10/site-packages/airflow/example_dags/example_bash_operator.py
[2025-02-22T11:42:39.878-0300] {logging_mixin.py:190} INFO - [2025-02-22T11:42:39.878-0300] {dag.py:3239} INFO - Sync 1 DAGs
[2025-02-22T11:42:39.889-0300] {logging_mixin.py:190} INFO - [2025-02-22T11:42:39.889-0300] {dag.py:4180} INFO - Setting next_dagrun for example_bash_operator to 2025-02-21 00:00:00+00:00, run_after=2025-02-22 00:00:00+00:00
[2025-02-22T11:42:39.904-0300] {processor.py:208} INFO - Processing /home/lpimenta/pipelineAf/airflow_env/lib/python3.10/site-packages/airflow/example_dags/example_bash_operator.py took 0.055 seconds
[2025-02-22T11:43:43.395-0300] {processor.py:186} INFO - Started process (PID=4619) to work on /home/lpimenta/pipelineAf/airflow_env/lib/python3.10/site-packages/airflow/example_dags/example_bash_operator.py
[2025-02-22T11:43:43.399-0300] {processor.py:914} INFO - Processing file /home/lpimenta/pipelineAf/airflow_env/lib/python3.10/site-packages/airflow/example_dags/example_bash_operator.py for tasks to queue
[2025-02-22T11:43:43.400-0300] {logging_mixin.py:190} INFO - [2025-02-22T11:43:43.400-0300] {dagbag.py:588} INFO - Filling up the DagBag from /home/lpimenta/pipelineAf/airflow_env/lib/python3.10/site-packages/airflow/example_dags/example_bash_operator.py
[2025-02-22T11:43:43.408-0300] {processor.py:925} INFO - DAG(s) 'example_bash_operator' retrieved from /home/lpimenta/pipelineAf/airflow_env/lib/python3.10/site-packages/airflow/example_dags/example_bash_operator.py
[2025-02-22T11:43:43.420-0300] {logging_mixin.py:190} INFO - [2025-02-22T11:43:43.420-0300] {dag.py:3239} INFO - Sync 1 DAGs
[2025-02-22T11:43:43.431-0300] {logging_mixin.py:190} INFO - [2025-02-22T11:43:43.431-0300] {dag.py:4180} INFO - Setting next_dagrun for example_bash_operator to 2025-02-21 00:00:00+00:00, run_after=2025-02-22 00:00:00+00:00
[2025-02-22T11:43:43.447-0300] {processor.py:208} INFO - Processing /home/lpimenta/pipelineAf/airflow_env/lib/python3.10/site-packages/airflow/example_dags/example_bash_operator.py took 0.056 seconds
[2025-02-22T11:44:44.305-0300] {processor.py:186} INFO - Started process (PID=4849) to work on /home/lpimenta/pipelineAf/airflow_env/lib/python3.10/site-packages/airflow/example_dags/example_bash_operator.py
[2025-02-22T11:44:44.307-0300] {processor.py:914} INFO - Processing file /home/lpimenta/pipelineAf/airflow_env/lib/python3.10/site-packages/airflow/example_dags/example_bash_operator.py for tasks to queue
[2025-02-22T11:44:44.308-0300] {logging_mixin.py:190} INFO - [2025-02-22T11:44:44.308-0300] {dagbag.py:588} INFO - Filling up the DagBag from /home/lpimenta/pipelineAf/airflow_env/lib/python3.10/site-packages/airflow/example_dags/example_bash_operator.py
[2025-02-22T11:44:44.317-0300] {processor.py:925} INFO - DAG(s) 'example_bash_operator' retrieved from /home/lpimenta/pipelineAf/airflow_env/lib/python3.10/site-packages/airflow/example_dags/example_bash_operator.py
[2025-02-22T11:44:44.329-0300] {logging_mixin.py:190} INFO - [2025-02-22T11:44:44.329-0300] {dag.py:3239} INFO - Sync 1 DAGs
[2025-02-22T11:44:44.340-0300] {logging_mixin.py:190} INFO - [2025-02-22T11:44:44.340-0300] {dag.py:4180} INFO - Setting next_dagrun for example_bash_operator to 2025-02-21 00:00:00+00:00, run_after=2025-02-22 00:00:00+00:00
[2025-02-22T11:44:44.355-0300] {processor.py:208} INFO - Processing /home/lpimenta/pipelineAf/airflow_env/lib/python3.10/site-packages/airflow/example_dags/example_bash_operator.py took 0.054 seconds
[2025-02-22T11:45:50.161-0300] {processor.py:186} INFO - Started process (PID=5087) to work on /home/lpimenta/pipelineAf/airflow_env/lib/python3.10/site-packages/airflow/example_dags/example_bash_operator.py
[2025-02-22T11:45:50.162-0300] {processor.py:914} INFO - Processing file /home/lpimenta/pipelineAf/airflow_env/lib/python3.10/site-packages/airflow/example_dags/example_bash_operator.py for tasks to queue
[2025-02-22T11:45:50.163-0300] {logging_mixin.py:190} INFO - [2025-02-22T11:45:50.163-0300] {dagbag.py:588} INFO - Filling up the DagBag from /home/lpimenta/pipelineAf/airflow_env/lib/python3.10/site-packages/airflow/example_dags/example_bash_operator.py
[2025-02-22T11:45:50.171-0300] {processor.py:925} INFO - DAG(s) 'example_bash_operator' retrieved from /home/lpimenta/pipelineAf/airflow_env/lib/python3.10/site-packages/airflow/example_dags/example_bash_operator.py
[2025-02-22T11:45:50.184-0300] {logging_mixin.py:190} INFO - [2025-02-22T11:45:50.184-0300] {dag.py:3239} INFO - Sync 1 DAGs
[2025-02-22T11:45:50.195-0300] {logging_mixin.py:190} INFO - [2025-02-22T11:45:50.194-0300] {dag.py:4180} INFO - Setting next_dagrun for example_bash_operator to 2025-02-21 00:00:00+00:00, run_after=2025-02-22 00:00:00+00:00
[2025-02-22T11:45:50.210-0300] {processor.py:208} INFO - Processing /home/lpimenta/pipelineAf/airflow_env/lib/python3.10/site-packages/airflow/example_dags/example_bash_operator.py took 0.052 seconds
[2025-02-22T11:46:56.976-0300] {processor.py:186} INFO - Started process (PID=5332) to work on /home/lpimenta/pipelineAf/airflow_env/lib/python3.10/site-packages/airflow/example_dags/example_bash_operator.py
[2025-02-22T11:46:56.978-0300] {processor.py:914} INFO - Processing file /home/lpimenta/pipelineAf/airflow_env/lib/python3.10/site-packages/airflow/example_dags/example_bash_operator.py for tasks to queue
[2025-02-22T11:46:56.979-0300] {logging_mixin.py:190} INFO - [2025-02-22T11:46:56.979-0300] {dagbag.py:588} INFO - Filling up the DagBag from /home/lpimenta/pipelineAf/airflow_env/lib/python3.10/site-packages/airflow/example_dags/example_bash_operator.py
[2025-02-22T11:46:56.989-0300] {processor.py:925} INFO - DAG(s) 'example_bash_operator' retrieved from /home/lpimenta/pipelineAf/airflow_env/lib/python3.10/site-packages/airflow/example_dags/example_bash_operator.py
[2025-02-22T11:46:57.005-0300] {logging_mixin.py:190} INFO - [2025-02-22T11:46:57.004-0300] {dag.py:3239} INFO - Sync 1 DAGs
[2025-02-22T11:46:57.017-0300] {logging_mixin.py:190} INFO - [2025-02-22T11:46:57.017-0300] {dag.py:4180} INFO - Setting next_dagrun for example_bash_operator to 2025-02-21 00:00:00+00:00, run_after=2025-02-22 00:00:00+00:00
[2025-02-22T11:46:57.033-0300] {processor.py:208} INFO - Processing /home/lpimenta/pipelineAf/airflow_env/lib/python3.10/site-packages/airflow/example_dags/example_bash_operator.py took 0.062 seconds
[2025-02-22T11:47:58.769-0300] {processor.py:186} INFO - Started process (PID=5556) to work on /home/lpimenta/pipelineAf/airflow_env/lib/python3.10/site-packages/airflow/example_dags/example_bash_operator.py
[2025-02-22T11:47:58.771-0300] {processor.py:914} INFO - Processing file /home/lpimenta/pipelineAf/airflow_env/lib/python3.10/site-packages/airflow/example_dags/example_bash_operator.py for tasks to queue
[2025-02-22T11:47:58.772-0300] {logging_mixin.py:190} INFO - [2025-02-22T11:47:58.772-0300] {dagbag.py:588} INFO - Filling up the DagBag from /home/lpimenta/pipelineAf/airflow_env/lib/python3.10/site-packages/airflow/example_dags/example_bash_operator.py
[2025-02-22T11:47:58.780-0300] {processor.py:925} INFO - DAG(s) 'example_bash_operator' retrieved from /home/lpimenta/pipelineAf/airflow_env/lib/python3.10/site-packages/airflow/example_dags/example_bash_operator.py
[2025-02-22T11:47:58.792-0300] {logging_mixin.py:190} INFO - [2025-02-22T11:47:58.792-0300] {dag.py:3239} INFO - Sync 1 DAGs
[2025-02-22T11:47:58.804-0300] {logging_mixin.py:190} INFO - [2025-02-22T11:47:58.804-0300] {dag.py:4180} INFO - Setting next_dagrun for example_bash_operator to 2025-02-21 00:00:00+00:00, run_after=2025-02-22 00:00:00+00:00
[2025-02-22T11:47:58.820-0300] {processor.py:208} INFO - Processing /home/lpimenta/pipelineAf/airflow_env/lib/python3.10/site-packages/airflow/example_dags/example_bash_operator.py took 0.055 seconds
[2025-02-22T11:49:01.925-0300] {processor.py:186} INFO - Started process (PID=5819) to work on /home/lpimenta/pipelineAf/airflow_env/lib/python3.10/site-packages/airflow/example_dags/example_bash_operator.py
[2025-02-22T11:49:01.927-0300] {processor.py:914} INFO - Processing file /home/lpimenta/pipelineAf/airflow_env/lib/python3.10/site-packages/airflow/example_dags/example_bash_operator.py for tasks to queue
[2025-02-22T11:49:01.928-0300] {logging_mixin.py:190} INFO - [2025-02-22T11:49:01.928-0300] {dagbag.py:588} INFO - Filling up the DagBag from /home/lpimenta/pipelineAf/airflow_env/lib/python3.10/site-packages/airflow/example_dags/example_bash_operator.py
[2025-02-22T11:49:01.935-0300] {processor.py:925} INFO - DAG(s) 'example_bash_operator' retrieved from /home/lpimenta/pipelineAf/airflow_env/lib/python3.10/site-packages/airflow/example_dags/example_bash_operator.py
[2025-02-22T11:49:01.949-0300] {logging_mixin.py:190} INFO - [2025-02-22T11:49:01.948-0300] {dag.py:3239} INFO - Sync 1 DAGs
[2025-02-22T11:49:01.962-0300] {logging_mixin.py:190} INFO - [2025-02-22T11:49:01.962-0300] {dag.py:4180} INFO - Setting next_dagrun for example_bash_operator to 2025-02-21 00:00:00+00:00, run_after=2025-02-22 00:00:00+00:00
[2025-02-22T11:49:01.975-0300] {processor.py:208} INFO - Processing /home/lpimenta/pipelineAf/airflow_env/lib/python3.10/site-packages/airflow/example_dags/example_bash_operator.py took 0.054 seconds
