[2025-02-22T11:40:43.295-0300] {processor.py:186} INFO - Started process (PID=3858) to work on /home/lpimenta/pipelineAf/airflow_env/lib/python3.10/site-packages/airflow/example_dags/example_datasets.py
[2025-02-22T11:40:43.295-0300] {processor.py:914} INFO - Processing file /home/lpimenta/pipelineAf/airflow_env/lib/python3.10/site-packages/airflow/example_dags/example_datasets.py for tasks to queue
[2025-02-22T11:40:43.297-0300] {logging_mixin.py:190} INFO - [2025-02-22T11:40:43.297-0300] {dagbag.py:588} INFO - Filling up the DagBag from /home/lpimenta/pipelineAf/airflow_env/lib/python3.10/site-packages/airflow/example_dags/example_datasets.py
[2025-02-22T11:40:43.305-0300] {processor.py:925} INFO - DAG(s) 'consume_1_or_both_2_and_3_with_dataset_expressions', 'conditional_dataset_and_time_based_timetable', 'consume_1_or_2_with_dataset_expressions', 'dataset_consumes_unknown_never_scheduled', 'dataset_produces_2', 'dataset_produces_1', 'dataset_consumes_1', 'dataset_consumes_1_never_scheduled', 'consume_1_and_2_with_dataset_expressions', 'dataset_consumes_1_and_2' retrieved from /home/lpimenta/pipelineAf/airflow_env/lib/python3.10/site-packages/airflow/example_dags/example_datasets.py
[2025-02-22T11:40:43.695-0300] {logging_mixin.py:190} INFO - [2025-02-22T11:40:43.694-0300] {override.py:1930} INFO - Created Permission View: can read on DAG:consume_1_or_both_2_and_3_with_dataset_expressions
[2025-02-22T11:40:43.812-0300] {logging_mixin.py:190} INFO - [2025-02-22T11:40:43.811-0300] {override.py:1930} INFO - Created Permission View: can edit on DAG:consume_1_or_both_2_and_3_with_dataset_expressions
[2025-02-22T11:40:43.927-0300] {logging_mixin.py:190} INFO - [2025-02-22T11:40:43.927-0300] {override.py:1930} INFO - Created Permission View: can delete on DAG:consume_1_or_both_2_and_3_with_dataset_expressions
[2025-02-22T11:40:44.236-0300] {logging_mixin.py:190} INFO - [2025-02-22T11:40:44.236-0300] {override.py:1930} INFO - Created Permission View: can read on DAG Run:consume_1_or_both_2_and_3_with_dataset_expressions
[2025-02-22T11:40:44.244-0300] {logging_mixin.py:190} INFO - [2025-02-22T11:40:44.244-0300] {override.py:1930} INFO - Created Permission View: can delete on DAG Run:consume_1_or_both_2_and_3_with_dataset_expressions
[2025-02-22T11:40:44.253-0300] {logging_mixin.py:190} INFO - [2025-02-22T11:40:44.252-0300] {override.py:1930} INFO - Created Permission View: menu access on DAG Run:consume_1_or_both_2_and_3_with_dataset_expressions
[2025-02-22T11:40:44.261-0300] {logging_mixin.py:190} INFO - [2025-02-22T11:40:44.260-0300] {override.py:1930} INFO - Created Permission View: can create on DAG Run:consume_1_or_both_2_and_3_with_dataset_expressions
[2025-02-22T11:40:44.278-0300] {logging_mixin.py:190} INFO - [2025-02-22T11:40:44.278-0300] {override.py:1930} INFO - Created Permission View: can read on DAG:conditional_dataset_and_time_based_timetable
[2025-02-22T11:40:44.286-0300] {logging_mixin.py:190} INFO - [2025-02-22T11:40:44.285-0300] {override.py:1930} INFO - Created Permission View: can edit on DAG:conditional_dataset_and_time_based_timetable
[2025-02-22T11:40:44.293-0300] {logging_mixin.py:190} INFO - [2025-02-22T11:40:44.293-0300] {override.py:1930} INFO - Created Permission View: can delete on DAG:conditional_dataset_and_time_based_timetable
[2025-02-22T11:40:44.307-0300] {logging_mixin.py:190} INFO - [2025-02-22T11:40:44.307-0300] {override.py:1930} INFO - Created Permission View: can read on DAG Run:conditional_dataset_and_time_based_timetable
[2025-02-22T11:40:44.315-0300] {logging_mixin.py:190} INFO - [2025-02-22T11:40:44.314-0300] {override.py:1930} INFO - Created Permission View: can delete on DAG Run:conditional_dataset_and_time_based_timetable
[2025-02-22T11:40:44.322-0300] {logging_mixin.py:190} INFO - [2025-02-22T11:40:44.322-0300] {override.py:1930} INFO - Created Permission View: menu access on DAG Run:conditional_dataset_and_time_based_timetable
[2025-02-22T11:40:44.330-0300] {logging_mixin.py:190} INFO - [2025-02-22T11:40:44.330-0300] {override.py:1930} INFO - Created Permission View: can create on DAG Run:conditional_dataset_and_time_based_timetable
[2025-02-22T11:40:44.345-0300] {logging_mixin.py:190} INFO - [2025-02-22T11:40:44.345-0300] {override.py:1930} INFO - Created Permission View: can read on DAG:consume_1_or_2_with_dataset_expressions
[2025-02-22T11:40:44.352-0300] {logging_mixin.py:190} INFO - [2025-02-22T11:40:44.352-0300] {override.py:1930} INFO - Created Permission View: can edit on DAG:consume_1_or_2_with_dataset_expressions
[2025-02-22T11:40:44.360-0300] {logging_mixin.py:190} INFO - [2025-02-22T11:40:44.360-0300] {override.py:1930} INFO - Created Permission View: can delete on DAG:consume_1_or_2_with_dataset_expressions
[2025-02-22T11:40:44.373-0300] {logging_mixin.py:190} INFO - [2025-02-22T11:40:44.373-0300] {override.py:1930} INFO - Created Permission View: can read on DAG Run:consume_1_or_2_with_dataset_expressions
[2025-02-22T11:40:44.380-0300] {logging_mixin.py:190} INFO - [2025-02-22T11:40:44.380-0300] {override.py:1930} INFO - Created Permission View: can delete on DAG Run:consume_1_or_2_with_dataset_expressions
[2025-02-22T11:40:44.387-0300] {logging_mixin.py:190} INFO - [2025-02-22T11:40:44.387-0300] {override.py:1930} INFO - Created Permission View: menu access on DAG Run:consume_1_or_2_with_dataset_expressions
[2025-02-22T11:40:44.395-0300] {logging_mixin.py:190} INFO - [2025-02-22T11:40:44.394-0300] {override.py:1930} INFO - Created Permission View: can create on DAG Run:consume_1_or_2_with_dataset_expressions
[2025-02-22T11:40:44.411-0300] {logging_mixin.py:190} INFO - [2025-02-22T11:40:44.411-0300] {override.py:1930} INFO - Created Permission View: can read on DAG:dataset_consumes_unknown_never_scheduled
[2025-02-22T11:40:44.418-0300] {logging_mixin.py:190} INFO - [2025-02-22T11:40:44.418-0300] {override.py:1930} INFO - Created Permission View: can edit on DAG:dataset_consumes_unknown_never_scheduled
[2025-02-22T11:40:44.425-0300] {logging_mixin.py:190} INFO - [2025-02-22T11:40:44.425-0300] {override.py:1930} INFO - Created Permission View: can delete on DAG:dataset_consumes_unknown_never_scheduled
[2025-02-22T11:40:44.436-0300] {logging_mixin.py:190} INFO - [2025-02-22T11:40:44.436-0300] {override.py:1930} INFO - Created Permission View: can read on DAG Run:dataset_consumes_unknown_never_scheduled
[2025-02-22T11:40:44.444-0300] {logging_mixin.py:190} INFO - [2025-02-22T11:40:44.444-0300] {override.py:1930} INFO - Created Permission View: can delete on DAG Run:dataset_consumes_unknown_never_scheduled
[2025-02-22T11:40:44.452-0300] {logging_mixin.py:190} INFO - [2025-02-22T11:40:44.451-0300] {override.py:1930} INFO - Created Permission View: menu access on DAG Run:dataset_consumes_unknown_never_scheduled
[2025-02-22T11:40:44.459-0300] {logging_mixin.py:190} INFO - [2025-02-22T11:40:44.459-0300] {override.py:1930} INFO - Created Permission View: can create on DAG Run:dataset_consumes_unknown_never_scheduled
[2025-02-22T11:40:44.476-0300] {logging_mixin.py:190} INFO - [2025-02-22T11:40:44.476-0300] {override.py:1930} INFO - Created Permission View: can read on DAG:dataset_produces_2
[2025-02-22T11:40:44.484-0300] {logging_mixin.py:190} INFO - [2025-02-22T11:40:44.484-0300] {override.py:1930} INFO - Created Permission View: can edit on DAG:dataset_produces_2
[2025-02-22T11:40:44.491-0300] {logging_mixin.py:190} INFO - [2025-02-22T11:40:44.491-0300] {override.py:1930} INFO - Created Permission View: can delete on DAG:dataset_produces_2
[2025-02-22T11:40:44.503-0300] {logging_mixin.py:190} INFO - [2025-02-22T11:40:44.503-0300] {override.py:1930} INFO - Created Permission View: can read on DAG Run:dataset_produces_2
[2025-02-22T11:40:44.510-0300] {logging_mixin.py:190} INFO - [2025-02-22T11:40:44.510-0300] {override.py:1930} INFO - Created Permission View: can delete on DAG Run:dataset_produces_2
[2025-02-22T11:40:44.517-0300] {logging_mixin.py:190} INFO - [2025-02-22T11:40:44.517-0300] {override.py:1930} INFO - Created Permission View: menu access on DAG Run:dataset_produces_2
[2025-02-22T11:40:44.526-0300] {logging_mixin.py:190} INFO - [2025-02-22T11:40:44.525-0300] {override.py:1930} INFO - Created Permission View: can create on DAG Run:dataset_produces_2
[2025-02-22T11:40:44.540-0300] {logging_mixin.py:190} INFO - [2025-02-22T11:40:44.540-0300] {override.py:1930} INFO - Created Permission View: can read on DAG:dataset_produces_1
[2025-02-22T11:40:44.548-0300] {logging_mixin.py:190} INFO - [2025-02-22T11:40:44.548-0300] {override.py:1930} INFO - Created Permission View: can edit on DAG:dataset_produces_1
[2025-02-22T11:40:44.556-0300] {logging_mixin.py:190} INFO - [2025-02-22T11:40:44.556-0300] {override.py:1930} INFO - Created Permission View: can delete on DAG:dataset_produces_1
[2025-02-22T11:40:44.569-0300] {logging_mixin.py:190} INFO - [2025-02-22T11:40:44.568-0300] {override.py:1930} INFO - Created Permission View: can read on DAG Run:dataset_produces_1
[2025-02-22T11:40:44.576-0300] {logging_mixin.py:190} INFO - [2025-02-22T11:40:44.576-0300] {override.py:1930} INFO - Created Permission View: can delete on DAG Run:dataset_produces_1
[2025-02-22T11:40:44.583-0300] {logging_mixin.py:190} INFO - [2025-02-22T11:40:44.583-0300] {override.py:1930} INFO - Created Permission View: menu access on DAG Run:dataset_produces_1
[2025-02-22T11:40:44.591-0300] {logging_mixin.py:190} INFO - [2025-02-22T11:40:44.590-0300] {override.py:1930} INFO - Created Permission View: can create on DAG Run:dataset_produces_1
[2025-02-22T11:40:44.608-0300] {logging_mixin.py:190} INFO - [2025-02-22T11:40:44.608-0300] {override.py:1930} INFO - Created Permission View: can read on DAG:dataset_consumes_1
[2025-02-22T11:40:44.616-0300] {logging_mixin.py:190} INFO - [2025-02-22T11:40:44.616-0300] {override.py:1930} INFO - Created Permission View: can edit on DAG:dataset_consumes_1
[2025-02-22T11:40:44.623-0300] {logging_mixin.py:190} INFO - [2025-02-22T11:40:44.623-0300] {override.py:1930} INFO - Created Permission View: can delete on DAG:dataset_consumes_1
[2025-02-22T11:40:44.635-0300] {logging_mixin.py:190} INFO - [2025-02-22T11:40:44.635-0300] {override.py:1930} INFO - Created Permission View: can read on DAG Run:dataset_consumes_1
[2025-02-22T11:40:44.643-0300] {logging_mixin.py:190} INFO - [2025-02-22T11:40:44.642-0300] {override.py:1930} INFO - Created Permission View: can delete on DAG Run:dataset_consumes_1
[2025-02-22T11:40:44.650-0300] {logging_mixin.py:190} INFO - [2025-02-22T11:40:44.650-0300] {override.py:1930} INFO - Created Permission View: menu access on DAG Run:dataset_consumes_1
[2025-02-22T11:40:44.657-0300] {logging_mixin.py:190} INFO - [2025-02-22T11:40:44.657-0300] {override.py:1930} INFO - Created Permission View: can create on DAG Run:dataset_consumes_1
[2025-02-22T11:40:44.673-0300] {logging_mixin.py:190} INFO - [2025-02-22T11:40:44.673-0300] {override.py:1930} INFO - Created Permission View: can read on DAG:dataset_consumes_1_never_scheduled
[2025-02-22T11:40:44.680-0300] {logging_mixin.py:190} INFO - [2025-02-22T11:40:44.680-0300] {override.py:1930} INFO - Created Permission View: can edit on DAG:dataset_consumes_1_never_scheduled
[2025-02-22T11:40:44.688-0300] {logging_mixin.py:190} INFO - [2025-02-22T11:40:44.688-0300] {override.py:1930} INFO - Created Permission View: can delete on DAG:dataset_consumes_1_never_scheduled
[2025-02-22T11:40:44.702-0300] {logging_mixin.py:190} INFO - [2025-02-22T11:40:44.701-0300] {override.py:1930} INFO - Created Permission View: can read on DAG Run:dataset_consumes_1_never_scheduled
[2025-02-22T11:40:44.709-0300] {logging_mixin.py:190} INFO - [2025-02-22T11:40:44.709-0300] {override.py:1930} INFO - Created Permission View: can delete on DAG Run:dataset_consumes_1_never_scheduled
[2025-02-22T11:40:44.717-0300] {logging_mixin.py:190} INFO - [2025-02-22T11:40:44.716-0300] {override.py:1930} INFO - Created Permission View: menu access on DAG Run:dataset_consumes_1_never_scheduled
[2025-02-22T11:40:44.724-0300] {logging_mixin.py:190} INFO - [2025-02-22T11:40:44.724-0300] {override.py:1930} INFO - Created Permission View: can create on DAG Run:dataset_consumes_1_never_scheduled
[2025-02-22T11:40:44.741-0300] {logging_mixin.py:190} INFO - [2025-02-22T11:40:44.741-0300] {override.py:1930} INFO - Created Permission View: can read on DAG:consume_1_and_2_with_dataset_expressions
[2025-02-22T11:40:44.748-0300] {logging_mixin.py:190} INFO - [2025-02-22T11:40:44.748-0300] {override.py:1930} INFO - Created Permission View: can edit on DAG:consume_1_and_2_with_dataset_expressions
[2025-02-22T11:40:44.755-0300] {logging_mixin.py:190} INFO - [2025-02-22T11:40:44.755-0300] {override.py:1930} INFO - Created Permission View: can delete on DAG:consume_1_and_2_with_dataset_expressions
[2025-02-22T11:40:44.767-0300] {logging_mixin.py:190} INFO - [2025-02-22T11:40:44.766-0300] {override.py:1930} INFO - Created Permission View: can read on DAG Run:consume_1_and_2_with_dataset_expressions
[2025-02-22T11:40:44.774-0300] {logging_mixin.py:190} INFO - [2025-02-22T11:40:44.773-0300] {override.py:1930} INFO - Created Permission View: can delete on DAG Run:consume_1_and_2_with_dataset_expressions
[2025-02-22T11:40:44.781-0300] {logging_mixin.py:190} INFO - [2025-02-22T11:40:44.781-0300] {override.py:1930} INFO - Created Permission View: menu access on DAG Run:consume_1_and_2_with_dataset_expressions
[2025-02-22T11:40:44.789-0300] {logging_mixin.py:190} INFO - [2025-02-22T11:40:44.788-0300] {override.py:1930} INFO - Created Permission View: can create on DAG Run:consume_1_and_2_with_dataset_expressions
[2025-02-22T11:40:44.804-0300] {logging_mixin.py:190} INFO - [2025-02-22T11:40:44.804-0300] {override.py:1930} INFO - Created Permission View: can read on DAG:dataset_consumes_1_and_2
[2025-02-22T11:40:44.812-0300] {logging_mixin.py:190} INFO - [2025-02-22T11:40:44.812-0300] {override.py:1930} INFO - Created Permission View: can edit on DAG:dataset_consumes_1_and_2
[2025-02-22T11:40:44.820-0300] {logging_mixin.py:190} INFO - [2025-02-22T11:40:44.819-0300] {override.py:1930} INFO - Created Permission View: can delete on DAG:dataset_consumes_1_and_2
[2025-02-22T11:40:44.832-0300] {logging_mixin.py:190} INFO - [2025-02-22T11:40:44.832-0300] {override.py:1930} INFO - Created Permission View: can read on DAG Run:dataset_consumes_1_and_2
[2025-02-22T11:40:44.839-0300] {logging_mixin.py:190} INFO - [2025-02-22T11:40:44.839-0300] {override.py:1930} INFO - Created Permission View: can delete on DAG Run:dataset_consumes_1_and_2
[2025-02-22T11:40:44.846-0300] {logging_mixin.py:190} INFO - [2025-02-22T11:40:44.846-0300] {override.py:1930} INFO - Created Permission View: menu access on DAG Run:dataset_consumes_1_and_2
[2025-02-22T11:40:44.853-0300] {logging_mixin.py:190} INFO - [2025-02-22T11:40:44.853-0300] {override.py:1930} INFO - Created Permission View: can create on DAG Run:dataset_consumes_1_and_2
[2025-02-22T11:40:44.854-0300] {logging_mixin.py:190} INFO - [2025-02-22T11:40:44.854-0300] {dag.py:3239} INFO - Sync 10 DAGs
[2025-02-22T11:40:44.859-0300] {logging_mixin.py:190} INFO - [2025-02-22T11:40:44.859-0300] {dag.py:3262} INFO - Creating ORM DAG for consume_1_and_2_with_dataset_expressions
[2025-02-22T11:40:44.859-0300] {logging_mixin.py:190} INFO - [2025-02-22T11:40:44.859-0300] {dag.py:3262} INFO - Creating ORM DAG for dataset_produces_2
[2025-02-22T11:40:44.860-0300] {logging_mixin.py:190} INFO - [2025-02-22T11:40:44.860-0300] {dag.py:3262} INFO - Creating ORM DAG for dataset_consumes_unknown_never_scheduled
[2025-02-22T11:40:44.860-0300] {logging_mixin.py:190} INFO - [2025-02-22T11:40:44.860-0300] {dag.py:3262} INFO - Creating ORM DAG for dataset_consumes_1_never_scheduled
[2025-02-22T11:40:44.860-0300] {logging_mixin.py:190} INFO - [2025-02-22T11:40:44.860-0300] {dag.py:3262} INFO - Creating ORM DAG for conditional_dataset_and_time_based_timetable
[2025-02-22T11:40:44.860-0300] {logging_mixin.py:190} INFO - [2025-02-22T11:40:44.860-0300] {dag.py:3262} INFO - Creating ORM DAG for consume_1_or_both_2_and_3_with_dataset_expressions
[2025-02-22T11:40:44.860-0300] {logging_mixin.py:190} INFO - [2025-02-22T11:40:44.860-0300] {dag.py:3262} INFO - Creating ORM DAG for consume_1_or_2_with_dataset_expressions
[2025-02-22T11:40:44.861-0300] {logging_mixin.py:190} INFO - [2025-02-22T11:40:44.861-0300] {dag.py:3262} INFO - Creating ORM DAG for dataset_consumes_1_and_2
[2025-02-22T11:40:44.861-0300] {logging_mixin.py:190} INFO - [2025-02-22T11:40:44.861-0300] {dag.py:3262} INFO - Creating ORM DAG for dataset_consumes_1
[2025-02-22T11:40:44.861-0300] {logging_mixin.py:190} INFO - [2025-02-22T11:40:44.861-0300] {dag.py:3262} INFO - Creating ORM DAG for dataset_produces_1
[2025-02-22T11:40:44.866-0300] {logging_mixin.py:190} INFO - [2025-02-22T11:40:44.865-0300] {dag.py:4180} INFO - Setting next_dagrun for conditional_dataset_and_time_based_timetable to 2025-02-19 01:00:00+00:00, run_after=2025-02-19 01:00:00+00:00
[2025-02-22T11:40:44.866-0300] {logging_mixin.py:190} INFO - [2025-02-22T11:40:44.866-0300] {dag.py:4180} INFO - Setting next_dagrun for consume_1_and_2_with_dataset_expressions to None, run_after=None
[2025-02-22T11:40:44.866-0300] {logging_mixin.py:190} INFO - [2025-02-22T11:40:44.866-0300] {dag.py:4180} INFO - Setting next_dagrun for consume_1_or_2_with_dataset_expressions to None, run_after=None
[2025-02-22T11:40:44.866-0300] {logging_mixin.py:190} INFO - [2025-02-22T11:40:44.866-0300] {dag.py:4180} INFO - Setting next_dagrun for consume_1_or_both_2_and_3_with_dataset_expressions to None, run_after=None
[2025-02-22T11:40:44.866-0300] {logging_mixin.py:190} INFO - [2025-02-22T11:40:44.866-0300] {dag.py:4180} INFO - Setting next_dagrun for dataset_consumes_1 to None, run_after=None
[2025-02-22T11:40:44.866-0300] {logging_mixin.py:190} INFO - [2025-02-22T11:40:44.866-0300] {dag.py:4180} INFO - Setting next_dagrun for dataset_consumes_1_and_2 to None, run_after=None
[2025-02-22T11:40:44.867-0300] {logging_mixin.py:190} INFO - [2025-02-22T11:40:44.867-0300] {dag.py:4180} INFO - Setting next_dagrun for dataset_consumes_1_never_scheduled to None, run_after=None
[2025-02-22T11:40:44.867-0300] {logging_mixin.py:190} INFO - [2025-02-22T11:40:44.867-0300] {dag.py:4180} INFO - Setting next_dagrun for dataset_consumes_unknown_never_scheduled to None, run_after=None
[2025-02-22T11:40:44.868-0300] {logging_mixin.py:190} INFO - [2025-02-22T11:40:44.868-0300] {dag.py:4180} INFO - Setting next_dagrun for dataset_produces_1 to 2025-02-21 00:00:00+00:00, run_after=2025-02-22 00:00:00+00:00
[2025-02-22T11:40:44.868-0300] {logging_mixin.py:190} INFO - [2025-02-22T11:40:44.868-0300] {dag.py:4180} INFO - Setting next_dagrun for dataset_produces_2 to None, run_after=None
[2025-02-22T11:40:44.889-0300] {processor.py:208} INFO - Processing /home/lpimenta/pipelineAf/airflow_env/lib/python3.10/site-packages/airflow/example_dags/example_datasets.py took 1.599 seconds
[2025-02-22T11:41:53.910-0300] {processor.py:186} INFO - Started process (PID=4208) to work on /home/lpimenta/pipelineAf/airflow_env/lib/python3.10/site-packages/airflow/example_dags/example_datasets.py
[2025-02-22T11:41:53.912-0300] {processor.py:914} INFO - Processing file /home/lpimenta/pipelineAf/airflow_env/lib/python3.10/site-packages/airflow/example_dags/example_datasets.py for tasks to queue
[2025-02-22T11:41:53.914-0300] {logging_mixin.py:190} INFO - [2025-02-22T11:41:53.913-0300] {dagbag.py:588} INFO - Filling up the DagBag from /home/lpimenta/pipelineAf/airflow_env/lib/python3.10/site-packages/airflow/example_dags/example_datasets.py
[2025-02-22T11:41:53.923-0300] {processor.py:925} INFO - DAG(s) 'consume_1_or_both_2_and_3_with_dataset_expressions', 'dataset_consumes_1', 'consume_1_and_2_with_dataset_expressions', 'dataset_consumes_1_never_scheduled', 'dataset_produces_2', 'dataset_consumes_1_and_2', 'dataset_consumes_unknown_never_scheduled', 'conditional_dataset_and_time_based_timetable', 'dataset_produces_1', 'consume_1_or_2_with_dataset_expressions' retrieved from /home/lpimenta/pipelineAf/airflow_env/lib/python3.10/site-packages/airflow/example_dags/example_datasets.py
[2025-02-22T11:41:53.942-0300] {logging_mixin.py:190} INFO - [2025-02-22T11:41:53.942-0300] {dag.py:3239} INFO - Sync 10 DAGs
[2025-02-22T11:41:53.954-0300] {logging_mixin.py:190} INFO - [2025-02-22T11:41:53.954-0300] {dag.py:4180} INFO - Setting next_dagrun for conditional_dataset_and_time_based_timetable to 2025-02-19 01:00:00+00:00, run_after=2025-02-19 01:00:00+00:00
[2025-02-22T11:41:53.957-0300] {logging_mixin.py:190} INFO - [2025-02-22T11:41:53.956-0300] {dag.py:4180} INFO - Setting next_dagrun for consume_1_and_2_with_dataset_expressions to None, run_after=None
[2025-02-22T11:41:53.957-0300] {logging_mixin.py:190} INFO - [2025-02-22T11:41:53.957-0300] {dag.py:4180} INFO - Setting next_dagrun for consume_1_or_2_with_dataset_expressions to None, run_after=None
[2025-02-22T11:41:53.957-0300] {logging_mixin.py:190} INFO - [2025-02-22T11:41:53.957-0300] {dag.py:4180} INFO - Setting next_dagrun for consume_1_or_both_2_and_3_with_dataset_expressions to None, run_after=None
[2025-02-22T11:41:53.958-0300] {logging_mixin.py:190} INFO - [2025-02-22T11:41:53.958-0300] {dag.py:4180} INFO - Setting next_dagrun for dataset_consumes_1 to None, run_after=None
[2025-02-22T11:41:53.958-0300] {logging_mixin.py:190} INFO - [2025-02-22T11:41:53.958-0300] {dag.py:4180} INFO - Setting next_dagrun for dataset_consumes_1_and_2 to None, run_after=None
[2025-02-22T11:41:53.959-0300] {logging_mixin.py:190} INFO - [2025-02-22T11:41:53.959-0300] {dag.py:4180} INFO - Setting next_dagrun for dataset_consumes_1_never_scheduled to None, run_after=None
[2025-02-22T11:41:53.959-0300] {logging_mixin.py:190} INFO - [2025-02-22T11:41:53.959-0300] {dag.py:4180} INFO - Setting next_dagrun for dataset_consumes_unknown_never_scheduled to None, run_after=None
[2025-02-22T11:41:53.960-0300] {logging_mixin.py:190} INFO - [2025-02-22T11:41:53.960-0300] {dag.py:4180} INFO - Setting next_dagrun for dataset_produces_1 to 2025-02-21 00:00:00+00:00, run_after=2025-02-22 00:00:00+00:00
[2025-02-22T11:41:53.960-0300] {logging_mixin.py:190} INFO - [2025-02-22T11:41:53.960-0300] {dag.py:4180} INFO - Setting next_dagrun for dataset_produces_2 to None, run_after=None
[2025-02-22T11:41:53.982-0300] {processor.py:208} INFO - Processing /home/lpimenta/pipelineAf/airflow_env/lib/python3.10/site-packages/airflow/example_dags/example_datasets.py took 0.077 seconds
[2025-02-22T11:42:51.537-0300] {processor.py:186} INFO - Started process (PID=4435) to work on /home/lpimenta/pipelineAf/airflow_env/lib/python3.10/site-packages/airflow/example_dags/example_datasets.py
[2025-02-22T11:42:51.544-0300] {processor.py:914} INFO - Processing file /home/lpimenta/pipelineAf/airflow_env/lib/python3.10/site-packages/airflow/example_dags/example_datasets.py for tasks to queue
[2025-02-22T11:42:51.546-0300] {logging_mixin.py:190} INFO - [2025-02-22T11:42:51.545-0300] {dagbag.py:588} INFO - Filling up the DagBag from /home/lpimenta/pipelineAf/airflow_env/lib/python3.10/site-packages/airflow/example_dags/example_datasets.py
[2025-02-22T11:42:51.557-0300] {processor.py:925} INFO - DAG(s) 'dataset_consumes_1_and_2', 'consume_1_or_2_with_dataset_expressions', 'consume_1_and_2_with_dataset_expressions', 'dataset_produces_1', 'dataset_consumes_1', 'dataset_consumes_1_never_scheduled', 'consume_1_or_both_2_and_3_with_dataset_expressions', 'dataset_produces_2', 'conditional_dataset_and_time_based_timetable', 'dataset_consumes_unknown_never_scheduled' retrieved from /home/lpimenta/pipelineAf/airflow_env/lib/python3.10/site-packages/airflow/example_dags/example_datasets.py
[2025-02-22T11:42:51.579-0300] {logging_mixin.py:190} INFO - [2025-02-22T11:42:51.578-0300] {dag.py:3239} INFO - Sync 10 DAGs
[2025-02-22T11:42:51.597-0300] {logging_mixin.py:190} INFO - [2025-02-22T11:42:51.597-0300] {dag.py:4180} INFO - Setting next_dagrun for conditional_dataset_and_time_based_timetable to 2025-02-19 01:00:00+00:00, run_after=2025-02-19 01:00:00+00:00
[2025-02-22T11:42:51.599-0300] {logging_mixin.py:190} INFO - [2025-02-22T11:42:51.599-0300] {dag.py:4180} INFO - Setting next_dagrun for consume_1_and_2_with_dataset_expressions to None, run_after=None
[2025-02-22T11:42:51.599-0300] {logging_mixin.py:190} INFO - [2025-02-22T11:42:51.599-0300] {dag.py:4180} INFO - Setting next_dagrun for consume_1_or_2_with_dataset_expressions to None, run_after=None
[2025-02-22T11:42:51.600-0300] {logging_mixin.py:190} INFO - [2025-02-22T11:42:51.600-0300] {dag.py:4180} INFO - Setting next_dagrun for consume_1_or_both_2_and_3_with_dataset_expressions to None, run_after=None
[2025-02-22T11:42:51.600-0300] {logging_mixin.py:190} INFO - [2025-02-22T11:42:51.600-0300] {dag.py:4180} INFO - Setting next_dagrun for dataset_consumes_1 to None, run_after=None
[2025-02-22T11:42:51.601-0300] {logging_mixin.py:190} INFO - [2025-02-22T11:42:51.601-0300] {dag.py:4180} INFO - Setting next_dagrun for dataset_consumes_1_and_2 to None, run_after=None
[2025-02-22T11:42:51.601-0300] {logging_mixin.py:190} INFO - [2025-02-22T11:42:51.601-0300] {dag.py:4180} INFO - Setting next_dagrun for dataset_consumes_1_never_scheduled to None, run_after=None
[2025-02-22T11:42:51.601-0300] {logging_mixin.py:190} INFO - [2025-02-22T11:42:51.601-0300] {dag.py:4180} INFO - Setting next_dagrun for dataset_consumes_unknown_never_scheduled to None, run_after=None
[2025-02-22T11:42:51.602-0300] {logging_mixin.py:190} INFO - [2025-02-22T11:42:51.602-0300] {dag.py:4180} INFO - Setting next_dagrun for dataset_produces_1 to 2025-02-21 00:00:00+00:00, run_after=2025-02-22 00:00:00+00:00
[2025-02-22T11:42:51.603-0300] {logging_mixin.py:190} INFO - [2025-02-22T11:42:51.603-0300] {dag.py:4180} INFO - Setting next_dagrun for dataset_produces_2 to None, run_after=None
[2025-02-22T11:42:51.628-0300] {processor.py:208} INFO - Processing /home/lpimenta/pipelineAf/airflow_env/lib/python3.10/site-packages/airflow/example_dags/example_datasets.py took 0.096 seconds
[2025-02-22T11:43:59.667-0300] {processor.py:186} INFO - Started process (PID=4683) to work on /home/lpimenta/pipelineAf/airflow_env/lib/python3.10/site-packages/airflow/example_dags/example_datasets.py
[2025-02-22T11:43:59.671-0300] {processor.py:914} INFO - Processing file /home/lpimenta/pipelineAf/airflow_env/lib/python3.10/site-packages/airflow/example_dags/example_datasets.py for tasks to queue
[2025-02-22T11:43:59.672-0300] {logging_mixin.py:190} INFO - [2025-02-22T11:43:59.672-0300] {dagbag.py:588} INFO - Filling up the DagBag from /home/lpimenta/pipelineAf/airflow_env/lib/python3.10/site-packages/airflow/example_dags/example_datasets.py
[2025-02-22T11:43:59.681-0300] {processor.py:925} INFO - DAG(s) 'consume_1_and_2_with_dataset_expressions', 'consume_1_or_2_with_dataset_expressions', 'dataset_consumes_unknown_never_scheduled', 'consume_1_or_both_2_and_3_with_dataset_expressions', 'dataset_produces_2', 'dataset_consumes_1_never_scheduled', 'dataset_consumes_1', 'conditional_dataset_and_time_based_timetable', 'dataset_consumes_1_and_2', 'dataset_produces_1' retrieved from /home/lpimenta/pipelineAf/airflow_env/lib/python3.10/site-packages/airflow/example_dags/example_datasets.py
[2025-02-22T11:43:59.699-0300] {logging_mixin.py:190} INFO - [2025-02-22T11:43:59.699-0300] {dag.py:3239} INFO - Sync 10 DAGs
[2025-02-22T11:43:59.712-0300] {logging_mixin.py:190} INFO - [2025-02-22T11:43:59.712-0300] {dag.py:4180} INFO - Setting next_dagrun for conditional_dataset_and_time_based_timetable to 2025-02-19 01:00:00+00:00, run_after=2025-02-19 01:00:00+00:00
[2025-02-22T11:43:59.714-0300] {logging_mixin.py:190} INFO - [2025-02-22T11:43:59.714-0300] {dag.py:4180} INFO - Setting next_dagrun for consume_1_and_2_with_dataset_expressions to None, run_after=None
[2025-02-22T11:43:59.714-0300] {logging_mixin.py:190} INFO - [2025-02-22T11:43:59.714-0300] {dag.py:4180} INFO - Setting next_dagrun for consume_1_or_2_with_dataset_expressions to None, run_after=None
[2025-02-22T11:43:59.714-0300] {logging_mixin.py:190} INFO - [2025-02-22T11:43:59.714-0300] {dag.py:4180} INFO - Setting next_dagrun for consume_1_or_both_2_and_3_with_dataset_expressions to None, run_after=None
[2025-02-22T11:43:59.715-0300] {logging_mixin.py:190} INFO - [2025-02-22T11:43:59.715-0300] {dag.py:4180} INFO - Setting next_dagrun for dataset_consumes_1 to None, run_after=None
[2025-02-22T11:43:59.715-0300] {logging_mixin.py:190} INFO - [2025-02-22T11:43:59.715-0300] {dag.py:4180} INFO - Setting next_dagrun for dataset_consumes_1_and_2 to None, run_after=None
[2025-02-22T11:43:59.716-0300] {logging_mixin.py:190} INFO - [2025-02-22T11:43:59.716-0300] {dag.py:4180} INFO - Setting next_dagrun for dataset_consumes_1_never_scheduled to None, run_after=None
[2025-02-22T11:43:59.716-0300] {logging_mixin.py:190} INFO - [2025-02-22T11:43:59.716-0300] {dag.py:4180} INFO - Setting next_dagrun for dataset_consumes_unknown_never_scheduled to None, run_after=None
[2025-02-22T11:43:59.717-0300] {logging_mixin.py:190} INFO - [2025-02-22T11:43:59.717-0300] {dag.py:4180} INFO - Setting next_dagrun for dataset_produces_1 to 2025-02-21 00:00:00+00:00, run_after=2025-02-22 00:00:00+00:00
[2025-02-22T11:43:59.718-0300] {logging_mixin.py:190} INFO - [2025-02-22T11:43:59.718-0300] {dag.py:4180} INFO - Setting next_dagrun for dataset_produces_2 to None, run_after=None
[2025-02-22T11:43:59.742-0300] {processor.py:208} INFO - Processing /home/lpimenta/pipelineAf/airflow_env/lib/python3.10/site-packages/airflow/example_dags/example_datasets.py took 0.080 seconds
[2025-02-22T11:45:02.672-0300] {processor.py:186} INFO - Started process (PID=4912) to work on /home/lpimenta/pipelineAf/airflow_env/lib/python3.10/site-packages/airflow/example_dags/example_datasets.py
[2025-02-22T11:45:02.673-0300] {processor.py:914} INFO - Processing file /home/lpimenta/pipelineAf/airflow_env/lib/python3.10/site-packages/airflow/example_dags/example_datasets.py for tasks to queue
[2025-02-22T11:45:02.674-0300] {logging_mixin.py:190} INFO - [2025-02-22T11:45:02.674-0300] {dagbag.py:588} INFO - Filling up the DagBag from /home/lpimenta/pipelineAf/airflow_env/lib/python3.10/site-packages/airflow/example_dags/example_datasets.py
[2025-02-22T11:45:02.685-0300] {processor.py:925} INFO - DAG(s) 'consume_1_or_both_2_and_3_with_dataset_expressions', 'consume_1_and_2_with_dataset_expressions', 'conditional_dataset_and_time_based_timetable', 'dataset_consumes_1_and_2', 'dataset_produces_1', 'consume_1_or_2_with_dataset_expressions', 'dataset_consumes_1_never_scheduled', 'dataset_consumes_unknown_never_scheduled', 'dataset_consumes_1', 'dataset_produces_2' retrieved from /home/lpimenta/pipelineAf/airflow_env/lib/python3.10/site-packages/airflow/example_dags/example_datasets.py
[2025-02-22T11:45:02.704-0300] {logging_mixin.py:190} INFO - [2025-02-22T11:45:02.703-0300] {dag.py:3239} INFO - Sync 10 DAGs
[2025-02-22T11:45:02.716-0300] {logging_mixin.py:190} INFO - [2025-02-22T11:45:02.716-0300] {dag.py:4180} INFO - Setting next_dagrun for conditional_dataset_and_time_based_timetable to 2025-02-19 01:00:00+00:00, run_after=2025-02-19 01:00:00+00:00
[2025-02-22T11:45:02.718-0300] {logging_mixin.py:190} INFO - [2025-02-22T11:45:02.718-0300] {dag.py:4180} INFO - Setting next_dagrun for consume_1_and_2_with_dataset_expressions to None, run_after=None
[2025-02-22T11:45:02.718-0300] {logging_mixin.py:190} INFO - [2025-02-22T11:45:02.718-0300] {dag.py:4180} INFO - Setting next_dagrun for consume_1_or_2_with_dataset_expressions to None, run_after=None
[2025-02-22T11:45:02.719-0300] {logging_mixin.py:190} INFO - [2025-02-22T11:45:02.719-0300] {dag.py:4180} INFO - Setting next_dagrun for consume_1_or_both_2_and_3_with_dataset_expressions to None, run_after=None
[2025-02-22T11:45:02.719-0300] {logging_mixin.py:190} INFO - [2025-02-22T11:45:02.719-0300] {dag.py:4180} INFO - Setting next_dagrun for dataset_consumes_1 to None, run_after=None
[2025-02-22T11:45:02.720-0300] {logging_mixin.py:190} INFO - [2025-02-22T11:45:02.719-0300] {dag.py:4180} INFO - Setting next_dagrun for dataset_consumes_1_and_2 to None, run_after=None
[2025-02-22T11:45:02.720-0300] {logging_mixin.py:190} INFO - [2025-02-22T11:45:02.720-0300] {dag.py:4180} INFO - Setting next_dagrun for dataset_consumes_1_never_scheduled to None, run_after=None
[2025-02-22T11:45:02.721-0300] {logging_mixin.py:190} INFO - [2025-02-22T11:45:02.721-0300] {dag.py:4180} INFO - Setting next_dagrun for dataset_consumes_unknown_never_scheduled to None, run_after=None
[2025-02-22T11:45:02.722-0300] {logging_mixin.py:190} INFO - [2025-02-22T11:45:02.722-0300] {dag.py:4180} INFO - Setting next_dagrun for dataset_produces_1 to 2025-02-21 00:00:00+00:00, run_after=2025-02-22 00:00:00+00:00
[2025-02-22T11:45:02.722-0300] {logging_mixin.py:190} INFO - [2025-02-22T11:45:02.722-0300] {dag.py:4180} INFO - Setting next_dagrun for dataset_produces_2 to None, run_after=None
[2025-02-22T11:45:02.742-0300] {processor.py:208} INFO - Processing /home/lpimenta/pipelineAf/airflow_env/lib/python3.10/site-packages/airflow/example_dags/example_datasets.py took 0.075 seconds
[2025-02-22T11:46:06.595-0300] {processor.py:186} INFO - Started process (PID=5147) to work on /home/lpimenta/pipelineAf/airflow_env/lib/python3.10/site-packages/airflow/example_dags/example_datasets.py
[2025-02-22T11:46:06.598-0300] {processor.py:914} INFO - Processing file /home/lpimenta/pipelineAf/airflow_env/lib/python3.10/site-packages/airflow/example_dags/example_datasets.py for tasks to queue
[2025-02-22T11:46:06.598-0300] {logging_mixin.py:190} INFO - [2025-02-22T11:46:06.598-0300] {dagbag.py:588} INFO - Filling up the DagBag from /home/lpimenta/pipelineAf/airflow_env/lib/python3.10/site-packages/airflow/example_dags/example_datasets.py
[2025-02-22T11:46:06.607-0300] {processor.py:925} INFO - DAG(s) 'consume_1_or_2_with_dataset_expressions', 'conditional_dataset_and_time_based_timetable', 'dataset_consumes_1_never_scheduled', 'dataset_produces_1', 'consume_1_or_both_2_and_3_with_dataset_expressions', 'dataset_consumes_1_and_2', 'dataset_consumes_unknown_never_scheduled', 'dataset_produces_2', 'consume_1_and_2_with_dataset_expressions', 'dataset_consumes_1' retrieved from /home/lpimenta/pipelineAf/airflow_env/lib/python3.10/site-packages/airflow/example_dags/example_datasets.py
[2025-02-22T11:46:06.625-0300] {logging_mixin.py:190} INFO - [2025-02-22T11:46:06.625-0300] {dag.py:3239} INFO - Sync 10 DAGs
[2025-02-22T11:46:06.639-0300] {logging_mixin.py:190} INFO - [2025-02-22T11:46:06.639-0300] {dag.py:4180} INFO - Setting next_dagrun for conditional_dataset_and_time_based_timetable to 2025-02-19 01:00:00+00:00, run_after=2025-02-19 01:00:00+00:00
[2025-02-22T11:46:06.640-0300] {logging_mixin.py:190} INFO - [2025-02-22T11:46:06.640-0300] {dag.py:4180} INFO - Setting next_dagrun for consume_1_and_2_with_dataset_expressions to None, run_after=None
[2025-02-22T11:46:06.641-0300] {logging_mixin.py:190} INFO - [2025-02-22T11:46:06.641-0300] {dag.py:4180} INFO - Setting next_dagrun for consume_1_or_2_with_dataset_expressions to None, run_after=None
[2025-02-22T11:46:06.641-0300] {logging_mixin.py:190} INFO - [2025-02-22T11:46:06.641-0300] {dag.py:4180} INFO - Setting next_dagrun for consume_1_or_both_2_and_3_with_dataset_expressions to None, run_after=None
[2025-02-22T11:46:06.642-0300] {logging_mixin.py:190} INFO - [2025-02-22T11:46:06.642-0300] {dag.py:4180} INFO - Setting next_dagrun for dataset_consumes_1 to None, run_after=None
[2025-02-22T11:46:06.642-0300] {logging_mixin.py:190} INFO - [2025-02-22T11:46:06.642-0300] {dag.py:4180} INFO - Setting next_dagrun for dataset_consumes_1_and_2 to None, run_after=None
[2025-02-22T11:46:06.642-0300] {logging_mixin.py:190} INFO - [2025-02-22T11:46:06.642-0300] {dag.py:4180} INFO - Setting next_dagrun for dataset_consumes_1_never_scheduled to None, run_after=None
[2025-02-22T11:46:06.643-0300] {logging_mixin.py:190} INFO - [2025-02-22T11:46:06.643-0300] {dag.py:4180} INFO - Setting next_dagrun for dataset_consumes_unknown_never_scheduled to None, run_after=None
[2025-02-22T11:46:06.644-0300] {logging_mixin.py:190} INFO - [2025-02-22T11:46:06.644-0300] {dag.py:4180} INFO - Setting next_dagrun for dataset_produces_1 to 2025-02-21 00:00:00+00:00, run_after=2025-02-22 00:00:00+00:00
[2025-02-22T11:46:06.644-0300] {logging_mixin.py:190} INFO - [2025-02-22T11:46:06.644-0300] {dag.py:4180} INFO - Setting next_dagrun for dataset_produces_2 to None, run_after=None
[2025-02-22T11:46:06.664-0300] {processor.py:208} INFO - Processing /home/lpimenta/pipelineAf/airflow_env/lib/python3.10/site-packages/airflow/example_dags/example_datasets.py took 0.073 seconds
[2025-02-22T11:47:13.120-0300] {processor.py:186} INFO - Started process (PID=5385) to work on /home/lpimenta/pipelineAf/airflow_env/lib/python3.10/site-packages/airflow/example_dags/example_datasets.py
[2025-02-22T11:47:13.122-0300] {processor.py:914} INFO - Processing file /home/lpimenta/pipelineAf/airflow_env/lib/python3.10/site-packages/airflow/example_dags/example_datasets.py for tasks to queue
[2025-02-22T11:47:13.123-0300] {logging_mixin.py:190} INFO - [2025-02-22T11:47:13.122-0300] {dagbag.py:588} INFO - Filling up the DagBag from /home/lpimenta/pipelineAf/airflow_env/lib/python3.10/site-packages/airflow/example_dags/example_datasets.py
[2025-02-22T11:47:13.132-0300] {processor.py:925} INFO - DAG(s) 'dataset_consumes_1_and_2', 'consume_1_or_2_with_dataset_expressions', 'conditional_dataset_and_time_based_timetable', 'dataset_consumes_1_never_scheduled', 'dataset_consumes_unknown_never_scheduled', 'dataset_produces_2', 'consume_1_or_both_2_and_3_with_dataset_expressions', 'consume_1_and_2_with_dataset_expressions', 'dataset_produces_1', 'dataset_consumes_1' retrieved from /home/lpimenta/pipelineAf/airflow_env/lib/python3.10/site-packages/airflow/example_dags/example_datasets.py
[2025-02-22T11:47:13.150-0300] {logging_mixin.py:190} INFO - [2025-02-22T11:47:13.150-0300] {dag.py:3239} INFO - Sync 10 DAGs
[2025-02-22T11:47:13.163-0300] {logging_mixin.py:190} INFO - [2025-02-22T11:47:13.162-0300] {dag.py:4180} INFO - Setting next_dagrun for conditional_dataset_and_time_based_timetable to 2025-02-19 01:00:00+00:00, run_after=2025-02-19 01:00:00+00:00
[2025-02-22T11:47:13.164-0300] {logging_mixin.py:190} INFO - [2025-02-22T11:47:13.164-0300] {dag.py:4180} INFO - Setting next_dagrun for consume_1_and_2_with_dataset_expressions to None, run_after=None
[2025-02-22T11:47:13.165-0300] {logging_mixin.py:190} INFO - [2025-02-22T11:47:13.165-0300] {dag.py:4180} INFO - Setting next_dagrun for consume_1_or_2_with_dataset_expressions to None, run_after=None
[2025-02-22T11:47:13.165-0300] {logging_mixin.py:190} INFO - [2025-02-22T11:47:13.165-0300] {dag.py:4180} INFO - Setting next_dagrun for consume_1_or_both_2_and_3_with_dataset_expressions to None, run_after=None
[2025-02-22T11:47:13.165-0300] {logging_mixin.py:190} INFO - [2025-02-22T11:47:13.165-0300] {dag.py:4180} INFO - Setting next_dagrun for dataset_consumes_1 to None, run_after=None
[2025-02-22T11:47:13.166-0300] {logging_mixin.py:190} INFO - [2025-02-22T11:47:13.166-0300] {dag.py:4180} INFO - Setting next_dagrun for dataset_consumes_1_and_2 to None, run_after=None
[2025-02-22T11:47:13.166-0300] {logging_mixin.py:190} INFO - [2025-02-22T11:47:13.166-0300] {dag.py:4180} INFO - Setting next_dagrun for dataset_consumes_1_never_scheduled to None, run_after=None
[2025-02-22T11:47:13.166-0300] {logging_mixin.py:190} INFO - [2025-02-22T11:47:13.166-0300] {dag.py:4180} INFO - Setting next_dagrun for dataset_consumes_unknown_never_scheduled to None, run_after=None
[2025-02-22T11:47:13.167-0300] {logging_mixin.py:190} INFO - [2025-02-22T11:47:13.167-0300] {dag.py:4180} INFO - Setting next_dagrun for dataset_produces_1 to 2025-02-21 00:00:00+00:00, run_after=2025-02-22 00:00:00+00:00
[2025-02-22T11:47:13.168-0300] {logging_mixin.py:190} INFO - [2025-02-22T11:47:13.168-0300] {dag.py:4180} INFO - Setting next_dagrun for dataset_produces_2 to None, run_after=None
[2025-02-22T11:47:13.189-0300] {processor.py:208} INFO - Processing /home/lpimenta/pipelineAf/airflow_env/lib/python3.10/site-packages/airflow/example_dags/example_datasets.py took 0.073 seconds
[2025-02-22T11:48:14.077-0300] {processor.py:186} INFO - Started process (PID=5616) to work on /home/lpimenta/pipelineAf/airflow_env/lib/python3.10/site-packages/airflow/example_dags/example_datasets.py
[2025-02-22T11:48:14.079-0300] {processor.py:914} INFO - Processing file /home/lpimenta/pipelineAf/airflow_env/lib/python3.10/site-packages/airflow/example_dags/example_datasets.py for tasks to queue
[2025-02-22T11:48:14.080-0300] {logging_mixin.py:190} INFO - [2025-02-22T11:48:14.080-0300] {dagbag.py:588} INFO - Filling up the DagBag from /home/lpimenta/pipelineAf/airflow_env/lib/python3.10/site-packages/airflow/example_dags/example_datasets.py
[2025-02-22T11:48:14.089-0300] {processor.py:925} INFO - DAG(s) 'consume_1_or_both_2_and_3_with_dataset_expressions', 'consume_1_and_2_with_dataset_expressions', 'dataset_produces_1', 'dataset_consumes_unknown_never_scheduled', 'consume_1_or_2_with_dataset_expressions', 'dataset_consumes_1', 'dataset_produces_2', 'dataset_consumes_1_and_2', 'conditional_dataset_and_time_based_timetable', 'dataset_consumes_1_never_scheduled' retrieved from /home/lpimenta/pipelineAf/airflow_env/lib/python3.10/site-packages/airflow/example_dags/example_datasets.py
[2025-02-22T11:48:14.106-0300] {logging_mixin.py:190} INFO - [2025-02-22T11:48:14.106-0300] {dag.py:3239} INFO - Sync 10 DAGs
[2025-02-22T11:48:14.118-0300] {logging_mixin.py:190} INFO - [2025-02-22T11:48:14.118-0300] {dag.py:4180} INFO - Setting next_dagrun for conditional_dataset_and_time_based_timetable to 2025-02-19 01:00:00+00:00, run_after=2025-02-19 01:00:00+00:00
[2025-02-22T11:48:14.119-0300] {logging_mixin.py:190} INFO - [2025-02-22T11:48:14.119-0300] {dag.py:4180} INFO - Setting next_dagrun for consume_1_and_2_with_dataset_expressions to None, run_after=None
[2025-02-22T11:48:14.120-0300] {logging_mixin.py:190} INFO - [2025-02-22T11:48:14.120-0300] {dag.py:4180} INFO - Setting next_dagrun for consume_1_or_2_with_dataset_expressions to None, run_after=None
[2025-02-22T11:48:14.120-0300] {logging_mixin.py:190} INFO - [2025-02-22T11:48:14.120-0300] {dag.py:4180} INFO - Setting next_dagrun for consume_1_or_both_2_and_3_with_dataset_expressions to None, run_after=None
[2025-02-22T11:48:14.121-0300] {logging_mixin.py:190} INFO - [2025-02-22T11:48:14.121-0300] {dag.py:4180} INFO - Setting next_dagrun for dataset_consumes_1 to None, run_after=None
[2025-02-22T11:48:14.121-0300] {logging_mixin.py:190} INFO - [2025-02-22T11:48:14.121-0300] {dag.py:4180} INFO - Setting next_dagrun for dataset_consumes_1_and_2 to None, run_after=None
[2025-02-22T11:48:14.121-0300] {logging_mixin.py:190} INFO - [2025-02-22T11:48:14.121-0300] {dag.py:4180} INFO - Setting next_dagrun for dataset_consumes_1_never_scheduled to None, run_after=None
[2025-02-22T11:48:14.122-0300] {logging_mixin.py:190} INFO - [2025-02-22T11:48:14.122-0300] {dag.py:4180} INFO - Setting next_dagrun for dataset_consumes_unknown_never_scheduled to None, run_after=None
[2025-02-22T11:48:14.123-0300] {logging_mixin.py:190} INFO - [2025-02-22T11:48:14.123-0300] {dag.py:4180} INFO - Setting next_dagrun for dataset_produces_1 to 2025-02-21 00:00:00+00:00, run_after=2025-02-22 00:00:00+00:00
[2025-02-22T11:48:14.123-0300] {logging_mixin.py:190} INFO - [2025-02-22T11:48:14.123-0300] {dag.py:4180} INFO - Setting next_dagrun for dataset_produces_2 to None, run_after=None
[2025-02-22T11:48:14.146-0300] {processor.py:208} INFO - Processing /home/lpimenta/pipelineAf/airflow_env/lib/python3.10/site-packages/airflow/example_dags/example_datasets.py took 0.073 seconds
[2025-02-22T11:49:16.571-0300] {processor.py:186} INFO - Started process (PID=5879) to work on /home/lpimenta/pipelineAf/airflow_env/lib/python3.10/site-packages/airflow/example_dags/example_datasets.py
[2025-02-22T11:49:16.572-0300] {processor.py:914} INFO - Processing file /home/lpimenta/pipelineAf/airflow_env/lib/python3.10/site-packages/airflow/example_dags/example_datasets.py for tasks to queue
[2025-02-22T11:49:16.573-0300] {logging_mixin.py:190} INFO - [2025-02-22T11:49:16.572-0300] {dagbag.py:588} INFO - Filling up the DagBag from /home/lpimenta/pipelineAf/airflow_env/lib/python3.10/site-packages/airflow/example_dags/example_datasets.py
[2025-02-22T11:49:16.582-0300] {processor.py:925} INFO - DAG(s) 'dataset_produces_2', 'dataset_produces_1', 'consume_1_or_both_2_and_3_with_dataset_expressions', 'consume_1_and_2_with_dataset_expressions', 'dataset_consumes_1_and_2', 'consume_1_or_2_with_dataset_expressions', 'conditional_dataset_and_time_based_timetable', 'dataset_consumes_1_never_scheduled', 'dataset_consumes_unknown_never_scheduled', 'dataset_consumes_1' retrieved from /home/lpimenta/pipelineAf/airflow_env/lib/python3.10/site-packages/airflow/example_dags/example_datasets.py
[2025-02-22T11:49:16.601-0300] {logging_mixin.py:190} INFO - [2025-02-22T11:49:16.601-0300] {dag.py:3239} INFO - Sync 10 DAGs
[2025-02-22T11:49:16.615-0300] {logging_mixin.py:190} INFO - [2025-02-22T11:49:16.615-0300] {dag.py:4180} INFO - Setting next_dagrun for conditional_dataset_and_time_based_timetable to 2025-02-19 01:00:00+00:00, run_after=2025-02-19 01:00:00+00:00
[2025-02-22T11:49:16.617-0300] {logging_mixin.py:190} INFO - [2025-02-22T11:49:16.617-0300] {dag.py:4180} INFO - Setting next_dagrun for consume_1_and_2_with_dataset_expressions to None, run_after=None
[2025-02-22T11:49:16.617-0300] {logging_mixin.py:190} INFO - [2025-02-22T11:49:16.617-0300] {dag.py:4180} INFO - Setting next_dagrun for consume_1_or_2_with_dataset_expressions to None, run_after=None
[2025-02-22T11:49:16.618-0300] {logging_mixin.py:190} INFO - [2025-02-22T11:49:16.617-0300] {dag.py:4180} INFO - Setting next_dagrun for consume_1_or_both_2_and_3_with_dataset_expressions to None, run_after=None
[2025-02-22T11:49:16.618-0300] {logging_mixin.py:190} INFO - [2025-02-22T11:49:16.618-0300] {dag.py:4180} INFO - Setting next_dagrun for dataset_consumes_1 to None, run_after=None
[2025-02-22T11:49:16.618-0300] {logging_mixin.py:190} INFO - [2025-02-22T11:49:16.618-0300] {dag.py:4180} INFO - Setting next_dagrun for dataset_consumes_1_and_2 to None, run_after=None
[2025-02-22T11:49:16.619-0300] {logging_mixin.py:190} INFO - [2025-02-22T11:49:16.619-0300] {dag.py:4180} INFO - Setting next_dagrun for dataset_consumes_1_never_scheduled to None, run_after=None
[2025-02-22T11:49:16.619-0300] {logging_mixin.py:190} INFO - [2025-02-22T11:49:16.619-0300] {dag.py:4180} INFO - Setting next_dagrun for dataset_consumes_unknown_never_scheduled to None, run_after=None
[2025-02-22T11:49:16.620-0300] {logging_mixin.py:190} INFO - [2025-02-22T11:49:16.620-0300] {dag.py:4180} INFO - Setting next_dagrun for dataset_produces_1 to 2025-02-21 00:00:00+00:00, run_after=2025-02-22 00:00:00+00:00
[2025-02-22T11:49:16.621-0300] {logging_mixin.py:190} INFO - [2025-02-22T11:49:16.621-0300] {dag.py:4180} INFO - Setting next_dagrun for dataset_produces_2 to None, run_after=None
[2025-02-22T11:49:16.640-0300] {processor.py:208} INFO - Processing /home/lpimenta/pipelineAf/airflow_env/lib/python3.10/site-packages/airflow/example_dags/example_datasets.py took 0.075 seconds
