[2025-02-22T11:40:51.297-0300] {processor.py:186} INFO - Started process (PID=3896) to work on /home/lpimenta/pipelineAf/airflow_env/lib/python3.10/site-packages/airflow/example_dags/example_params_trigger_ui.py
[2025-02-22T11:40:51.297-0300] {processor.py:914} INFO - Processing file /home/lpimenta/pipelineAf/airflow_env/lib/python3.10/site-packages/airflow/example_dags/example_params_trigger_ui.py for tasks to queue
[2025-02-22T11:40:51.298-0300] {logging_mixin.py:190} INFO - [2025-02-22T11:40:51.298-0300] {dagbag.py:588} INFO - Filling up the DagBag from /home/lpimenta/pipelineAf/airflow_env/lib/python3.10/site-packages/airflow/example_dags/example_params_trigger_ui.py
[2025-02-22T11:40:51.305-0300] {processor.py:925} INFO - DAG(s) 'example_params_trigger_ui' retrieved from /home/lpimenta/pipelineAf/airflow_env/lib/python3.10/site-packages/airflow/example_dags/example_params_trigger_ui.py
[2025-02-22T11:40:51.441-0300] {logging_mixin.py:190} INFO - [2025-02-22T11:40:51.441-0300] {override.py:1930} INFO - Created Permission View: can read on DAG:example_params_trigger_ui
[2025-02-22T11:40:51.450-0300] {logging_mixin.py:190} INFO - [2025-02-22T11:40:51.450-0300] {override.py:1930} INFO - Created Permission View: can edit on DAG:example_params_trigger_ui
[2025-02-22T11:40:51.458-0300] {logging_mixin.py:190} INFO - [2025-02-22T11:40:51.458-0300] {override.py:1930} INFO - Created Permission View: can delete on DAG:example_params_trigger_ui
[2025-02-22T11:40:51.471-0300] {logging_mixin.py:190} INFO - [2025-02-22T11:40:51.471-0300] {override.py:1930} INFO - Created Permission View: can read on DAG Run:example_params_trigger_ui
[2025-02-22T11:40:51.479-0300] {logging_mixin.py:190} INFO - [2025-02-22T11:40:51.479-0300] {override.py:1930} INFO - Created Permission View: can delete on DAG Run:example_params_trigger_ui
[2025-02-22T11:40:51.487-0300] {logging_mixin.py:190} INFO - [2025-02-22T11:40:51.486-0300] {override.py:1930} INFO - Created Permission View: menu access on DAG Run:example_params_trigger_ui
[2025-02-22T11:40:51.494-0300] {logging_mixin.py:190} INFO - [2025-02-22T11:40:51.494-0300] {override.py:1930} INFO - Created Permission View: can create on DAG Run:example_params_trigger_ui
[2025-02-22T11:40:51.494-0300] {logging_mixin.py:190} INFO - [2025-02-22T11:40:51.494-0300] {dag.py:3239} INFO - Sync 1 DAGs
[2025-02-22T11:40:51.500-0300] {logging_mixin.py:190} INFO - [2025-02-22T11:40:51.500-0300] {dag.py:3262} INFO - Creating ORM DAG for example_params_trigger_ui
[2025-02-22T11:40:51.501-0300] {logging_mixin.py:190} INFO - [2025-02-22T11:40:51.501-0300] {dag.py:4180} INFO - Setting next_dagrun for example_params_trigger_ui to None, run_after=None
[2025-02-22T11:40:51.514-0300] {processor.py:208} INFO - Processing /home/lpimenta/pipelineAf/airflow_env/lib/python3.10/site-packages/airflow/example_dags/example_params_trigger_ui.py took 0.222 seconds
[2025-02-22T11:42:00.016-0300] {processor.py:186} INFO - Started process (PID=4233) to work on /home/lpimenta/pipelineAf/airflow_env/lib/python3.10/site-packages/airflow/example_dags/example_params_trigger_ui.py
[2025-02-22T11:42:00.017-0300] {processor.py:914} INFO - Processing file /home/lpimenta/pipelineAf/airflow_env/lib/python3.10/site-packages/airflow/example_dags/example_params_trigger_ui.py for tasks to queue
[2025-02-22T11:42:00.018-0300] {logging_mixin.py:190} INFO - [2025-02-22T11:42:00.018-0300] {dagbag.py:588} INFO - Filling up the DagBag from /home/lpimenta/pipelineAf/airflow_env/lib/python3.10/site-packages/airflow/example_dags/example_params_trigger_ui.py
[2025-02-22T11:42:00.026-0300] {processor.py:925} INFO - DAG(s) 'example_params_trigger_ui' retrieved from /home/lpimenta/pipelineAf/airflow_env/lib/python3.10/site-packages/airflow/example_dags/example_params_trigger_ui.py
[2025-02-22T11:42:00.048-0300] {logging_mixin.py:190} INFO - [2025-02-22T11:42:00.048-0300] {dag.py:3239} INFO - Sync 1 DAGs
[2025-02-22T11:42:00.055-0300] {logging_mixin.py:190} INFO - [2025-02-22T11:42:00.055-0300] {dag.py:4180} INFO - Setting next_dagrun for example_params_trigger_ui to None, run_after=None
[2025-02-22T11:42:00.070-0300] {processor.py:208} INFO - Processing /home/lpimenta/pipelineAf/airflow_env/lib/python3.10/site-packages/airflow/example_dags/example_params_trigger_ui.py took 0.058 seconds
[2025-02-22T11:42:57.490-0300] {processor.py:186} INFO - Started process (PID=4459) to work on /home/lpimenta/pipelineAf/airflow_env/lib/python3.10/site-packages/airflow/example_dags/example_params_trigger_ui.py
[2025-02-22T11:42:57.494-0300] {processor.py:914} INFO - Processing file /home/lpimenta/pipelineAf/airflow_env/lib/python3.10/site-packages/airflow/example_dags/example_params_trigger_ui.py for tasks to queue
[2025-02-22T11:42:57.496-0300] {logging_mixin.py:190} INFO - [2025-02-22T11:42:57.495-0300] {dagbag.py:588} INFO - Filling up the DagBag from /home/lpimenta/pipelineAf/airflow_env/lib/python3.10/site-packages/airflow/example_dags/example_params_trigger_ui.py
[2025-02-22T11:42:57.502-0300] {processor.py:925} INFO - DAG(s) 'example_params_trigger_ui' retrieved from /home/lpimenta/pipelineAf/airflow_env/lib/python3.10/site-packages/airflow/example_dags/example_params_trigger_ui.py
[2025-02-22T11:42:57.524-0300] {logging_mixin.py:190} INFO - [2025-02-22T11:42:57.524-0300] {dag.py:3239} INFO - Sync 1 DAGs
[2025-02-22T11:42:57.532-0300] {logging_mixin.py:190} INFO - [2025-02-22T11:42:57.532-0300] {dag.py:4180} INFO - Setting next_dagrun for example_params_trigger_ui to None, run_after=None
[2025-02-22T11:42:57.549-0300] {processor.py:208} INFO - Processing /home/lpimenta/pipelineAf/airflow_env/lib/python3.10/site-packages/airflow/example_dags/example_params_trigger_ui.py took 0.062 seconds
[2025-02-22T11:44:04.788-0300] {processor.py:186} INFO - Started process (PID=4707) to work on /home/lpimenta/pipelineAf/airflow_env/lib/python3.10/site-packages/airflow/example_dags/example_params_trigger_ui.py
[2025-02-22T11:44:04.790-0300] {processor.py:914} INFO - Processing file /home/lpimenta/pipelineAf/airflow_env/lib/python3.10/site-packages/airflow/example_dags/example_params_trigger_ui.py for tasks to queue
[2025-02-22T11:44:04.791-0300] {logging_mixin.py:190} INFO - [2025-02-22T11:44:04.791-0300] {dagbag.py:588} INFO - Filling up the DagBag from /home/lpimenta/pipelineAf/airflow_env/lib/python3.10/site-packages/airflow/example_dags/example_params_trigger_ui.py
[2025-02-22T11:44:04.798-0300] {processor.py:925} INFO - DAG(s) 'example_params_trigger_ui' retrieved from /home/lpimenta/pipelineAf/airflow_env/lib/python3.10/site-packages/airflow/example_dags/example_params_trigger_ui.py
[2025-02-22T11:44:04.819-0300] {logging_mixin.py:190} INFO - [2025-02-22T11:44:04.819-0300] {dag.py:3239} INFO - Sync 1 DAGs
[2025-02-22T11:44:04.825-0300] {logging_mixin.py:190} INFO - [2025-02-22T11:44:04.825-0300] {dag.py:4180} INFO - Setting next_dagrun for example_params_trigger_ui to None, run_after=None
[2025-02-22T11:44:04.842-0300] {processor.py:208} INFO - Processing /home/lpimenta/pipelineAf/airflow_env/lib/python3.10/site-packages/airflow/example_dags/example_params_trigger_ui.py took 0.058 seconds
[2025-02-22T11:45:09.183-0300] {processor.py:186} INFO - Started process (PID=4936) to work on /home/lpimenta/pipelineAf/airflow_env/lib/python3.10/site-packages/airflow/example_dags/example_params_trigger_ui.py
[2025-02-22T11:45:09.185-0300] {processor.py:914} INFO - Processing file /home/lpimenta/pipelineAf/airflow_env/lib/python3.10/site-packages/airflow/example_dags/example_params_trigger_ui.py for tasks to queue
[2025-02-22T11:45:09.186-0300] {logging_mixin.py:190} INFO - [2025-02-22T11:45:09.186-0300] {dagbag.py:588} INFO - Filling up the DagBag from /home/lpimenta/pipelineAf/airflow_env/lib/python3.10/site-packages/airflow/example_dags/example_params_trigger_ui.py
[2025-02-22T11:45:09.193-0300] {processor.py:925} INFO - DAG(s) 'example_params_trigger_ui' retrieved from /home/lpimenta/pipelineAf/airflow_env/lib/python3.10/site-packages/airflow/example_dags/example_params_trigger_ui.py
[2025-02-22T11:45:09.214-0300] {logging_mixin.py:190} INFO - [2025-02-22T11:45:09.214-0300] {dag.py:3239} INFO - Sync 1 DAGs
[2025-02-22T11:45:09.221-0300] {logging_mixin.py:190} INFO - [2025-02-22T11:45:09.221-0300] {dag.py:4180} INFO - Setting next_dagrun for example_params_trigger_ui to None, run_after=None
[2025-02-22T11:45:09.236-0300] {processor.py:208} INFO - Processing /home/lpimenta/pipelineAf/airflow_env/lib/python3.10/site-packages/airflow/example_dags/example_params_trigger_ui.py took 0.056 seconds
[2025-02-22T11:46:12.585-0300] {processor.py:186} INFO - Started process (PID=5171) to work on /home/lpimenta/pipelineAf/airflow_env/lib/python3.10/site-packages/airflow/example_dags/example_params_trigger_ui.py
[2025-02-22T11:46:12.587-0300] {processor.py:914} INFO - Processing file /home/lpimenta/pipelineAf/airflow_env/lib/python3.10/site-packages/airflow/example_dags/example_params_trigger_ui.py for tasks to queue
[2025-02-22T11:46:12.588-0300] {logging_mixin.py:190} INFO - [2025-02-22T11:46:12.588-0300] {dagbag.py:588} INFO - Filling up the DagBag from /home/lpimenta/pipelineAf/airflow_env/lib/python3.10/site-packages/airflow/example_dags/example_params_trigger_ui.py
[2025-02-22T11:46:12.595-0300] {processor.py:925} INFO - DAG(s) 'example_params_trigger_ui' retrieved from /home/lpimenta/pipelineAf/airflow_env/lib/python3.10/site-packages/airflow/example_dags/example_params_trigger_ui.py
[2025-02-22T11:46:12.662-0300] {logging_mixin.py:190} INFO - [2025-02-22T11:46:12.662-0300] {dag.py:3239} INFO - Sync 1 DAGs
[2025-02-22T11:46:12.669-0300] {logging_mixin.py:190} INFO - [2025-02-22T11:46:12.669-0300] {dag.py:3262} INFO - Creating ORM DAG for example_params_trigger_ui
[2025-02-22T11:46:12.669-0300] {logging_mixin.py:190} INFO - [2025-02-22T11:46:12.669-0300] {dag.py:4180} INFO - Setting next_dagrun for example_params_trigger_ui to None, run_after=None
[2025-02-22T11:46:12.687-0300] {processor.py:208} INFO - Processing /home/lpimenta/pipelineAf/airflow_env/lib/python3.10/site-packages/airflow/example_dags/example_params_trigger_ui.py took 0.106 seconds
[2025-02-22T11:47:18.565-0300] {processor.py:186} INFO - Started process (PID=5409) to work on /home/lpimenta/pipelineAf/airflow_env/lib/python3.10/site-packages/airflow/example_dags/example_params_trigger_ui.py
[2025-02-22T11:47:18.568-0300] {processor.py:914} INFO - Processing file /home/lpimenta/pipelineAf/airflow_env/lib/python3.10/site-packages/airflow/example_dags/example_params_trigger_ui.py for tasks to queue
[2025-02-22T11:47:18.569-0300] {logging_mixin.py:190} INFO - [2025-02-22T11:47:18.569-0300] {dagbag.py:588} INFO - Filling up the DagBag from /home/lpimenta/pipelineAf/airflow_env/lib/python3.10/site-packages/airflow/example_dags/example_params_trigger_ui.py
[2025-02-22T11:47:18.576-0300] {processor.py:925} INFO - DAG(s) 'example_params_trigger_ui' retrieved from /home/lpimenta/pipelineAf/airflow_env/lib/python3.10/site-packages/airflow/example_dags/example_params_trigger_ui.py
[2025-02-22T11:47:18.598-0300] {logging_mixin.py:190} INFO - [2025-02-22T11:47:18.598-0300] {dag.py:3239} INFO - Sync 1 DAGs
[2025-02-22T11:47:18.605-0300] {logging_mixin.py:190} INFO - [2025-02-22T11:47:18.605-0300] {dag.py:4180} INFO - Setting next_dagrun for example_params_trigger_ui to None, run_after=None
[2025-02-22T11:47:18.622-0300] {processor.py:208} INFO - Processing /home/lpimenta/pipelineAf/airflow_env/lib/python3.10/site-packages/airflow/example_dags/example_params_trigger_ui.py took 0.061 seconds
[2025-02-22T11:48:23.944-0300] {processor.py:186} INFO - Started process (PID=5640) to work on /home/lpimenta/pipelineAf/airflow_env/lib/python3.10/site-packages/airflow/example_dags/example_params_trigger_ui.py
[2025-02-22T11:48:23.945-0300] {processor.py:914} INFO - Processing file /home/lpimenta/pipelineAf/airflow_env/lib/python3.10/site-packages/airflow/example_dags/example_params_trigger_ui.py for tasks to queue
[2025-02-22T11:48:23.946-0300] {logging_mixin.py:190} INFO - [2025-02-22T11:48:23.946-0300] {dagbag.py:588} INFO - Filling up the DagBag from /home/lpimenta/pipelineAf/airflow_env/lib/python3.10/site-packages/airflow/example_dags/example_params_trigger_ui.py
[2025-02-22T11:48:23.953-0300] {processor.py:925} INFO - DAG(s) 'example_params_trigger_ui' retrieved from /home/lpimenta/pipelineAf/airflow_env/lib/python3.10/site-packages/airflow/example_dags/example_params_trigger_ui.py
[2025-02-22T11:48:23.977-0300] {logging_mixin.py:190} INFO - [2025-02-22T11:48:23.977-0300] {dag.py:3239} INFO - Sync 1 DAGs
[2025-02-22T11:48:23.984-0300] {logging_mixin.py:190} INFO - [2025-02-22T11:48:23.983-0300] {dag.py:4180} INFO - Setting next_dagrun for example_params_trigger_ui to None, run_after=None
[2025-02-22T11:48:23.998-0300] {processor.py:208} INFO - Processing /home/lpimenta/pipelineAf/airflow_env/lib/python3.10/site-packages/airflow/example_dags/example_params_trigger_ui.py took 0.059 seconds
[2025-02-22T11:49:21.695-0300] {processor.py:186} INFO - Started process (PID=5900) to work on /home/lpimenta/pipelineAf/airflow_env/lib/python3.10/site-packages/airflow/example_dags/example_params_trigger_ui.py
[2025-02-22T11:49:21.696-0300] {processor.py:914} INFO - Processing file /home/lpimenta/pipelineAf/airflow_env/lib/python3.10/site-packages/airflow/example_dags/example_params_trigger_ui.py for tasks to queue
[2025-02-22T11:49:21.697-0300] {logging_mixin.py:190} INFO - [2025-02-22T11:49:21.697-0300] {dagbag.py:588} INFO - Filling up the DagBag from /home/lpimenta/pipelineAf/airflow_env/lib/python3.10/site-packages/airflow/example_dags/example_params_trigger_ui.py
[2025-02-22T11:49:21.704-0300] {processor.py:925} INFO - DAG(s) 'example_params_trigger_ui' retrieved from /home/lpimenta/pipelineAf/airflow_env/lib/python3.10/site-packages/airflow/example_dags/example_params_trigger_ui.py
[2025-02-22T11:49:21.727-0300] {logging_mixin.py:190} INFO - [2025-02-22T11:49:21.726-0300] {dag.py:3239} INFO - Sync 1 DAGs
[2025-02-22T11:49:21.734-0300] {logging_mixin.py:190} INFO - [2025-02-22T11:49:21.734-0300] {dag.py:4180} INFO - Setting next_dagrun for example_params_trigger_ui to None, run_after=None
[2025-02-22T11:49:21.751-0300] {processor.py:208} INFO - Processing /home/lpimenta/pipelineAf/airflow_env/lib/python3.10/site-packages/airflow/example_dags/example_params_trigger_ui.py took 0.060 seconds
