[2025-02-22T11:40:46.060-0300] {processor.py:186} INFO - Started process (PID=3866) to work on /home/lpimenta/pipelineAf/airflow_env/lib/python3.10/site-packages/airflow/example_dags/example_complex.py
[2025-02-22T11:40:46.060-0300] {processor.py:914} INFO - Processing file /home/lpimenta/pipelineAf/airflow_env/lib/python3.10/site-packages/airflow/example_dags/example_complex.py for tasks to queue
[2025-02-22T11:40:46.062-0300] {logging_mixin.py:190} INFO - [2025-02-22T11:40:46.062-0300] {dagbag.py:588} INFO - Filling up the DagBag from /home/lpimenta/pipelineAf/airflow_env/lib/python3.10/site-packages/airflow/example_dags/example_complex.py
[2025-02-22T11:40:46.069-0300] {processor.py:925} INFO - DAG(s) 'example_complex' retrieved from /home/lpimenta/pipelineAf/airflow_env/lib/python3.10/site-packages/airflow/example_dags/example_complex.py
[2025-02-22T11:40:46.185-0300] {logging_mixin.py:190} INFO - [2025-02-22T11:40:46.184-0300] {override.py:1930} INFO - Created Permission View: can read on DAG:example_complex
[2025-02-22T11:40:46.194-0300] {logging_mixin.py:190} INFO - [2025-02-22T11:40:46.193-0300] {override.py:1930} INFO - Created Permission View: can edit on DAG:example_complex
[2025-02-22T11:40:46.202-0300] {logging_mixin.py:190} INFO - [2025-02-22T11:40:46.201-0300] {override.py:1930} INFO - Created Permission View: can delete on DAG:example_complex
[2025-02-22T11:40:46.214-0300] {logging_mixin.py:190} INFO - [2025-02-22T11:40:46.214-0300] {override.py:1930} INFO - Created Permission View: can read on DAG Run:example_complex
[2025-02-22T11:40:46.221-0300] {logging_mixin.py:190} INFO - [2025-02-22T11:40:46.221-0300] {override.py:1930} INFO - Created Permission View: can delete on DAG Run:example_complex
[2025-02-22T11:40:46.228-0300] {logging_mixin.py:190} INFO - [2025-02-22T11:40:46.228-0300] {override.py:1930} INFO - Created Permission View: menu access on DAG Run:example_complex
[2025-02-22T11:40:46.235-0300] {logging_mixin.py:190} INFO - [2025-02-22T11:40:46.235-0300] {override.py:1930} INFO - Created Permission View: can create on DAG Run:example_complex
[2025-02-22T11:40:46.235-0300] {logging_mixin.py:190} INFO - [2025-02-22T11:40:46.235-0300] {dag.py:3239} INFO - Sync 1 DAGs
[2025-02-22T11:40:46.240-0300] {logging_mixin.py:190} INFO - [2025-02-22T11:40:46.240-0300] {dag.py:3262} INFO - Creating ORM DAG for example_complex
[2025-02-22T11:40:46.241-0300] {logging_mixin.py:190} INFO - [2025-02-22T11:40:46.241-0300] {dag.py:4180} INFO - Setting next_dagrun for example_complex to None, run_after=None
[2025-02-22T11:40:46.255-0300] {processor.py:208} INFO - Processing /home/lpimenta/pipelineAf/airflow_env/lib/python3.10/site-packages/airflow/example_dags/example_complex.py took 0.198 seconds
[2025-02-22T11:41:56.017-0300] {processor.py:186} INFO - Started process (PID=4216) to work on /home/lpimenta/pipelineAf/airflow_env/lib/python3.10/site-packages/airflow/example_dags/example_complex.py
[2025-02-22T11:41:56.039-0300] {processor.py:914} INFO - Processing file /home/lpimenta/pipelineAf/airflow_env/lib/python3.10/site-packages/airflow/example_dags/example_complex.py for tasks to queue
[2025-02-22T11:41:56.041-0300] {logging_mixin.py:190} INFO - [2025-02-22T11:41:56.041-0300] {dagbag.py:588} INFO - Filling up the DagBag from /home/lpimenta/pipelineAf/airflow_env/lib/python3.10/site-packages/airflow/example_dags/example_complex.py
[2025-02-22T11:41:56.049-0300] {processor.py:925} INFO - DAG(s) 'example_complex' retrieved from /home/lpimenta/pipelineAf/airflow_env/lib/python3.10/site-packages/airflow/example_dags/example_complex.py
[2025-02-22T11:41:56.064-0300] {logging_mixin.py:190} INFO - [2025-02-22T11:41:56.064-0300] {dag.py:3239} INFO - Sync 1 DAGs
[2025-02-22T11:41:56.071-0300] {logging_mixin.py:190} INFO - [2025-02-22T11:41:56.071-0300] {dag.py:4180} INFO - Setting next_dagrun for example_complex to None, run_after=None
[2025-02-22T11:41:56.088-0300] {processor.py:208} INFO - Processing /home/lpimenta/pipelineAf/airflow_env/lib/python3.10/site-packages/airflow/example_dags/example_complex.py took 0.074 seconds
[2025-02-22T11:42:53.800-0300] {processor.py:186} INFO - Started process (PID=4443) to work on /home/lpimenta/pipelineAf/airflow_env/lib/python3.10/site-packages/airflow/example_dags/example_complex.py
[2025-02-22T11:42:53.804-0300] {processor.py:914} INFO - Processing file /home/lpimenta/pipelineAf/airflow_env/lib/python3.10/site-packages/airflow/example_dags/example_complex.py for tasks to queue
[2025-02-22T11:42:53.806-0300] {logging_mixin.py:190} INFO - [2025-02-22T11:42:53.805-0300] {dagbag.py:588} INFO - Filling up the DagBag from /home/lpimenta/pipelineAf/airflow_env/lib/python3.10/site-packages/airflow/example_dags/example_complex.py
[2025-02-22T11:42:53.813-0300] {processor.py:925} INFO - DAG(s) 'example_complex' retrieved from /home/lpimenta/pipelineAf/airflow_env/lib/python3.10/site-packages/airflow/example_dags/example_complex.py
[2025-02-22T11:42:53.831-0300] {logging_mixin.py:190} INFO - [2025-02-22T11:42:53.831-0300] {dag.py:3239} INFO - Sync 1 DAGs
[2025-02-22T11:42:53.838-0300] {logging_mixin.py:190} INFO - [2025-02-22T11:42:53.838-0300] {dag.py:4180} INFO - Setting next_dagrun for example_complex to None, run_after=None
[2025-02-22T11:42:53.853-0300] {processor.py:208} INFO - Processing /home/lpimenta/pipelineAf/airflow_env/lib/python3.10/site-packages/airflow/example_dags/example_complex.py took 0.056 seconds
[2025-02-22T11:44:01.927-0300] {processor.py:186} INFO - Started process (PID=4691) to work on /home/lpimenta/pipelineAf/airflow_env/lib/python3.10/site-packages/airflow/example_dags/example_complex.py
[2025-02-22T11:44:01.928-0300] {processor.py:914} INFO - Processing file /home/lpimenta/pipelineAf/airflow_env/lib/python3.10/site-packages/airflow/example_dags/example_complex.py for tasks to queue
[2025-02-22T11:44:01.929-0300] {logging_mixin.py:190} INFO - [2025-02-22T11:44:01.929-0300] {dagbag.py:588} INFO - Filling up the DagBag from /home/lpimenta/pipelineAf/airflow_env/lib/python3.10/site-packages/airflow/example_dags/example_complex.py
[2025-02-22T11:44:01.937-0300] {processor.py:925} INFO - DAG(s) 'example_complex' retrieved from /home/lpimenta/pipelineAf/airflow_env/lib/python3.10/site-packages/airflow/example_dags/example_complex.py
[2025-02-22T11:44:01.951-0300] {logging_mixin.py:190} INFO - [2025-02-22T11:44:01.951-0300] {dag.py:3239} INFO - Sync 1 DAGs
[2025-02-22T11:44:01.959-0300] {logging_mixin.py:190} INFO - [2025-02-22T11:44:01.959-0300] {dag.py:4180} INFO - Setting next_dagrun for example_complex to None, run_after=None
[2025-02-22T11:44:01.976-0300] {processor.py:208} INFO - Processing /home/lpimenta/pipelineAf/airflow_env/lib/python3.10/site-packages/airflow/example_dags/example_complex.py took 0.053 seconds
[2025-02-22T11:45:04.928-0300] {processor.py:186} INFO - Started process (PID=4920) to work on /home/lpimenta/pipelineAf/airflow_env/lib/python3.10/site-packages/airflow/example_dags/example_complex.py
[2025-02-22T11:45:04.930-0300] {processor.py:914} INFO - Processing file /home/lpimenta/pipelineAf/airflow_env/lib/python3.10/site-packages/airflow/example_dags/example_complex.py for tasks to queue
[2025-02-22T11:45:04.931-0300] {logging_mixin.py:190} INFO - [2025-02-22T11:45:04.931-0300] {dagbag.py:588} INFO - Filling up the DagBag from /home/lpimenta/pipelineAf/airflow_env/lib/python3.10/site-packages/airflow/example_dags/example_complex.py
[2025-02-22T11:45:04.939-0300] {processor.py:925} INFO - DAG(s) 'example_complex' retrieved from /home/lpimenta/pipelineAf/airflow_env/lib/python3.10/site-packages/airflow/example_dags/example_complex.py
[2025-02-22T11:45:04.953-0300] {logging_mixin.py:190} INFO - [2025-02-22T11:45:04.953-0300] {dag.py:3239} INFO - Sync 1 DAGs
[2025-02-22T11:45:04.960-0300] {logging_mixin.py:190} INFO - [2025-02-22T11:45:04.960-0300] {dag.py:4180} INFO - Setting next_dagrun for example_complex to None, run_after=None
[2025-02-22T11:45:04.974-0300] {processor.py:208} INFO - Processing /home/lpimenta/pipelineAf/airflow_env/lib/python3.10/site-packages/airflow/example_dags/example_complex.py took 0.050 seconds
[2025-02-22T11:46:08.856-0300] {processor.py:186} INFO - Started process (PID=5155) to work on /home/lpimenta/pipelineAf/airflow_env/lib/python3.10/site-packages/airflow/example_dags/example_complex.py
[2025-02-22T11:46:08.858-0300] {processor.py:914} INFO - Processing file /home/lpimenta/pipelineAf/airflow_env/lib/python3.10/site-packages/airflow/example_dags/example_complex.py for tasks to queue
[2025-02-22T11:46:08.859-0300] {logging_mixin.py:190} INFO - [2025-02-22T11:46:08.859-0300] {dagbag.py:588} INFO - Filling up the DagBag from /home/lpimenta/pipelineAf/airflow_env/lib/python3.10/site-packages/airflow/example_dags/example_complex.py
[2025-02-22T11:46:08.867-0300] {processor.py:925} INFO - DAG(s) 'example_complex' retrieved from /home/lpimenta/pipelineAf/airflow_env/lib/python3.10/site-packages/airflow/example_dags/example_complex.py
[2025-02-22T11:46:08.883-0300] {logging_mixin.py:190} INFO - [2025-02-22T11:46:08.883-0300] {dag.py:3239} INFO - Sync 1 DAGs
[2025-02-22T11:46:08.891-0300] {logging_mixin.py:190} INFO - [2025-02-22T11:46:08.891-0300] {dag.py:4180} INFO - Setting next_dagrun for example_complex to None, run_after=None
[2025-02-22T11:46:08.906-0300] {processor.py:208} INFO - Processing /home/lpimenta/pipelineAf/airflow_env/lib/python3.10/site-packages/airflow/example_dags/example_complex.py took 0.053 seconds
[2025-02-22T11:47:15.377-0300] {processor.py:186} INFO - Started process (PID=5393) to work on /home/lpimenta/pipelineAf/airflow_env/lib/python3.10/site-packages/airflow/example_dags/example_complex.py
[2025-02-22T11:47:15.380-0300] {processor.py:914} INFO - Processing file /home/lpimenta/pipelineAf/airflow_env/lib/python3.10/site-packages/airflow/example_dags/example_complex.py for tasks to queue
[2025-02-22T11:47:15.380-0300] {logging_mixin.py:190} INFO - [2025-02-22T11:47:15.380-0300] {dagbag.py:588} INFO - Filling up the DagBag from /home/lpimenta/pipelineAf/airflow_env/lib/python3.10/site-packages/airflow/example_dags/example_complex.py
[2025-02-22T11:47:15.388-0300] {processor.py:925} INFO - DAG(s) 'example_complex' retrieved from /home/lpimenta/pipelineAf/airflow_env/lib/python3.10/site-packages/airflow/example_dags/example_complex.py
[2025-02-22T11:47:15.403-0300] {logging_mixin.py:190} INFO - [2025-02-22T11:47:15.403-0300] {dag.py:3239} INFO - Sync 1 DAGs
[2025-02-22T11:47:15.410-0300] {logging_mixin.py:190} INFO - [2025-02-22T11:47:15.410-0300] {dag.py:4180} INFO - Setting next_dagrun for example_complex to None, run_after=None
[2025-02-22T11:47:15.425-0300] {processor.py:208} INFO - Processing /home/lpimenta/pipelineAf/airflow_env/lib/python3.10/site-packages/airflow/example_dags/example_complex.py took 0.051 seconds
[2025-02-22T11:48:16.335-0300] {processor.py:186} INFO - Started process (PID=5624) to work on /home/lpimenta/pipelineAf/airflow_env/lib/python3.10/site-packages/airflow/example_dags/example_complex.py
[2025-02-22T11:48:16.338-0300] {processor.py:914} INFO - Processing file /home/lpimenta/pipelineAf/airflow_env/lib/python3.10/site-packages/airflow/example_dags/example_complex.py for tasks to queue
[2025-02-22T11:48:16.339-0300] {logging_mixin.py:190} INFO - [2025-02-22T11:48:16.339-0300] {dagbag.py:588} INFO - Filling up the DagBag from /home/lpimenta/pipelineAf/airflow_env/lib/python3.10/site-packages/airflow/example_dags/example_complex.py
[2025-02-22T11:48:16.348-0300] {processor.py:925} INFO - DAG(s) 'example_complex' retrieved from /home/lpimenta/pipelineAf/airflow_env/lib/python3.10/site-packages/airflow/example_dags/example_complex.py
[2025-02-22T11:48:16.364-0300] {logging_mixin.py:190} INFO - [2025-02-22T11:48:16.364-0300] {dag.py:3239} INFO - Sync 1 DAGs
[2025-02-22T11:48:16.371-0300] {logging_mixin.py:190} INFO - [2025-02-22T11:48:16.371-0300] {dag.py:4180} INFO - Setting next_dagrun for example_complex to None, run_after=None
[2025-02-22T11:48:16.386-0300] {processor.py:208} INFO - Processing /home/lpimenta/pipelineAf/airflow_env/lib/python3.10/site-packages/airflow/example_dags/example_complex.py took 0.055 seconds
[2025-02-22T11:49:18.182-0300] {processor.py:186} INFO - Started process (PID=5884) to work on /home/lpimenta/pipelineAf/airflow_env/lib/python3.10/site-packages/airflow/example_dags/example_complex.py
[2025-02-22T11:49:18.184-0300] {processor.py:914} INFO - Processing file /home/lpimenta/pipelineAf/airflow_env/lib/python3.10/site-packages/airflow/example_dags/example_complex.py for tasks to queue
[2025-02-22T11:49:18.185-0300] {logging_mixin.py:190} INFO - [2025-02-22T11:49:18.185-0300] {dagbag.py:588} INFO - Filling up the DagBag from /home/lpimenta/pipelineAf/airflow_env/lib/python3.10/site-packages/airflow/example_dags/example_complex.py
[2025-02-22T11:49:18.194-0300] {processor.py:925} INFO - DAG(s) 'example_complex' retrieved from /home/lpimenta/pipelineAf/airflow_env/lib/python3.10/site-packages/airflow/example_dags/example_complex.py
[2025-02-22T11:49:18.213-0300] {logging_mixin.py:190} INFO - [2025-02-22T11:49:18.213-0300] {dag.py:3239} INFO - Sync 1 DAGs
[2025-02-22T11:49:18.223-0300] {logging_mixin.py:190} INFO - [2025-02-22T11:49:18.223-0300] {dag.py:4180} INFO - Setting next_dagrun for example_complex to None, run_after=None
[2025-02-22T11:49:18.243-0300] {processor.py:208} INFO - Processing /home/lpimenta/pipelineAf/airflow_env/lib/python3.10/site-packages/airflow/example_dags/example_complex.py took 0.065 seconds
