[2025-02-22T11:40:29.867-0300] {processor.py:186} INFO - Started process (PID=3817) to work on /home/lpimenta/pipelineAf/airflow_env/lib/python3.10/site-packages/airflow/example_dags/example_inlet_event_extra.py
[2025-02-22T11:40:29.868-0300] {processor.py:914} INFO - Processing file /home/lpimenta/pipelineAf/airflow_env/lib/python3.10/site-packages/airflow/example_dags/example_inlet_event_extra.py for tasks to queue
[2025-02-22T11:40:29.869-0300] {logging_mixin.py:190} INFO - [2025-02-22T11:40:29.869-0300] {dagbag.py:588} INFO - Filling up the DagBag from /home/lpimenta/pipelineAf/airflow_env/lib/python3.10/site-packages/airflow/example_dags/example_inlet_event_extra.py
[2025-02-22T11:40:29.877-0300] {processor.py:925} INFO - DAG(s) 'read_dataset_event', 'read_dataset_event_from_classic' retrieved from /home/lpimenta/pipelineAf/airflow_env/lib/python3.10/site-packages/airflow/example_dags/example_inlet_event_extra.py
[2025-02-22T11:40:29.994-0300] {logging_mixin.py:190} INFO - [2025-02-22T11:40:29.993-0300] {override.py:1930} INFO - Created Permission View: can read on DAG:read_dataset_event
[2025-02-22T11:40:30.002-0300] {logging_mixin.py:190} INFO - [2025-02-22T11:40:30.002-0300] {override.py:1930} INFO - Created Permission View: can edit on DAG:read_dataset_event
[2025-02-22T11:40:30.010-0300] {logging_mixin.py:190} INFO - [2025-02-22T11:40:30.010-0300] {override.py:1930} INFO - Created Permission View: can delete on DAG:read_dataset_event
[2025-02-22T11:40:30.023-0300] {logging_mixin.py:190} INFO - [2025-02-22T11:40:30.022-0300] {override.py:1930} INFO - Created Permission View: can read on DAG Run:read_dataset_event
[2025-02-22T11:40:30.031-0300] {logging_mixin.py:190} INFO - [2025-02-22T11:40:30.030-0300] {override.py:1930} INFO - Created Permission View: can delete on DAG Run:read_dataset_event
[2025-02-22T11:40:30.038-0300] {logging_mixin.py:190} INFO - [2025-02-22T11:40:30.037-0300] {override.py:1930} INFO - Created Permission View: menu access on DAG Run:read_dataset_event
[2025-02-22T11:40:30.045-0300] {logging_mixin.py:190} INFO - [2025-02-22T11:40:30.045-0300] {override.py:1930} INFO - Created Permission View: can create on DAG Run:read_dataset_event
[2025-02-22T11:40:30.063-0300] {logging_mixin.py:190} INFO - [2025-02-22T11:40:30.062-0300] {override.py:1930} INFO - Created Permission View: can read on DAG:read_dataset_event_from_classic
[2025-02-22T11:40:30.071-0300] {logging_mixin.py:190} INFO - [2025-02-22T11:40:30.071-0300] {override.py:1930} INFO - Created Permission View: can edit on DAG:read_dataset_event_from_classic
[2025-02-22T11:40:30.079-0300] {logging_mixin.py:190} INFO - [2025-02-22T11:40:30.079-0300] {override.py:1930} INFO - Created Permission View: can delete on DAG:read_dataset_event_from_classic
[2025-02-22T11:40:30.093-0300] {logging_mixin.py:190} INFO - [2025-02-22T11:40:30.093-0300] {override.py:1930} INFO - Created Permission View: can read on DAG Run:read_dataset_event_from_classic
[2025-02-22T11:40:30.101-0300] {logging_mixin.py:190} INFO - [2025-02-22T11:40:30.101-0300] {override.py:1930} INFO - Created Permission View: can delete on DAG Run:read_dataset_event_from_classic
[2025-02-22T11:40:30.109-0300] {logging_mixin.py:190} INFO - [2025-02-22T11:40:30.108-0300] {override.py:1930} INFO - Created Permission View: menu access on DAG Run:read_dataset_event_from_classic
[2025-02-22T11:40:30.115-0300] {logging_mixin.py:190} INFO - [2025-02-22T11:40:30.115-0300] {override.py:1930} INFO - Created Permission View: can create on DAG Run:read_dataset_event_from_classic
[2025-02-22T11:40:30.116-0300] {logging_mixin.py:190} INFO - [2025-02-22T11:40:30.116-0300] {dag.py:3239} INFO - Sync 2 DAGs
[2025-02-22T11:40:30.121-0300] {logging_mixin.py:190} INFO - [2025-02-22T11:40:30.121-0300] {dag.py:3262} INFO - Creating ORM DAG for read_dataset_event
[2025-02-22T11:40:30.121-0300] {logging_mixin.py:190} INFO - [2025-02-22T11:40:30.121-0300] {dag.py:3262} INFO - Creating ORM DAG for read_dataset_event_from_classic
[2025-02-22T11:40:30.127-0300] {logging_mixin.py:190} INFO - [2025-02-22T11:40:30.127-0300] {dag.py:4180} INFO - Setting next_dagrun for read_dataset_event to 2025-02-21 00:00:00+00:00, run_after=2025-02-22 00:00:00+00:00
[2025-02-22T11:40:30.128-0300] {logging_mixin.py:190} INFO - [2025-02-22T11:40:30.128-0300] {dag.py:4180} INFO - Setting next_dagrun for read_dataset_event_from_classic to 2025-02-21 00:00:00+00:00, run_after=2025-02-22 00:00:00+00:00
[2025-02-22T11:40:30.143-0300] {processor.py:208} INFO - Processing /home/lpimenta/pipelineAf/airflow_env/lib/python3.10/site-packages/airflow/example_dags/example_inlet_event_extra.py took 0.279 seconds
[2025-02-22T11:41:40.732-0300] {processor.py:186} INFO - Started process (PID=4154) to work on /home/lpimenta/pipelineAf/airflow_env/lib/python3.10/site-packages/airflow/example_dags/example_inlet_event_extra.py
[2025-02-22T11:41:40.738-0300] {processor.py:914} INFO - Processing file /home/lpimenta/pipelineAf/airflow_env/lib/python3.10/site-packages/airflow/example_dags/example_inlet_event_extra.py for tasks to queue
[2025-02-22T11:41:40.741-0300] {logging_mixin.py:190} INFO - [2025-02-22T11:41:40.740-0300] {dagbag.py:588} INFO - Filling up the DagBag from /home/lpimenta/pipelineAf/airflow_env/lib/python3.10/site-packages/airflow/example_dags/example_inlet_event_extra.py
[2025-02-22T11:41:40.759-0300] {processor.py:925} INFO - DAG(s) 'read_dataset_event_from_classic', 'read_dataset_event' retrieved from /home/lpimenta/pipelineAf/airflow_env/lib/python3.10/site-packages/airflow/example_dags/example_inlet_event_extra.py
[2025-02-22T11:41:40.784-0300] {logging_mixin.py:190} INFO - [2025-02-22T11:41:40.783-0300] {dag.py:3239} INFO - Sync 2 DAGs
[2025-02-22T11:41:40.810-0300] {logging_mixin.py:190} INFO - [2025-02-22T11:41:40.810-0300] {dag.py:4180} INFO - Setting next_dagrun for read_dataset_event to 2025-02-21 00:00:00+00:00, run_after=2025-02-22 00:00:00+00:00
[2025-02-22T11:41:40.815-0300] {logging_mixin.py:190} INFO - [2025-02-22T11:41:40.815-0300] {dag.py:4180} INFO - Setting next_dagrun for read_dataset_event_from_classic to 2025-02-21 00:00:00+00:00, run_after=2025-02-22 00:00:00+00:00
[2025-02-22T11:41:40.841-0300] {processor.py:208} INFO - Processing /home/lpimenta/pipelineAf/airflow_env/lib/python3.10/site-packages/airflow/example_dags/example_inlet_event_extra.py took 0.118 seconds
[2025-02-22T11:42:17.233-0300] {processor.py:186} INFO - Started process (PID=4298) to work on /home/lpimenta/pipelineAf/airflow_env/lib/python3.10/site-packages/airflow/example_dags/example_inlet_event_extra.py
[2025-02-22T11:42:17.234-0300] {processor.py:914} INFO - Processing file /home/lpimenta/pipelineAf/airflow_env/lib/python3.10/site-packages/airflow/example_dags/example_inlet_event_extra.py for tasks to queue
[2025-02-22T11:42:17.236-0300] {logging_mixin.py:190} INFO - [2025-02-22T11:42:17.235-0300] {dagbag.py:588} INFO - Filling up the DagBag from /home/lpimenta/pipelineAf/airflow_env/lib/python3.10/site-packages/airflow/example_dags/example_inlet_event_extra.py
[2025-02-22T11:42:17.243-0300] {processor.py:925} INFO - DAG(s) 'read_dataset_event', 'read_dataset_event_from_classic' retrieved from /home/lpimenta/pipelineAf/airflow_env/lib/python3.10/site-packages/airflow/example_dags/example_inlet_event_extra.py
[2025-02-22T11:42:17.254-0300] {logging_mixin.py:190} INFO - [2025-02-22T11:42:17.254-0300] {dag.py:3239} INFO - Sync 2 DAGs
[2025-02-22T11:42:17.265-0300] {logging_mixin.py:190} INFO - [2025-02-22T11:42:17.265-0300] {dag.py:4180} INFO - Setting next_dagrun for read_dataset_event to 2025-02-21 00:00:00+00:00, run_after=2025-02-22 00:00:00+00:00
[2025-02-22T11:42:17.268-0300] {logging_mixin.py:190} INFO - [2025-02-22T11:42:17.268-0300] {dag.py:4180} INFO - Setting next_dagrun for read_dataset_event_from_classic to 2025-02-21 00:00:00+00:00, run_after=2025-02-22 00:00:00+00:00
[2025-02-22T11:42:17.284-0300] {processor.py:208} INFO - Processing /home/lpimenta/pipelineAf/airflow_env/lib/python3.10/site-packages/airflow/example_dags/example_inlet_event_extra.py took 0.054 seconds
[2025-02-22T11:43:16.974-0300] {processor.py:186} INFO - Started process (PID=4530) to work on /home/lpimenta/pipelineAf/airflow_env/lib/python3.10/site-packages/airflow/example_dags/example_inlet_event_extra.py
[2025-02-22T11:43:16.980-0300] {processor.py:914} INFO - Processing file /home/lpimenta/pipelineAf/airflow_env/lib/python3.10/site-packages/airflow/example_dags/example_inlet_event_extra.py for tasks to queue
[2025-02-22T11:43:16.981-0300] {logging_mixin.py:190} INFO - [2025-02-22T11:43:16.981-0300] {dagbag.py:588} INFO - Filling up the DagBag from /home/lpimenta/pipelineAf/airflow_env/lib/python3.10/site-packages/airflow/example_dags/example_inlet_event_extra.py
[2025-02-22T11:43:16.989-0300] {processor.py:925} INFO - DAG(s) 'read_dataset_event_from_classic', 'read_dataset_event' retrieved from /home/lpimenta/pipelineAf/airflow_env/lib/python3.10/site-packages/airflow/example_dags/example_inlet_event_extra.py
[2025-02-22T11:43:16.998-0300] {logging_mixin.py:190} INFO - [2025-02-22T11:43:16.998-0300] {dag.py:3239} INFO - Sync 2 DAGs
[2025-02-22T11:43:17.009-0300] {logging_mixin.py:190} INFO - [2025-02-22T11:43:17.009-0300] {dag.py:4180} INFO - Setting next_dagrun for read_dataset_event to 2025-02-21 00:00:00+00:00, run_after=2025-02-22 00:00:00+00:00
[2025-02-22T11:43:17.012-0300] {logging_mixin.py:190} INFO - [2025-02-22T11:43:17.012-0300] {dag.py:4180} INFO - Setting next_dagrun for read_dataset_event_from_classic to 2025-02-21 00:00:00+00:00, run_after=2025-02-22 00:00:00+00:00
[2025-02-22T11:43:17.027-0300] {processor.py:208} INFO - Processing /home/lpimenta/pipelineAf/airflow_env/lib/python3.10/site-packages/airflow/example_dags/example_inlet_event_extra.py took 0.057 seconds
[2025-02-22T11:44:22.295-0300] {processor.py:186} INFO - Started process (PID=4766) to work on /home/lpimenta/pipelineAf/airflow_env/lib/python3.10/site-packages/airflow/example_dags/example_inlet_event_extra.py
[2025-02-22T11:44:22.296-0300] {processor.py:914} INFO - Processing file /home/lpimenta/pipelineAf/airflow_env/lib/python3.10/site-packages/airflow/example_dags/example_inlet_event_extra.py for tasks to queue
[2025-02-22T11:44:22.298-0300] {logging_mixin.py:190} INFO - [2025-02-22T11:44:22.297-0300] {dagbag.py:588} INFO - Filling up the DagBag from /home/lpimenta/pipelineAf/airflow_env/lib/python3.10/site-packages/airflow/example_dags/example_inlet_event_extra.py
[2025-02-22T11:44:22.305-0300] {processor.py:925} INFO - DAG(s) 'read_dataset_event', 'read_dataset_event_from_classic' retrieved from /home/lpimenta/pipelineAf/airflow_env/lib/python3.10/site-packages/airflow/example_dags/example_inlet_event_extra.py
[2025-02-22T11:44:22.315-0300] {logging_mixin.py:190} INFO - [2025-02-22T11:44:22.315-0300] {dag.py:3239} INFO - Sync 2 DAGs
[2025-02-22T11:44:22.326-0300] {logging_mixin.py:190} INFO - [2025-02-22T11:44:22.326-0300] {dag.py:4180} INFO - Setting next_dagrun for read_dataset_event to 2025-02-21 00:00:00+00:00, run_after=2025-02-22 00:00:00+00:00
[2025-02-22T11:44:22.329-0300] {logging_mixin.py:190} INFO - [2025-02-22T11:44:22.328-0300] {dag.py:4180} INFO - Setting next_dagrun for read_dataset_event_from_classic to 2025-02-21 00:00:00+00:00, run_after=2025-02-22 00:00:00+00:00
[2025-02-22T11:44:22.342-0300] {processor.py:208} INFO - Processing /home/lpimenta/pipelineAf/airflow_env/lib/python3.10/site-packages/airflow/example_dags/example_inlet_event_extra.py took 0.052 seconds
[2025-02-22T11:45:27.647-0300] {processor.py:186} INFO - Started process (PID=4993) to work on /home/lpimenta/pipelineAf/airflow_env/lib/python3.10/site-packages/airflow/example_dags/example_inlet_event_extra.py
[2025-02-22T11:45:27.649-0300] {processor.py:914} INFO - Processing file /home/lpimenta/pipelineAf/airflow_env/lib/python3.10/site-packages/airflow/example_dags/example_inlet_event_extra.py for tasks to queue
[2025-02-22T11:45:27.650-0300] {logging_mixin.py:190} INFO - [2025-02-22T11:45:27.650-0300] {dagbag.py:588} INFO - Filling up the DagBag from /home/lpimenta/pipelineAf/airflow_env/lib/python3.10/site-packages/airflow/example_dags/example_inlet_event_extra.py
[2025-02-22T11:45:27.660-0300] {processor.py:925} INFO - DAG(s) 'read_dataset_event', 'read_dataset_event_from_classic' retrieved from /home/lpimenta/pipelineAf/airflow_env/lib/python3.10/site-packages/airflow/example_dags/example_inlet_event_extra.py
[2025-02-22T11:45:27.671-0300] {logging_mixin.py:190} INFO - [2025-02-22T11:45:27.671-0300] {dag.py:3239} INFO - Sync 2 DAGs
[2025-02-22T11:45:27.685-0300] {logging_mixin.py:190} INFO - [2025-02-22T11:45:27.685-0300] {dag.py:4180} INFO - Setting next_dagrun for read_dataset_event to 2025-02-21 00:00:00+00:00, run_after=2025-02-22 00:00:00+00:00
[2025-02-22T11:45:27.687-0300] {logging_mixin.py:190} INFO - [2025-02-22T11:45:27.687-0300] {dag.py:4180} INFO - Setting next_dagrun for read_dataset_event_from_classic to 2025-02-21 00:00:00+00:00, run_after=2025-02-22 00:00:00+00:00
[2025-02-22T11:45:27.702-0300] {processor.py:208} INFO - Processing /home/lpimenta/pipelineAf/airflow_env/lib/python3.10/site-packages/airflow/example_dags/example_inlet_event_extra.py took 0.058 seconds
[2025-02-22T11:46:30.858-0300] {processor.py:186} INFO - Started process (PID=5243) to work on /home/lpimenta/pipelineAf/airflow_env/lib/python3.10/site-packages/airflow/example_dags/example_inlet_event_extra.py
[2025-02-22T11:46:30.864-0300] {processor.py:914} INFO - Processing file /home/lpimenta/pipelineAf/airflow_env/lib/python3.10/site-packages/airflow/example_dags/example_inlet_event_extra.py for tasks to queue
[2025-02-22T11:46:30.865-0300] {logging_mixin.py:190} INFO - [2025-02-22T11:46:30.864-0300] {dagbag.py:588} INFO - Filling up the DagBag from /home/lpimenta/pipelineAf/airflow_env/lib/python3.10/site-packages/airflow/example_dags/example_inlet_event_extra.py
[2025-02-22T11:46:30.873-0300] {processor.py:925} INFO - DAG(s) 'read_dataset_event', 'read_dataset_event_from_classic' retrieved from /home/lpimenta/pipelineAf/airflow_env/lib/python3.10/site-packages/airflow/example_dags/example_inlet_event_extra.py
[2025-02-22T11:46:30.884-0300] {logging_mixin.py:190} INFO - [2025-02-22T11:46:30.884-0300] {dag.py:3239} INFO - Sync 2 DAGs
[2025-02-22T11:46:30.897-0300] {logging_mixin.py:190} INFO - [2025-02-22T11:46:30.897-0300] {dag.py:4180} INFO - Setting next_dagrun for read_dataset_event to 2025-02-21 00:00:00+00:00, run_after=2025-02-22 00:00:00+00:00
[2025-02-22T11:46:30.900-0300] {logging_mixin.py:190} INFO - [2025-02-22T11:46:30.900-0300] {dag.py:4180} INFO - Setting next_dagrun for read_dataset_event_from_classic to 2025-02-21 00:00:00+00:00, run_after=2025-02-22 00:00:00+00:00
[2025-02-22T11:46:30.918-0300] {processor.py:208} INFO - Processing /home/lpimenta/pipelineAf/airflow_env/lib/python3.10/site-packages/airflow/example_dags/example_inlet_event_extra.py took 0.065 seconds
[2025-02-22T11:47:32.072-0300] {processor.py:186} INFO - Started process (PID=5459) to work on /home/lpimenta/pipelineAf/airflow_env/lib/python3.10/site-packages/airflow/example_dags/example_inlet_event_extra.py
[2025-02-22T11:47:32.073-0300] {processor.py:914} INFO - Processing file /home/lpimenta/pipelineAf/airflow_env/lib/python3.10/site-packages/airflow/example_dags/example_inlet_event_extra.py for tasks to queue
[2025-02-22T11:47:32.074-0300] {logging_mixin.py:190} INFO - [2025-02-22T11:47:32.074-0300] {dagbag.py:588} INFO - Filling up the DagBag from /home/lpimenta/pipelineAf/airflow_env/lib/python3.10/site-packages/airflow/example_dags/example_inlet_event_extra.py
[2025-02-22T11:47:32.082-0300] {processor.py:925} INFO - DAG(s) 'read_dataset_event', 'read_dataset_event_from_classic' retrieved from /home/lpimenta/pipelineAf/airflow_env/lib/python3.10/site-packages/airflow/example_dags/example_inlet_event_extra.py
[2025-02-22T11:47:32.092-0300] {logging_mixin.py:190} INFO - [2025-02-22T11:47:32.092-0300] {dag.py:3239} INFO - Sync 2 DAGs
[2025-02-22T11:47:32.104-0300] {logging_mixin.py:190} INFO - [2025-02-22T11:47:32.104-0300] {dag.py:4180} INFO - Setting next_dagrun for read_dataset_event to 2025-02-21 00:00:00+00:00, run_after=2025-02-22 00:00:00+00:00
[2025-02-22T11:47:32.106-0300] {logging_mixin.py:190} INFO - [2025-02-22T11:47:32.106-0300] {dag.py:4180} INFO - Setting next_dagrun for read_dataset_event_from_classic to 2025-02-21 00:00:00+00:00, run_after=2025-02-22 00:00:00+00:00
[2025-02-22T11:47:32.120-0300] {processor.py:208} INFO - Processing /home/lpimenta/pipelineAf/airflow_env/lib/python3.10/site-packages/airflow/example_dags/example_inlet_event_extra.py took 0.052 seconds
[2025-02-22T11:48:36.633-0300] {processor.py:186} INFO - Started process (PID=5697) to work on /home/lpimenta/pipelineAf/airflow_env/lib/python3.10/site-packages/airflow/example_dags/example_inlet_event_extra.py
[2025-02-22T11:48:36.635-0300] {processor.py:914} INFO - Processing file /home/lpimenta/pipelineAf/airflow_env/lib/python3.10/site-packages/airflow/example_dags/example_inlet_event_extra.py for tasks to queue
[2025-02-22T11:48:36.636-0300] {logging_mixin.py:190} INFO - [2025-02-22T11:48:36.635-0300] {dagbag.py:588} INFO - Filling up the DagBag from /home/lpimenta/pipelineAf/airflow_env/lib/python3.10/site-packages/airflow/example_dags/example_inlet_event_extra.py
[2025-02-22T11:48:36.644-0300] {processor.py:925} INFO - DAG(s) 'read_dataset_event_from_classic', 'read_dataset_event' retrieved from /home/lpimenta/pipelineAf/airflow_env/lib/python3.10/site-packages/airflow/example_dags/example_inlet_event_extra.py
[2025-02-22T11:48:36.653-0300] {logging_mixin.py:190} INFO - [2025-02-22T11:48:36.653-0300] {dag.py:3239} INFO - Sync 2 DAGs
[2025-02-22T11:48:36.665-0300] {logging_mixin.py:190} INFO - [2025-02-22T11:48:36.665-0300] {dag.py:4180} INFO - Setting next_dagrun for read_dataset_event to 2025-02-21 00:00:00+00:00, run_after=2025-02-22 00:00:00+00:00
[2025-02-22T11:48:36.667-0300] {logging_mixin.py:190} INFO - [2025-02-22T11:48:36.667-0300] {dag.py:4180} INFO - Setting next_dagrun for read_dataset_event_from_classic to 2025-02-21 00:00:00+00:00, run_after=2025-02-22 00:00:00+00:00
[2025-02-22T11:48:36.681-0300] {processor.py:208} INFO - Processing /home/lpimenta/pipelineAf/airflow_env/lib/python3.10/site-packages/airflow/example_dags/example_inlet_event_extra.py took 0.053 seconds
