[2025-02-22T11:40:59.333-0300] {processor.py:186} INFO - Started process (PID=3937) to work on /home/lpimenta/pipelineAf/airflow_env/lib/python3.10/site-packages/airflow/example_dags/example_short_circuit_decorator.py
[2025-02-22T11:40:59.334-0300] {processor.py:914} INFO - Processing file /home/lpimenta/pipelineAf/airflow_env/lib/python3.10/site-packages/airflow/example_dags/example_short_circuit_decorator.py for tasks to queue
[2025-02-22T11:40:59.335-0300] {logging_mixin.py:190} INFO - [2025-02-22T11:40:59.335-0300] {dagbag.py:588} INFO - Filling up the DagBag from /home/lpimenta/pipelineAf/airflow_env/lib/python3.10/site-packages/airflow/example_dags/example_short_circuit_decorator.py
[2025-02-22T11:40:59.341-0300] {processor.py:925} INFO - DAG(s) 'example_short_circuit_decorator' retrieved from /home/lpimenta/pipelineAf/airflow_env/lib/python3.10/site-packages/airflow/example_dags/example_short_circuit_decorator.py
[2025-02-22T11:40:59.464-0300] {logging_mixin.py:190} INFO - [2025-02-22T11:40:59.463-0300] {override.py:1930} INFO - Created Permission View: can read on DAG:example_short_circuit_decorator
[2025-02-22T11:40:59.473-0300] {logging_mixin.py:190} INFO - [2025-02-22T11:40:59.473-0300] {override.py:1930} INFO - Created Permission View: can edit on DAG:example_short_circuit_decorator
[2025-02-22T11:40:59.480-0300] {logging_mixin.py:190} INFO - [2025-02-22T11:40:59.480-0300] {override.py:1930} INFO - Created Permission View: can delete on DAG:example_short_circuit_decorator
[2025-02-22T11:40:59.493-0300] {logging_mixin.py:190} INFO - [2025-02-22T11:40:59.492-0300] {override.py:1930} INFO - Created Permission View: can read on DAG Run:example_short_circuit_decorator
[2025-02-22T11:40:59.500-0300] {logging_mixin.py:190} INFO - [2025-02-22T11:40:59.500-0300] {override.py:1930} INFO - Created Permission View: can delete on DAG Run:example_short_circuit_decorator
[2025-02-22T11:40:59.508-0300] {logging_mixin.py:190} INFO - [2025-02-22T11:40:59.508-0300] {override.py:1930} INFO - Created Permission View: menu access on DAG Run:example_short_circuit_decorator
[2025-02-22T11:40:59.515-0300] {logging_mixin.py:190} INFO - [2025-02-22T11:40:59.515-0300] {override.py:1930} INFO - Created Permission View: can create on DAG Run:example_short_circuit_decorator
[2025-02-22T11:40:59.515-0300] {logging_mixin.py:190} INFO - [2025-02-22T11:40:59.515-0300] {dag.py:3239} INFO - Sync 1 DAGs
[2025-02-22T11:40:59.521-0300] {logging_mixin.py:190} INFO - [2025-02-22T11:40:59.521-0300] {dag.py:3262} INFO - Creating ORM DAG for example_short_circuit_decorator
[2025-02-22T11:40:59.521-0300] {logging_mixin.py:190} INFO - [2025-02-22T11:40:59.521-0300] {dag.py:4180} INFO - Setting next_dagrun for example_short_circuit_decorator to None, run_after=None
[2025-02-22T11:40:59.535-0300] {processor.py:208} INFO - Processing /home/lpimenta/pipelineAf/airflow_env/lib/python3.10/site-packages/airflow/example_dags/example_short_circuit_decorator.py took 0.206 seconds
[2025-02-22T11:42:07.410-0300] {processor.py:186} INFO - Started process (PID=4264) to work on /home/lpimenta/pipelineAf/airflow_env/lib/python3.10/site-packages/airflow/example_dags/example_short_circuit_decorator.py
[2025-02-22T11:42:07.411-0300] {processor.py:914} INFO - Processing file /home/lpimenta/pipelineAf/airflow_env/lib/python3.10/site-packages/airflow/example_dags/example_short_circuit_decorator.py for tasks to queue
[2025-02-22T11:42:07.413-0300] {logging_mixin.py:190} INFO - [2025-02-22T11:42:07.412-0300] {dagbag.py:588} INFO - Filling up the DagBag from /home/lpimenta/pipelineAf/airflow_env/lib/python3.10/site-packages/airflow/example_dags/example_short_circuit_decorator.py
[2025-02-22T11:42:07.419-0300] {processor.py:925} INFO - DAG(s) 'example_short_circuit_decorator' retrieved from /home/lpimenta/pipelineAf/airflow_env/lib/python3.10/site-packages/airflow/example_dags/example_short_circuit_decorator.py
[2025-02-22T11:42:07.432-0300] {logging_mixin.py:190} INFO - [2025-02-22T11:42:07.432-0300] {dag.py:3239} INFO - Sync 1 DAGs
[2025-02-22T11:42:07.439-0300] {logging_mixin.py:190} INFO - [2025-02-22T11:42:07.439-0300] {dag.py:4180} INFO - Setting next_dagrun for example_short_circuit_decorator to None, run_after=None
[2025-02-22T11:42:07.456-0300] {processor.py:208} INFO - Processing /home/lpimenta/pipelineAf/airflow_env/lib/python3.10/site-packages/airflow/example_dags/example_short_circuit_decorator.py took 0.051 seconds
[2025-02-22T11:43:07.329-0300] {processor.py:186} INFO - Started process (PID=4484) to work on /home/lpimenta/pipelineAf/airflow_env/lib/python3.10/site-packages/airflow/example_dags/example_short_circuit_decorator.py
[2025-02-22T11:43:07.332-0300] {processor.py:914} INFO - Processing file /home/lpimenta/pipelineAf/airflow_env/lib/python3.10/site-packages/airflow/example_dags/example_short_circuit_decorator.py for tasks to queue
[2025-02-22T11:43:07.334-0300] {logging_mixin.py:190} INFO - [2025-02-22T11:43:07.333-0300] {dagbag.py:588} INFO - Filling up the DagBag from /home/lpimenta/pipelineAf/airflow_env/lib/python3.10/site-packages/airflow/example_dags/example_short_circuit_decorator.py
[2025-02-22T11:43:07.340-0300] {processor.py:925} INFO - DAG(s) 'example_short_circuit_decorator' retrieved from /home/lpimenta/pipelineAf/airflow_env/lib/python3.10/site-packages/airflow/example_dags/example_short_circuit_decorator.py
[2025-02-22T11:43:07.350-0300] {logging_mixin.py:190} INFO - [2025-02-22T11:43:07.350-0300] {dag.py:3239} INFO - Sync 1 DAGs
[2025-02-22T11:43:07.357-0300] {logging_mixin.py:190} INFO - [2025-02-22T11:43:07.357-0300] {dag.py:4180} INFO - Setting next_dagrun for example_short_circuit_decorator to None, run_after=None
[2025-02-22T11:43:07.373-0300] {processor.py:208} INFO - Processing /home/lpimenta/pipelineAf/airflow_env/lib/python3.10/site-packages/airflow/example_dags/example_short_circuit_decorator.py took 0.047 seconds
[2025-02-22T11:44:15.435-0300] {processor.py:186} INFO - Started process (PID=4732) to work on /home/lpimenta/pipelineAf/airflow_env/lib/python3.10/site-packages/airflow/example_dags/example_short_circuit_decorator.py
[2025-02-22T11:44:15.439-0300] {processor.py:914} INFO - Processing file /home/lpimenta/pipelineAf/airflow_env/lib/python3.10/site-packages/airflow/example_dags/example_short_circuit_decorator.py for tasks to queue
[2025-02-22T11:44:15.441-0300] {logging_mixin.py:190} INFO - [2025-02-22T11:44:15.440-0300] {dagbag.py:588} INFO - Filling up the DagBag from /home/lpimenta/pipelineAf/airflow_env/lib/python3.10/site-packages/airflow/example_dags/example_short_circuit_decorator.py
[2025-02-22T11:44:15.447-0300] {processor.py:925} INFO - DAG(s) 'example_short_circuit_decorator' retrieved from /home/lpimenta/pipelineAf/airflow_env/lib/python3.10/site-packages/airflow/example_dags/example_short_circuit_decorator.py
[2025-02-22T11:44:15.457-0300] {logging_mixin.py:190} INFO - [2025-02-22T11:44:15.457-0300] {dag.py:3239} INFO - Sync 1 DAGs
[2025-02-22T11:44:15.465-0300] {logging_mixin.py:190} INFO - [2025-02-22T11:44:15.465-0300] {dag.py:4180} INFO - Setting next_dagrun for example_short_circuit_decorator to None, run_after=None
[2025-02-22T11:44:15.483-0300] {processor.py:208} INFO - Processing /home/lpimenta/pipelineAf/airflow_env/lib/python3.10/site-packages/airflow/example_dags/example_short_circuit_decorator.py took 0.051 seconds
[2025-02-22T11:45:16.064-0300] {processor.py:186} INFO - Started process (PID=4961) to work on /home/lpimenta/pipelineAf/airflow_env/lib/python3.10/site-packages/airflow/example_dags/example_short_circuit_decorator.py
[2025-02-22T11:45:16.066-0300] {processor.py:914} INFO - Processing file /home/lpimenta/pipelineAf/airflow_env/lib/python3.10/site-packages/airflow/example_dags/example_short_circuit_decorator.py for tasks to queue
[2025-02-22T11:45:16.068-0300] {logging_mixin.py:190} INFO - [2025-02-22T11:45:16.068-0300] {dagbag.py:588} INFO - Filling up the DagBag from /home/lpimenta/pipelineAf/airflow_env/lib/python3.10/site-packages/airflow/example_dags/example_short_circuit_decorator.py
[2025-02-22T11:45:16.074-0300] {processor.py:925} INFO - DAG(s) 'example_short_circuit_decorator' retrieved from /home/lpimenta/pipelineAf/airflow_env/lib/python3.10/site-packages/airflow/example_dags/example_short_circuit_decorator.py
[2025-02-22T11:45:16.084-0300] {logging_mixin.py:190} INFO - [2025-02-22T11:45:16.084-0300] {dag.py:3239} INFO - Sync 1 DAGs
[2025-02-22T11:45:16.091-0300] {logging_mixin.py:190} INFO - [2025-02-22T11:45:16.091-0300] {dag.py:4180} INFO - Setting next_dagrun for example_short_circuit_decorator to None, run_after=None
[2025-02-22T11:45:16.106-0300] {processor.py:208} INFO - Processing /home/lpimenta/pipelineAf/airflow_env/lib/python3.10/site-packages/airflow/example_dags/example_short_circuit_decorator.py took 0.046 seconds
[2025-02-22T11:46:19.718-0300] {processor.py:186} INFO - Started process (PID=5196) to work on /home/lpimenta/pipelineAf/airflow_env/lib/python3.10/site-packages/airflow/example_dags/example_short_circuit_decorator.py
[2025-02-22T11:46:19.719-0300] {processor.py:914} INFO - Processing file /home/lpimenta/pipelineAf/airflow_env/lib/python3.10/site-packages/airflow/example_dags/example_short_circuit_decorator.py for tasks to queue
[2025-02-22T11:46:19.720-0300] {logging_mixin.py:190} INFO - [2025-02-22T11:46:19.720-0300] {dagbag.py:588} INFO - Filling up the DagBag from /home/lpimenta/pipelineAf/airflow_env/lib/python3.10/site-packages/airflow/example_dags/example_short_circuit_decorator.py
[2025-02-22T11:46:19.726-0300] {processor.py:925} INFO - DAG(s) 'example_short_circuit_decorator' retrieved from /home/lpimenta/pipelineAf/airflow_env/lib/python3.10/site-packages/airflow/example_dags/example_short_circuit_decorator.py
[2025-02-22T11:46:19.736-0300] {logging_mixin.py:190} INFO - [2025-02-22T11:46:19.736-0300] {dag.py:3239} INFO - Sync 1 DAGs
[2025-02-22T11:46:19.743-0300] {logging_mixin.py:190} INFO - [2025-02-22T11:46:19.743-0300] {dag.py:4180} INFO - Setting next_dagrun for example_short_circuit_decorator to None, run_after=None
[2025-02-22T11:46:19.759-0300] {processor.py:208} INFO - Processing /home/lpimenta/pipelineAf/airflow_env/lib/python3.10/site-packages/airflow/example_dags/example_short_circuit_decorator.py took 0.046 seconds
[2025-02-22T11:47:25.649-0300] {processor.py:186} INFO - Started process (PID=5434) to work on /home/lpimenta/pipelineAf/airflow_env/lib/python3.10/site-packages/airflow/example_dags/example_short_circuit_decorator.py
[2025-02-22T11:47:25.651-0300] {processor.py:914} INFO - Processing file /home/lpimenta/pipelineAf/airflow_env/lib/python3.10/site-packages/airflow/example_dags/example_short_circuit_decorator.py for tasks to queue
[2025-02-22T11:47:25.651-0300] {logging_mixin.py:190} INFO - [2025-02-22T11:47:25.651-0300] {dagbag.py:588} INFO - Filling up the DagBag from /home/lpimenta/pipelineAf/airflow_env/lib/python3.10/site-packages/airflow/example_dags/example_short_circuit_decorator.py
[2025-02-22T11:47:25.658-0300] {processor.py:925} INFO - DAG(s) 'example_short_circuit_decorator' retrieved from /home/lpimenta/pipelineAf/airflow_env/lib/python3.10/site-packages/airflow/example_dags/example_short_circuit_decorator.py
[2025-02-22T11:47:25.669-0300] {logging_mixin.py:190} INFO - [2025-02-22T11:47:25.669-0300] {dag.py:3239} INFO - Sync 1 DAGs
[2025-02-22T11:47:25.676-0300] {logging_mixin.py:190} INFO - [2025-02-22T11:47:25.676-0300] {dag.py:4180} INFO - Setting next_dagrun for example_short_circuit_decorator to None, run_after=None
[2025-02-22T11:47:25.691-0300] {processor.py:208} INFO - Processing /home/lpimenta/pipelineAf/airflow_env/lib/python3.10/site-packages/airflow/example_dags/example_short_circuit_decorator.py took 0.046 seconds
[2025-02-22T11:48:29.226-0300] {processor.py:186} INFO - Started process (PID=5665) to work on /home/lpimenta/pipelineAf/airflow_env/lib/python3.10/site-packages/airflow/example_dags/example_short_circuit_decorator.py
[2025-02-22T11:48:29.228-0300] {processor.py:914} INFO - Processing file /home/lpimenta/pipelineAf/airflow_env/lib/python3.10/site-packages/airflow/example_dags/example_short_circuit_decorator.py for tasks to queue
[2025-02-22T11:48:29.228-0300] {logging_mixin.py:190} INFO - [2025-02-22T11:48:29.228-0300] {dagbag.py:588} INFO - Filling up the DagBag from /home/lpimenta/pipelineAf/airflow_env/lib/python3.10/site-packages/airflow/example_dags/example_short_circuit_decorator.py
[2025-02-22T11:48:29.235-0300] {processor.py:925} INFO - DAG(s) 'example_short_circuit_decorator' retrieved from /home/lpimenta/pipelineAf/airflow_env/lib/python3.10/site-packages/airflow/example_dags/example_short_circuit_decorator.py
[2025-02-22T11:48:29.246-0300] {logging_mixin.py:190} INFO - [2025-02-22T11:48:29.246-0300] {dag.py:3239} INFO - Sync 1 DAGs
[2025-02-22T11:48:29.255-0300] {logging_mixin.py:190} INFO - [2025-02-22T11:48:29.254-0300] {dag.py:4180} INFO - Setting next_dagrun for example_short_circuit_decorator to None, run_after=None
[2025-02-22T11:48:29.270-0300] {processor.py:208} INFO - Processing /home/lpimenta/pipelineAf/airflow_env/lib/python3.10/site-packages/airflow/example_dags/example_short_circuit_decorator.py took 0.049 seconds
[2025-02-22T11:49:29.102-0300] {processor.py:186} INFO - Started process (PID=5946) to work on /home/lpimenta/pipelineAf/airflow_env/lib/python3.10/site-packages/airflow/example_dags/example_short_circuit_decorator.py
[2025-02-22T11:49:29.104-0300] {processor.py:914} INFO - Processing file /home/lpimenta/pipelineAf/airflow_env/lib/python3.10/site-packages/airflow/example_dags/example_short_circuit_decorator.py for tasks to queue
[2025-02-22T11:49:29.105-0300] {logging_mixin.py:190} INFO - [2025-02-22T11:49:29.105-0300] {dagbag.py:588} INFO - Filling up the DagBag from /home/lpimenta/pipelineAf/airflow_env/lib/python3.10/site-packages/airflow/example_dags/example_short_circuit_decorator.py
[2025-02-22T11:49:29.114-0300] {processor.py:925} INFO - DAG(s) 'example_short_circuit_decorator' retrieved from /home/lpimenta/pipelineAf/airflow_env/lib/python3.10/site-packages/airflow/example_dags/example_short_circuit_decorator.py
[2025-02-22T11:49:29.124-0300] {logging_mixin.py:190} INFO - [2025-02-22T11:49:29.124-0300] {dag.py:3239} INFO - Sync 1 DAGs
[2025-02-22T11:49:29.132-0300] {logging_mixin.py:190} INFO - [2025-02-22T11:49:29.131-0300] {dag.py:4180} INFO - Setting next_dagrun for example_short_circuit_decorator to None, run_after=None
[2025-02-22T11:49:29.147-0300] {processor.py:208} INFO - Processing /home/lpimenta/pipelineAf/airflow_env/lib/python3.10/site-packages/airflow/example_dags/example_short_circuit_decorator.py took 0.049 seconds
