[2025-02-22T11:40:55.211-0300] {processor.py:186} INFO - Started process (PID=3917) to work on /home/lpimenta/pipelineAf/airflow_env/lib/python3.10/site-packages/airflow/example_dags/example_sensor_decorator.py
[2025-02-22T11:40:55.211-0300] {processor.py:914} INFO - Processing file /home/lpimenta/pipelineAf/airflow_env/lib/python3.10/site-packages/airflow/example_dags/example_sensor_decorator.py for tasks to queue
[2025-02-22T11:40:55.213-0300] {logging_mixin.py:190} INFO - [2025-02-22T11:40:55.212-0300] {dagbag.py:588} INFO - Filling up the DagBag from /home/lpimenta/pipelineAf/airflow_env/lib/python3.10/site-packages/airflow/example_dags/example_sensor_decorator.py
[2025-02-22T11:40:55.218-0300] {processor.py:925} INFO - DAG(s) 'example_sensor_decorator' retrieved from /home/lpimenta/pipelineAf/airflow_env/lib/python3.10/site-packages/airflow/example_dags/example_sensor_decorator.py
[2025-02-22T11:40:55.345-0300] {logging_mixin.py:190} INFO - [2025-02-22T11:40:55.345-0300] {override.py:1930} INFO - Created Permission View: can read on DAG:example_sensor_decorator
[2025-02-22T11:40:55.354-0300] {logging_mixin.py:190} INFO - [2025-02-22T11:40:55.354-0300] {override.py:1930} INFO - Created Permission View: can edit on DAG:example_sensor_decorator
[2025-02-22T11:40:55.361-0300] {logging_mixin.py:190} INFO - [2025-02-22T11:40:55.361-0300] {override.py:1930} INFO - Created Permission View: can delete on DAG:example_sensor_decorator
[2025-02-22T11:40:55.374-0300] {logging_mixin.py:190} INFO - [2025-02-22T11:40:55.374-0300] {override.py:1930} INFO - Created Permission View: can read on DAG Run:example_sensor_decorator
[2025-02-22T11:40:55.383-0300] {logging_mixin.py:190} INFO - [2025-02-22T11:40:55.382-0300] {override.py:1930} INFO - Created Permission View: can delete on DAG Run:example_sensor_decorator
[2025-02-22T11:40:55.391-0300] {logging_mixin.py:190} INFO - [2025-02-22T11:40:55.390-0300] {override.py:1930} INFO - Created Permission View: menu access on DAG Run:example_sensor_decorator
[2025-02-22T11:40:55.399-0300] {logging_mixin.py:190} INFO - [2025-02-22T11:40:55.399-0300] {override.py:1930} INFO - Created Permission View: can create on DAG Run:example_sensor_decorator
[2025-02-22T11:40:55.399-0300] {logging_mixin.py:190} INFO - [2025-02-22T11:40:55.399-0300] {dag.py:3239} INFO - Sync 1 DAGs
[2025-02-22T11:40:55.406-0300] {logging_mixin.py:190} INFO - [2025-02-22T11:40:55.405-0300] {dag.py:3262} INFO - Creating ORM DAG for example_sensor_decorator
[2025-02-22T11:40:55.406-0300] {logging_mixin.py:190} INFO - [2025-02-22T11:40:55.406-0300] {dag.py:4180} INFO - Setting next_dagrun for example_sensor_decorator to None, run_after=None
[2025-02-22T11:40:55.422-0300] {processor.py:208} INFO - Processing /home/lpimenta/pipelineAf/airflow_env/lib/python3.10/site-packages/airflow/example_dags/example_sensor_decorator.py took 0.215 seconds
[2025-02-22T11:42:03.235-0300] {processor.py:186} INFO - Started process (PID=4248) to work on /home/lpimenta/pipelineAf/airflow_env/lib/python3.10/site-packages/airflow/example_dags/example_sensor_decorator.py
[2025-02-22T11:42:03.236-0300] {processor.py:914} INFO - Processing file /home/lpimenta/pipelineAf/airflow_env/lib/python3.10/site-packages/airflow/example_dags/example_sensor_decorator.py for tasks to queue
[2025-02-22T11:42:03.237-0300] {logging_mixin.py:190} INFO - [2025-02-22T11:42:03.237-0300] {dagbag.py:588} INFO - Filling up the DagBag from /home/lpimenta/pipelineAf/airflow_env/lib/python3.10/site-packages/airflow/example_dags/example_sensor_decorator.py
[2025-02-22T11:42:03.243-0300] {processor.py:925} INFO - DAG(s) 'example_sensor_decorator' retrieved from /home/lpimenta/pipelineAf/airflow_env/lib/python3.10/site-packages/airflow/example_dags/example_sensor_decorator.py
[2025-02-22T11:42:03.252-0300] {logging_mixin.py:190} INFO - [2025-02-22T11:42:03.252-0300] {dag.py:3239} INFO - Sync 1 DAGs
[2025-02-22T11:42:03.260-0300] {logging_mixin.py:190} INFO - [2025-02-22T11:42:03.260-0300] {dag.py:4180} INFO - Setting next_dagrun for example_sensor_decorator to None, run_after=None
[2025-02-22T11:42:03.278-0300] {processor.py:208} INFO - Processing /home/lpimenta/pipelineAf/airflow_env/lib/python3.10/site-packages/airflow/example_dags/example_sensor_decorator.py took 0.047 seconds
[2025-02-22T11:43:03.331-0300] {processor.py:186} INFO - Started process (PID=4468) to work on /home/lpimenta/pipelineAf/airflow_env/lib/python3.10/site-packages/airflow/example_dags/example_sensor_decorator.py
[2025-02-22T11:43:03.335-0300] {processor.py:914} INFO - Processing file /home/lpimenta/pipelineAf/airflow_env/lib/python3.10/site-packages/airflow/example_dags/example_sensor_decorator.py for tasks to queue
[2025-02-22T11:43:03.336-0300] {logging_mixin.py:190} INFO - [2025-02-22T11:43:03.336-0300] {dagbag.py:588} INFO - Filling up the DagBag from /home/lpimenta/pipelineAf/airflow_env/lib/python3.10/site-packages/airflow/example_dags/example_sensor_decorator.py
[2025-02-22T11:43:03.342-0300] {processor.py:925} INFO - DAG(s) 'example_sensor_decorator' retrieved from /home/lpimenta/pipelineAf/airflow_env/lib/python3.10/site-packages/airflow/example_dags/example_sensor_decorator.py
[2025-02-22T11:43:03.351-0300] {logging_mixin.py:190} INFO - [2025-02-22T11:43:03.350-0300] {dag.py:3239} INFO - Sync 1 DAGs
[2025-02-22T11:43:03.358-0300] {logging_mixin.py:190} INFO - [2025-02-22T11:43:03.357-0300] {dag.py:4180} INFO - Setting next_dagrun for example_sensor_decorator to None, run_after=None
[2025-02-22T11:43:03.376-0300] {processor.py:208} INFO - Processing /home/lpimenta/pipelineAf/airflow_env/lib/python3.10/site-packages/airflow/example_dags/example_sensor_decorator.py took 0.049 seconds
[2025-02-22T11:44:07.302-0300] {processor.py:186} INFO - Started process (PID=4716) to work on /home/lpimenta/pipelineAf/airflow_env/lib/python3.10/site-packages/airflow/example_dags/example_sensor_decorator.py
[2025-02-22T11:44:07.306-0300] {processor.py:914} INFO - Processing file /home/lpimenta/pipelineAf/airflow_env/lib/python3.10/site-packages/airflow/example_dags/example_sensor_decorator.py for tasks to queue
[2025-02-22T11:44:07.308-0300] {logging_mixin.py:190} INFO - [2025-02-22T11:44:07.308-0300] {dagbag.py:588} INFO - Filling up the DagBag from /home/lpimenta/pipelineAf/airflow_env/lib/python3.10/site-packages/airflow/example_dags/example_sensor_decorator.py
[2025-02-22T11:44:07.313-0300] {processor.py:925} INFO - DAG(s) 'example_sensor_decorator' retrieved from /home/lpimenta/pipelineAf/airflow_env/lib/python3.10/site-packages/airflow/example_dags/example_sensor_decorator.py
[2025-02-22T11:44:07.322-0300] {logging_mixin.py:190} INFO - [2025-02-22T11:44:07.321-0300] {dag.py:3239} INFO - Sync 1 DAGs
[2025-02-22T11:44:07.332-0300] {logging_mixin.py:190} INFO - [2025-02-22T11:44:07.332-0300] {dag.py:4180} INFO - Setting next_dagrun for example_sensor_decorator to None, run_after=None
[2025-02-22T11:44:07.350-0300] {processor.py:208} INFO - Processing /home/lpimenta/pipelineAf/airflow_env/lib/python3.10/site-packages/airflow/example_dags/example_sensor_decorator.py took 0.051 seconds
[2025-02-22T11:45:12.071-0300] {processor.py:186} INFO - Started process (PID=4945) to work on /home/lpimenta/pipelineAf/airflow_env/lib/python3.10/site-packages/airflow/example_dags/example_sensor_decorator.py
[2025-02-22T11:45:12.073-0300] {processor.py:914} INFO - Processing file /home/lpimenta/pipelineAf/airflow_env/lib/python3.10/site-packages/airflow/example_dags/example_sensor_decorator.py for tasks to queue
[2025-02-22T11:45:12.074-0300] {logging_mixin.py:190} INFO - [2025-02-22T11:45:12.074-0300] {dagbag.py:588} INFO - Filling up the DagBag from /home/lpimenta/pipelineAf/airflow_env/lib/python3.10/site-packages/airflow/example_dags/example_sensor_decorator.py
[2025-02-22T11:45:12.080-0300] {processor.py:925} INFO - DAG(s) 'example_sensor_decorator' retrieved from /home/lpimenta/pipelineAf/airflow_env/lib/python3.10/site-packages/airflow/example_dags/example_sensor_decorator.py
[2025-02-22T11:45:12.089-0300] {logging_mixin.py:190} INFO - [2025-02-22T11:45:12.089-0300] {dag.py:3239} INFO - Sync 1 DAGs
[2025-02-22T11:45:12.096-0300] {logging_mixin.py:190} INFO - [2025-02-22T11:45:12.096-0300] {dag.py:4180} INFO - Setting next_dagrun for example_sensor_decorator to None, run_after=None
[2025-02-22T11:45:12.111-0300] {processor.py:208} INFO - Processing /home/lpimenta/pipelineAf/airflow_env/lib/python3.10/site-packages/airflow/example_dags/example_sensor_decorator.py took 0.044 seconds
[2025-02-22T11:46:15.716-0300] {processor.py:186} INFO - Started process (PID=5180) to work on /home/lpimenta/pipelineAf/airflow_env/lib/python3.10/site-packages/airflow/example_dags/example_sensor_decorator.py
[2025-02-22T11:46:15.717-0300] {processor.py:914} INFO - Processing file /home/lpimenta/pipelineAf/airflow_env/lib/python3.10/site-packages/airflow/example_dags/example_sensor_decorator.py for tasks to queue
[2025-02-22T11:46:15.718-0300] {logging_mixin.py:190} INFO - [2025-02-22T11:46:15.718-0300] {dagbag.py:588} INFO - Filling up the DagBag from /home/lpimenta/pipelineAf/airflow_env/lib/python3.10/site-packages/airflow/example_dags/example_sensor_decorator.py
[2025-02-22T11:46:15.723-0300] {processor.py:925} INFO - DAG(s) 'example_sensor_decorator' retrieved from /home/lpimenta/pipelineAf/airflow_env/lib/python3.10/site-packages/airflow/example_dags/example_sensor_decorator.py
[2025-02-22T11:46:15.731-0300] {logging_mixin.py:190} INFO - [2025-02-22T11:46:15.731-0300] {dag.py:3239} INFO - Sync 1 DAGs
[2025-02-22T11:46:15.738-0300] {logging_mixin.py:190} INFO - [2025-02-22T11:46:15.738-0300] {dag.py:4180} INFO - Setting next_dagrun for example_sensor_decorator to None, run_after=None
[2025-02-22T11:46:15.754-0300] {processor.py:208} INFO - Processing /home/lpimenta/pipelineAf/airflow_env/lib/python3.10/site-packages/airflow/example_dags/example_sensor_decorator.py took 0.043 seconds
[2025-02-22T11:47:21.526-0300] {processor.py:186} INFO - Started process (PID=5418) to work on /home/lpimenta/pipelineAf/airflow_env/lib/python3.10/site-packages/airflow/example_dags/example_sensor_decorator.py
[2025-02-22T11:47:21.528-0300] {processor.py:914} INFO - Processing file /home/lpimenta/pipelineAf/airflow_env/lib/python3.10/site-packages/airflow/example_dags/example_sensor_decorator.py for tasks to queue
[2025-02-22T11:47:21.528-0300] {logging_mixin.py:190} INFO - [2025-02-22T11:47:21.528-0300] {dagbag.py:588} INFO - Filling up the DagBag from /home/lpimenta/pipelineAf/airflow_env/lib/python3.10/site-packages/airflow/example_dags/example_sensor_decorator.py
[2025-02-22T11:47:21.534-0300] {processor.py:925} INFO - DAG(s) 'example_sensor_decorator' retrieved from /home/lpimenta/pipelineAf/airflow_env/lib/python3.10/site-packages/airflow/example_dags/example_sensor_decorator.py
[2025-02-22T11:47:21.542-0300] {logging_mixin.py:190} INFO - [2025-02-22T11:47:21.542-0300] {dag.py:3239} INFO - Sync 1 DAGs
[2025-02-22T11:47:21.550-0300] {logging_mixin.py:190} INFO - [2025-02-22T11:47:21.549-0300] {dag.py:4180} INFO - Setting next_dagrun for example_sensor_decorator to None, run_after=None
[2025-02-22T11:47:21.564-0300] {processor.py:208} INFO - Processing /home/lpimenta/pipelineAf/airflow_env/lib/python3.10/site-packages/airflow/example_dags/example_sensor_decorator.py took 0.042 seconds
[2025-02-22T11:48:26.504-0300] {processor.py:186} INFO - Started process (PID=5655) to work on /home/lpimenta/pipelineAf/airflow_env/lib/python3.10/site-packages/airflow/example_dags/example_sensor_decorator.py
[2025-02-22T11:48:26.505-0300] {processor.py:914} INFO - Processing file /home/lpimenta/pipelineAf/airflow_env/lib/python3.10/site-packages/airflow/example_dags/example_sensor_decorator.py for tasks to queue
[2025-02-22T11:48:26.506-0300] {logging_mixin.py:190} INFO - [2025-02-22T11:48:26.506-0300] {dagbag.py:588} INFO - Filling up the DagBag from /home/lpimenta/pipelineAf/airflow_env/lib/python3.10/site-packages/airflow/example_dags/example_sensor_decorator.py
[2025-02-22T11:48:26.511-0300] {processor.py:925} INFO - DAG(s) 'example_sensor_decorator' retrieved from /home/lpimenta/pipelineAf/airflow_env/lib/python3.10/site-packages/airflow/example_dags/example_sensor_decorator.py
[2025-02-22T11:48:26.520-0300] {logging_mixin.py:190} INFO - [2025-02-22T11:48:26.520-0300] {dag.py:3239} INFO - Sync 1 DAGs
[2025-02-22T11:48:26.527-0300] {logging_mixin.py:190} INFO - [2025-02-22T11:48:26.527-0300] {dag.py:4180} INFO - Setting next_dagrun for example_sensor_decorator to None, run_after=None
[2025-02-22T11:48:26.543-0300] {processor.py:208} INFO - Processing /home/lpimenta/pipelineAf/airflow_env/lib/python3.10/site-packages/airflow/example_dags/example_sensor_decorator.py took 0.042 seconds
[2025-02-22T11:49:25.088-0300] {processor.py:186} INFO - Started process (PID=5915) to work on /home/lpimenta/pipelineAf/airflow_env/lib/python3.10/site-packages/airflow/example_dags/example_sensor_decorator.py
[2025-02-22T11:49:25.090-0300] {processor.py:914} INFO - Processing file /home/lpimenta/pipelineAf/airflow_env/lib/python3.10/site-packages/airflow/example_dags/example_sensor_decorator.py for tasks to queue
[2025-02-22T11:49:25.091-0300] {logging_mixin.py:190} INFO - [2025-02-22T11:49:25.091-0300] {dagbag.py:588} INFO - Filling up the DagBag from /home/lpimenta/pipelineAf/airflow_env/lib/python3.10/site-packages/airflow/example_dags/example_sensor_decorator.py
[2025-02-22T11:49:25.096-0300] {processor.py:925} INFO - DAG(s) 'example_sensor_decorator' retrieved from /home/lpimenta/pipelineAf/airflow_env/lib/python3.10/site-packages/airflow/example_dags/example_sensor_decorator.py
[2025-02-22T11:49:25.105-0300] {logging_mixin.py:190} INFO - [2025-02-22T11:49:25.105-0300] {dag.py:3239} INFO - Sync 1 DAGs
[2025-02-22T11:49:25.112-0300] {logging_mixin.py:190} INFO - [2025-02-22T11:49:25.112-0300] {dag.py:4180} INFO - Setting next_dagrun for example_sensor_decorator to None, run_after=None
[2025-02-22T11:49:25.130-0300] {processor.py:208} INFO - Processing /home/lpimenta/pipelineAf/airflow_env/lib/python3.10/site-packages/airflow/example_dags/example_sensor_decorator.py took 0.047 seconds
