[2025-02-22T11:41:19.716-0300] {processor.py:186} INFO - Started process (PID=4016) to work on /home/lpimenta/pipelineAf/airflow_env/lib/python3.10/site-packages/airflow/example_dags/example_latest_only_with_trigger.py
[2025-02-22T11:41:19.717-0300] {processor.py:914} INFO - Processing file /home/lpimenta/pipelineAf/airflow_env/lib/python3.10/site-packages/airflow/example_dags/example_latest_only_with_trigger.py for tasks to queue
[2025-02-22T11:41:19.718-0300] {logging_mixin.py:190} INFO - [2025-02-22T11:41:19.718-0300] {dagbag.py:588} INFO - Filling up the DagBag from /home/lpimenta/pipelineAf/airflow_env/lib/python3.10/site-packages/airflow/example_dags/example_latest_only_with_trigger.py
[2025-02-22T11:41:19.723-0300] {processor.py:925} INFO - DAG(s) 'latest_only_with_trigger' retrieved from /home/lpimenta/pipelineAf/airflow_env/lib/python3.10/site-packages/airflow/example_dags/example_latest_only_with_trigger.py
[2025-02-22T11:41:19.917-0300] {logging_mixin.py:190} INFO - [2025-02-22T11:41:19.916-0300] {override.py:1930} INFO - Created Permission View: can read on DAG:latest_only_with_trigger
[2025-02-22T11:41:19.927-0300] {logging_mixin.py:190} INFO - [2025-02-22T11:41:19.926-0300] {override.py:1930} INFO - Created Permission View: can edit on DAG:latest_only_with_trigger
[2025-02-22T11:41:19.935-0300] {logging_mixin.py:190} INFO - [2025-02-22T11:41:19.935-0300] {override.py:1930} INFO - Created Permission View: can delete on DAG:latest_only_with_trigger
[2025-02-22T11:41:19.950-0300] {logging_mixin.py:190} INFO - [2025-02-22T11:41:19.950-0300] {override.py:1930} INFO - Created Permission View: can read on DAG Run:latest_only_with_trigger
[2025-02-22T11:41:19.958-0300] {logging_mixin.py:190} INFO - [2025-02-22T11:41:19.957-0300] {override.py:1930} INFO - Created Permission View: can delete on DAG Run:latest_only_with_trigger
[2025-02-22T11:41:19.966-0300] {logging_mixin.py:190} INFO - [2025-02-22T11:41:19.966-0300] {override.py:1930} INFO - Created Permission View: menu access on DAG Run:latest_only_with_trigger
[2025-02-22T11:41:19.973-0300] {logging_mixin.py:190} INFO - [2025-02-22T11:41:19.973-0300] {override.py:1930} INFO - Created Permission View: can create on DAG Run:latest_only_with_trigger
[2025-02-22T11:41:19.973-0300] {logging_mixin.py:190} INFO - [2025-02-22T11:41:19.973-0300] {dag.py:3239} INFO - Sync 1 DAGs
[2025-02-22T11:41:19.979-0300] {logging_mixin.py:190} INFO - [2025-02-22T11:41:19.979-0300] {dag.py:3262} INFO - Creating ORM DAG for latest_only_with_trigger
[2025-02-22T11:41:19.983-0300] {logging_mixin.py:190} INFO - [2025-02-22T11:41:19.983-0300] {dag.py:4180} INFO - Setting next_dagrun for latest_only_with_trigger to 2025-02-22 08:00:00+00:00, run_after=2025-02-22 12:00:00+00:00
[2025-02-22T11:41:19.997-0300] {processor.py:208} INFO - Processing /home/lpimenta/pipelineAf/airflow_env/lib/python3.10/site-packages/airflow/example_dags/example_latest_only_with_trigger.py took 0.286 seconds
[2025-02-22T11:42:30.738-0300] {processor.py:186} INFO - Started process (PID=4350) to work on /home/lpimenta/pipelineAf/airflow_env/lib/python3.10/site-packages/airflow/example_dags/example_latest_only_with_trigger.py
[2025-02-22T11:42:30.744-0300] {processor.py:914} INFO - Processing file /home/lpimenta/pipelineAf/airflow_env/lib/python3.10/site-packages/airflow/example_dags/example_latest_only_with_trigger.py for tasks to queue
[2025-02-22T11:42:30.746-0300] {logging_mixin.py:190} INFO - [2025-02-22T11:42:30.745-0300] {dagbag.py:588} INFO - Filling up the DagBag from /home/lpimenta/pipelineAf/airflow_env/lib/python3.10/site-packages/airflow/example_dags/example_latest_only_with_trigger.py
[2025-02-22T11:42:30.751-0300] {processor.py:925} INFO - DAG(s) 'latest_only_with_trigger' retrieved from /home/lpimenta/pipelineAf/airflow_env/lib/python3.10/site-packages/airflow/example_dags/example_latest_only_with_trigger.py
[2025-02-22T11:42:30.763-0300] {logging_mixin.py:190} INFO - [2025-02-22T11:42:30.762-0300] {dag.py:3239} INFO - Sync 1 DAGs
[2025-02-22T11:42:30.775-0300] {logging_mixin.py:190} INFO - [2025-02-22T11:42:30.774-0300] {dag.py:4180} INFO - Setting next_dagrun for latest_only_with_trigger to 2025-02-22 08:00:00+00:00, run_after=2025-02-22 12:00:00+00:00
[2025-02-22T11:42:30.790-0300] {processor.py:208} INFO - Processing /home/lpimenta/pipelineAf/airflow_env/lib/python3.10/site-packages/airflow/example_dags/example_latest_only_with_trigger.py took 0.056 seconds
[2025-02-22T11:43:27.867-0300] {processor.py:186} INFO - Started process (PID=4571) to work on /home/lpimenta/pipelineAf/airflow_env/lib/python3.10/site-packages/airflow/example_dags/example_latest_only_with_trigger.py
[2025-02-22T11:43:27.868-0300] {processor.py:914} INFO - Processing file /home/lpimenta/pipelineAf/airflow_env/lib/python3.10/site-packages/airflow/example_dags/example_latest_only_with_trigger.py for tasks to queue
[2025-02-22T11:43:27.870-0300] {logging_mixin.py:190} INFO - [2025-02-22T11:43:27.869-0300] {dagbag.py:588} INFO - Filling up the DagBag from /home/lpimenta/pipelineAf/airflow_env/lib/python3.10/site-packages/airflow/example_dags/example_latest_only_with_trigger.py
[2025-02-22T11:43:27.874-0300] {processor.py:925} INFO - DAG(s) 'latest_only_with_trigger' retrieved from /home/lpimenta/pipelineAf/airflow_env/lib/python3.10/site-packages/airflow/example_dags/example_latest_only_with_trigger.py
[2025-02-22T11:43:27.883-0300] {logging_mixin.py:190} INFO - [2025-02-22T11:43:27.883-0300] {dag.py:3239} INFO - Sync 1 DAGs
[2025-02-22T11:43:27.894-0300] {logging_mixin.py:190} INFO - [2025-02-22T11:43:27.893-0300] {dag.py:4180} INFO - Setting next_dagrun for latest_only_with_trigger to 2025-02-22 08:00:00+00:00, run_after=2025-02-22 12:00:00+00:00
[2025-02-22T11:43:28.028-0300] {processor.py:208} INFO - Processing /home/lpimenta/pipelineAf/airflow_env/lib/python3.10/site-packages/airflow/example_dags/example_latest_only_with_trigger.py took 0.164 seconds
[2025-02-22T11:44:32.550-0300] {processor.py:186} INFO - Started process (PID=4807) to work on /home/lpimenta/pipelineAf/airflow_env/lib/python3.10/site-packages/airflow/example_dags/example_latest_only_with_trigger.py
[2025-02-22T11:44:32.556-0300] {processor.py:914} INFO - Processing file /home/lpimenta/pipelineAf/airflow_env/lib/python3.10/site-packages/airflow/example_dags/example_latest_only_with_trigger.py for tasks to queue
[2025-02-22T11:44:32.558-0300] {logging_mixin.py:190} INFO - [2025-02-22T11:44:32.558-0300] {dagbag.py:588} INFO - Filling up the DagBag from /home/lpimenta/pipelineAf/airflow_env/lib/python3.10/site-packages/airflow/example_dags/example_latest_only_with_trigger.py
[2025-02-22T11:44:32.562-0300] {processor.py:925} INFO - DAG(s) 'latest_only_with_trigger' retrieved from /home/lpimenta/pipelineAf/airflow_env/lib/python3.10/site-packages/airflow/example_dags/example_latest_only_with_trigger.py
[2025-02-22T11:44:32.572-0300] {logging_mixin.py:190} INFO - [2025-02-22T11:44:32.572-0300] {dag.py:3239} INFO - Sync 1 DAGs
[2025-02-22T11:44:32.584-0300] {logging_mixin.py:190} INFO - [2025-02-22T11:44:32.583-0300] {dag.py:4180} INFO - Setting next_dagrun for latest_only_with_trigger to 2025-02-22 08:00:00+00:00, run_after=2025-02-22 12:00:00+00:00
[2025-02-22T11:44:32.600-0300] {processor.py:208} INFO - Processing /home/lpimenta/pipelineAf/airflow_env/lib/python3.10/site-packages/airflow/example_dags/example_latest_only_with_trigger.py took 0.053 seconds
[2025-02-22T11:45:38.770-0300] {processor.py:186} INFO - Started process (PID=5042) to work on /home/lpimenta/pipelineAf/airflow_env/lib/python3.10/site-packages/airflow/example_dags/example_latest_only_with_trigger.py
[2025-02-22T11:45:38.772-0300] {processor.py:914} INFO - Processing file /home/lpimenta/pipelineAf/airflow_env/lib/python3.10/site-packages/airflow/example_dags/example_latest_only_with_trigger.py for tasks to queue
[2025-02-22T11:45:38.773-0300] {logging_mixin.py:190} INFO - [2025-02-22T11:45:38.772-0300] {dagbag.py:588} INFO - Filling up the DagBag from /home/lpimenta/pipelineAf/airflow_env/lib/python3.10/site-packages/airflow/example_dags/example_latest_only_with_trigger.py
[2025-02-22T11:45:38.779-0300] {processor.py:925} INFO - DAG(s) 'latest_only_with_trigger' retrieved from /home/lpimenta/pipelineAf/airflow_env/lib/python3.10/site-packages/airflow/example_dags/example_latest_only_with_trigger.py
[2025-02-22T11:45:38.789-0300] {logging_mixin.py:190} INFO - [2025-02-22T11:45:38.789-0300] {dag.py:3239} INFO - Sync 1 DAGs
[2025-02-22T11:45:38.804-0300] {logging_mixin.py:190} INFO - [2025-02-22T11:45:38.804-0300] {dag.py:4180} INFO - Setting next_dagrun for latest_only_with_trigger to 2025-02-22 08:00:00+00:00, run_after=2025-02-22 12:00:00+00:00
[2025-02-22T11:45:38.820-0300] {processor.py:208} INFO - Processing /home/lpimenta/pipelineAf/airflow_env/lib/python3.10/site-packages/airflow/example_dags/example_latest_only_with_trigger.py took 0.054 seconds
[2025-02-22T11:46:45.712-0300] {processor.py:186} INFO - Started process (PID=5284) to work on /home/lpimenta/pipelineAf/airflow_env/lib/python3.10/site-packages/airflow/example_dags/example_latest_only_with_trigger.py
[2025-02-22T11:46:45.715-0300] {processor.py:914} INFO - Processing file /home/lpimenta/pipelineAf/airflow_env/lib/python3.10/site-packages/airflow/example_dags/example_latest_only_with_trigger.py for tasks to queue
[2025-02-22T11:46:45.716-0300] {logging_mixin.py:190} INFO - [2025-02-22T11:46:45.715-0300] {dagbag.py:588} INFO - Filling up the DagBag from /home/lpimenta/pipelineAf/airflow_env/lib/python3.10/site-packages/airflow/example_dags/example_latest_only_with_trigger.py
[2025-02-22T11:46:45.722-0300] {processor.py:925} INFO - DAG(s) 'latest_only_with_trigger' retrieved from /home/lpimenta/pipelineAf/airflow_env/lib/python3.10/site-packages/airflow/example_dags/example_latest_only_with_trigger.py
[2025-02-22T11:46:45.730-0300] {logging_mixin.py:190} INFO - [2025-02-22T11:46:45.730-0300] {dag.py:3239} INFO - Sync 1 DAGs
[2025-02-22T11:46:45.741-0300] {logging_mixin.py:190} INFO - [2025-02-22T11:46:45.741-0300] {dag.py:4180} INFO - Setting next_dagrun for latest_only_with_trigger to 2025-02-22 08:00:00+00:00, run_after=2025-02-22 12:00:00+00:00
[2025-02-22T11:46:45.756-0300] {processor.py:208} INFO - Processing /home/lpimenta/pipelineAf/airflow_env/lib/python3.10/site-packages/airflow/example_dags/example_latest_only_with_trigger.py took 0.047 seconds
[2025-02-22T11:47:43.333-0300] {processor.py:186} INFO - Started process (PID=5508) to work on /home/lpimenta/pipelineAf/airflow_env/lib/python3.10/site-packages/airflow/example_dags/example_latest_only_with_trigger.py
[2025-02-22T11:47:43.335-0300] {processor.py:914} INFO - Processing file /home/lpimenta/pipelineAf/airflow_env/lib/python3.10/site-packages/airflow/example_dags/example_latest_only_with_trigger.py for tasks to queue
[2025-02-22T11:47:43.336-0300] {logging_mixin.py:190} INFO - [2025-02-22T11:47:43.335-0300] {dagbag.py:588} INFO - Filling up the DagBag from /home/lpimenta/pipelineAf/airflow_env/lib/python3.10/site-packages/airflow/example_dags/example_latest_only_with_trigger.py
[2025-02-22T11:47:43.341-0300] {processor.py:925} INFO - DAG(s) 'latest_only_with_trigger' retrieved from /home/lpimenta/pipelineAf/airflow_env/lib/python3.10/site-packages/airflow/example_dags/example_latest_only_with_trigger.py
[2025-02-22T11:47:43.350-0300] {logging_mixin.py:190} INFO - [2025-02-22T11:47:43.350-0300] {dag.py:3239} INFO - Sync 1 DAGs
[2025-02-22T11:47:43.361-0300] {logging_mixin.py:190} INFO - [2025-02-22T11:47:43.361-0300] {dag.py:4180} INFO - Setting next_dagrun for latest_only_with_trigger to 2025-02-22 08:00:00+00:00, run_after=2025-02-22 12:00:00+00:00
[2025-02-22T11:47:43.376-0300] {processor.py:208} INFO - Processing /home/lpimenta/pipelineAf/airflow_env/lib/python3.10/site-packages/airflow/example_dags/example_latest_only_with_trigger.py took 0.047 seconds
[2025-02-22T11:48:46.756-0300] {processor.py:186} INFO - Started process (PID=5762) to work on /home/lpimenta/pipelineAf/airflow_env/lib/python3.10/site-packages/airflow/example_dags/example_latest_only_with_trigger.py
[2025-02-22T11:48:46.757-0300] {processor.py:914} INFO - Processing file /home/lpimenta/pipelineAf/airflow_env/lib/python3.10/site-packages/airflow/example_dags/example_latest_only_with_trigger.py for tasks to queue
[2025-02-22T11:48:46.758-0300] {logging_mixin.py:190} INFO - [2025-02-22T11:48:46.758-0300] {dagbag.py:588} INFO - Filling up the DagBag from /home/lpimenta/pipelineAf/airflow_env/lib/python3.10/site-packages/airflow/example_dags/example_latest_only_with_trigger.py
[2025-02-22T11:48:46.764-0300] {processor.py:925} INFO - DAG(s) 'latest_only_with_trigger' retrieved from /home/lpimenta/pipelineAf/airflow_env/lib/python3.10/site-packages/airflow/example_dags/example_latest_only_with_trigger.py
[2025-02-22T11:48:46.773-0300] {logging_mixin.py:190} INFO - [2025-02-22T11:48:46.772-0300] {dag.py:3239} INFO - Sync 1 DAGs
[2025-02-22T11:48:46.784-0300] {logging_mixin.py:190} INFO - [2025-02-22T11:48:46.784-0300] {dag.py:4180} INFO - Setting next_dagrun for latest_only_with_trigger to 2025-02-22 08:00:00+00:00, run_after=2025-02-22 12:00:00+00:00
[2025-02-22T11:48:46.798-0300] {processor.py:208} INFO - Processing /home/lpimenta/pipelineAf/airflow_env/lib/python3.10/site-packages/airflow/example_dags/example_latest_only_with_trigger.py took 0.045 seconds
