[2025-02-22T11:41:32.549-0300] {processor.py:186} INFO - Started process (PID=4072) to work on /home/lpimenta/pipelineAf/airflow_env/lib/python3.10/site-packages/airflow/example_dags/example_branch_datetime_operator.py
[2025-02-22T11:41:32.549-0300] {processor.py:914} INFO - Processing file /home/lpimenta/pipelineAf/airflow_env/lib/python3.10/site-packages/airflow/example_dags/example_branch_datetime_operator.py for tasks to queue
[2025-02-22T11:41:32.627-0300] {logging_mixin.py:190} INFO - [2025-02-22T11:41:32.627-0300] {dagbag.py:588} INFO - Filling up the DagBag from /home/lpimenta/pipelineAf/airflow_env/lib/python3.10/site-packages/airflow/example_dags/example_branch_datetime_operator.py
[2025-02-22T11:41:32.634-0300] {processor.py:925} INFO - DAG(s) 'example_branch_datetime_operator_2', 'example_branch_datetime_operator_3', 'example_branch_datetime_operator' retrieved from /home/lpimenta/pipelineAf/airflow_env/lib/python3.10/site-packages/airflow/example_dags/example_branch_datetime_operator.py
[2025-02-22T11:41:32.692-0300] {logging_mixin.py:190} INFO - [2025-02-22T11:41:32.691-0300] {override.py:1930} INFO - Created Permission View: can read on DAG:example_branch_datetime_operator_2
[2025-02-22T11:41:32.702-0300] {logging_mixin.py:190} INFO - [2025-02-22T11:41:32.701-0300] {override.py:1930} INFO - Created Permission View: can edit on DAG:example_branch_datetime_operator_2
[2025-02-22T11:41:32.710-0300] {logging_mixin.py:190} INFO - [2025-02-22T11:41:32.710-0300] {override.py:1930} INFO - Created Permission View: can delete on DAG:example_branch_datetime_operator_2
[2025-02-22T11:41:32.724-0300] {logging_mixin.py:190} INFO - [2025-02-22T11:41:32.723-0300] {override.py:1930} INFO - Created Permission View: can read on DAG Run:example_branch_datetime_operator_2
[2025-02-22T11:41:32.733-0300] {logging_mixin.py:190} INFO - [2025-02-22T11:41:32.733-0300] {override.py:1930} INFO - Created Permission View: can delete on DAG Run:example_branch_datetime_operator_2
[2025-02-22T11:41:32.744-0300] {logging_mixin.py:190} INFO - [2025-02-22T11:41:32.743-0300] {override.py:1930} INFO - Created Permission View: menu access on DAG Run:example_branch_datetime_operator_2
[2025-02-22T11:41:32.753-0300] {logging_mixin.py:190} INFO - [2025-02-22T11:41:32.752-0300] {override.py:1930} INFO - Created Permission View: can create on DAG Run:example_branch_datetime_operator_2
[2025-02-22T11:41:32.775-0300] {logging_mixin.py:190} INFO - [2025-02-22T11:41:32.774-0300] {override.py:1930} INFO - Created Permission View: can read on DAG:example_branch_datetime_operator_3
[2025-02-22T11:41:32.784-0300] {logging_mixin.py:190} INFO - [2025-02-22T11:41:32.783-0300] {override.py:1930} INFO - Created Permission View: can edit on DAG:example_branch_datetime_operator_3
[2025-02-22T11:41:32.793-0300] {logging_mixin.py:190} INFO - [2025-02-22T11:41:32.793-0300] {override.py:1930} INFO - Created Permission View: can delete on DAG:example_branch_datetime_operator_3
[2025-02-22T11:41:32.810-0300] {logging_mixin.py:190} INFO - [2025-02-22T11:41:32.809-0300] {override.py:1930} INFO - Created Permission View: can read on DAG Run:example_branch_datetime_operator_3
[2025-02-22T11:41:32.820-0300] {logging_mixin.py:190} INFO - [2025-02-22T11:41:32.820-0300] {override.py:1930} INFO - Created Permission View: can delete on DAG Run:example_branch_datetime_operator_3
[2025-02-22T11:41:32.830-0300] {logging_mixin.py:190} INFO - [2025-02-22T11:41:32.830-0300] {override.py:1930} INFO - Created Permission View: menu access on DAG Run:example_branch_datetime_operator_3
[2025-02-22T11:41:32.840-0300] {logging_mixin.py:190} INFO - [2025-02-22T11:41:32.840-0300] {override.py:1930} INFO - Created Permission View: can create on DAG Run:example_branch_datetime_operator_3
[2025-02-22T11:41:32.862-0300] {logging_mixin.py:190} INFO - [2025-02-22T11:41:32.862-0300] {override.py:1930} INFO - Created Permission View: can read on DAG:example_branch_datetime_operator
[2025-02-22T11:41:32.873-0300] {logging_mixin.py:190} INFO - [2025-02-22T11:41:32.872-0300] {override.py:1930} INFO - Created Permission View: can edit on DAG:example_branch_datetime_operator
[2025-02-22T11:41:32.884-0300] {logging_mixin.py:190} INFO - [2025-02-22T11:41:32.884-0300] {override.py:1930} INFO - Created Permission View: can delete on DAG:example_branch_datetime_operator
[2025-02-22T11:41:32.899-0300] {logging_mixin.py:190} INFO - [2025-02-22T11:41:32.898-0300] {override.py:1930} INFO - Created Permission View: can read on DAG Run:example_branch_datetime_operator
[2025-02-22T11:41:32.907-0300] {logging_mixin.py:190} INFO - [2025-02-22T11:41:32.907-0300] {override.py:1930} INFO - Created Permission View: can delete on DAG Run:example_branch_datetime_operator
[2025-02-22T11:41:32.915-0300] {logging_mixin.py:190} INFO - [2025-02-22T11:41:32.915-0300] {override.py:1930} INFO - Created Permission View: menu access on DAG Run:example_branch_datetime_operator
[2025-02-22T11:41:32.924-0300] {logging_mixin.py:190} INFO - [2025-02-22T11:41:32.924-0300] {override.py:1930} INFO - Created Permission View: can create on DAG Run:example_branch_datetime_operator
[2025-02-22T11:41:32.925-0300] {logging_mixin.py:190} INFO - [2025-02-22T11:41:32.924-0300] {dag.py:3239} INFO - Sync 3 DAGs
[2025-02-22T11:41:32.933-0300] {logging_mixin.py:190} INFO - [2025-02-22T11:41:32.932-0300] {dag.py:3262} INFO - Creating ORM DAG for example_branch_datetime_operator
[2025-02-22T11:41:32.933-0300] {logging_mixin.py:190} INFO - [2025-02-22T11:41:32.933-0300] {dag.py:3262} INFO - Creating ORM DAG for example_branch_datetime_operator_3
[2025-02-22T11:41:32.934-0300] {logging_mixin.py:190} INFO - [2025-02-22T11:41:32.934-0300] {dag.py:3262} INFO - Creating ORM DAG for example_branch_datetime_operator_2
[2025-02-22T11:41:32.942-0300] {logging_mixin.py:190} INFO - [2025-02-22T11:41:32.942-0300] {dag.py:4180} INFO - Setting next_dagrun for example_branch_datetime_operator to 2025-02-21 00:00:00+00:00, run_after=2025-02-22 00:00:00+00:00
[2025-02-22T11:41:32.943-0300] {logging_mixin.py:190} INFO - [2025-02-22T11:41:32.943-0300] {dag.py:4180} INFO - Setting next_dagrun for example_branch_datetime_operator_2 to 2025-02-21 00:00:00+00:00, run_after=2025-02-22 00:00:00+00:00
[2025-02-22T11:41:32.944-0300] {logging_mixin.py:190} INFO - [2025-02-22T11:41:32.944-0300] {dag.py:4180} INFO - Setting next_dagrun for example_branch_datetime_operator_3 to 2025-02-21 00:00:00+00:00, run_after=2025-02-22 00:00:00+00:00
[2025-02-22T11:41:32.962-0300] {processor.py:208} INFO - Processing /home/lpimenta/pipelineAf/airflow_env/lib/python3.10/site-packages/airflow/example_dags/example_branch_datetime_operator.py took 0.418 seconds
[2025-02-22T11:42:40.984-0300] {processor.py:186} INFO - Started process (PID=4394) to work on /home/lpimenta/pipelineAf/airflow_env/lib/python3.10/site-packages/airflow/example_dags/example_branch_datetime_operator.py
[2025-02-22T11:42:40.986-0300] {processor.py:914} INFO - Processing file /home/lpimenta/pipelineAf/airflow_env/lib/python3.10/site-packages/airflow/example_dags/example_branch_datetime_operator.py for tasks to queue
[2025-02-22T11:42:40.987-0300] {logging_mixin.py:190} INFO - [2025-02-22T11:42:40.987-0300] {dagbag.py:588} INFO - Filling up the DagBag from /home/lpimenta/pipelineAf/airflow_env/lib/python3.10/site-packages/airflow/example_dags/example_branch_datetime_operator.py
[2025-02-22T11:42:40.994-0300] {processor.py:925} INFO - DAG(s) 'example_branch_datetime_operator_2', 'example_branch_datetime_operator_3', 'example_branch_datetime_operator' retrieved from /home/lpimenta/pipelineAf/airflow_env/lib/python3.10/site-packages/airflow/example_dags/example_branch_datetime_operator.py
[2025-02-22T11:42:41.006-0300] {logging_mixin.py:190} INFO - [2025-02-22T11:42:41.006-0300] {dag.py:3239} INFO - Sync 3 DAGs
[2025-02-22T11:42:41.018-0300] {logging_mixin.py:190} INFO - [2025-02-22T11:42:41.018-0300] {dag.py:4180} INFO - Setting next_dagrun for example_branch_datetime_operator to 2025-02-21 00:00:00+00:00, run_after=2025-02-22 00:00:00+00:00
[2025-02-22T11:42:41.020-0300] {logging_mixin.py:190} INFO - [2025-02-22T11:42:41.020-0300] {dag.py:4180} INFO - Setting next_dagrun for example_branch_datetime_operator_2 to 2025-02-21 00:00:00+00:00, run_after=2025-02-22 00:00:00+00:00
[2025-02-22T11:42:41.021-0300] {logging_mixin.py:190} INFO - [2025-02-22T11:42:41.021-0300] {dag.py:4180} INFO - Setting next_dagrun for example_branch_datetime_operator_3 to 2025-02-21 00:00:00+00:00, run_after=2025-02-22 00:00:00+00:00
[2025-02-22T11:42:41.035-0300] {processor.py:208} INFO - Processing /home/lpimenta/pipelineAf/airflow_env/lib/python3.10/site-packages/airflow/example_dags/example_branch_datetime_operator.py took 0.055 seconds
[2025-02-22T11:43:44.522-0300] {processor.py:186} INFO - Started process (PID=4626) to work on /home/lpimenta/pipelineAf/airflow_env/lib/python3.10/site-packages/airflow/example_dags/example_branch_datetime_operator.py
[2025-02-22T11:43:44.524-0300] {processor.py:914} INFO - Processing file /home/lpimenta/pipelineAf/airflow_env/lib/python3.10/site-packages/airflow/example_dags/example_branch_datetime_operator.py for tasks to queue
[2025-02-22T11:43:44.525-0300] {logging_mixin.py:190} INFO - [2025-02-22T11:43:44.525-0300] {dagbag.py:588} INFO - Filling up the DagBag from /home/lpimenta/pipelineAf/airflow_env/lib/python3.10/site-packages/airflow/example_dags/example_branch_datetime_operator.py
[2025-02-22T11:43:44.533-0300] {processor.py:925} INFO - DAG(s) 'example_branch_datetime_operator', 'example_branch_datetime_operator_2', 'example_branch_datetime_operator_3' retrieved from /home/lpimenta/pipelineAf/airflow_env/lib/python3.10/site-packages/airflow/example_dags/example_branch_datetime_operator.py
[2025-02-22T11:43:44.544-0300] {logging_mixin.py:190} INFO - [2025-02-22T11:43:44.544-0300] {dag.py:3239} INFO - Sync 3 DAGs
[2025-02-22T11:43:44.556-0300] {logging_mixin.py:190} INFO - [2025-02-22T11:43:44.556-0300] {dag.py:4180} INFO - Setting next_dagrun for example_branch_datetime_operator to 2025-02-21 00:00:00+00:00, run_after=2025-02-22 00:00:00+00:00
[2025-02-22T11:43:44.559-0300] {logging_mixin.py:190} INFO - [2025-02-22T11:43:44.559-0300] {dag.py:4180} INFO - Setting next_dagrun for example_branch_datetime_operator_2 to 2025-02-21 00:00:00+00:00, run_after=2025-02-22 00:00:00+00:00
[2025-02-22T11:43:44.560-0300] {logging_mixin.py:190} INFO - [2025-02-22T11:43:44.560-0300] {dag.py:4180} INFO - Setting next_dagrun for example_branch_datetime_operator_3 to 2025-02-21 00:00:00+00:00, run_after=2025-02-22 00:00:00+00:00
[2025-02-22T11:43:44.576-0300] {processor.py:208} INFO - Processing /home/lpimenta/pipelineAf/airflow_env/lib/python3.10/site-packages/airflow/example_dags/example_branch_datetime_operator.py took 0.057 seconds
[2025-02-22T11:44:49.024-0300] {processor.py:186} INFO - Started process (PID=4856) to work on /home/lpimenta/pipelineAf/airflow_env/lib/python3.10/site-packages/airflow/example_dags/example_branch_datetime_operator.py
[2025-02-22T11:44:49.028-0300] {processor.py:914} INFO - Processing file /home/lpimenta/pipelineAf/airflow_env/lib/python3.10/site-packages/airflow/example_dags/example_branch_datetime_operator.py for tasks to queue
[2025-02-22T11:44:49.029-0300] {logging_mixin.py:190} INFO - [2025-02-22T11:44:49.029-0300] {dagbag.py:588} INFO - Filling up the DagBag from /home/lpimenta/pipelineAf/airflow_env/lib/python3.10/site-packages/airflow/example_dags/example_branch_datetime_operator.py
[2025-02-22T11:44:49.036-0300] {processor.py:925} INFO - DAG(s) 'example_branch_datetime_operator_3', 'example_branch_datetime_operator_2', 'example_branch_datetime_operator' retrieved from /home/lpimenta/pipelineAf/airflow_env/lib/python3.10/site-packages/airflow/example_dags/example_branch_datetime_operator.py
[2025-02-22T11:44:49.047-0300] {logging_mixin.py:190} INFO - [2025-02-22T11:44:49.047-0300] {dag.py:3239} INFO - Sync 3 DAGs
[2025-02-22T11:44:49.059-0300] {logging_mixin.py:190} INFO - [2025-02-22T11:44:49.059-0300] {dag.py:4180} INFO - Setting next_dagrun for example_branch_datetime_operator to 2025-02-21 00:00:00+00:00, run_after=2025-02-22 00:00:00+00:00
[2025-02-22T11:44:49.061-0300] {logging_mixin.py:190} INFO - [2025-02-22T11:44:49.061-0300] {dag.py:4180} INFO - Setting next_dagrun for example_branch_datetime_operator_2 to 2025-02-21 00:00:00+00:00, run_after=2025-02-22 00:00:00+00:00
[2025-02-22T11:44:49.062-0300] {logging_mixin.py:190} INFO - [2025-02-22T11:44:49.062-0300] {dag.py:4180} INFO - Setting next_dagrun for example_branch_datetime_operator_3 to 2025-02-21 00:00:00+00:00, run_after=2025-02-22 00:00:00+00:00
[2025-02-22T11:44:49.076-0300] {processor.py:208} INFO - Processing /home/lpimenta/pipelineAf/airflow_env/lib/python3.10/site-packages/airflow/example_dags/example_branch_datetime_operator.py took 0.056 seconds
[2025-02-22T11:45:50.468-0300] {processor.py:186} INFO - Started process (PID=5094) to work on /home/lpimenta/pipelineAf/airflow_env/lib/python3.10/site-packages/airflow/example_dags/example_branch_datetime_operator.py
[2025-02-22T11:45:50.469-0300] {processor.py:914} INFO - Processing file /home/lpimenta/pipelineAf/airflow_env/lib/python3.10/site-packages/airflow/example_dags/example_branch_datetime_operator.py for tasks to queue
[2025-02-22T11:45:50.470-0300] {logging_mixin.py:190} INFO - [2025-02-22T11:45:50.470-0300] {dagbag.py:588} INFO - Filling up the DagBag from /home/lpimenta/pipelineAf/airflow_env/lib/python3.10/site-packages/airflow/example_dags/example_branch_datetime_operator.py
[2025-02-22T11:45:50.479-0300] {processor.py:925} INFO - DAG(s) 'example_branch_datetime_operator', 'example_branch_datetime_operator_3', 'example_branch_datetime_operator_2' retrieved from /home/lpimenta/pipelineAf/airflow_env/lib/python3.10/site-packages/airflow/example_dags/example_branch_datetime_operator.py
[2025-02-22T11:45:50.493-0300] {logging_mixin.py:190} INFO - [2025-02-22T11:45:50.493-0300] {dag.py:3239} INFO - Sync 3 DAGs
[2025-02-22T11:45:50.507-0300] {logging_mixin.py:190} INFO - [2025-02-22T11:45:50.507-0300] {dag.py:4180} INFO - Setting next_dagrun for example_branch_datetime_operator to 2025-02-21 00:00:00+00:00, run_after=2025-02-22 00:00:00+00:00
[2025-02-22T11:45:50.510-0300] {logging_mixin.py:190} INFO - [2025-02-22T11:45:50.510-0300] {dag.py:4180} INFO - Setting next_dagrun for example_branch_datetime_operator_2 to 2025-02-21 00:00:00+00:00, run_after=2025-02-22 00:00:00+00:00
[2025-02-22T11:45:50.512-0300] {logging_mixin.py:190} INFO - [2025-02-22T11:45:50.512-0300] {dag.py:4180} INFO - Setting next_dagrun for example_branch_datetime_operator_3 to 2025-02-21 00:00:00+00:00, run_after=2025-02-22 00:00:00+00:00
[2025-02-22T11:45:50.527-0300] {processor.py:208} INFO - Processing /home/lpimenta/pipelineAf/airflow_env/lib/python3.10/site-packages/airflow/example_dags/example_branch_datetime_operator.py took 0.063 seconds
[2025-02-22T11:46:58.109-0300] {processor.py:186} INFO - Started process (PID=5333) to work on /home/lpimenta/pipelineAf/airflow_env/lib/python3.10/site-packages/airflow/example_dags/example_branch_datetime_operator.py
[2025-02-22T11:46:58.111-0300] {processor.py:914} INFO - Processing file /home/lpimenta/pipelineAf/airflow_env/lib/python3.10/site-packages/airflow/example_dags/example_branch_datetime_operator.py for tasks to queue
[2025-02-22T11:46:58.112-0300] {logging_mixin.py:190} INFO - [2025-02-22T11:46:58.112-0300] {dagbag.py:588} INFO - Filling up the DagBag from /home/lpimenta/pipelineAf/airflow_env/lib/python3.10/site-packages/airflow/example_dags/example_branch_datetime_operator.py
[2025-02-22T11:46:58.120-0300] {processor.py:925} INFO - DAG(s) 'example_branch_datetime_operator_3', 'example_branch_datetime_operator_2', 'example_branch_datetime_operator' retrieved from /home/lpimenta/pipelineAf/airflow_env/lib/python3.10/site-packages/airflow/example_dags/example_branch_datetime_operator.py
[2025-02-22T11:46:58.134-0300] {logging_mixin.py:190} INFO - [2025-02-22T11:46:58.133-0300] {dag.py:3239} INFO - Sync 3 DAGs
[2025-02-22T11:46:58.146-0300] {logging_mixin.py:190} INFO - [2025-02-22T11:46:58.146-0300] {dag.py:4180} INFO - Setting next_dagrun for example_branch_datetime_operator to 2025-02-21 00:00:00+00:00, run_after=2025-02-22 00:00:00+00:00
[2025-02-22T11:46:58.148-0300] {logging_mixin.py:190} INFO - [2025-02-22T11:46:58.148-0300] {dag.py:4180} INFO - Setting next_dagrun for example_branch_datetime_operator_2 to 2025-02-21 00:00:00+00:00, run_after=2025-02-22 00:00:00+00:00
[2025-02-22T11:46:58.149-0300] {logging_mixin.py:190} INFO - [2025-02-22T11:46:58.149-0300] {dag.py:4180} INFO - Setting next_dagrun for example_branch_datetime_operator_3 to 2025-02-21 00:00:00+00:00, run_after=2025-02-22 00:00:00+00:00
[2025-02-22T11:46:58.163-0300] {processor.py:208} INFO - Processing /home/lpimenta/pipelineAf/airflow_env/lib/python3.10/site-packages/airflow/example_dags/example_branch_datetime_operator.py took 0.059 seconds
[2025-02-22T11:47:59.906-0300] {processor.py:186} INFO - Started process (PID=5557) to work on /home/lpimenta/pipelineAf/airflow_env/lib/python3.10/site-packages/airflow/example_dags/example_branch_datetime_operator.py
[2025-02-22T11:47:59.908-0300] {processor.py:914} INFO - Processing file /home/lpimenta/pipelineAf/airflow_env/lib/python3.10/site-packages/airflow/example_dags/example_branch_datetime_operator.py for tasks to queue
[2025-02-22T11:47:59.909-0300] {logging_mixin.py:190} INFO - [2025-02-22T11:47:59.909-0300] {dagbag.py:588} INFO - Filling up the DagBag from /home/lpimenta/pipelineAf/airflow_env/lib/python3.10/site-packages/airflow/example_dags/example_branch_datetime_operator.py
[2025-02-22T11:47:59.916-0300] {processor.py:925} INFO - DAG(s) 'example_branch_datetime_operator', 'example_branch_datetime_operator_2', 'example_branch_datetime_operator_3' retrieved from /home/lpimenta/pipelineAf/airflow_env/lib/python3.10/site-packages/airflow/example_dags/example_branch_datetime_operator.py
[2025-02-22T11:47:59.927-0300] {logging_mixin.py:190} INFO - [2025-02-22T11:47:59.927-0300] {dag.py:3239} INFO - Sync 3 DAGs
[2025-02-22T11:47:59.942-0300] {logging_mixin.py:190} INFO - [2025-02-22T11:47:59.942-0300] {dag.py:4180} INFO - Setting next_dagrun for example_branch_datetime_operator to 2025-02-21 00:00:00+00:00, run_after=2025-02-22 00:00:00+00:00
[2025-02-22T11:47:59.944-0300] {logging_mixin.py:190} INFO - [2025-02-22T11:47:59.944-0300] {dag.py:4180} INFO - Setting next_dagrun for example_branch_datetime_operator_2 to 2025-02-21 00:00:00+00:00, run_after=2025-02-22 00:00:00+00:00
[2025-02-22T11:47:59.945-0300] {logging_mixin.py:190} INFO - [2025-02-22T11:47:59.945-0300] {dag.py:4180} INFO - Setting next_dagrun for example_branch_datetime_operator_3 to 2025-02-21 00:00:00+00:00, run_after=2025-02-22 00:00:00+00:00
[2025-02-22T11:47:59.958-0300] {processor.py:208} INFO - Processing /home/lpimenta/pipelineAf/airflow_env/lib/python3.10/site-packages/airflow/example_dags/example_branch_datetime_operator.py took 0.055 seconds
[2025-02-22T11:49:03.057-0300] {processor.py:186} INFO - Started process (PID=5826) to work on /home/lpimenta/pipelineAf/airflow_env/lib/python3.10/site-packages/airflow/example_dags/example_branch_datetime_operator.py
[2025-02-22T11:49:03.059-0300] {processor.py:914} INFO - Processing file /home/lpimenta/pipelineAf/airflow_env/lib/python3.10/site-packages/airflow/example_dags/example_branch_datetime_operator.py for tasks to queue
[2025-02-22T11:49:03.059-0300] {logging_mixin.py:190} INFO - [2025-02-22T11:49:03.059-0300] {dagbag.py:588} INFO - Filling up the DagBag from /home/lpimenta/pipelineAf/airflow_env/lib/python3.10/site-packages/airflow/example_dags/example_branch_datetime_operator.py
[2025-02-22T11:49:03.066-0300] {processor.py:925} INFO - DAG(s) 'example_branch_datetime_operator_3', 'example_branch_datetime_operator', 'example_branch_datetime_operator_2' retrieved from /home/lpimenta/pipelineAf/airflow_env/lib/python3.10/site-packages/airflow/example_dags/example_branch_datetime_operator.py
[2025-02-22T11:49:03.078-0300] {logging_mixin.py:190} INFO - [2025-02-22T11:49:03.078-0300] {dag.py:3239} INFO - Sync 3 DAGs
[2025-02-22T11:49:03.091-0300] {logging_mixin.py:190} INFO - [2025-02-22T11:49:03.090-0300] {dag.py:4180} INFO - Setting next_dagrun for example_branch_datetime_operator to 2025-02-21 00:00:00+00:00, run_after=2025-02-22 00:00:00+00:00
[2025-02-22T11:49:03.094-0300] {logging_mixin.py:190} INFO - [2025-02-22T11:49:03.094-0300] {dag.py:4180} INFO - Setting next_dagrun for example_branch_datetime_operator_2 to 2025-02-21 00:00:00+00:00, run_after=2025-02-22 00:00:00+00:00
[2025-02-22T11:49:03.095-0300] {logging_mixin.py:190} INFO - [2025-02-22T11:49:03.095-0300] {dag.py:4180} INFO - Setting next_dagrun for example_branch_datetime_operator_3 to 2025-02-21 00:00:00+00:00, run_after=2025-02-22 00:00:00+00:00
[2025-02-22T11:49:03.109-0300] {processor.py:208} INFO - Processing /home/lpimenta/pipelineAf/airflow_env/lib/python3.10/site-packages/airflow/example_dags/example_branch_datetime_operator.py took 0.056 seconds
