[2025-02-22T11:41:07.336-0300] {processor.py:186} INFO - Started process (PID=3978) to work on /home/lpimenta/pipelineAf/airflow_env/lib/python3.10/site-packages/airflow/example_dags/example_branch_operator.py
[2025-02-22T11:41:07.337-0300] {processor.py:914} INFO - Processing file /home/lpimenta/pipelineAf/airflow_env/lib/python3.10/site-packages/airflow/example_dags/example_branch_operator.py for tasks to queue
[2025-02-22T11:41:07.338-0300] {logging_mixin.py:190} INFO - [2025-02-22T11:41:07.338-0300] {dagbag.py:588} INFO - Filling up the DagBag from /home/lpimenta/pipelineAf/airflow_env/lib/python3.10/site-packages/airflow/example_dags/example_branch_operator.py
[2025-02-22T11:41:07.349-0300] {processor.py:925} INFO - DAG(s) 'example_branch_operator' retrieved from /home/lpimenta/pipelineAf/airflow_env/lib/python3.10/site-packages/airflow/example_dags/example_branch_operator.py
[2025-02-22T11:41:07.489-0300] {logging_mixin.py:190} INFO - [2025-02-22T11:41:07.489-0300] {override.py:1930} INFO - Created Permission View: can read on DAG:example_branch_operator
[2025-02-22T11:41:07.498-0300] {logging_mixin.py:190} INFO - [2025-02-22T11:41:07.498-0300] {override.py:1930} INFO - Created Permission View: can edit on DAG:example_branch_operator
[2025-02-22T11:41:07.506-0300] {logging_mixin.py:190} INFO - [2025-02-22T11:41:07.506-0300] {override.py:1930} INFO - Created Permission View: can delete on DAG:example_branch_operator
[2025-02-22T11:41:07.518-0300] {logging_mixin.py:190} INFO - [2025-02-22T11:41:07.518-0300] {override.py:1930} INFO - Created Permission View: can read on DAG Run:example_branch_operator
[2025-02-22T11:41:07.526-0300] {logging_mixin.py:190} INFO - [2025-02-22T11:41:07.526-0300] {override.py:1930} INFO - Created Permission View: can delete on DAG Run:example_branch_operator
[2025-02-22T11:41:07.533-0300] {logging_mixin.py:190} INFO - [2025-02-22T11:41:07.532-0300] {override.py:1930} INFO - Created Permission View: menu access on DAG Run:example_branch_operator
[2025-02-22T11:41:07.540-0300] {logging_mixin.py:190} INFO - [2025-02-22T11:41:07.539-0300] {override.py:1930} INFO - Created Permission View: can create on DAG Run:example_branch_operator
[2025-02-22T11:41:07.540-0300] {logging_mixin.py:190} INFO - [2025-02-22T11:41:07.540-0300] {dag.py:3239} INFO - Sync 1 DAGs
[2025-02-22T11:41:07.545-0300] {logging_mixin.py:190} INFO - [2025-02-22T11:41:07.545-0300] {dag.py:3262} INFO - Creating ORM DAG for example_branch_operator
[2025-02-22T11:41:07.550-0300] {logging_mixin.py:190} INFO - [2025-02-22T11:41:07.550-0300] {dag.py:4180} INFO - Setting next_dagrun for example_branch_operator to 2025-02-21 00:00:00+00:00, run_after=2025-02-22 00:00:00+00:00
[2025-02-22T11:41:07.566-0300] {processor.py:208} INFO - Processing /home/lpimenta/pipelineAf/airflow_env/lib/python3.10/site-packages/airflow/example_dags/example_branch_operator.py took 0.233 seconds
[2025-02-22T11:42:20.429-0300] {processor.py:186} INFO - Started process (PID=4313) to work on /home/lpimenta/pipelineAf/airflow_env/lib/python3.10/site-packages/airflow/example_dags/example_branch_operator.py
[2025-02-22T11:42:20.431-0300] {processor.py:914} INFO - Processing file /home/lpimenta/pipelineAf/airflow_env/lib/python3.10/site-packages/airflow/example_dags/example_branch_operator.py for tasks to queue
[2025-02-22T11:42:20.432-0300] {logging_mixin.py:190} INFO - [2025-02-22T11:42:20.432-0300] {dagbag.py:588} INFO - Filling up the DagBag from /home/lpimenta/pipelineAf/airflow_env/lib/python3.10/site-packages/airflow/example_dags/example_branch_operator.py
[2025-02-22T11:42:20.443-0300] {processor.py:925} INFO - DAG(s) 'example_branch_operator' retrieved from /home/lpimenta/pipelineAf/airflow_env/lib/python3.10/site-packages/airflow/example_dags/example_branch_operator.py
[2025-02-22T11:42:20.455-0300] {logging_mixin.py:190} INFO - [2025-02-22T11:42:20.455-0300] {dag.py:3239} INFO - Sync 1 DAGs
[2025-02-22T11:42:20.466-0300] {logging_mixin.py:190} INFO - [2025-02-22T11:42:20.466-0300] {dag.py:4180} INFO - Setting next_dagrun for example_branch_operator to 2025-02-21 00:00:00+00:00, run_after=2025-02-22 00:00:00+00:00
[2025-02-22T11:42:20.481-0300] {processor.py:208} INFO - Processing /home/lpimenta/pipelineAf/airflow_env/lib/python3.10/site-packages/airflow/example_dags/example_branch_operator.py took 0.056 seconds
[2025-02-22T11:43:19.856-0300] {processor.py:186} INFO - Started process (PID=4539) to work on /home/lpimenta/pipelineAf/airflow_env/lib/python3.10/site-packages/airflow/example_dags/example_branch_operator.py
[2025-02-22T11:43:19.857-0300] {processor.py:914} INFO - Processing file /home/lpimenta/pipelineAf/airflow_env/lib/python3.10/site-packages/airflow/example_dags/example_branch_operator.py for tasks to queue
[2025-02-22T11:43:19.858-0300] {logging_mixin.py:190} INFO - [2025-02-22T11:43:19.858-0300] {dagbag.py:588} INFO - Filling up the DagBag from /home/lpimenta/pipelineAf/airflow_env/lib/python3.10/site-packages/airflow/example_dags/example_branch_operator.py
[2025-02-22T11:43:19.869-0300] {processor.py:925} INFO - DAG(s) 'example_branch_operator' retrieved from /home/lpimenta/pipelineAf/airflow_env/lib/python3.10/site-packages/airflow/example_dags/example_branch_operator.py
[2025-02-22T11:43:19.882-0300] {logging_mixin.py:190} INFO - [2025-02-22T11:43:19.882-0300] {dag.py:3239} INFO - Sync 1 DAGs
[2025-02-22T11:43:19.894-0300] {logging_mixin.py:190} INFO - [2025-02-22T11:43:19.893-0300] {dag.py:4180} INFO - Setting next_dagrun for example_branch_operator to 2025-02-21 00:00:00+00:00, run_after=2025-02-22 00:00:00+00:00
[2025-02-22T11:43:19.910-0300] {processor.py:208} INFO - Processing /home/lpimenta/pipelineAf/airflow_env/lib/python3.10/site-packages/airflow/example_dags/example_branch_operator.py took 0.057 seconds
[2025-02-22T11:44:25.705-0300] {processor.py:186} INFO - Started process (PID=4775) to work on /home/lpimenta/pipelineAf/airflow_env/lib/python3.10/site-packages/airflow/example_dags/example_branch_operator.py
[2025-02-22T11:44:25.707-0300] {processor.py:914} INFO - Processing file /home/lpimenta/pipelineAf/airflow_env/lib/python3.10/site-packages/airflow/example_dags/example_branch_operator.py for tasks to queue
[2025-02-22T11:44:25.708-0300] {logging_mixin.py:190} INFO - [2025-02-22T11:44:25.708-0300] {dagbag.py:588} INFO - Filling up the DagBag from /home/lpimenta/pipelineAf/airflow_env/lib/python3.10/site-packages/airflow/example_dags/example_branch_operator.py
[2025-02-22T11:44:25.719-0300] {processor.py:925} INFO - DAG(s) 'example_branch_operator' retrieved from /home/lpimenta/pipelineAf/airflow_env/lib/python3.10/site-packages/airflow/example_dags/example_branch_operator.py
[2025-02-22T11:44:25.732-0300] {logging_mixin.py:190} INFO - [2025-02-22T11:44:25.732-0300] {dag.py:3239} INFO - Sync 1 DAGs
[2025-02-22T11:44:25.743-0300] {logging_mixin.py:190} INFO - [2025-02-22T11:44:25.743-0300] {dag.py:4180} INFO - Setting next_dagrun for example_branch_operator to 2025-02-21 00:00:00+00:00, run_after=2025-02-22 00:00:00+00:00
[2025-02-22T11:44:25.761-0300] {processor.py:208} INFO - Processing /home/lpimenta/pipelineAf/airflow_env/lib/python3.10/site-packages/airflow/example_dags/example_branch_operator.py took 0.060 seconds
[2025-02-22T11:45:31.058-0300] {processor.py:186} INFO - Started process (PID=5010) to work on /home/lpimenta/pipelineAf/airflow_env/lib/python3.10/site-packages/airflow/example_dags/example_branch_operator.py
[2025-02-22T11:45:31.061-0300] {processor.py:914} INFO - Processing file /home/lpimenta/pipelineAf/airflow_env/lib/python3.10/site-packages/airflow/example_dags/example_branch_operator.py for tasks to queue
[2025-02-22T11:45:31.062-0300] {logging_mixin.py:190} INFO - [2025-02-22T11:45:31.061-0300] {dagbag.py:588} INFO - Filling up the DagBag from /home/lpimenta/pipelineAf/airflow_env/lib/python3.10/site-packages/airflow/example_dags/example_branch_operator.py
[2025-02-22T11:45:31.084-0300] {processor.py:925} INFO - DAG(s) 'example_branch_operator' retrieved from /home/lpimenta/pipelineAf/airflow_env/lib/python3.10/site-packages/airflow/example_dags/example_branch_operator.py
[2025-02-22T11:45:31.112-0300] {logging_mixin.py:190} INFO - [2025-02-22T11:45:31.112-0300] {dag.py:3239} INFO - Sync 1 DAGs
[2025-02-22T11:45:31.136-0300] {logging_mixin.py:190} INFO - [2025-02-22T11:45:31.136-0300] {dag.py:4180} INFO - Setting next_dagrun for example_branch_operator to 2025-02-21 00:00:00+00:00, run_after=2025-02-22 00:00:00+00:00
[2025-02-22T11:45:31.158-0300] {processor.py:208} INFO - Processing /home/lpimenta/pipelineAf/airflow_env/lib/python3.10/site-packages/airflow/example_dags/example_branch_operator.py took 0.105 seconds
[2025-02-22T11:46:37.839-0300] {processor.py:186} INFO - Started process (PID=5252) to work on /home/lpimenta/pipelineAf/airflow_env/lib/python3.10/site-packages/airflow/example_dags/example_branch_operator.py
[2025-02-22T11:46:37.842-0300] {processor.py:914} INFO - Processing file /home/lpimenta/pipelineAf/airflow_env/lib/python3.10/site-packages/airflow/example_dags/example_branch_operator.py for tasks to queue
[2025-02-22T11:46:37.843-0300] {logging_mixin.py:190} INFO - [2025-02-22T11:46:37.843-0300] {dagbag.py:588} INFO - Filling up the DagBag from /home/lpimenta/pipelineAf/airflow_env/lib/python3.10/site-packages/airflow/example_dags/example_branch_operator.py
[2025-02-22T11:46:37.854-0300] {processor.py:925} INFO - DAG(s) 'example_branch_operator' retrieved from /home/lpimenta/pipelineAf/airflow_env/lib/python3.10/site-packages/airflow/example_dags/example_branch_operator.py
[2025-02-22T11:46:37.867-0300] {logging_mixin.py:190} INFO - [2025-02-22T11:46:37.867-0300] {dag.py:3239} INFO - Sync 1 DAGs
[2025-02-22T11:46:37.879-0300] {logging_mixin.py:190} INFO - [2025-02-22T11:46:37.879-0300] {dag.py:4180} INFO - Setting next_dagrun for example_branch_operator to 2025-02-21 00:00:00+00:00, run_after=2025-02-22 00:00:00+00:00
[2025-02-22T11:46:37.894-0300] {processor.py:208} INFO - Processing /home/lpimenta/pipelineAf/airflow_env/lib/python3.10/site-packages/airflow/example_dags/example_branch_operator.py took 0.058 seconds
[2025-02-22T11:47:34.787-0300] {processor.py:186} INFO - Started process (PID=5474) to work on /home/lpimenta/pipelineAf/airflow_env/lib/python3.10/site-packages/airflow/example_dags/example_branch_operator.py
[2025-02-22T11:47:34.789-0300] {processor.py:914} INFO - Processing file /home/lpimenta/pipelineAf/airflow_env/lib/python3.10/site-packages/airflow/example_dags/example_branch_operator.py for tasks to queue
[2025-02-22T11:47:34.790-0300] {logging_mixin.py:190} INFO - [2025-02-22T11:47:34.790-0300] {dagbag.py:588} INFO - Filling up the DagBag from /home/lpimenta/pipelineAf/airflow_env/lib/python3.10/site-packages/airflow/example_dags/example_branch_operator.py
[2025-02-22T11:47:34.803-0300] {processor.py:925} INFO - DAG(s) 'example_branch_operator' retrieved from /home/lpimenta/pipelineAf/airflow_env/lib/python3.10/site-packages/airflow/example_dags/example_branch_operator.py
[2025-02-22T11:47:34.818-0300] {logging_mixin.py:190} INFO - [2025-02-22T11:47:34.818-0300] {dag.py:3239} INFO - Sync 1 DAGs
[2025-02-22T11:47:34.832-0300] {logging_mixin.py:190} INFO - [2025-02-22T11:47:34.832-0300] {dag.py:4180} INFO - Setting next_dagrun for example_branch_operator to 2025-02-21 00:00:00+00:00, run_after=2025-02-22 00:00:00+00:00
[2025-02-22T11:47:34.850-0300] {processor.py:208} INFO - Processing /home/lpimenta/pipelineAf/airflow_env/lib/python3.10/site-packages/airflow/example_dags/example_branch_operator.py took 0.069 seconds
[2025-02-22T11:48:39.349-0300] {processor.py:186} INFO - Started process (PID=5706) to work on /home/lpimenta/pipelineAf/airflow_env/lib/python3.10/site-packages/airflow/example_dags/example_branch_operator.py
[2025-02-22T11:48:39.351-0300] {processor.py:914} INFO - Processing file /home/lpimenta/pipelineAf/airflow_env/lib/python3.10/site-packages/airflow/example_dags/example_branch_operator.py for tasks to queue
[2025-02-22T11:48:39.352-0300] {logging_mixin.py:190} INFO - [2025-02-22T11:48:39.352-0300] {dagbag.py:588} INFO - Filling up the DagBag from /home/lpimenta/pipelineAf/airflow_env/lib/python3.10/site-packages/airflow/example_dags/example_branch_operator.py
[2025-02-22T11:48:39.362-0300] {processor.py:925} INFO - DAG(s) 'example_branch_operator' retrieved from /home/lpimenta/pipelineAf/airflow_env/lib/python3.10/site-packages/airflow/example_dags/example_branch_operator.py
[2025-02-22T11:48:39.375-0300] {logging_mixin.py:190} INFO - [2025-02-22T11:48:39.374-0300] {dag.py:3239} INFO - Sync 1 DAGs
[2025-02-22T11:48:39.386-0300] {logging_mixin.py:190} INFO - [2025-02-22T11:48:39.385-0300] {dag.py:4180} INFO - Setting next_dagrun for example_branch_operator to 2025-02-21 00:00:00+00:00, run_after=2025-02-22 00:00:00+00:00
[2025-02-22T11:48:39.401-0300] {processor.py:208} INFO - Processing /home/lpimenta/pipelineAf/airflow_env/lib/python3.10/site-packages/airflow/example_dags/example_branch_operator.py took 0.056 seconds
