[2025-02-22T11:41:11.879-0300] {processor.py:186} INFO - Started process (PID=3994) to work on /home/lpimenta/pipelineAf/airflow_env/lib/python3.10/site-packages/airflow/example_dags/example_branch_python_dop_operator_3.py
[2025-02-22T11:41:11.879-0300] {processor.py:914} INFO - Processing file /home/lpimenta/pipelineAf/airflow_env/lib/python3.10/site-packages/airflow/example_dags/example_branch_python_dop_operator_3.py for tasks to queue
[2025-02-22T11:41:11.881-0300] {logging_mixin.py:190} INFO - [2025-02-22T11:41:11.880-0300] {dagbag.py:588} INFO - Filling up the DagBag from /home/lpimenta/pipelineAf/airflow_env/lib/python3.10/site-packages/airflow/example_dags/example_branch_python_dop_operator_3.py
[2025-02-22T11:41:11.887-0300] {processor.py:925} INFO - DAG(s) 'example_branch_dop_operator_v3' retrieved from /home/lpimenta/pipelineAf/airflow_env/lib/python3.10/site-packages/airflow/example_dags/example_branch_python_dop_operator_3.py
[2025-02-22T11:41:11.999-0300] {logging_mixin.py:190} INFO - [2025-02-22T11:41:11.999-0300] {override.py:1930} INFO - Created Permission View: can read on DAG:example_branch_dop_operator_v3
[2025-02-22T11:41:12.009-0300] {logging_mixin.py:190} INFO - [2025-02-22T11:41:12.009-0300] {override.py:1930} INFO - Created Permission View: can edit on DAG:example_branch_dop_operator_v3
[2025-02-22T11:41:12.016-0300] {logging_mixin.py:190} INFO - [2025-02-22T11:41:12.016-0300] {override.py:1930} INFO - Created Permission View: can delete on DAG:example_branch_dop_operator_v3
[2025-02-22T11:41:12.028-0300] {logging_mixin.py:190} INFO - [2025-02-22T11:41:12.028-0300] {override.py:1930} INFO - Created Permission View: can read on DAG Run:example_branch_dop_operator_v3
[2025-02-22T11:41:12.036-0300] {logging_mixin.py:190} INFO - [2025-02-22T11:41:12.035-0300] {override.py:1930} INFO - Created Permission View: can delete on DAG Run:example_branch_dop_operator_v3
[2025-02-22T11:41:12.043-0300] {logging_mixin.py:190} INFO - [2025-02-22T11:41:12.043-0300] {override.py:1930} INFO - Created Permission View: menu access on DAG Run:example_branch_dop_operator_v3
[2025-02-22T11:41:12.051-0300] {logging_mixin.py:190} INFO - [2025-02-22T11:41:12.051-0300] {override.py:1930} INFO - Created Permission View: can create on DAG Run:example_branch_dop_operator_v3
[2025-02-22T11:41:12.051-0300] {logging_mixin.py:190} INFO - [2025-02-22T11:41:12.051-0300] {dag.py:3239} INFO - Sync 1 DAGs
[2025-02-22T11:41:12.056-0300] {logging_mixin.py:190} INFO - [2025-02-22T11:41:12.056-0300] {dag.py:3262} INFO - Creating ORM DAG for example_branch_dop_operator_v3
[2025-02-22T11:41:12.063-0300] {logging_mixin.py:190} INFO - [2025-02-22T11:41:12.063-0300] {dag.py:4180} INFO - Setting next_dagrun for example_branch_dop_operator_v3 to 2025-02-22 14:40:00+00:00, run_after=2025-02-22 14:41:00+00:00
[2025-02-22T11:41:12.077-0300] {processor.py:208} INFO - Processing /home/lpimenta/pipelineAf/airflow_env/lib/python3.10/site-packages/airflow/example_dags/example_branch_python_dop_operator_3.py took 0.202 seconds
[2025-02-22T11:42:27.205-0300] {processor.py:186} INFO - Started process (PID=4334) to work on /home/lpimenta/pipelineAf/airflow_env/lib/python3.10/site-packages/airflow/example_dags/example_branch_python_dop_operator_3.py
[2025-02-22T11:42:27.207-0300] {processor.py:914} INFO - Processing file /home/lpimenta/pipelineAf/airflow_env/lib/python3.10/site-packages/airflow/example_dags/example_branch_python_dop_operator_3.py for tasks to queue
[2025-02-22T11:42:27.209-0300] {logging_mixin.py:190} INFO - [2025-02-22T11:42:27.209-0300] {dagbag.py:588} INFO - Filling up the DagBag from /home/lpimenta/pipelineAf/airflow_env/lib/python3.10/site-packages/airflow/example_dags/example_branch_python_dop_operator_3.py
[2025-02-22T11:42:27.215-0300] {processor.py:925} INFO - DAG(s) 'example_branch_dop_operator_v3' retrieved from /home/lpimenta/pipelineAf/airflow_env/lib/python3.10/site-packages/airflow/example_dags/example_branch_python_dop_operator_3.py
[2025-02-22T11:42:27.224-0300] {logging_mixin.py:190} INFO - [2025-02-22T11:42:27.224-0300] {dag.py:3239} INFO - Sync 1 DAGs
[2025-02-22T11:42:27.237-0300] {logging_mixin.py:190} INFO - [2025-02-22T11:42:27.237-0300] {dag.py:4180} INFO - Setting next_dagrun for example_branch_dop_operator_v3 to 2025-02-22 14:41:00+00:00, run_after=2025-02-22 14:42:00+00:00
[2025-02-22T11:42:27.252-0300] {processor.py:208} INFO - Processing /home/lpimenta/pipelineAf/airflow_env/lib/python3.10/site-packages/airflow/example_dags/example_branch_python_dop_operator_3.py took 0.051 seconds
[2025-02-22T11:43:23.598-0300] {processor.py:186} INFO - Started process (PID=4555) to work on /home/lpimenta/pipelineAf/airflow_env/lib/python3.10/site-packages/airflow/example_dags/example_branch_python_dop_operator_3.py
[2025-02-22T11:43:23.600-0300] {processor.py:914} INFO - Processing file /home/lpimenta/pipelineAf/airflow_env/lib/python3.10/site-packages/airflow/example_dags/example_branch_python_dop_operator_3.py for tasks to queue
[2025-02-22T11:43:23.601-0300] {logging_mixin.py:190} INFO - [2025-02-22T11:43:23.601-0300] {dagbag.py:588} INFO - Filling up the DagBag from /home/lpimenta/pipelineAf/airflow_env/lib/python3.10/site-packages/airflow/example_dags/example_branch_python_dop_operator_3.py
[2025-02-22T11:43:23.607-0300] {processor.py:925} INFO - DAG(s) 'example_branch_dop_operator_v3' retrieved from /home/lpimenta/pipelineAf/airflow_env/lib/python3.10/site-packages/airflow/example_dags/example_branch_python_dop_operator_3.py
[2025-02-22T11:43:23.615-0300] {logging_mixin.py:190} INFO - [2025-02-22T11:43:23.615-0300] {dag.py:3239} INFO - Sync 1 DAGs
[2025-02-22T11:43:23.628-0300] {logging_mixin.py:190} INFO - [2025-02-22T11:43:23.628-0300] {dag.py:4180} INFO - Setting next_dagrun for example_branch_dop_operator_v3 to 2025-02-22 14:42:00+00:00, run_after=2025-02-22 14:43:00+00:00
[2025-02-22T11:43:23.644-0300] {processor.py:208} INFO - Processing /home/lpimenta/pipelineAf/airflow_env/lib/python3.10/site-packages/airflow/example_dags/example_branch_python_dop_operator_3.py took 0.049 seconds
[2025-02-22T11:44:29.691-0300] {processor.py:186} INFO - Started process (PID=4791) to work on /home/lpimenta/pipelineAf/airflow_env/lib/python3.10/site-packages/airflow/example_dags/example_branch_python_dop_operator_3.py
[2025-02-22T11:44:29.694-0300] {processor.py:914} INFO - Processing file /home/lpimenta/pipelineAf/airflow_env/lib/python3.10/site-packages/airflow/example_dags/example_branch_python_dop_operator_3.py for tasks to queue
[2025-02-22T11:44:29.696-0300] {logging_mixin.py:190} INFO - [2025-02-22T11:44:29.695-0300] {dagbag.py:588} INFO - Filling up the DagBag from /home/lpimenta/pipelineAf/airflow_env/lib/python3.10/site-packages/airflow/example_dags/example_branch_python_dop_operator_3.py
[2025-02-22T11:44:29.702-0300] {processor.py:925} INFO - DAG(s) 'example_branch_dop_operator_v3' retrieved from /home/lpimenta/pipelineAf/airflow_env/lib/python3.10/site-packages/airflow/example_dags/example_branch_python_dop_operator_3.py
[2025-02-22T11:44:29.710-0300] {logging_mixin.py:190} INFO - [2025-02-22T11:44:29.710-0300] {dag.py:3239} INFO - Sync 1 DAGs
[2025-02-22T11:44:29.724-0300] {logging_mixin.py:190} INFO - [2025-02-22T11:44:29.723-0300] {dag.py:4180} INFO - Setting next_dagrun for example_branch_dop_operator_v3 to 2025-02-22 14:43:00+00:00, run_after=2025-02-22 14:44:00+00:00
[2025-02-22T11:44:29.740-0300] {processor.py:208} INFO - Processing /home/lpimenta/pipelineAf/airflow_env/lib/python3.10/site-packages/airflow/example_dags/example_branch_python_dop_operator_3.py took 0.054 seconds
[2025-02-22T11:45:35.052-0300] {processor.py:186} INFO - Started process (PID=5026) to work on /home/lpimenta/pipelineAf/airflow_env/lib/python3.10/site-packages/airflow/example_dags/example_branch_python_dop_operator_3.py
[2025-02-22T11:45:35.054-0300] {processor.py:914} INFO - Processing file /home/lpimenta/pipelineAf/airflow_env/lib/python3.10/site-packages/airflow/example_dags/example_branch_python_dop_operator_3.py for tasks to queue
[2025-02-22T11:45:35.055-0300] {logging_mixin.py:190} INFO - [2025-02-22T11:45:35.055-0300] {dagbag.py:588} INFO - Filling up the DagBag from /home/lpimenta/pipelineAf/airflow_env/lib/python3.10/site-packages/airflow/example_dags/example_branch_python_dop_operator_3.py
[2025-02-22T11:45:35.062-0300] {processor.py:925} INFO - DAG(s) 'example_branch_dop_operator_v3' retrieved from /home/lpimenta/pipelineAf/airflow_env/lib/python3.10/site-packages/airflow/example_dags/example_branch_python_dop_operator_3.py
[2025-02-22T11:45:35.071-0300] {logging_mixin.py:190} INFO - [2025-02-22T11:45:35.070-0300] {dag.py:3239} INFO - Sync 1 DAGs
[2025-02-22T11:45:35.086-0300] {logging_mixin.py:190} INFO - [2025-02-22T11:45:35.086-0300] {dag.py:4180} INFO - Setting next_dagrun for example_branch_dop_operator_v3 to 2025-02-22 14:44:00+00:00, run_after=2025-02-22 14:45:00+00:00
[2025-02-22T11:45:35.102-0300] {processor.py:208} INFO - Processing /home/lpimenta/pipelineAf/airflow_env/lib/python3.10/site-packages/airflow/example_dags/example_branch_python_dop_operator_3.py took 0.054 seconds
[2025-02-22T11:46:42.138-0300] {processor.py:186} INFO - Started process (PID=5268) to work on /home/lpimenta/pipelineAf/airflow_env/lib/python3.10/site-packages/airflow/example_dags/example_branch_python_dop_operator_3.py
[2025-02-22T11:46:42.140-0300] {processor.py:914} INFO - Processing file /home/lpimenta/pipelineAf/airflow_env/lib/python3.10/site-packages/airflow/example_dags/example_branch_python_dop_operator_3.py for tasks to queue
[2025-02-22T11:46:42.141-0300] {logging_mixin.py:190} INFO - [2025-02-22T11:46:42.141-0300] {dagbag.py:588} INFO - Filling up the DagBag from /home/lpimenta/pipelineAf/airflow_env/lib/python3.10/site-packages/airflow/example_dags/example_branch_python_dop_operator_3.py
[2025-02-22T11:46:42.148-0300] {processor.py:925} INFO - DAG(s) 'example_branch_dop_operator_v3' retrieved from /home/lpimenta/pipelineAf/airflow_env/lib/python3.10/site-packages/airflow/example_dags/example_branch_python_dop_operator_3.py
[2025-02-22T11:46:42.157-0300] {logging_mixin.py:190} INFO - [2025-02-22T11:46:42.157-0300] {dag.py:3239} INFO - Sync 1 DAGs
[2025-02-22T11:46:42.171-0300] {logging_mixin.py:190} INFO - [2025-02-22T11:46:42.171-0300] {dag.py:4180} INFO - Setting next_dagrun for example_branch_dop_operator_v3 to 2025-02-22 14:45:00+00:00, run_after=2025-02-22 14:46:00+00:00
[2025-02-22T11:46:42.185-0300] {processor.py:208} INFO - Processing /home/lpimenta/pipelineAf/airflow_env/lib/python3.10/site-packages/airflow/example_dags/example_branch_python_dop_operator_3.py took 0.051 seconds
[2025-02-22T11:47:38.788-0300] {processor.py:186} INFO - Started process (PID=5492) to work on /home/lpimenta/pipelineAf/airflow_env/lib/python3.10/site-packages/airflow/example_dags/example_branch_python_dop_operator_3.py
[2025-02-22T11:47:38.791-0300] {processor.py:914} INFO - Processing file /home/lpimenta/pipelineAf/airflow_env/lib/python3.10/site-packages/airflow/example_dags/example_branch_python_dop_operator_3.py for tasks to queue
[2025-02-22T11:47:38.793-0300] {logging_mixin.py:190} INFO - [2025-02-22T11:47:38.792-0300] {dagbag.py:588} INFO - Filling up the DagBag from /home/lpimenta/pipelineAf/airflow_env/lib/python3.10/site-packages/airflow/example_dags/example_branch_python_dop_operator_3.py
[2025-02-22T11:47:38.800-0300] {processor.py:925} INFO - DAG(s) 'example_branch_dop_operator_v3' retrieved from /home/lpimenta/pipelineAf/airflow_env/lib/python3.10/site-packages/airflow/example_dags/example_branch_python_dop_operator_3.py
[2025-02-22T11:47:38.809-0300] {logging_mixin.py:190} INFO - [2025-02-22T11:47:38.809-0300] {dag.py:3239} INFO - Sync 1 DAGs
[2025-02-22T11:47:38.823-0300] {logging_mixin.py:190} INFO - [2025-02-22T11:47:38.823-0300] {dag.py:4180} INFO - Setting next_dagrun for example_branch_dop_operator_v3 to 2025-02-22 14:46:00+00:00, run_after=2025-02-22 14:47:00+00:00
[2025-02-22T11:47:38.840-0300] {processor.py:208} INFO - Processing /home/lpimenta/pipelineAf/airflow_env/lib/python3.10/site-packages/airflow/example_dags/example_branch_python_dop_operator_3.py took 0.055 seconds
[2025-02-22T11:48:43.228-0300] {processor.py:186} INFO - Started process (PID=5722) to work on /home/lpimenta/pipelineAf/airflow_env/lib/python3.10/site-packages/airflow/example_dags/example_branch_python_dop_operator_3.py
[2025-02-22T11:48:43.231-0300] {processor.py:914} INFO - Processing file /home/lpimenta/pipelineAf/airflow_env/lib/python3.10/site-packages/airflow/example_dags/example_branch_python_dop_operator_3.py for tasks to queue
[2025-02-22T11:48:43.232-0300] {logging_mixin.py:190} INFO - [2025-02-22T11:48:43.231-0300] {dagbag.py:588} INFO - Filling up the DagBag from /home/lpimenta/pipelineAf/airflow_env/lib/python3.10/site-packages/airflow/example_dags/example_branch_python_dop_operator_3.py
[2025-02-22T11:48:43.239-0300] {processor.py:925} INFO - DAG(s) 'example_branch_dop_operator_v3' retrieved from /home/lpimenta/pipelineAf/airflow_env/lib/python3.10/site-packages/airflow/example_dags/example_branch_python_dop_operator_3.py
[2025-02-22T11:48:43.247-0300] {logging_mixin.py:190} INFO - [2025-02-22T11:48:43.247-0300] {dag.py:3239} INFO - Sync 1 DAGs
[2025-02-22T11:48:43.260-0300] {logging_mixin.py:190} INFO - [2025-02-22T11:48:43.260-0300] {dag.py:4180} INFO - Setting next_dagrun for example_branch_dop_operator_v3 to 2025-02-22 14:47:00+00:00, run_after=2025-02-22 14:48:00+00:00
[2025-02-22T11:48:43.275-0300] {processor.py:208} INFO - Processing /home/lpimenta/pipelineAf/airflow_env/lib/python3.10/site-packages/airflow/example_dags/example_branch_python_dop_operator_3.py took 0.050 seconds
