[2025-02-22T11:40:24.813-0300] {processor.py:186} INFO - Started process (PID=3775) to work on /home/lpimenta/pipelineAf/airflow_env/lib/python3.10/site-packages/airflow/example_dags/example_workday_timetable.py
[2025-02-22T11:40:24.814-0300] {processor.py:914} INFO - Processing file /home/lpimenta/pipelineAf/airflow_env/lib/python3.10/site-packages/airflow/example_dags/example_workday_timetable.py for tasks to queue
[2025-02-22T11:40:24.815-0300] {logging_mixin.py:190} INFO - [2025-02-22T11:40:24.815-0300] {dagbag.py:588} INFO - Filling up the DagBag from /home/lpimenta/pipelineAf/airflow_env/lib/python3.10/site-packages/airflow/example_dags/example_workday_timetable.py
[2025-02-22T11:40:24.819-0300] {processor.py:925} INFO - DAG(s) 'example_workday_timetable' retrieved from /home/lpimenta/pipelineAf/airflow_env/lib/python3.10/site-packages/airflow/example_dags/example_workday_timetable.py
[2025-02-22T11:40:24.932-0300] {logging_mixin.py:190} INFO - [2025-02-22T11:40:24.932-0300] {override.py:1930} INFO - Created Permission View: can read on DAG:example_workday_timetable
[2025-02-22T11:40:24.943-0300] {logging_mixin.py:190} INFO - [2025-02-22T11:40:24.942-0300] {override.py:1930} INFO - Created Permission View: can edit on DAG:example_workday_timetable
[2025-02-22T11:40:24.950-0300] {logging_mixin.py:190} INFO - [2025-02-22T11:40:24.950-0300] {override.py:1930} INFO - Created Permission View: can delete on DAG:example_workday_timetable
[2025-02-22T11:40:24.965-0300] {logging_mixin.py:190} INFO - [2025-02-22T11:40:24.964-0300] {override.py:1930} INFO - Created Permission View: can read on DAG Run:example_workday_timetable
[2025-02-22T11:40:24.972-0300] {logging_mixin.py:190} INFO - [2025-02-22T11:40:24.972-0300] {override.py:1930} INFO - Created Permission View: can delete on DAG Run:example_workday_timetable
[2025-02-22T11:40:24.980-0300] {logging_mixin.py:190} INFO - [2025-02-22T11:40:24.980-0300] {override.py:1930} INFO - Created Permission View: menu access on DAG Run:example_workday_timetable
[2025-02-22T11:40:24.987-0300] {logging_mixin.py:190} INFO - [2025-02-22T11:40:24.987-0300] {override.py:1930} INFO - Created Permission View: can create on DAG Run:example_workday_timetable
[2025-02-22T11:40:24.988-0300] {logging_mixin.py:190} INFO - [2025-02-22T11:40:24.988-0300] {dag.py:3239} INFO - Sync 1 DAGs
[2025-02-22T11:40:24.993-0300] {logging_mixin.py:190} INFO - [2025-02-22T11:40:24.993-0300] {dag.py:3262} INFO - Creating ORM DAG for example_workday_timetable
[2025-02-22T11:40:24.999-0300] {logging_mixin.py:190} INFO - [2025-02-22T11:40:24.999-0300] {dag.py:4180} INFO - Setting next_dagrun for example_workday_timetable to 2021-01-01 00:00:00+00:00, run_after=2021-01-02 00:00:00+00:00
[2025-02-22T11:40:25.015-0300] {processor.py:208} INFO - Processing /home/lpimenta/pipelineAf/airflow_env/lib/python3.10/site-packages/airflow/example_dags/example_workday_timetable.py took 0.206 seconds
[2025-02-22T11:41:36.501-0300] {processor.py:186} INFO - Started process (PID=4088) to work on /home/lpimenta/pipelineAf/airflow_env/lib/python3.10/site-packages/airflow/example_dags/example_workday_timetable.py
[2025-02-22T11:41:36.505-0300] {processor.py:914} INFO - Processing file /home/lpimenta/pipelineAf/airflow_env/lib/python3.10/site-packages/airflow/example_dags/example_workday_timetable.py for tasks to queue
[2025-02-22T11:41:36.508-0300] {logging_mixin.py:190} INFO - [2025-02-22T11:41:36.507-0300] {dagbag.py:588} INFO - Filling up the DagBag from /home/lpimenta/pipelineAf/airflow_env/lib/python3.10/site-packages/airflow/example_dags/example_workday_timetable.py
[2025-02-22T11:41:36.515-0300] {processor.py:925} INFO - DAG(s) 'example_workday_timetable' retrieved from /home/lpimenta/pipelineAf/airflow_env/lib/python3.10/site-packages/airflow/example_dags/example_workday_timetable.py
[2025-02-22T11:41:36.532-0300] {logging_mixin.py:190} INFO - [2025-02-22T11:41:36.532-0300] {dag.py:3239} INFO - Sync 1 DAGs
[2025-02-22T11:41:36.554-0300] {logging_mixin.py:190} INFO - [2025-02-22T11:41:36.554-0300] {dag.py:4180} INFO - Setting next_dagrun for example_workday_timetable to 2021-01-01 00:00:00+00:00, run_after=2021-01-02 00:00:00+00:00
[2025-02-22T11:41:36.576-0300] {processor.py:208} INFO - Processing /home/lpimenta/pipelineAf/airflow_env/lib/python3.10/site-packages/airflow/example_dags/example_workday_timetable.py took 0.083 seconds
[2025-02-22T11:42:13.673-0300] {processor.py:186} INFO - Started process (PID=4288) to work on /home/lpimenta/pipelineAf/airflow_env/lib/python3.10/site-packages/airflow/example_dags/example_workday_timetable.py
[2025-02-22T11:42:13.675-0300] {processor.py:914} INFO - Processing file /home/lpimenta/pipelineAf/airflow_env/lib/python3.10/site-packages/airflow/example_dags/example_workday_timetable.py for tasks to queue
[2025-02-22T11:42:13.676-0300] {logging_mixin.py:190} INFO - [2025-02-22T11:42:13.676-0300] {dagbag.py:588} INFO - Filling up the DagBag from /home/lpimenta/pipelineAf/airflow_env/lib/python3.10/site-packages/airflow/example_dags/example_workday_timetable.py
[2025-02-22T11:42:13.681-0300] {processor.py:925} INFO - DAG(s) 'example_workday_timetable' retrieved from /home/lpimenta/pipelineAf/airflow_env/lib/python3.10/site-packages/airflow/example_dags/example_workday_timetable.py
[2025-02-22T11:42:13.689-0300] {logging_mixin.py:190} INFO - [2025-02-22T11:42:13.689-0300] {dag.py:3239} INFO - Sync 1 DAGs
[2025-02-22T11:42:13.700-0300] {logging_mixin.py:190} INFO - [2025-02-22T11:42:13.700-0300] {dag.py:4180} INFO - Setting next_dagrun for example_workday_timetable to 2021-01-01 00:00:00+00:00, run_after=2021-01-02 00:00:00+00:00
[2025-02-22T11:42:13.716-0300] {processor.py:208} INFO - Processing /home/lpimenta/pipelineAf/airflow_env/lib/python3.10/site-packages/airflow/example_dags/example_workday_timetable.py took 0.046 seconds
[2025-02-22T11:43:12.457-0300] {processor.py:186} INFO - Started process (PID=4514) to work on /home/lpimenta/pipelineAf/airflow_env/lib/python3.10/site-packages/airflow/example_dags/example_workday_timetable.py
[2025-02-22T11:43:12.459-0300] {processor.py:914} INFO - Processing file /home/lpimenta/pipelineAf/airflow_env/lib/python3.10/site-packages/airflow/example_dags/example_workday_timetable.py for tasks to queue
[2025-02-22T11:43:12.460-0300] {logging_mixin.py:190} INFO - [2025-02-22T11:43:12.459-0300] {dagbag.py:588} INFO - Filling up the DagBag from /home/lpimenta/pipelineAf/airflow_env/lib/python3.10/site-packages/airflow/example_dags/example_workday_timetable.py
[2025-02-22T11:43:12.463-0300] {processor.py:925} INFO - DAG(s) 'example_workday_timetable' retrieved from /home/lpimenta/pipelineAf/airflow_env/lib/python3.10/site-packages/airflow/example_dags/example_workday_timetable.py
[2025-02-22T11:43:12.471-0300] {logging_mixin.py:190} INFO - [2025-02-22T11:43:12.471-0300] {dag.py:3239} INFO - Sync 1 DAGs
[2025-02-22T11:43:12.482-0300] {logging_mixin.py:190} INFO - [2025-02-22T11:43:12.482-0300] {dag.py:4180} INFO - Setting next_dagrun for example_workday_timetable to 2021-01-01 00:00:00+00:00, run_after=2021-01-02 00:00:00+00:00
[2025-02-22T11:43:12.498-0300] {processor.py:208} INFO - Processing /home/lpimenta/pipelineAf/airflow_env/lib/python3.10/site-packages/airflow/example_dags/example_workday_timetable.py took 0.045 seconds
[2025-02-22T11:43:47.944-0300] {processor.py:186} INFO - Started process (PID=4635) to work on /home/lpimenta/pipelineAf/airflow_env/lib/python3.10/site-packages/airflow/example_dags/example_workday_timetable.py
[2025-02-22T11:43:47.945-0300] {processor.py:914} INFO - Processing file /home/lpimenta/pipelineAf/airflow_env/lib/python3.10/site-packages/airflow/example_dags/example_workday_timetable.py for tasks to queue
[2025-02-22T11:43:47.946-0300] {logging_mixin.py:190} INFO - [2025-02-22T11:43:47.946-0300] {dagbag.py:588} INFO - Filling up the DagBag from /home/lpimenta/pipelineAf/airflow_env/lib/python3.10/site-packages/airflow/example_dags/example_workday_timetable.py
[2025-02-22T11:43:47.950-0300] {processor.py:925} INFO - DAG(s) 'example_workday_timetable' retrieved from /home/lpimenta/pipelineAf/airflow_env/lib/python3.10/site-packages/airflow/example_dags/example_workday_timetable.py
[2025-02-22T11:43:47.958-0300] {logging_mixin.py:190} INFO - [2025-02-22T11:43:47.958-0300] {dag.py:3239} INFO - Sync 1 DAGs
[2025-02-22T11:43:47.968-0300] {logging_mixin.py:190} INFO - [2025-02-22T11:43:47.968-0300] {dag.py:4180} INFO - Setting next_dagrun for example_workday_timetable to 2021-01-01 00:00:00+00:00, run_after=2021-01-02 00:00:00+00:00
[2025-02-22T11:43:47.985-0300] {processor.py:208} INFO - Processing /home/lpimenta/pipelineAf/airflow_env/lib/python3.10/site-packages/airflow/example_dags/example_workday_timetable.py took 0.045 seconds
[2025-02-22T11:44:20.777-0300] {processor.py:186} INFO - Started process (PID=4757) to work on /home/lpimenta/pipelineAf/airflow_env/lib/python3.10/site-packages/airflow/example_dags/example_workday_timetable.py
[2025-02-22T11:44:20.782-0300] {processor.py:914} INFO - Processing file /home/lpimenta/pipelineAf/airflow_env/lib/python3.10/site-packages/airflow/example_dags/example_workday_timetable.py for tasks to queue
[2025-02-22T11:44:20.783-0300] {logging_mixin.py:190} INFO - [2025-02-22T11:44:20.783-0300] {dagbag.py:588} INFO - Filling up the DagBag from /home/lpimenta/pipelineAf/airflow_env/lib/python3.10/site-packages/airflow/example_dags/example_workday_timetable.py
[2025-02-22T11:44:20.787-0300] {processor.py:925} INFO - DAG(s) 'example_workday_timetable' retrieved from /home/lpimenta/pipelineAf/airflow_env/lib/python3.10/site-packages/airflow/example_dags/example_workday_timetable.py
[2025-02-22T11:44:20.796-0300] {logging_mixin.py:190} INFO - [2025-02-22T11:44:20.796-0300] {dag.py:3239} INFO - Sync 1 DAGs
[2025-02-22T11:44:20.807-0300] {logging_mixin.py:190} INFO - [2025-02-22T11:44:20.807-0300] {dag.py:4180} INFO - Setting next_dagrun for example_workday_timetable to 2021-01-01 00:00:00+00:00, run_after=2021-01-02 00:00:00+00:00
[2025-02-22T11:44:20.823-0300] {processor.py:208} INFO - Processing /home/lpimenta/pipelineAf/airflow_env/lib/python3.10/site-packages/airflow/example_dags/example_workday_timetable.py took 0.049 seconds
[2025-02-22T11:45:26.032-0300] {processor.py:186} INFO - Started process (PID=4985) to work on /home/lpimenta/pipelineAf/airflow_env/lib/python3.10/site-packages/airflow/example_dags/example_workday_timetable.py
[2025-02-22T11:45:26.034-0300] {processor.py:914} INFO - Processing file /home/lpimenta/pipelineAf/airflow_env/lib/python3.10/site-packages/airflow/example_dags/example_workday_timetable.py for tasks to queue
[2025-02-22T11:45:26.035-0300] {logging_mixin.py:190} INFO - [2025-02-22T11:45:26.035-0300] {dagbag.py:588} INFO - Filling up the DagBag from /home/lpimenta/pipelineAf/airflow_env/lib/python3.10/site-packages/airflow/example_dags/example_workday_timetable.py
[2025-02-22T11:45:26.040-0300] {processor.py:925} INFO - DAG(s) 'example_workday_timetable' retrieved from /home/lpimenta/pipelineAf/airflow_env/lib/python3.10/site-packages/airflow/example_dags/example_workday_timetable.py
[2025-02-22T11:45:26.048-0300] {logging_mixin.py:190} INFO - [2025-02-22T11:45:26.048-0300] {dag.py:3239} INFO - Sync 1 DAGs
[2025-02-22T11:45:26.060-0300] {logging_mixin.py:190} INFO - [2025-02-22T11:45:26.060-0300] {dag.py:4180} INFO - Setting next_dagrun for example_workday_timetable to 2021-01-01 00:00:00+00:00, run_after=2021-01-02 00:00:00+00:00
[2025-02-22T11:45:26.073-0300] {processor.py:208} INFO - Processing /home/lpimenta/pipelineAf/airflow_env/lib/python3.10/site-packages/airflow/example_dags/example_workday_timetable.py took 0.046 seconds
[2025-02-22T11:46:27.132-0300] {processor.py:186} INFO - Started process (PID=5227) to work on /home/lpimenta/pipelineAf/airflow_env/lib/python3.10/site-packages/airflow/example_dags/example_workday_timetable.py
[2025-02-22T11:46:27.133-0300] {processor.py:914} INFO - Processing file /home/lpimenta/pipelineAf/airflow_env/lib/python3.10/site-packages/airflow/example_dags/example_workday_timetable.py for tasks to queue
[2025-02-22T11:46:27.133-0300] {logging_mixin.py:190} INFO - [2025-02-22T11:46:27.133-0300] {dagbag.py:588} INFO - Filling up the DagBag from /home/lpimenta/pipelineAf/airflow_env/lib/python3.10/site-packages/airflow/example_dags/example_workday_timetable.py
[2025-02-22T11:46:27.137-0300] {processor.py:925} INFO - DAG(s) 'example_workday_timetable' retrieved from /home/lpimenta/pipelineAf/airflow_env/lib/python3.10/site-packages/airflow/example_dags/example_workday_timetable.py
[2025-02-22T11:46:27.146-0300] {logging_mixin.py:190} INFO - [2025-02-22T11:46:27.146-0300] {dag.py:3239} INFO - Sync 1 DAGs
[2025-02-22T11:46:27.158-0300] {logging_mixin.py:190} INFO - [2025-02-22T11:46:27.158-0300] {dag.py:4180} INFO - Setting next_dagrun for example_workday_timetable to 2021-01-01 00:00:00+00:00, run_after=2021-01-02 00:00:00+00:00
[2025-02-22T11:46:27.175-0300] {processor.py:208} INFO - Processing /home/lpimenta/pipelineAf/airflow_env/lib/python3.10/site-packages/airflow/example_dags/example_workday_timetable.py took 0.047 seconds
[2025-02-22T11:47:00.397-0300] {processor.py:186} INFO - Started process (PID=5343) to work on /home/lpimenta/pipelineAf/airflow_env/lib/python3.10/site-packages/airflow/example_dags/example_workday_timetable.py
[2025-02-22T11:47:00.399-0300] {processor.py:914} INFO - Processing file /home/lpimenta/pipelineAf/airflow_env/lib/python3.10/site-packages/airflow/example_dags/example_workday_timetable.py for tasks to queue
[2025-02-22T11:47:00.400-0300] {logging_mixin.py:190} INFO - [2025-02-22T11:47:00.400-0300] {dagbag.py:588} INFO - Filling up the DagBag from /home/lpimenta/pipelineAf/airflow_env/lib/python3.10/site-packages/airflow/example_dags/example_workday_timetable.py
[2025-02-22T11:47:00.405-0300] {processor.py:925} INFO - DAG(s) 'example_workday_timetable' retrieved from /home/lpimenta/pipelineAf/airflow_env/lib/python3.10/site-packages/airflow/example_dags/example_workday_timetable.py
[2025-02-22T11:47:00.413-0300] {logging_mixin.py:190} INFO - [2025-02-22T11:47:00.413-0300] {dag.py:3239} INFO - Sync 1 DAGs
[2025-02-22T11:47:00.426-0300] {logging_mixin.py:190} INFO - [2025-02-22T11:47:00.426-0300] {dag.py:4180} INFO - Setting next_dagrun for example_workday_timetable to 2021-01-01 00:00:00+00:00, run_after=2021-01-02 00:00:00+00:00
[2025-02-22T11:47:00.441-0300] {processor.py:208} INFO - Processing /home/lpimenta/pipelineAf/airflow_env/lib/python3.10/site-packages/airflow/example_dags/example_workday_timetable.py took 0.048 seconds
[2025-02-22T11:48:03.800-0300] {processor.py:186} INFO - Started process (PID=5574) to work on /home/lpimenta/pipelineAf/airflow_env/lib/python3.10/site-packages/airflow/example_dags/example_workday_timetable.py
[2025-02-22T11:48:03.803-0300] {processor.py:914} INFO - Processing file /home/lpimenta/pipelineAf/airflow_env/lib/python3.10/site-packages/airflow/example_dags/example_workday_timetable.py for tasks to queue
[2025-02-22T11:48:03.804-0300] {logging_mixin.py:190} INFO - [2025-02-22T11:48:03.803-0300] {dagbag.py:588} INFO - Filling up the DagBag from /home/lpimenta/pipelineAf/airflow_env/lib/python3.10/site-packages/airflow/example_dags/example_workday_timetable.py
[2025-02-22T11:48:03.808-0300] {processor.py:925} INFO - DAG(s) 'example_workday_timetable' retrieved from /home/lpimenta/pipelineAf/airflow_env/lib/python3.10/site-packages/airflow/example_dags/example_workday_timetable.py
[2025-02-22T11:48:03.816-0300] {logging_mixin.py:190} INFO - [2025-02-22T11:48:03.816-0300] {dag.py:3239} INFO - Sync 1 DAGs
[2025-02-22T11:48:03.830-0300] {logging_mixin.py:190} INFO - [2025-02-22T11:48:03.830-0300] {dag.py:4180} INFO - Setting next_dagrun for example_workday_timetable to 2021-01-01 00:00:00+00:00, run_after=2021-01-02 00:00:00+00:00
[2025-02-22T11:48:03.845-0300] {processor.py:208} INFO - Processing /home/lpimenta/pipelineAf/airflow_env/lib/python3.10/site-packages/airflow/example_dags/example_workday_timetable.py took 0.049 seconds
[2025-02-22T11:49:05.330-0300] {processor.py:186} INFO - Started process (PID=5834) to work on /home/lpimenta/pipelineAf/airflow_env/lib/python3.10/site-packages/airflow/example_dags/example_workday_timetable.py
[2025-02-22T11:49:05.332-0300] {processor.py:914} INFO - Processing file /home/lpimenta/pipelineAf/airflow_env/lib/python3.10/site-packages/airflow/example_dags/example_workday_timetable.py for tasks to queue
[2025-02-22T11:49:05.333-0300] {logging_mixin.py:190} INFO - [2025-02-22T11:49:05.333-0300] {dagbag.py:588} INFO - Filling up the DagBag from /home/lpimenta/pipelineAf/airflow_env/lib/python3.10/site-packages/airflow/example_dags/example_workday_timetable.py
[2025-02-22T11:49:05.337-0300] {processor.py:925} INFO - DAG(s) 'example_workday_timetable' retrieved from /home/lpimenta/pipelineAf/airflow_env/lib/python3.10/site-packages/airflow/example_dags/example_workday_timetable.py
[2025-02-22T11:49:05.345-0300] {logging_mixin.py:190} INFO - [2025-02-22T11:49:05.345-0300] {dag.py:3239} INFO - Sync 1 DAGs
[2025-02-22T11:49:05.357-0300] {logging_mixin.py:190} INFO - [2025-02-22T11:49:05.357-0300] {dag.py:4180} INFO - Setting next_dagrun for example_workday_timetable to 2021-01-01 00:00:00+00:00, run_after=2021-01-02 00:00:00+00:00
[2025-02-22T11:49:05.375-0300] {processor.py:208} INFO - Processing /home/lpimenta/pipelineAf/airflow_env/lib/python3.10/site-packages/airflow/example_dags/example_workday_timetable.py took 0.049 seconds
