[2025-02-22T11:41:23.409-0300] {processor.py:186} INFO - Started process (PID=4029) to work on /home/lpimenta/pipelineAf/airflow_env/lib/python3.10/site-packages/airflow/example_dags/example_external_task_marker_dag.py
[2025-02-22T11:41:23.411-0300] {processor.py:914} INFO - Processing file /home/lpimenta/pipelineAf/airflow_env/lib/python3.10/site-packages/airflow/example_dags/example_external_task_marker_dag.py for tasks to queue
[2025-02-22T11:41:23.416-0300] {logging_mixin.py:190} INFO - [2025-02-22T11:41:23.416-0300] {dagbag.py:588} INFO - Filling up the DagBag from /home/lpimenta/pipelineAf/airflow_env/lib/python3.10/site-packages/airflow/example_dags/example_external_task_marker_dag.py
[2025-02-22T11:41:23.574-0300] {processor.py:925} INFO - DAG(s) 'example_external_task_marker_parent', 'example_external_task_marker_child' retrieved from /home/lpimenta/pipelineAf/airflow_env/lib/python3.10/site-packages/airflow/example_dags/example_external_task_marker_dag.py
[2025-02-22T11:41:23.649-0300] {logging_mixin.py:190} INFO - [2025-02-22T11:41:23.648-0300] {override.py:1930} INFO - Created Permission View: can read on DAG:example_external_task_marker_parent
[2025-02-22T11:41:23.662-0300] {logging_mixin.py:190} INFO - [2025-02-22T11:41:23.661-0300] {override.py:1930} INFO - Created Permission View: can edit on DAG:example_external_task_marker_parent
[2025-02-22T11:41:23.672-0300] {logging_mixin.py:190} INFO - [2025-02-22T11:41:23.671-0300] {override.py:1930} INFO - Created Permission View: can delete on DAG:example_external_task_marker_parent
[2025-02-22T11:41:23.690-0300] {logging_mixin.py:190} INFO - [2025-02-22T11:41:23.690-0300] {override.py:1930} INFO - Created Permission View: can read on DAG Run:example_external_task_marker_parent
[2025-02-22T11:41:23.698-0300] {logging_mixin.py:190} INFO - [2025-02-22T11:41:23.698-0300] {override.py:1930} INFO - Created Permission View: can delete on DAG Run:example_external_task_marker_parent
[2025-02-22T11:41:23.712-0300] {logging_mixin.py:190} INFO - [2025-02-22T11:41:23.712-0300] {override.py:1930} INFO - Created Permission View: menu access on DAG Run:example_external_task_marker_parent
[2025-02-22T11:41:23.735-0300] {logging_mixin.py:190} INFO - [2025-02-22T11:41:23.735-0300] {override.py:1930} INFO - Created Permission View: can create on DAG Run:example_external_task_marker_parent
[2025-02-22T11:41:23.794-0300] {logging_mixin.py:190} INFO - [2025-02-22T11:41:23.794-0300] {override.py:1930} INFO - Created Permission View: can read on DAG:example_external_task_marker_child
[2025-02-22T11:41:23.805-0300] {logging_mixin.py:190} INFO - [2025-02-22T11:41:23.804-0300] {override.py:1930} INFO - Created Permission View: can edit on DAG:example_external_task_marker_child
[2025-02-22T11:41:23.816-0300] {logging_mixin.py:190} INFO - [2025-02-22T11:41:23.816-0300] {override.py:1930} INFO - Created Permission View: can delete on DAG:example_external_task_marker_child
[2025-02-22T11:41:23.831-0300] {logging_mixin.py:190} INFO - [2025-02-22T11:41:23.831-0300] {override.py:1930} INFO - Created Permission View: can read on DAG Run:example_external_task_marker_child
[2025-02-22T11:41:23.840-0300] {logging_mixin.py:190} INFO - [2025-02-22T11:41:23.839-0300] {override.py:1930} INFO - Created Permission View: can delete on DAG Run:example_external_task_marker_child
[2025-02-22T11:41:23.847-0300] {logging_mixin.py:190} INFO - [2025-02-22T11:41:23.847-0300] {override.py:1930} INFO - Created Permission View: menu access on DAG Run:example_external_task_marker_child
[2025-02-22T11:41:23.855-0300] {logging_mixin.py:190} INFO - [2025-02-22T11:41:23.855-0300] {override.py:1930} INFO - Created Permission View: can create on DAG Run:example_external_task_marker_child
[2025-02-22T11:41:23.855-0300] {logging_mixin.py:190} INFO - [2025-02-22T11:41:23.855-0300] {dag.py:3239} INFO - Sync 2 DAGs
[2025-02-22T11:41:23.862-0300] {logging_mixin.py:190} INFO - [2025-02-22T11:41:23.862-0300] {dag.py:3262} INFO - Creating ORM DAG for example_external_task_marker_parent
[2025-02-22T11:41:23.862-0300] {logging_mixin.py:190} INFO - [2025-02-22T11:41:23.862-0300] {dag.py:3262} INFO - Creating ORM DAG for example_external_task_marker_child
[2025-02-22T11:41:23.863-0300] {logging_mixin.py:190} INFO - [2025-02-22T11:41:23.863-0300] {dag.py:4180} INFO - Setting next_dagrun for example_external_task_marker_child to None, run_after=None
[2025-02-22T11:41:23.863-0300] {logging_mixin.py:190} INFO - [2025-02-22T11:41:23.863-0300] {dag.py:4180} INFO - Setting next_dagrun for example_external_task_marker_parent to None, run_after=None
[2025-02-22T11:41:23.886-0300] {processor.py:208} INFO - Processing /home/lpimenta/pipelineAf/airflow_env/lib/python3.10/site-packages/airflow/example_dags/example_external_task_marker_dag.py took 0.481 seconds
[2025-02-22T11:42:33.815-0300] {processor.py:186} INFO - Started process (PID=4360) to work on /home/lpimenta/pipelineAf/airflow_env/lib/python3.10/site-packages/airflow/example_dags/example_external_task_marker_dag.py
[2025-02-22T11:42:33.819-0300] {processor.py:914} INFO - Processing file /home/lpimenta/pipelineAf/airflow_env/lib/python3.10/site-packages/airflow/example_dags/example_external_task_marker_dag.py for tasks to queue
[2025-02-22T11:42:33.821-0300] {logging_mixin.py:190} INFO - [2025-02-22T11:42:33.820-0300] {dagbag.py:588} INFO - Filling up the DagBag from /home/lpimenta/pipelineAf/airflow_env/lib/python3.10/site-packages/airflow/example_dags/example_external_task_marker_dag.py
[2025-02-22T11:42:33.826-0300] {processor.py:925} INFO - DAG(s) 'example_external_task_marker_parent', 'example_external_task_marker_child' retrieved from /home/lpimenta/pipelineAf/airflow_env/lib/python3.10/site-packages/airflow/example_dags/example_external_task_marker_dag.py
[2025-02-22T11:42:33.837-0300] {logging_mixin.py:190} INFO - [2025-02-22T11:42:33.837-0300] {dag.py:3239} INFO - Sync 2 DAGs
[2025-02-22T11:42:33.845-0300] {logging_mixin.py:190} INFO - [2025-02-22T11:42:33.845-0300] {dag.py:4180} INFO - Setting next_dagrun for example_external_task_marker_child to None, run_after=None
[2025-02-22T11:42:33.847-0300] {logging_mixin.py:190} INFO - [2025-02-22T11:42:33.847-0300] {dag.py:4180} INFO - Setting next_dagrun for example_external_task_marker_parent to None, run_after=None
[2025-02-22T11:42:33.863-0300] {processor.py:208} INFO - Processing /home/lpimenta/pipelineAf/airflow_env/lib/python3.10/site-packages/airflow/example_dags/example_external_task_marker_dag.py took 0.053 seconds
[2025-02-22T11:43:32.002-0300] {processor.py:186} INFO - Started process (PID=4587) to work on /home/lpimenta/pipelineAf/airflow_env/lib/python3.10/site-packages/airflow/example_dags/example_external_task_marker_dag.py
[2025-02-22T11:43:32.004-0300] {processor.py:914} INFO - Processing file /home/lpimenta/pipelineAf/airflow_env/lib/python3.10/site-packages/airflow/example_dags/example_external_task_marker_dag.py for tasks to queue
[2025-02-22T11:43:32.005-0300] {logging_mixin.py:190} INFO - [2025-02-22T11:43:32.005-0300] {dagbag.py:588} INFO - Filling up the DagBag from /home/lpimenta/pipelineAf/airflow_env/lib/python3.10/site-packages/airflow/example_dags/example_external_task_marker_dag.py
[2025-02-22T11:43:32.011-0300] {processor.py:925} INFO - DAG(s) 'example_external_task_marker_parent', 'example_external_task_marker_child' retrieved from /home/lpimenta/pipelineAf/airflow_env/lib/python3.10/site-packages/airflow/example_dags/example_external_task_marker_dag.py
[2025-02-22T11:43:32.023-0300] {logging_mixin.py:190} INFO - [2025-02-22T11:43:32.023-0300] {dag.py:3239} INFO - Sync 2 DAGs
[2025-02-22T11:43:32.031-0300] {logging_mixin.py:190} INFO - [2025-02-22T11:43:32.031-0300] {dag.py:4180} INFO - Setting next_dagrun for example_external_task_marker_child to None, run_after=None
[2025-02-22T11:43:32.035-0300] {logging_mixin.py:190} INFO - [2025-02-22T11:43:32.034-0300] {dag.py:4180} INFO - Setting next_dagrun for example_external_task_marker_parent to None, run_after=None
[2025-02-22T11:43:32.050-0300] {processor.py:208} INFO - Processing /home/lpimenta/pipelineAf/airflow_env/lib/python3.10/site-packages/airflow/example_dags/example_external_task_marker_dag.py took 0.051 seconds
[2025-02-22T11:44:36.551-0300] {processor.py:186} INFO - Started process (PID=4823) to work on /home/lpimenta/pipelineAf/airflow_env/lib/python3.10/site-packages/airflow/example_dags/example_external_task_marker_dag.py
[2025-02-22T11:44:36.554-0300] {processor.py:914} INFO - Processing file /home/lpimenta/pipelineAf/airflow_env/lib/python3.10/site-packages/airflow/example_dags/example_external_task_marker_dag.py for tasks to queue
[2025-02-22T11:44:36.555-0300] {logging_mixin.py:190} INFO - [2025-02-22T11:44:36.555-0300] {dagbag.py:588} INFO - Filling up the DagBag from /home/lpimenta/pipelineAf/airflow_env/lib/python3.10/site-packages/airflow/example_dags/example_external_task_marker_dag.py
[2025-02-22T11:44:36.560-0300] {processor.py:925} INFO - DAG(s) 'example_external_task_marker_child', 'example_external_task_marker_parent' retrieved from /home/lpimenta/pipelineAf/airflow_env/lib/python3.10/site-packages/airflow/example_dags/example_external_task_marker_dag.py
[2025-02-22T11:44:36.571-0300] {logging_mixin.py:190} INFO - [2025-02-22T11:44:36.571-0300] {dag.py:3239} INFO - Sync 2 DAGs
[2025-02-22T11:44:36.578-0300] {logging_mixin.py:190} INFO - [2025-02-22T11:44:36.578-0300] {dag.py:4180} INFO - Setting next_dagrun for example_external_task_marker_child to None, run_after=None
[2025-02-22T11:44:36.580-0300] {logging_mixin.py:190} INFO - [2025-02-22T11:44:36.580-0300] {dag.py:4180} INFO - Setting next_dagrun for example_external_task_marker_parent to None, run_after=None
[2025-02-22T11:44:36.594-0300] {processor.py:208} INFO - Processing /home/lpimenta/pipelineAf/airflow_env/lib/python3.10/site-packages/airflow/example_dags/example_external_task_marker_dag.py took 0.047 seconds
[2025-02-22T11:45:42.459-0300] {processor.py:186} INFO - Started process (PID=5058) to work on /home/lpimenta/pipelineAf/airflow_env/lib/python3.10/site-packages/airflow/example_dags/example_external_task_marker_dag.py
[2025-02-22T11:45:42.461-0300] {processor.py:914} INFO - Processing file /home/lpimenta/pipelineAf/airflow_env/lib/python3.10/site-packages/airflow/example_dags/example_external_task_marker_dag.py for tasks to queue
[2025-02-22T11:45:42.462-0300] {logging_mixin.py:190} INFO - [2025-02-22T11:45:42.462-0300] {dagbag.py:588} INFO - Filling up the DagBag from /home/lpimenta/pipelineAf/airflow_env/lib/python3.10/site-packages/airflow/example_dags/example_external_task_marker_dag.py
[2025-02-22T11:45:42.467-0300] {processor.py:925} INFO - DAG(s) 'example_external_task_marker_child', 'example_external_task_marker_parent' retrieved from /home/lpimenta/pipelineAf/airflow_env/lib/python3.10/site-packages/airflow/example_dags/example_external_task_marker_dag.py
[2025-02-22T11:45:42.477-0300] {logging_mixin.py:190} INFO - [2025-02-22T11:45:42.477-0300] {dag.py:3239} INFO - Sync 2 DAGs
[2025-02-22T11:45:42.484-0300] {logging_mixin.py:190} INFO - [2025-02-22T11:45:42.484-0300] {dag.py:4180} INFO - Setting next_dagrun for example_external_task_marker_child to None, run_after=None
[2025-02-22T11:45:42.486-0300] {logging_mixin.py:190} INFO - [2025-02-22T11:45:42.486-0300] {dag.py:4180} INFO - Setting next_dagrun for example_external_task_marker_parent to None, run_after=None
[2025-02-22T11:45:42.501-0300] {processor.py:208} INFO - Processing /home/lpimenta/pipelineAf/airflow_env/lib/python3.10/site-packages/airflow/example_dags/example_external_task_marker_dag.py took 0.046 seconds
[2025-02-22T11:46:48.993-0300] {processor.py:186} INFO - Started process (PID=5300) to work on /home/lpimenta/pipelineAf/airflow_env/lib/python3.10/site-packages/airflow/example_dags/example_external_task_marker_dag.py
[2025-02-22T11:46:48.996-0300] {processor.py:914} INFO - Processing file /home/lpimenta/pipelineAf/airflow_env/lib/python3.10/site-packages/airflow/example_dags/example_external_task_marker_dag.py for tasks to queue
[2025-02-22T11:46:48.997-0300] {logging_mixin.py:190} INFO - [2025-02-22T11:46:48.997-0300] {dagbag.py:588} INFO - Filling up the DagBag from /home/lpimenta/pipelineAf/airflow_env/lib/python3.10/site-packages/airflow/example_dags/example_external_task_marker_dag.py
[2025-02-22T11:46:49.005-0300] {processor.py:925} INFO - DAG(s) 'example_external_task_marker_child', 'example_external_task_marker_parent' retrieved from /home/lpimenta/pipelineAf/airflow_env/lib/python3.10/site-packages/airflow/example_dags/example_external_task_marker_dag.py
[2025-02-22T11:46:49.018-0300] {logging_mixin.py:190} INFO - [2025-02-22T11:46:49.018-0300] {dag.py:3239} INFO - Sync 2 DAGs
[2025-02-22T11:46:49.038-0300] {logging_mixin.py:190} INFO - [2025-02-22T11:46:49.038-0300] {dag.py:4180} INFO - Setting next_dagrun for example_external_task_marker_child to None, run_after=None
[2025-02-22T11:46:49.041-0300] {logging_mixin.py:190} INFO - [2025-02-22T11:46:49.041-0300] {dag.py:4180} INFO - Setting next_dagrun for example_external_task_marker_parent to None, run_after=None
[2025-02-22T11:46:49.060-0300] {processor.py:208} INFO - Processing /home/lpimenta/pipelineAf/airflow_env/lib/python3.10/site-packages/airflow/example_dags/example_external_task_marker_dag.py took 0.071 seconds
[2025-02-22T11:47:50.909-0300] {processor.py:186} INFO - Started process (PID=5524) to work on /home/lpimenta/pipelineAf/airflow_env/lib/python3.10/site-packages/airflow/example_dags/example_external_task_marker_dag.py
[2025-02-22T11:47:50.911-0300] {processor.py:914} INFO - Processing file /home/lpimenta/pipelineAf/airflow_env/lib/python3.10/site-packages/airflow/example_dags/example_external_task_marker_dag.py for tasks to queue
[2025-02-22T11:47:50.913-0300] {logging_mixin.py:190} INFO - [2025-02-22T11:47:50.912-0300] {dagbag.py:588} INFO - Filling up the DagBag from /home/lpimenta/pipelineAf/airflow_env/lib/python3.10/site-packages/airflow/example_dags/example_external_task_marker_dag.py
[2025-02-22T11:47:50.920-0300] {processor.py:925} INFO - DAG(s) 'example_external_task_marker_child', 'example_external_task_marker_parent' retrieved from /home/lpimenta/pipelineAf/airflow_env/lib/python3.10/site-packages/airflow/example_dags/example_external_task_marker_dag.py
[2025-02-22T11:47:50.930-0300] {logging_mixin.py:190} INFO - [2025-02-22T11:47:50.930-0300] {dag.py:3239} INFO - Sync 2 DAGs
[2025-02-22T11:47:50.937-0300] {logging_mixin.py:190} INFO - [2025-02-22T11:47:50.937-0300] {dag.py:4180} INFO - Setting next_dagrun for example_external_task_marker_child to None, run_after=None
[2025-02-22T11:47:50.938-0300] {logging_mixin.py:190} INFO - [2025-02-22T11:47:50.938-0300] {dag.py:4180} INFO - Setting next_dagrun for example_external_task_marker_parent to None, run_after=None
[2025-02-22T11:47:50.955-0300] {processor.py:208} INFO - Processing /home/lpimenta/pipelineAf/airflow_env/lib/python3.10/site-packages/airflow/example_dags/example_external_task_marker_dag.py took 0.050 seconds
[2025-02-22T11:48:50.720-0300] {processor.py:186} INFO - Started process (PID=5781) to work on /home/lpimenta/pipelineAf/airflow_env/lib/python3.10/site-packages/airflow/example_dags/example_external_task_marker_dag.py
[2025-02-22T11:48:50.721-0300] {processor.py:914} INFO - Processing file /home/lpimenta/pipelineAf/airflow_env/lib/python3.10/site-packages/airflow/example_dags/example_external_task_marker_dag.py for tasks to queue
[2025-02-22T11:48:50.722-0300] {logging_mixin.py:190} INFO - [2025-02-22T11:48:50.721-0300] {dagbag.py:588} INFO - Filling up the DagBag from /home/lpimenta/pipelineAf/airflow_env/lib/python3.10/site-packages/airflow/example_dags/example_external_task_marker_dag.py
[2025-02-22T11:48:50.727-0300] {processor.py:925} INFO - DAG(s) 'example_external_task_marker_child', 'example_external_task_marker_parent' retrieved from /home/lpimenta/pipelineAf/airflow_env/lib/python3.10/site-packages/airflow/example_dags/example_external_task_marker_dag.py
[2025-02-22T11:48:50.738-0300] {logging_mixin.py:190} INFO - [2025-02-22T11:48:50.738-0300] {dag.py:3239} INFO - Sync 2 DAGs
[2025-02-22T11:48:50.745-0300] {logging_mixin.py:190} INFO - [2025-02-22T11:48:50.745-0300] {dag.py:4180} INFO - Setting next_dagrun for example_external_task_marker_child to None, run_after=None
[2025-02-22T11:48:50.748-0300] {logging_mixin.py:190} INFO - [2025-02-22T11:48:50.748-0300] {dag.py:4180} INFO - Setting next_dagrun for example_external_task_marker_parent to None, run_after=None
[2025-02-22T11:48:50.762-0300] {processor.py:208} INFO - Processing /home/lpimenta/pipelineAf/airflow_env/lib/python3.10/site-packages/airflow/example_dags/example_external_task_marker_dag.py took 0.046 seconds
