[2025-02-22T11:40:23.476-0300] {processor.py:186} INFO - Started process (PID=3774) to work on /home/lpimenta/pipelineAf/airflow_env/lib/python3.10/site-packages/airflow/example_dags/example_params_ui_tutorial.py
[2025-02-22T11:40:23.477-0300] {processor.py:914} INFO - Processing file /home/lpimenta/pipelineAf/airflow_env/lib/python3.10/site-packages/airflow/example_dags/example_params_ui_tutorial.py for tasks to queue
[2025-02-22T11:40:23.478-0300] {logging_mixin.py:190} INFO - [2025-02-22T11:40:23.478-0300] {dagbag.py:588} INFO - Filling up the DagBag from /home/lpimenta/pipelineAf/airflow_env/lib/python3.10/site-packages/airflow/example_dags/example_params_ui_tutorial.py
[2025-02-22T11:40:23.484-0300] {processor.py:925} INFO - DAG(s) 'example_params_ui_tutorial' retrieved from /home/lpimenta/pipelineAf/airflow_env/lib/python3.10/site-packages/airflow/example_dags/example_params_ui_tutorial.py
[2025-02-22T11:40:23.628-0300] {logging_mixin.py:190} INFO - [2025-02-22T11:40:23.628-0300] {override.py:1930} INFO - Created Permission View: can read on DAG:example_params_ui_tutorial
[2025-02-22T11:40:23.637-0300] {logging_mixin.py:190} INFO - [2025-02-22T11:40:23.637-0300] {override.py:1930} INFO - Created Permission View: can edit on DAG:example_params_ui_tutorial
[2025-02-22T11:40:23.644-0300] {logging_mixin.py:190} INFO - [2025-02-22T11:40:23.644-0300] {override.py:1930} INFO - Created Permission View: can delete on DAG:example_params_ui_tutorial
[2025-02-22T11:40:23.672-0300] {logging_mixin.py:190} INFO - [2025-02-22T11:40:23.671-0300] {override.py:1930} INFO - Created Permission View: can read on DAG Run:example_params_ui_tutorial
[2025-02-22T11:40:23.679-0300] {logging_mixin.py:190} INFO - [2025-02-22T11:40:23.679-0300] {override.py:1930} INFO - Created Permission View: can delete on DAG Run:example_params_ui_tutorial
[2025-02-22T11:40:23.687-0300] {logging_mixin.py:190} INFO - [2025-02-22T11:40:23.686-0300] {override.py:1930} INFO - Created Permission View: menu access on DAG Run:example_params_ui_tutorial
[2025-02-22T11:40:23.694-0300] {logging_mixin.py:190} INFO - [2025-02-22T11:40:23.694-0300] {override.py:1930} INFO - Created Permission View: can create on DAG Run:example_params_ui_tutorial
[2025-02-22T11:40:23.694-0300] {logging_mixin.py:190} INFO - [2025-02-22T11:40:23.694-0300] {dag.py:3239} INFO - Sync 1 DAGs
[2025-02-22T11:40:23.700-0300] {logging_mixin.py:190} INFO - [2025-02-22T11:40:23.700-0300] {dag.py:3262} INFO - Creating ORM DAG for example_params_ui_tutorial
[2025-02-22T11:40:23.700-0300] {logging_mixin.py:190} INFO - [2025-02-22T11:40:23.700-0300] {dag.py:4180} INFO - Setting next_dagrun for example_params_ui_tutorial to None, run_after=None
[2025-02-22T11:40:23.715-0300] {processor.py:208} INFO - Processing /home/lpimenta/pipelineAf/airflow_env/lib/python3.10/site-packages/airflow/example_dags/example_params_ui_tutorial.py took 0.242 seconds
[2025-02-22T11:41:35.365-0300] {processor.py:186} INFO - Started process (PID=4080) to work on /home/lpimenta/pipelineAf/airflow_env/lib/python3.10/site-packages/airflow/example_dags/example_params_ui_tutorial.py
[2025-02-22T11:41:35.370-0300] {processor.py:914} INFO - Processing file /home/lpimenta/pipelineAf/airflow_env/lib/python3.10/site-packages/airflow/example_dags/example_params_ui_tutorial.py for tasks to queue
[2025-02-22T11:41:35.372-0300] {logging_mixin.py:190} INFO - [2025-02-22T11:41:35.372-0300] {dagbag.py:588} INFO - Filling up the DagBag from /home/lpimenta/pipelineAf/airflow_env/lib/python3.10/site-packages/airflow/example_dags/example_params_ui_tutorial.py
[2025-02-22T11:41:35.379-0300] {processor.py:925} INFO - DAG(s) 'example_params_ui_tutorial' retrieved from /home/lpimenta/pipelineAf/airflow_env/lib/python3.10/site-packages/airflow/example_dags/example_params_ui_tutorial.py
[2025-02-22T11:41:35.407-0300] {logging_mixin.py:190} INFO - [2025-02-22T11:41:35.407-0300] {dag.py:3239} INFO - Sync 1 DAGs
[2025-02-22T11:41:35.416-0300] {logging_mixin.py:190} INFO - [2025-02-22T11:41:35.416-0300] {dag.py:4180} INFO - Setting next_dagrun for example_params_ui_tutorial to None, run_after=None
[2025-02-22T11:41:35.433-0300] {processor.py:208} INFO - Processing /home/lpimenta/pipelineAf/airflow_env/lib/python3.10/site-packages/airflow/example_dags/example_params_ui_tutorial.py took 0.073 seconds
[2025-02-22T11:42:12.544-0300] {processor.py:186} INFO - Started process (PID=4281) to work on /home/lpimenta/pipelineAf/airflow_env/lib/python3.10/site-packages/airflow/example_dags/example_params_ui_tutorial.py
[2025-02-22T11:42:12.546-0300] {processor.py:914} INFO - Processing file /home/lpimenta/pipelineAf/airflow_env/lib/python3.10/site-packages/airflow/example_dags/example_params_ui_tutorial.py for tasks to queue
[2025-02-22T11:42:12.547-0300] {logging_mixin.py:190} INFO - [2025-02-22T11:42:12.547-0300] {dagbag.py:588} INFO - Filling up the DagBag from /home/lpimenta/pipelineAf/airflow_env/lib/python3.10/site-packages/airflow/example_dags/example_params_ui_tutorial.py
[2025-02-22T11:42:12.552-0300] {processor.py:925} INFO - DAG(s) 'example_params_ui_tutorial' retrieved from /home/lpimenta/pipelineAf/airflow_env/lib/python3.10/site-packages/airflow/example_dags/example_params_ui_tutorial.py
[2025-02-22T11:42:12.576-0300] {logging_mixin.py:190} INFO - [2025-02-22T11:42:12.575-0300] {dag.py:3239} INFO - Sync 1 DAGs
[2025-02-22T11:42:12.583-0300] {logging_mixin.py:190} INFO - [2025-02-22T11:42:12.582-0300] {dag.py:4180} INFO - Setting next_dagrun for example_params_ui_tutorial to None, run_after=None
[2025-02-22T11:42:12.599-0300] {processor.py:208} INFO - Processing /home/lpimenta/pipelineAf/airflow_env/lib/python3.10/site-packages/airflow/example_dags/example_params_ui_tutorial.py took 0.058 seconds
[2025-02-22T11:43:11.736-0300] {processor.py:186} INFO - Started process (PID=4507) to work on /home/lpimenta/pipelineAf/airflow_env/lib/python3.10/site-packages/airflow/example_dags/example_params_ui_tutorial.py
[2025-02-22T11:43:11.768-0300] {processor.py:914} INFO - Processing file /home/lpimenta/pipelineAf/airflow_env/lib/python3.10/site-packages/airflow/example_dags/example_params_ui_tutorial.py for tasks to queue
[2025-02-22T11:43:11.770-0300] {logging_mixin.py:190} INFO - [2025-02-22T11:43:11.769-0300] {dagbag.py:588} INFO - Filling up the DagBag from /home/lpimenta/pipelineAf/airflow_env/lib/python3.10/site-packages/airflow/example_dags/example_params_ui_tutorial.py
[2025-02-22T11:43:11.776-0300] {processor.py:925} INFO - DAG(s) 'example_params_ui_tutorial' retrieved from /home/lpimenta/pipelineAf/airflow_env/lib/python3.10/site-packages/airflow/example_dags/example_params_ui_tutorial.py
[2025-02-22T11:43:11.803-0300] {logging_mixin.py:190} INFO - [2025-02-22T11:43:11.803-0300] {dag.py:3239} INFO - Sync 1 DAGs
[2025-02-22T11:43:11.811-0300] {logging_mixin.py:190} INFO - [2025-02-22T11:43:11.811-0300] {dag.py:4180} INFO - Setting next_dagrun for example_params_ui_tutorial to None, run_after=None
[2025-02-22T11:43:11.829-0300] {processor.py:208} INFO - Processing /home/lpimenta/pipelineAf/airflow_env/lib/python3.10/site-packages/airflow/example_dags/example_params_ui_tutorial.py took 0.096 seconds
[2025-02-22T11:43:46.795-0300] {processor.py:186} INFO - Started process (PID=4634) to work on /home/lpimenta/pipelineAf/airflow_env/lib/python3.10/site-packages/airflow/example_dags/example_params_ui_tutorial.py
[2025-02-22T11:43:46.797-0300] {processor.py:914} INFO - Processing file /home/lpimenta/pipelineAf/airflow_env/lib/python3.10/site-packages/airflow/example_dags/example_params_ui_tutorial.py for tasks to queue
[2025-02-22T11:43:46.798-0300] {logging_mixin.py:190} INFO - [2025-02-22T11:43:46.798-0300] {dagbag.py:588} INFO - Filling up the DagBag from /home/lpimenta/pipelineAf/airflow_env/lib/python3.10/site-packages/airflow/example_dags/example_params_ui_tutorial.py
[2025-02-22T11:43:46.806-0300] {processor.py:925} INFO - DAG(s) 'example_params_ui_tutorial' retrieved from /home/lpimenta/pipelineAf/airflow_env/lib/python3.10/site-packages/airflow/example_dags/example_params_ui_tutorial.py
[2025-02-22T11:43:46.833-0300] {logging_mixin.py:190} INFO - [2025-02-22T11:43:46.833-0300] {dag.py:3239} INFO - Sync 1 DAGs
[2025-02-22T11:43:46.840-0300] {logging_mixin.py:190} INFO - [2025-02-22T11:43:46.839-0300] {dag.py:4180} INFO - Setting next_dagrun for example_params_ui_tutorial to None, run_after=None
[2025-02-22T11:43:46.858-0300] {processor.py:208} INFO - Processing /home/lpimenta/pipelineAf/airflow_env/lib/python3.10/site-packages/airflow/example_dags/example_params_ui_tutorial.py took 0.066 seconds
[2025-02-22T11:44:19.646-0300] {processor.py:186} INFO - Started process (PID=4750) to work on /home/lpimenta/pipelineAf/airflow_env/lib/python3.10/site-packages/airflow/example_dags/example_params_ui_tutorial.py
[2025-02-22T11:44:19.647-0300] {processor.py:914} INFO - Processing file /home/lpimenta/pipelineAf/airflow_env/lib/python3.10/site-packages/airflow/example_dags/example_params_ui_tutorial.py for tasks to queue
[2025-02-22T11:44:19.649-0300] {logging_mixin.py:190} INFO - [2025-02-22T11:44:19.648-0300] {dagbag.py:588} INFO - Filling up the DagBag from /home/lpimenta/pipelineAf/airflow_env/lib/python3.10/site-packages/airflow/example_dags/example_params_ui_tutorial.py
[2025-02-22T11:44:19.654-0300] {processor.py:925} INFO - DAG(s) 'example_params_ui_tutorial' retrieved from /home/lpimenta/pipelineAf/airflow_env/lib/python3.10/site-packages/airflow/example_dags/example_params_ui_tutorial.py
[2025-02-22T11:44:19.675-0300] {logging_mixin.py:190} INFO - [2025-02-22T11:44:19.675-0300] {dag.py:3239} INFO - Sync 1 DAGs
[2025-02-22T11:44:19.682-0300] {logging_mixin.py:190} INFO - [2025-02-22T11:44:19.682-0300] {dag.py:4180} INFO - Setting next_dagrun for example_params_ui_tutorial to None, run_after=None
[2025-02-22T11:44:19.698-0300] {processor.py:208} INFO - Processing /home/lpimenta/pipelineAf/airflow_env/lib/python3.10/site-packages/airflow/example_dags/example_params_ui_tutorial.py took 0.058 seconds
[2025-02-22T11:44:50.403-0300] {processor.py:186} INFO - Started process (PID=4864) to work on /home/lpimenta/pipelineAf/airflow_env/lib/python3.10/site-packages/airflow/example_dags/example_params_ui_tutorial.py
[2025-02-22T11:44:50.405-0300] {processor.py:914} INFO - Processing file /home/lpimenta/pipelineAf/airflow_env/lib/python3.10/site-packages/airflow/example_dags/example_params_ui_tutorial.py for tasks to queue
[2025-02-22T11:44:50.406-0300] {logging_mixin.py:190} INFO - [2025-02-22T11:44:50.406-0300] {dagbag.py:588} INFO - Filling up the DagBag from /home/lpimenta/pipelineAf/airflow_env/lib/python3.10/site-packages/airflow/example_dags/example_params_ui_tutorial.py
[2025-02-22T11:44:50.411-0300] {processor.py:925} INFO - DAG(s) 'example_params_ui_tutorial' retrieved from /home/lpimenta/pipelineAf/airflow_env/lib/python3.10/site-packages/airflow/example_dags/example_params_ui_tutorial.py
[2025-02-22T11:44:50.435-0300] {logging_mixin.py:190} INFO - [2025-02-22T11:44:50.435-0300] {dag.py:3239} INFO - Sync 1 DAGs
[2025-02-22T11:44:50.442-0300] {logging_mixin.py:190} INFO - [2025-02-22T11:44:50.442-0300] {dag.py:4180} INFO - Setting next_dagrun for example_params_ui_tutorial to None, run_after=None
[2025-02-22T11:44:50.458-0300] {processor.py:208} INFO - Processing /home/lpimenta/pipelineAf/airflow_env/lib/python3.10/site-packages/airflow/example_dags/example_params_ui_tutorial.py took 0.059 seconds
[2025-02-22T11:45:51.604-0300] {processor.py:186} INFO - Started process (PID=5096) to work on /home/lpimenta/pipelineAf/airflow_env/lib/python3.10/site-packages/airflow/example_dags/example_params_ui_tutorial.py
[2025-02-22T11:45:51.607-0300] {processor.py:914} INFO - Processing file /home/lpimenta/pipelineAf/airflow_env/lib/python3.10/site-packages/airflow/example_dags/example_params_ui_tutorial.py for tasks to queue
[2025-02-22T11:45:51.608-0300] {logging_mixin.py:190} INFO - [2025-02-22T11:45:51.607-0300] {dagbag.py:588} INFO - Filling up the DagBag from /home/lpimenta/pipelineAf/airflow_env/lib/python3.10/site-packages/airflow/example_dags/example_params_ui_tutorial.py
[2025-02-22T11:45:51.614-0300] {processor.py:925} INFO - DAG(s) 'example_params_ui_tutorial' retrieved from /home/lpimenta/pipelineAf/airflow_env/lib/python3.10/site-packages/airflow/example_dags/example_params_ui_tutorial.py
[2025-02-22T11:45:51.639-0300] {logging_mixin.py:190} INFO - [2025-02-22T11:45:51.639-0300] {dag.py:3239} INFO - Sync 1 DAGs
[2025-02-22T11:45:51.646-0300] {logging_mixin.py:190} INFO - [2025-02-22T11:45:51.646-0300] {dag.py:4180} INFO - Setting next_dagrun for example_params_ui_tutorial to None, run_after=None
[2025-02-22T11:45:51.661-0300] {processor.py:208} INFO - Processing /home/lpimenta/pipelineAf/airflow_env/lib/python3.10/site-packages/airflow/example_dags/example_params_ui_tutorial.py took 0.060 seconds
[2025-02-22T11:46:26.005-0300] {processor.py:186} INFO - Started process (PID=5220) to work on /home/lpimenta/pipelineAf/airflow_env/lib/python3.10/site-packages/airflow/example_dags/example_params_ui_tutorial.py
[2025-02-22T11:46:26.006-0300] {processor.py:914} INFO - Processing file /home/lpimenta/pipelineAf/airflow_env/lib/python3.10/site-packages/airflow/example_dags/example_params_ui_tutorial.py for tasks to queue
[2025-02-22T11:46:26.007-0300] {logging_mixin.py:190} INFO - [2025-02-22T11:46:26.007-0300] {dagbag.py:588} INFO - Filling up the DagBag from /home/lpimenta/pipelineAf/airflow_env/lib/python3.10/site-packages/airflow/example_dags/example_params_ui_tutorial.py
[2025-02-22T11:46:26.014-0300] {processor.py:925} INFO - DAG(s) 'example_params_ui_tutorial' retrieved from /home/lpimenta/pipelineAf/airflow_env/lib/python3.10/site-packages/airflow/example_dags/example_params_ui_tutorial.py
[2025-02-22T11:46:26.038-0300] {logging_mixin.py:190} INFO - [2025-02-22T11:46:26.038-0300] {dag.py:3239} INFO - Sync 1 DAGs
[2025-02-22T11:46:26.045-0300] {logging_mixin.py:190} INFO - [2025-02-22T11:46:26.045-0300] {dag.py:4180} INFO - Setting next_dagrun for example_params_ui_tutorial to None, run_after=None
[2025-02-22T11:46:26.060-0300] {processor.py:208} INFO - Processing /home/lpimenta/pipelineAf/airflow_env/lib/python3.10/site-packages/airflow/example_dags/example_params_ui_tutorial.py took 0.062 seconds
[2025-02-22T11:46:59.268-0300] {processor.py:186} INFO - Started process (PID=5342) to work on /home/lpimenta/pipelineAf/airflow_env/lib/python3.10/site-packages/airflow/example_dags/example_params_ui_tutorial.py
[2025-02-22T11:46:59.271-0300] {processor.py:914} INFO - Processing file /home/lpimenta/pipelineAf/airflow_env/lib/python3.10/site-packages/airflow/example_dags/example_params_ui_tutorial.py for tasks to queue
[2025-02-22T11:46:59.272-0300] {logging_mixin.py:190} INFO - [2025-02-22T11:46:59.271-0300] {dagbag.py:588} INFO - Filling up the DagBag from /home/lpimenta/pipelineAf/airflow_env/lib/python3.10/site-packages/airflow/example_dags/example_params_ui_tutorial.py
[2025-02-22T11:46:59.277-0300] {processor.py:925} INFO - DAG(s) 'example_params_ui_tutorial' retrieved from /home/lpimenta/pipelineAf/airflow_env/lib/python3.10/site-packages/airflow/example_dags/example_params_ui_tutorial.py
[2025-02-22T11:46:59.300-0300] {logging_mixin.py:190} INFO - [2025-02-22T11:46:59.300-0300] {dag.py:3239} INFO - Sync 1 DAGs
[2025-02-22T11:46:59.306-0300] {logging_mixin.py:190} INFO - [2025-02-22T11:46:59.306-0300] {dag.py:4180} INFO - Setting next_dagrun for example_params_ui_tutorial to None, run_after=None
[2025-02-22T11:46:59.321-0300] {processor.py:208} INFO - Processing /home/lpimenta/pipelineAf/airflow_env/lib/python3.10/site-packages/airflow/example_dags/example_params_ui_tutorial.py took 0.058 seconds
[2025-02-22T11:48:02.660-0300] {processor.py:186} INFO - Started process (PID=5573) to work on /home/lpimenta/pipelineAf/airflow_env/lib/python3.10/site-packages/airflow/example_dags/example_params_ui_tutorial.py
[2025-02-22T11:48:02.662-0300] {processor.py:914} INFO - Processing file /home/lpimenta/pipelineAf/airflow_env/lib/python3.10/site-packages/airflow/example_dags/example_params_ui_tutorial.py for tasks to queue
[2025-02-22T11:48:02.663-0300] {logging_mixin.py:190} INFO - [2025-02-22T11:48:02.662-0300] {dagbag.py:588} INFO - Filling up the DagBag from /home/lpimenta/pipelineAf/airflow_env/lib/python3.10/site-packages/airflow/example_dags/example_params_ui_tutorial.py
[2025-02-22T11:48:02.670-0300] {processor.py:925} INFO - DAG(s) 'example_params_ui_tutorial' retrieved from /home/lpimenta/pipelineAf/airflow_env/lib/python3.10/site-packages/airflow/example_dags/example_params_ui_tutorial.py
[2025-02-22T11:48:02.694-0300] {logging_mixin.py:190} INFO - [2025-02-22T11:48:02.694-0300] {dag.py:3239} INFO - Sync 1 DAGs
[2025-02-22T11:48:02.703-0300] {logging_mixin.py:190} INFO - [2025-02-22T11:48:02.702-0300] {dag.py:4180} INFO - Setting next_dagrun for example_params_ui_tutorial to None, run_after=None
[2025-02-22T11:48:02.717-0300] {processor.py:208} INFO - Processing /home/lpimenta/pipelineAf/airflow_env/lib/python3.10/site-packages/airflow/example_dags/example_params_ui_tutorial.py took 0.061 seconds
[2025-02-22T11:48:35.339-0300] {processor.py:186} INFO - Started process (PID=5689) to work on /home/lpimenta/pipelineAf/airflow_env/lib/python3.10/site-packages/airflow/example_dags/example_params_ui_tutorial.py
[2025-02-22T11:48:35.341-0300] {processor.py:914} INFO - Processing file /home/lpimenta/pipelineAf/airflow_env/lib/python3.10/site-packages/airflow/example_dags/example_params_ui_tutorial.py for tasks to queue
[2025-02-22T11:48:35.342-0300] {logging_mixin.py:190} INFO - [2025-02-22T11:48:35.341-0300] {dagbag.py:588} INFO - Filling up the DagBag from /home/lpimenta/pipelineAf/airflow_env/lib/python3.10/site-packages/airflow/example_dags/example_params_ui_tutorial.py
[2025-02-22T11:48:35.348-0300] {processor.py:925} INFO - DAG(s) 'example_params_ui_tutorial' retrieved from /home/lpimenta/pipelineAf/airflow_env/lib/python3.10/site-packages/airflow/example_dags/example_params_ui_tutorial.py
[2025-02-22T11:48:35.372-0300] {logging_mixin.py:190} INFO - [2025-02-22T11:48:35.371-0300] {dag.py:3239} INFO - Sync 1 DAGs
[2025-02-22T11:48:35.379-0300] {logging_mixin.py:190} INFO - [2025-02-22T11:48:35.379-0300] {dag.py:4180} INFO - Setting next_dagrun for example_params_ui_tutorial to None, run_after=None
[2025-02-22T11:48:35.393-0300] {processor.py:208} INFO - Processing /home/lpimenta/pipelineAf/airflow_env/lib/python3.10/site-packages/airflow/example_dags/example_params_ui_tutorial.py took 0.058 seconds
