[2025-02-22T11:41:03.341-0300] {processor.py:186} INFO - Started process (PID=3958) to work on /home/lpimenta/pipelineAf/airflow_env/lib/python3.10/site-packages/airflow/example_dags/example_latest_only.py
[2025-02-22T11:41:03.342-0300] {processor.py:914} INFO - Processing file /home/lpimenta/pipelineAf/airflow_env/lib/python3.10/site-packages/airflow/example_dags/example_latest_only.py for tasks to queue
[2025-02-22T11:41:03.344-0300] {logging_mixin.py:190} INFO - [2025-02-22T11:41:03.344-0300] {dagbag.py:588} INFO - Filling up the DagBag from /home/lpimenta/pipelineAf/airflow_env/lib/python3.10/site-packages/airflow/example_dags/example_latest_only.py
[2025-02-22T11:41:03.353-0300] {processor.py:925} INFO - DAG(s) 'latest_only' retrieved from /home/lpimenta/pipelineAf/airflow_env/lib/python3.10/site-packages/airflow/example_dags/example_latest_only.py
[2025-02-22T11:41:03.502-0300] {logging_mixin.py:190} INFO - [2025-02-22T11:41:03.502-0300] {override.py:1930} INFO - Created Permission View: can read on DAG:latest_only
[2025-02-22T11:41:03.512-0300] {logging_mixin.py:190} INFO - [2025-02-22T11:41:03.511-0300] {override.py:1930} INFO - Created Permission View: can edit on DAG:latest_only
[2025-02-22T11:41:03.520-0300] {logging_mixin.py:190} INFO - [2025-02-22T11:41:03.520-0300] {override.py:1930} INFO - Created Permission View: can delete on DAG:latest_only
[2025-02-22T11:41:03.533-0300] {logging_mixin.py:190} INFO - [2025-02-22T11:41:03.533-0300] {override.py:1930} INFO - Created Permission View: can read on DAG Run:latest_only
[2025-02-22T11:41:03.541-0300] {logging_mixin.py:190} INFO - [2025-02-22T11:41:03.541-0300] {override.py:1930} INFO - Created Permission View: can delete on DAG Run:latest_only
[2025-02-22T11:41:03.552-0300] {logging_mixin.py:190} INFO - [2025-02-22T11:41:03.551-0300] {override.py:1930} INFO - Created Permission View: menu access on DAG Run:latest_only
[2025-02-22T11:41:03.560-0300] {logging_mixin.py:190} INFO - [2025-02-22T11:41:03.560-0300] {override.py:1930} INFO - Created Permission View: can create on DAG Run:latest_only
[2025-02-22T11:41:03.560-0300] {logging_mixin.py:190} INFO - [2025-02-22T11:41:03.560-0300] {dag.py:3239} INFO - Sync 1 DAGs
[2025-02-22T11:41:03.567-0300] {logging_mixin.py:190} INFO - [2025-02-22T11:41:03.567-0300] {dag.py:3262} INFO - Creating ORM DAG for latest_only
[2025-02-22T11:41:03.572-0300] {logging_mixin.py:190} INFO - [2025-02-22T11:41:03.571-0300] {dag.py:4180} INFO - Setting next_dagrun for latest_only to 2025-02-22 08:00:00+00:00, run_after=2025-02-22 12:00:00+00:00
[2025-02-22T11:41:03.587-0300] {processor.py:208} INFO - Processing /home/lpimenta/pipelineAf/airflow_env/lib/python3.10/site-packages/airflow/example_dags/example_latest_only.py took 0.254 seconds
[2025-02-22T11:42:10.287-0300] {processor.py:186} INFO - Started process (PID=4273) to work on /home/lpimenta/pipelineAf/airflow_env/lib/python3.10/site-packages/airflow/example_dags/example_latest_only.py
[2025-02-22T11:42:10.290-0300] {processor.py:914} INFO - Processing file /home/lpimenta/pipelineAf/airflow_env/lib/python3.10/site-packages/airflow/example_dags/example_latest_only.py for tasks to queue
[2025-02-22T11:42:10.291-0300] {logging_mixin.py:190} INFO - [2025-02-22T11:42:10.291-0300] {dagbag.py:588} INFO - Filling up the DagBag from /home/lpimenta/pipelineAf/airflow_env/lib/python3.10/site-packages/airflow/example_dags/example_latest_only.py
[2025-02-22T11:42:10.295-0300] {processor.py:925} INFO - DAG(s) 'latest_only' retrieved from /home/lpimenta/pipelineAf/airflow_env/lib/python3.10/site-packages/airflow/example_dags/example_latest_only.py
[2025-02-22T11:42:10.307-0300] {logging_mixin.py:190} INFO - [2025-02-22T11:42:10.306-0300] {dag.py:3239} INFO - Sync 1 DAGs
[2025-02-22T11:42:10.319-0300] {logging_mixin.py:190} INFO - [2025-02-22T11:42:10.319-0300] {dag.py:4180} INFO - Setting next_dagrun for latest_only to 2025-02-22 08:00:00+00:00, run_after=2025-02-22 12:00:00+00:00
[2025-02-22T11:42:10.338-0300] {processor.py:208} INFO - Processing /home/lpimenta/pipelineAf/airflow_env/lib/python3.10/site-packages/airflow/example_dags/example_latest_only.py took 0.055 seconds
[2025-02-22T11:43:10.606-0300] {processor.py:186} INFO - Started process (PID=4506) to work on /home/lpimenta/pipelineAf/airflow_env/lib/python3.10/site-packages/airflow/example_dags/example_latest_only.py
[2025-02-22T11:43:10.613-0300] {processor.py:914} INFO - Processing file /home/lpimenta/pipelineAf/airflow_env/lib/python3.10/site-packages/airflow/example_dags/example_latest_only.py for tasks to queue
[2025-02-22T11:43:10.616-0300] {logging_mixin.py:190} INFO - [2025-02-22T11:43:10.615-0300] {dagbag.py:588} INFO - Filling up the DagBag from /home/lpimenta/pipelineAf/airflow_env/lib/python3.10/site-packages/airflow/example_dags/example_latest_only.py
[2025-02-22T11:43:10.623-0300] {processor.py:925} INFO - DAG(s) 'latest_only' retrieved from /home/lpimenta/pipelineAf/airflow_env/lib/python3.10/site-packages/airflow/example_dags/example_latest_only.py
[2025-02-22T11:43:10.639-0300] {logging_mixin.py:190} INFO - [2025-02-22T11:43:10.639-0300] {dag.py:3239} INFO - Sync 1 DAGs
[2025-02-22T11:43:10.652-0300] {logging_mixin.py:190} INFO - [2025-02-22T11:43:10.652-0300] {dag.py:4180} INFO - Setting next_dagrun for latest_only to 2025-02-22 08:00:00+00:00, run_after=2025-02-22 12:00:00+00:00
[2025-02-22T11:43:10.668-0300] {processor.py:208} INFO - Processing /home/lpimenta/pipelineAf/airflow_env/lib/python3.10/site-packages/airflow/example_dags/example_latest_only.py took 0.067 seconds
[2025-02-22T11:44:18.286-0300] {processor.py:186} INFO - Started process (PID=4748) to work on /home/lpimenta/pipelineAf/airflow_env/lib/python3.10/site-packages/airflow/example_dags/example_latest_only.py
[2025-02-22T11:44:18.290-0300] {processor.py:914} INFO - Processing file /home/lpimenta/pipelineAf/airflow_env/lib/python3.10/site-packages/airflow/example_dags/example_latest_only.py for tasks to queue
[2025-02-22T11:44:18.292-0300] {logging_mixin.py:190} INFO - [2025-02-22T11:44:18.292-0300] {dagbag.py:588} INFO - Filling up the DagBag from /home/lpimenta/pipelineAf/airflow_env/lib/python3.10/site-packages/airflow/example_dags/example_latest_only.py
[2025-02-22T11:44:18.296-0300] {processor.py:925} INFO - DAG(s) 'latest_only' retrieved from /home/lpimenta/pipelineAf/airflow_env/lib/python3.10/site-packages/airflow/example_dags/example_latest_only.py
[2025-02-22T11:44:18.306-0300] {logging_mixin.py:190} INFO - [2025-02-22T11:44:18.306-0300] {dag.py:3239} INFO - Sync 1 DAGs
[2025-02-22T11:44:18.317-0300] {logging_mixin.py:190} INFO - [2025-02-22T11:44:18.316-0300] {dag.py:4180} INFO - Setting next_dagrun for latest_only to 2025-02-22 08:00:00+00:00, run_after=2025-02-22 12:00:00+00:00
[2025-02-22T11:44:18.332-0300] {processor.py:208} INFO - Processing /home/lpimenta/pipelineAf/airflow_env/lib/python3.10/site-packages/airflow/example_dags/example_latest_only.py took 0.050 seconds
[2025-02-22T11:45:19.455-0300] {processor.py:186} INFO - Started process (PID=4976) to work on /home/lpimenta/pipelineAf/airflow_env/lib/python3.10/site-packages/airflow/example_dags/example_latest_only.py
[2025-02-22T11:45:19.457-0300] {processor.py:914} INFO - Processing file /home/lpimenta/pipelineAf/airflow_env/lib/python3.10/site-packages/airflow/example_dags/example_latest_only.py for tasks to queue
[2025-02-22T11:45:19.459-0300] {logging_mixin.py:190} INFO - [2025-02-22T11:45:19.458-0300] {dagbag.py:588} INFO - Filling up the DagBag from /home/lpimenta/pipelineAf/airflow_env/lib/python3.10/site-packages/airflow/example_dags/example_latest_only.py
[2025-02-22T11:45:19.463-0300] {processor.py:925} INFO - DAG(s) 'latest_only' retrieved from /home/lpimenta/pipelineAf/airflow_env/lib/python3.10/site-packages/airflow/example_dags/example_latest_only.py
[2025-02-22T11:45:19.472-0300] {logging_mixin.py:190} INFO - [2025-02-22T11:45:19.472-0300] {dag.py:3239} INFO - Sync 1 DAGs
[2025-02-22T11:45:19.483-0300] {logging_mixin.py:190} INFO - [2025-02-22T11:45:19.483-0300] {dag.py:4180} INFO - Setting next_dagrun for latest_only to 2025-02-22 08:00:00+00:00, run_after=2025-02-22 12:00:00+00:00
[2025-02-22T11:45:19.499-0300] {processor.py:208} INFO - Processing /home/lpimenta/pipelineAf/airflow_env/lib/python3.10/site-packages/airflow/example_dags/example_latest_only.py took 0.048 seconds
[2025-02-22T11:46:22.983-0300] {processor.py:186} INFO - Started process (PID=5211) to work on /home/lpimenta/pipelineAf/airflow_env/lib/python3.10/site-packages/airflow/example_dags/example_latest_only.py
[2025-02-22T11:46:22.989-0300] {processor.py:914} INFO - Processing file /home/lpimenta/pipelineAf/airflow_env/lib/python3.10/site-packages/airflow/example_dags/example_latest_only.py for tasks to queue
[2025-02-22T11:46:22.990-0300] {logging_mixin.py:190} INFO - [2025-02-22T11:46:22.989-0300] {dagbag.py:588} INFO - Filling up the DagBag from /home/lpimenta/pipelineAf/airflow_env/lib/python3.10/site-packages/airflow/example_dags/example_latest_only.py
[2025-02-22T11:46:22.995-0300] {processor.py:925} INFO - DAG(s) 'latest_only' retrieved from /home/lpimenta/pipelineAf/airflow_env/lib/python3.10/site-packages/airflow/example_dags/example_latest_only.py
[2025-02-22T11:46:23.004-0300] {logging_mixin.py:190} INFO - [2025-02-22T11:46:23.003-0300] {dag.py:3239} INFO - Sync 1 DAGs
[2025-02-22T11:46:23.015-0300] {logging_mixin.py:190} INFO - [2025-02-22T11:46:23.015-0300] {dag.py:4180} INFO - Setting next_dagrun for latest_only to 2025-02-22 08:00:00+00:00, run_after=2025-02-22 12:00:00+00:00
[2025-02-22T11:46:23.031-0300] {processor.py:208} INFO - Processing /home/lpimenta/pipelineAf/airflow_env/lib/python3.10/site-packages/airflow/example_dags/example_latest_only.py took 0.051 seconds
[2025-02-22T11:47:28.514-0300] {processor.py:186} INFO - Started process (PID=5449) to work on /home/lpimenta/pipelineAf/airflow_env/lib/python3.10/site-packages/airflow/example_dags/example_latest_only.py
[2025-02-22T11:47:28.515-0300] {processor.py:914} INFO - Processing file /home/lpimenta/pipelineAf/airflow_env/lib/python3.10/site-packages/airflow/example_dags/example_latest_only.py for tasks to queue
[2025-02-22T11:47:28.516-0300] {logging_mixin.py:190} INFO - [2025-02-22T11:47:28.516-0300] {dagbag.py:588} INFO - Filling up the DagBag from /home/lpimenta/pipelineAf/airflow_env/lib/python3.10/site-packages/airflow/example_dags/example_latest_only.py
[2025-02-22T11:47:28.522-0300] {processor.py:925} INFO - DAG(s) 'latest_only' retrieved from /home/lpimenta/pipelineAf/airflow_env/lib/python3.10/site-packages/airflow/example_dags/example_latest_only.py
[2025-02-22T11:47:28.530-0300] {logging_mixin.py:190} INFO - [2025-02-22T11:47:28.530-0300] {dag.py:3239} INFO - Sync 1 DAGs
[2025-02-22T11:47:28.542-0300] {logging_mixin.py:190} INFO - [2025-02-22T11:47:28.542-0300] {dag.py:4180} INFO - Setting next_dagrun for latest_only to 2025-02-22 08:00:00+00:00, run_after=2025-02-22 12:00:00+00:00
[2025-02-22T11:47:28.558-0300] {processor.py:208} INFO - Processing /home/lpimenta/pipelineAf/airflow_env/lib/python3.10/site-packages/airflow/example_dags/example_latest_only.py took 0.048 seconds
[2025-02-22T11:48:31.950-0300] {processor.py:186} INFO - Started process (PID=5674) to work on /home/lpimenta/pipelineAf/airflow_env/lib/python3.10/site-packages/airflow/example_dags/example_latest_only.py
[2025-02-22T11:48:31.953-0300] {processor.py:914} INFO - Processing file /home/lpimenta/pipelineAf/airflow_env/lib/python3.10/site-packages/airflow/example_dags/example_latest_only.py for tasks to queue
[2025-02-22T11:48:31.953-0300] {logging_mixin.py:190} INFO - [2025-02-22T11:48:31.953-0300] {dagbag.py:588} INFO - Filling up the DagBag from /home/lpimenta/pipelineAf/airflow_env/lib/python3.10/site-packages/airflow/example_dags/example_latest_only.py
[2025-02-22T11:48:31.958-0300] {processor.py:925} INFO - DAG(s) 'latest_only' retrieved from /home/lpimenta/pipelineAf/airflow_env/lib/python3.10/site-packages/airflow/example_dags/example_latest_only.py
[2025-02-22T11:48:31.969-0300] {logging_mixin.py:190} INFO - [2025-02-22T11:48:31.969-0300] {dag.py:3239} INFO - Sync 1 DAGs
[2025-02-22T11:48:31.979-0300] {logging_mixin.py:190} INFO - [2025-02-22T11:48:31.979-0300] {dag.py:4180} INFO - Setting next_dagrun for latest_only to 2025-02-22 08:00:00+00:00, run_after=2025-02-22 12:00:00+00:00
[2025-02-22T11:48:31.995-0300] {processor.py:208} INFO - Processing /home/lpimenta/pipelineAf/airflow_env/lib/python3.10/site-packages/airflow/example_dags/example_latest_only.py took 0.048 seconds
