[2025-02-22T11:41:00.663-0300] {processor.py:186} INFO - Started process (PID=3946) to work on /home/lpimenta/pipelineAf/airflow_env/lib/python3.10/site-packages/airflow/example_dags/example_branch_day_of_week_operator.py
[2025-02-22T11:41:00.664-0300] {processor.py:914} INFO - Processing file /home/lpimenta/pipelineAf/airflow_env/lib/python3.10/site-packages/airflow/example_dags/example_branch_day_of_week_operator.py for tasks to queue
[2025-02-22T11:41:00.665-0300] {logging_mixin.py:190} INFO - [2025-02-22T11:41:00.665-0300] {dagbag.py:588} INFO - Filling up the DagBag from /home/lpimenta/pipelineAf/airflow_env/lib/python3.10/site-packages/airflow/example_dags/example_branch_day_of_week_operator.py
[2025-02-22T11:41:00.671-0300] {processor.py:925} INFO - DAG(s) 'example_weekday_branch_operator' retrieved from /home/lpimenta/pipelineAf/airflow_env/lib/python3.10/site-packages/airflow/example_dags/example_branch_day_of_week_operator.py
[2025-02-22T11:41:00.810-0300] {logging_mixin.py:190} INFO - [2025-02-22T11:41:00.810-0300] {override.py:1930} INFO - Created Permission View: can read on DAG:example_weekday_branch_operator
[2025-02-22T11:41:00.819-0300] {logging_mixin.py:190} INFO - [2025-02-22T11:41:00.818-0300] {override.py:1930} INFO - Created Permission View: can edit on DAG:example_weekday_branch_operator
[2025-02-22T11:41:00.826-0300] {logging_mixin.py:190} INFO - [2025-02-22T11:41:00.826-0300] {override.py:1930} INFO - Created Permission View: can delete on DAG:example_weekday_branch_operator
[2025-02-22T11:41:00.840-0300] {logging_mixin.py:190} INFO - [2025-02-22T11:41:00.840-0300] {override.py:1930} INFO - Created Permission View: can read on DAG Run:example_weekday_branch_operator
[2025-02-22T11:41:00.847-0300] {logging_mixin.py:190} INFO - [2025-02-22T11:41:00.847-0300] {override.py:1930} INFO - Created Permission View: can delete on DAG Run:example_weekday_branch_operator
[2025-02-22T11:41:00.854-0300] {logging_mixin.py:190} INFO - [2025-02-22T11:41:00.854-0300] {override.py:1930} INFO - Created Permission View: menu access on DAG Run:example_weekday_branch_operator
[2025-02-22T11:41:00.861-0300] {logging_mixin.py:190} INFO - [2025-02-22T11:41:00.861-0300] {override.py:1930} INFO - Created Permission View: can create on DAG Run:example_weekday_branch_operator
[2025-02-22T11:41:00.861-0300] {logging_mixin.py:190} INFO - [2025-02-22T11:41:00.861-0300] {dag.py:3239} INFO - Sync 1 DAGs
[2025-02-22T11:41:00.867-0300] {logging_mixin.py:190} INFO - [2025-02-22T11:41:00.867-0300] {dag.py:3262} INFO - Creating ORM DAG for example_weekday_branch_operator
[2025-02-22T11:41:00.871-0300] {logging_mixin.py:190} INFO - [2025-02-22T11:41:00.871-0300] {dag.py:4180} INFO - Setting next_dagrun for example_weekday_branch_operator to 2025-02-21 00:00:00+00:00, run_after=2025-02-22 00:00:00+00:00
[2025-02-22T11:41:00.886-0300] {processor.py:208} INFO - Processing /home/lpimenta/pipelineAf/airflow_env/lib/python3.10/site-packages/airflow/example_dags/example_branch_day_of_week_operator.py took 0.226 seconds
[2025-02-22T11:42:08.538-0300] {processor.py:186} INFO - Started process (PID=4265) to work on /home/lpimenta/pipelineAf/airflow_env/lib/python3.10/site-packages/airflow/example_dags/example_branch_day_of_week_operator.py
[2025-02-22T11:42:08.542-0300] {processor.py:914} INFO - Processing file /home/lpimenta/pipelineAf/airflow_env/lib/python3.10/site-packages/airflow/example_dags/example_branch_day_of_week_operator.py for tasks to queue
[2025-02-22T11:42:08.544-0300] {logging_mixin.py:190} INFO - [2025-02-22T11:42:08.543-0300] {dagbag.py:588} INFO - Filling up the DagBag from /home/lpimenta/pipelineAf/airflow_env/lib/python3.10/site-packages/airflow/example_dags/example_branch_day_of_week_operator.py
[2025-02-22T11:42:08.551-0300] {processor.py:925} INFO - DAG(s) 'example_weekday_branch_operator' retrieved from /home/lpimenta/pipelineAf/airflow_env/lib/python3.10/site-packages/airflow/example_dags/example_branch_day_of_week_operator.py
[2025-02-22T11:42:08.561-0300] {logging_mixin.py:190} INFO - [2025-02-22T11:42:08.561-0300] {dag.py:3239} INFO - Sync 1 DAGs
[2025-02-22T11:42:08.574-0300] {logging_mixin.py:190} INFO - [2025-02-22T11:42:08.573-0300] {dag.py:4180} INFO - Setting next_dagrun for example_weekday_branch_operator to 2025-02-21 00:00:00+00:00, run_after=2025-02-22 00:00:00+00:00
[2025-02-22T11:42:08.589-0300] {processor.py:208} INFO - Processing /home/lpimenta/pipelineAf/airflow_env/lib/python3.10/site-packages/airflow/example_dags/example_branch_day_of_week_operator.py took 0.057 seconds
[2025-02-22T11:43:08.460-0300] {processor.py:186} INFO - Started process (PID=4491) to work on /home/lpimenta/pipelineAf/airflow_env/lib/python3.10/site-packages/airflow/example_dags/example_branch_day_of_week_operator.py
[2025-02-22T11:43:08.462-0300] {processor.py:914} INFO - Processing file /home/lpimenta/pipelineAf/airflow_env/lib/python3.10/site-packages/airflow/example_dags/example_branch_day_of_week_operator.py for tasks to queue
[2025-02-22T11:43:08.464-0300] {logging_mixin.py:190} INFO - [2025-02-22T11:43:08.464-0300] {dagbag.py:588} INFO - Filling up the DagBag from /home/lpimenta/pipelineAf/airflow_env/lib/python3.10/site-packages/airflow/example_dags/example_branch_day_of_week_operator.py
[2025-02-22T11:43:08.471-0300] {processor.py:925} INFO - DAG(s) 'example_weekday_branch_operator' retrieved from /home/lpimenta/pipelineAf/airflow_env/lib/python3.10/site-packages/airflow/example_dags/example_branch_day_of_week_operator.py
[2025-02-22T11:43:08.484-0300] {logging_mixin.py:190} INFO - [2025-02-22T11:43:08.483-0300] {dag.py:3239} INFO - Sync 1 DAGs
[2025-02-22T11:43:08.514-0300] {logging_mixin.py:190} INFO - [2025-02-22T11:43:08.513-0300] {dag.py:4180} INFO - Setting next_dagrun for example_weekday_branch_operator to 2025-02-21 00:00:00+00:00, run_after=2025-02-22 00:00:00+00:00
[2025-02-22T11:43:08.535-0300] {processor.py:208} INFO - Processing /home/lpimenta/pipelineAf/airflow_env/lib/python3.10/site-packages/airflow/example_dags/example_branch_day_of_week_operator.py took 0.080 seconds
[2025-02-22T11:44:16.024-0300] {processor.py:186} INFO - Started process (PID=4740) to work on /home/lpimenta/pipelineAf/airflow_env/lib/python3.10/site-packages/airflow/example_dags/example_branch_day_of_week_operator.py
[2025-02-22T11:44:16.025-0300] {processor.py:914} INFO - Processing file /home/lpimenta/pipelineAf/airflow_env/lib/python3.10/site-packages/airflow/example_dags/example_branch_day_of_week_operator.py for tasks to queue
[2025-02-22T11:44:16.027-0300] {logging_mixin.py:190} INFO - [2025-02-22T11:44:16.027-0300] {dagbag.py:588} INFO - Filling up the DagBag from /home/lpimenta/pipelineAf/airflow_env/lib/python3.10/site-packages/airflow/example_dags/example_branch_day_of_week_operator.py
[2025-02-22T11:44:16.032-0300] {processor.py:925} INFO - DAG(s) 'example_weekday_branch_operator' retrieved from /home/lpimenta/pipelineAf/airflow_env/lib/python3.10/site-packages/airflow/example_dags/example_branch_day_of_week_operator.py
[2025-02-22T11:44:16.042-0300] {logging_mixin.py:190} INFO - [2025-02-22T11:44:16.042-0300] {dag.py:3239} INFO - Sync 1 DAGs
[2025-02-22T11:44:16.054-0300] {logging_mixin.py:190} INFO - [2025-02-22T11:44:16.053-0300] {dag.py:4180} INFO - Setting next_dagrun for example_weekday_branch_operator to 2025-02-21 00:00:00+00:00, run_after=2025-02-22 00:00:00+00:00
[2025-02-22T11:44:16.069-0300] {processor.py:208} INFO - Processing /home/lpimenta/pipelineAf/airflow_env/lib/python3.10/site-packages/airflow/example_dags/example_branch_day_of_week_operator.py took 0.048 seconds
[2025-02-22T11:45:17.198-0300] {processor.py:186} INFO - Started process (PID=4968) to work on /home/lpimenta/pipelineAf/airflow_env/lib/python3.10/site-packages/airflow/example_dags/example_branch_day_of_week_operator.py
[2025-02-22T11:45:17.201-0300] {processor.py:914} INFO - Processing file /home/lpimenta/pipelineAf/airflow_env/lib/python3.10/site-packages/airflow/example_dags/example_branch_day_of_week_operator.py for tasks to queue
[2025-02-22T11:45:17.202-0300] {logging_mixin.py:190} INFO - [2025-02-22T11:45:17.202-0300] {dagbag.py:588} INFO - Filling up the DagBag from /home/lpimenta/pipelineAf/airflow_env/lib/python3.10/site-packages/airflow/example_dags/example_branch_day_of_week_operator.py
[2025-02-22T11:45:17.208-0300] {processor.py:925} INFO - DAG(s) 'example_weekday_branch_operator' retrieved from /home/lpimenta/pipelineAf/airflow_env/lib/python3.10/site-packages/airflow/example_dags/example_branch_day_of_week_operator.py
[2025-02-22T11:45:17.218-0300] {logging_mixin.py:190} INFO - [2025-02-22T11:45:17.218-0300] {dag.py:3239} INFO - Sync 1 DAGs
[2025-02-22T11:45:17.229-0300] {logging_mixin.py:190} INFO - [2025-02-22T11:45:17.229-0300] {dag.py:4180} INFO - Setting next_dagrun for example_weekday_branch_operator to 2025-02-21 00:00:00+00:00, run_after=2025-02-22 00:00:00+00:00
[2025-02-22T11:45:17.246-0300] {processor.py:208} INFO - Processing /home/lpimenta/pipelineAf/airflow_env/lib/python3.10/site-packages/airflow/example_dags/example_branch_day_of_week_operator.py took 0.051 seconds
[2025-02-22T11:46:20.724-0300] {processor.py:186} INFO - Started process (PID=5203) to work on /home/lpimenta/pipelineAf/airflow_env/lib/python3.10/site-packages/airflow/example_dags/example_branch_day_of_week_operator.py
[2025-02-22T11:46:20.730-0300] {processor.py:914} INFO - Processing file /home/lpimenta/pipelineAf/airflow_env/lib/python3.10/site-packages/airflow/example_dags/example_branch_day_of_week_operator.py for tasks to queue
[2025-02-22T11:46:20.731-0300] {logging_mixin.py:190} INFO - [2025-02-22T11:46:20.731-0300] {dagbag.py:588} INFO - Filling up the DagBag from /home/lpimenta/pipelineAf/airflow_env/lib/python3.10/site-packages/airflow/example_dags/example_branch_day_of_week_operator.py
[2025-02-22T11:46:20.737-0300] {processor.py:925} INFO - DAG(s) 'example_weekday_branch_operator' retrieved from /home/lpimenta/pipelineAf/airflow_env/lib/python3.10/site-packages/airflow/example_dags/example_branch_day_of_week_operator.py
[2025-02-22T11:46:20.747-0300] {logging_mixin.py:190} INFO - [2025-02-22T11:46:20.747-0300] {dag.py:3239} INFO - Sync 1 DAGs
[2025-02-22T11:46:20.758-0300] {logging_mixin.py:190} INFO - [2025-02-22T11:46:20.758-0300] {dag.py:4180} INFO - Setting next_dagrun for example_weekday_branch_operator to 2025-02-21 00:00:00+00:00, run_after=2025-02-22 00:00:00+00:00
[2025-02-22T11:46:20.776-0300] {processor.py:208} INFO - Processing /home/lpimenta/pipelineAf/airflow_env/lib/python3.10/site-packages/airflow/example_dags/example_branch_day_of_week_operator.py took 0.056 seconds
[2025-02-22T11:47:26.775-0300] {processor.py:186} INFO - Started process (PID=5441) to work on /home/lpimenta/pipelineAf/airflow_env/lib/python3.10/site-packages/airflow/example_dags/example_branch_day_of_week_operator.py
[2025-02-22T11:47:26.777-0300] {processor.py:914} INFO - Processing file /home/lpimenta/pipelineAf/airflow_env/lib/python3.10/site-packages/airflow/example_dags/example_branch_day_of_week_operator.py for tasks to queue
[2025-02-22T11:47:26.778-0300] {logging_mixin.py:190} INFO - [2025-02-22T11:47:26.777-0300] {dagbag.py:588} INFO - Filling up the DagBag from /home/lpimenta/pipelineAf/airflow_env/lib/python3.10/site-packages/airflow/example_dags/example_branch_day_of_week_operator.py
[2025-02-22T11:47:26.784-0300] {processor.py:925} INFO - DAG(s) 'example_weekday_branch_operator' retrieved from /home/lpimenta/pipelineAf/airflow_env/lib/python3.10/site-packages/airflow/example_dags/example_branch_day_of_week_operator.py
[2025-02-22T11:47:26.794-0300] {logging_mixin.py:190} INFO - [2025-02-22T11:47:26.794-0300] {dag.py:3239} INFO - Sync 1 DAGs
[2025-02-22T11:47:26.807-0300] {logging_mixin.py:190} INFO - [2025-02-22T11:47:26.807-0300] {dag.py:4180} INFO - Setting next_dagrun for example_weekday_branch_operator to 2025-02-21 00:00:00+00:00, run_after=2025-02-22 00:00:00+00:00
[2025-02-22T11:47:26.821-0300] {processor.py:208} INFO - Processing /home/lpimenta/pipelineAf/airflow_env/lib/python3.10/site-packages/airflow/example_dags/example_branch_day_of_week_operator.py took 0.050 seconds
[2025-02-22T11:48:30.359-0300] {processor.py:186} INFO - Started process (PID=5666) to work on /home/lpimenta/pipelineAf/airflow_env/lib/python3.10/site-packages/airflow/example_dags/example_branch_day_of_week_operator.py
[2025-02-22T11:48:30.361-0300] {processor.py:914} INFO - Processing file /home/lpimenta/pipelineAf/airflow_env/lib/python3.10/site-packages/airflow/example_dags/example_branch_day_of_week_operator.py for tasks to queue
[2025-02-22T11:48:30.361-0300] {logging_mixin.py:190} INFO - [2025-02-22T11:48:30.361-0300] {dagbag.py:588} INFO - Filling up the DagBag from /home/lpimenta/pipelineAf/airflow_env/lib/python3.10/site-packages/airflow/example_dags/example_branch_day_of_week_operator.py
[2025-02-22T11:48:30.368-0300] {processor.py:925} INFO - DAG(s) 'example_weekday_branch_operator' retrieved from /home/lpimenta/pipelineAf/airflow_env/lib/python3.10/site-packages/airflow/example_dags/example_branch_day_of_week_operator.py
[2025-02-22T11:48:30.378-0300] {logging_mixin.py:190} INFO - [2025-02-22T11:48:30.377-0300] {dag.py:3239} INFO - Sync 1 DAGs
[2025-02-22T11:48:30.389-0300] {logging_mixin.py:190} INFO - [2025-02-22T11:48:30.389-0300] {dag.py:4180} INFO - Setting next_dagrun for example_weekday_branch_operator to 2025-02-21 00:00:00+00:00, run_after=2025-02-22 00:00:00+00:00
[2025-02-22T11:48:30.403-0300] {processor.py:208} INFO - Processing /home/lpimenta/pipelineAf/airflow_env/lib/python3.10/site-packages/airflow/example_dags/example_branch_day_of_week_operator.py took 0.048 seconds
[2025-02-22T11:49:30.229-0300] {processor.py:186} INFO - Started process (PID=5947) to work on /home/lpimenta/pipelineAf/airflow_env/lib/python3.10/site-packages/airflow/example_dags/example_branch_day_of_week_operator.py
[2025-02-22T11:49:30.231-0300] {processor.py:914} INFO - Processing file /home/lpimenta/pipelineAf/airflow_env/lib/python3.10/site-packages/airflow/example_dags/example_branch_day_of_week_operator.py for tasks to queue
[2025-02-22T11:49:30.232-0300] {logging_mixin.py:190} INFO - [2025-02-22T11:49:30.232-0300] {dagbag.py:588} INFO - Filling up the DagBag from /home/lpimenta/pipelineAf/airflow_env/lib/python3.10/site-packages/airflow/example_dags/example_branch_day_of_week_operator.py
[2025-02-22T11:49:30.238-0300] {processor.py:925} INFO - DAG(s) 'example_weekday_branch_operator' retrieved from /home/lpimenta/pipelineAf/airflow_env/lib/python3.10/site-packages/airflow/example_dags/example_branch_day_of_week_operator.py
[2025-02-22T11:49:30.248-0300] {logging_mixin.py:190} INFO - [2025-02-22T11:49:30.248-0300] {dag.py:3239} INFO - Sync 1 DAGs
[2025-02-22T11:49:30.260-0300] {logging_mixin.py:190} INFO - [2025-02-22T11:49:30.260-0300] {dag.py:4180} INFO - Setting next_dagrun for example_weekday_branch_operator to 2025-02-21 00:00:00+00:00, run_after=2025-02-22 00:00:00+00:00
[2025-02-22T11:49:30.277-0300] {processor.py:208} INFO - Processing /home/lpimenta/pipelineAf/airflow_env/lib/python3.10/site-packages/airflow/example_dags/example_branch_day_of_week_operator.py took 0.052 seconds
