[2025-02-22T11:40:50.215-0300] {processor.py:186} INFO - Started process (PID=3895) to work on /home/lpimenta/pipelineAf/airflow_env/lib/python3.10/site-packages/airflow/example_dags/example_sensors.py
[2025-02-22T11:40:50.216-0300] {processor.py:914} INFO - Processing file /home/lpimenta/pipelineAf/airflow_env/lib/python3.10/site-packages/airflow/example_dags/example_sensors.py for tasks to queue
[2025-02-22T11:40:50.217-0300] {logging_mixin.py:190} INFO - [2025-02-22T11:40:50.217-0300] {dagbag.py:588} INFO - Filling up the DagBag from /home/lpimenta/pipelineAf/airflow_env/lib/python3.10/site-packages/airflow/example_dags/example_sensors.py
[2025-02-22T11:40:50.224-0300] {processor.py:925} INFO - DAG(s) 'example_sensors' retrieved from /home/lpimenta/pipelineAf/airflow_env/lib/python3.10/site-packages/airflow/example_dags/example_sensors.py
[2025-02-22T11:40:50.349-0300] {logging_mixin.py:190} INFO - [2025-02-22T11:40:50.349-0300] {override.py:1930} INFO - Created Permission View: can read on DAG:example_sensors
[2025-02-22T11:40:50.358-0300] {logging_mixin.py:190} INFO - [2025-02-22T11:40:50.358-0300] {override.py:1930} INFO - Created Permission View: can edit on DAG:example_sensors
[2025-02-22T11:40:50.365-0300] {logging_mixin.py:190} INFO - [2025-02-22T11:40:50.365-0300] {override.py:1930} INFO - Created Permission View: can delete on DAG:example_sensors
[2025-02-22T11:40:50.378-0300] {logging_mixin.py:190} INFO - [2025-02-22T11:40:50.377-0300] {override.py:1930} INFO - Created Permission View: can read on DAG Run:example_sensors
[2025-02-22T11:40:50.386-0300] {logging_mixin.py:190} INFO - [2025-02-22T11:40:50.385-0300] {override.py:1930} INFO - Created Permission View: can delete on DAG Run:example_sensors
[2025-02-22T11:40:50.393-0300] {logging_mixin.py:190} INFO - [2025-02-22T11:40:50.393-0300] {override.py:1930} INFO - Created Permission View: menu access on DAG Run:example_sensors
[2025-02-22T11:40:50.400-0300] {logging_mixin.py:190} INFO - [2025-02-22T11:40:50.400-0300] {override.py:1930} INFO - Created Permission View: can create on DAG Run:example_sensors
[2025-02-22T11:40:50.401-0300] {logging_mixin.py:190} INFO - [2025-02-22T11:40:50.400-0300] {dag.py:3239} INFO - Sync 1 DAGs
[2025-02-22T11:40:50.406-0300] {logging_mixin.py:190} INFO - [2025-02-22T11:40:50.406-0300] {dag.py:3262} INFO - Creating ORM DAG for example_sensors
[2025-02-22T11:40:50.407-0300] {logging_mixin.py:190} INFO - [2025-02-22T11:40:50.406-0300] {dag.py:4180} INFO - Setting next_dagrun for example_sensors to None, run_after=None
[2025-02-22T11:40:50.421-0300] {processor.py:208} INFO - Processing /home/lpimenta/pipelineAf/airflow_env/lib/python3.10/site-packages/airflow/example_dags/example_sensors.py took 0.210 seconds
[2025-02-22T11:41:59.419-0300] {processor.py:186} INFO - Started process (PID=4232) to work on /home/lpimenta/pipelineAf/airflow_env/lib/python3.10/site-packages/airflow/example_dags/example_sensors.py
[2025-02-22T11:41:59.423-0300] {processor.py:914} INFO - Processing file /home/lpimenta/pipelineAf/airflow_env/lib/python3.10/site-packages/airflow/example_dags/example_sensors.py for tasks to queue
[2025-02-22T11:41:59.425-0300] {logging_mixin.py:190} INFO - [2025-02-22T11:41:59.425-0300] {dagbag.py:588} INFO - Filling up the DagBag from /home/lpimenta/pipelineAf/airflow_env/lib/python3.10/site-packages/airflow/example_dags/example_sensors.py
[2025-02-22T11:41:59.433-0300] {processor.py:925} INFO - DAG(s) 'example_sensors' retrieved from /home/lpimenta/pipelineAf/airflow_env/lib/python3.10/site-packages/airflow/example_dags/example_sensors.py
[2025-02-22T11:41:59.445-0300] {logging_mixin.py:190} INFO - [2025-02-22T11:41:59.445-0300] {dag.py:3239} INFO - Sync 1 DAGs
[2025-02-22T11:41:59.452-0300] {logging_mixin.py:190} INFO - [2025-02-22T11:41:59.452-0300] {dag.py:4180} INFO - Setting next_dagrun for example_sensors to None, run_after=None
[2025-02-22T11:41:59.469-0300] {processor.py:208} INFO - Processing /home/lpimenta/pipelineAf/airflow_env/lib/python3.10/site-packages/airflow/example_dags/example_sensors.py took 0.054 seconds
[2025-02-22T11:42:56.359-0300] {processor.py:186} INFO - Started process (PID=4452) to work on /home/lpimenta/pipelineAf/airflow_env/lib/python3.10/site-packages/airflow/example_dags/example_sensors.py
[2025-02-22T11:42:56.362-0300] {processor.py:914} INFO - Processing file /home/lpimenta/pipelineAf/airflow_env/lib/python3.10/site-packages/airflow/example_dags/example_sensors.py for tasks to queue
[2025-02-22T11:42:56.363-0300] {logging_mixin.py:190} INFO - [2025-02-22T11:42:56.363-0300] {dagbag.py:588} INFO - Filling up the DagBag from /home/lpimenta/pipelineAf/airflow_env/lib/python3.10/site-packages/airflow/example_dags/example_sensors.py
[2025-02-22T11:42:56.370-0300] {processor.py:925} INFO - DAG(s) 'example_sensors' retrieved from /home/lpimenta/pipelineAf/airflow_env/lib/python3.10/site-packages/airflow/example_dags/example_sensors.py
[2025-02-22T11:42:56.381-0300] {logging_mixin.py:190} INFO - [2025-02-22T11:42:56.381-0300] {dag.py:3239} INFO - Sync 1 DAGs
[2025-02-22T11:42:56.388-0300] {logging_mixin.py:190} INFO - [2025-02-22T11:42:56.388-0300] {dag.py:4180} INFO - Setting next_dagrun for example_sensors to None, run_after=None
[2025-02-22T11:42:56.405-0300] {processor.py:208} INFO - Processing /home/lpimenta/pipelineAf/airflow_env/lib/python3.10/site-packages/airflow/example_dags/example_sensors.py took 0.050 seconds
[2025-02-22T11:44:04.426-0300] {processor.py:186} INFO - Started process (PID=4706) to work on /home/lpimenta/pipelineAf/airflow_env/lib/python3.10/site-packages/airflow/example_dags/example_sensors.py
[2025-02-22T11:44:04.430-0300] {processor.py:914} INFO - Processing file /home/lpimenta/pipelineAf/airflow_env/lib/python3.10/site-packages/airflow/example_dags/example_sensors.py for tasks to queue
[2025-02-22T11:44:04.432-0300] {logging_mixin.py:190} INFO - [2025-02-22T11:44:04.431-0300] {dagbag.py:588} INFO - Filling up the DagBag from /home/lpimenta/pipelineAf/airflow_env/lib/python3.10/site-packages/airflow/example_dags/example_sensors.py
[2025-02-22T11:44:04.438-0300] {processor.py:925} INFO - DAG(s) 'example_sensors' retrieved from /home/lpimenta/pipelineAf/airflow_env/lib/python3.10/site-packages/airflow/example_dags/example_sensors.py
[2025-02-22T11:44:04.452-0300] {logging_mixin.py:190} INFO - [2025-02-22T11:44:04.452-0300] {dag.py:3239} INFO - Sync 1 DAGs
[2025-02-22T11:44:04.458-0300] {logging_mixin.py:190} INFO - [2025-02-22T11:44:04.458-0300] {dag.py:4180} INFO - Setting next_dagrun for example_sensors to None, run_after=None
[2025-02-22T11:44:04.475-0300] {processor.py:208} INFO - Processing /home/lpimenta/pipelineAf/airflow_env/lib/python3.10/site-packages/airflow/example_dags/example_sensors.py took 0.053 seconds
[2025-02-22T11:45:08.057-0300] {processor.py:186} INFO - Started process (PID=4929) to work on /home/lpimenta/pipelineAf/airflow_env/lib/python3.10/site-packages/airflow/example_dags/example_sensors.py
[2025-02-22T11:45:08.060-0300] {processor.py:914} INFO - Processing file /home/lpimenta/pipelineAf/airflow_env/lib/python3.10/site-packages/airflow/example_dags/example_sensors.py for tasks to queue
[2025-02-22T11:45:08.062-0300] {logging_mixin.py:190} INFO - [2025-02-22T11:45:08.061-0300] {dagbag.py:588} INFO - Filling up the DagBag from /home/lpimenta/pipelineAf/airflow_env/lib/python3.10/site-packages/airflow/example_dags/example_sensors.py
[2025-02-22T11:45:08.069-0300] {processor.py:925} INFO - DAG(s) 'example_sensors' retrieved from /home/lpimenta/pipelineAf/airflow_env/lib/python3.10/site-packages/airflow/example_dags/example_sensors.py
[2025-02-22T11:45:08.081-0300] {logging_mixin.py:190} INFO - [2025-02-22T11:45:08.080-0300] {dag.py:3239} INFO - Sync 1 DAGs
[2025-02-22T11:45:08.087-0300] {logging_mixin.py:190} INFO - [2025-02-22T11:45:08.087-0300] {dag.py:4180} INFO - Setting next_dagrun for example_sensors to None, run_after=None
[2025-02-22T11:45:08.104-0300] {processor.py:208} INFO - Processing /home/lpimenta/pipelineAf/airflow_env/lib/python3.10/site-packages/airflow/example_dags/example_sensors.py took 0.050 seconds
[2025-02-22T11:46:11.723-0300] {processor.py:186} INFO - Started process (PID=5164) to work on /home/lpimenta/pipelineAf/airflow_env/lib/python3.10/site-packages/airflow/example_dags/example_sensors.py
[2025-02-22T11:46:11.726-0300] {processor.py:914} INFO - Processing file /home/lpimenta/pipelineAf/airflow_env/lib/python3.10/site-packages/airflow/example_dags/example_sensors.py for tasks to queue
[2025-02-22T11:46:11.727-0300] {logging_mixin.py:190} INFO - [2025-02-22T11:46:11.727-0300] {dagbag.py:588} INFO - Filling up the DagBag from /home/lpimenta/pipelineAf/airflow_env/lib/python3.10/site-packages/airflow/example_dags/example_sensors.py
[2025-02-22T11:46:11.735-0300] {processor.py:925} INFO - DAG(s) 'example_sensors' retrieved from /home/lpimenta/pipelineAf/airflow_env/lib/python3.10/site-packages/airflow/example_dags/example_sensors.py
[2025-02-22T11:46:11.746-0300] {logging_mixin.py:190} INFO - [2025-02-22T11:46:11.746-0300] {dag.py:3239} INFO - Sync 1 DAGs
[2025-02-22T11:46:11.752-0300] {logging_mixin.py:190} INFO - [2025-02-22T11:46:11.752-0300] {dag.py:4180} INFO - Setting next_dagrun for example_sensors to None, run_after=None
[2025-02-22T11:46:11.771-0300] {processor.py:208} INFO - Processing /home/lpimenta/pipelineAf/airflow_env/lib/python3.10/site-packages/airflow/example_dags/example_sensors.py took 0.051 seconds
[2025-02-22T11:47:18.251-0300] {processor.py:186} INFO - Started process (PID=5402) to work on /home/lpimenta/pipelineAf/airflow_env/lib/python3.10/site-packages/airflow/example_dags/example_sensors.py
[2025-02-22T11:47:18.252-0300] {processor.py:914} INFO - Processing file /home/lpimenta/pipelineAf/airflow_env/lib/python3.10/site-packages/airflow/example_dags/example_sensors.py for tasks to queue
[2025-02-22T11:47:18.253-0300] {logging_mixin.py:190} INFO - [2025-02-22T11:47:18.253-0300] {dagbag.py:588} INFO - Filling up the DagBag from /home/lpimenta/pipelineAf/airflow_env/lib/python3.10/site-packages/airflow/example_dags/example_sensors.py
[2025-02-22T11:47:18.262-0300] {processor.py:925} INFO - DAG(s) 'example_sensors' retrieved from /home/lpimenta/pipelineAf/airflow_env/lib/python3.10/site-packages/airflow/example_dags/example_sensors.py
[2025-02-22T11:47:18.275-0300] {logging_mixin.py:190} INFO - [2025-02-22T11:47:18.275-0300] {dag.py:3239} INFO - Sync 1 DAGs
[2025-02-22T11:47:18.282-0300] {logging_mixin.py:190} INFO - [2025-02-22T11:47:18.282-0300] {dag.py:4180} INFO - Setting next_dagrun for example_sensors to None, run_after=None
[2025-02-22T11:47:18.297-0300] {processor.py:208} INFO - Processing /home/lpimenta/pipelineAf/airflow_env/lib/python3.10/site-packages/airflow/example_dags/example_sensors.py took 0.051 seconds
[2025-02-22T11:48:19.229-0300] {processor.py:186} INFO - Started process (PID=5639) to work on /home/lpimenta/pipelineAf/airflow_env/lib/python3.10/site-packages/airflow/example_dags/example_sensors.py
[2025-02-22T11:48:19.231-0300] {processor.py:914} INFO - Processing file /home/lpimenta/pipelineAf/airflow_env/lib/python3.10/site-packages/airflow/example_dags/example_sensors.py for tasks to queue
[2025-02-22T11:48:19.232-0300] {logging_mixin.py:190} INFO - [2025-02-22T11:48:19.232-0300] {dagbag.py:588} INFO - Filling up the DagBag from /home/lpimenta/pipelineAf/airflow_env/lib/python3.10/site-packages/airflow/example_dags/example_sensors.py
[2025-02-22T11:48:19.239-0300] {processor.py:925} INFO - DAG(s) 'example_sensors' retrieved from /home/lpimenta/pipelineAf/airflow_env/lib/python3.10/site-packages/airflow/example_dags/example_sensors.py
[2025-02-22T11:48:19.250-0300] {logging_mixin.py:190} INFO - [2025-02-22T11:48:19.250-0300] {dag.py:3239} INFO - Sync 1 DAGs
[2025-02-22T11:48:19.256-0300] {logging_mixin.py:190} INFO - [2025-02-22T11:48:19.256-0300] {dag.py:4180} INFO - Setting next_dagrun for example_sensors to None, run_after=None
[2025-02-22T11:48:19.272-0300] {processor.py:208} INFO - Processing /home/lpimenta/pipelineAf/airflow_env/lib/python3.10/site-packages/airflow/example_dags/example_sensors.py took 0.047 seconds
[2025-02-22T11:49:20.704-0300] {processor.py:186} INFO - Started process (PID=5899) to work on /home/lpimenta/pipelineAf/airflow_env/lib/python3.10/site-packages/airflow/example_dags/example_sensors.py
[2025-02-22T11:49:20.706-0300] {processor.py:914} INFO - Processing file /home/lpimenta/pipelineAf/airflow_env/lib/python3.10/site-packages/airflow/example_dags/example_sensors.py for tasks to queue
[2025-02-22T11:49:20.707-0300] {logging_mixin.py:190} INFO - [2025-02-22T11:49:20.707-0300] {dagbag.py:588} INFO - Filling up the DagBag from /home/lpimenta/pipelineAf/airflow_env/lib/python3.10/site-packages/airflow/example_dags/example_sensors.py
[2025-02-22T11:49:20.714-0300] {processor.py:925} INFO - DAG(s) 'example_sensors' retrieved from /home/lpimenta/pipelineAf/airflow_env/lib/python3.10/site-packages/airflow/example_dags/example_sensors.py
[2025-02-22T11:49:20.727-0300] {logging_mixin.py:190} INFO - [2025-02-22T11:49:20.727-0300] {dag.py:3239} INFO - Sync 1 DAGs
[2025-02-22T11:49:20.733-0300] {logging_mixin.py:190} INFO - [2025-02-22T11:49:20.733-0300] {dag.py:4180} INFO - Setting next_dagrun for example_sensors to None, run_after=None
[2025-02-22T11:49:20.749-0300] {processor.py:208} INFO - Processing /home/lpimenta/pipelineAf/airflow_env/lib/python3.10/site-packages/airflow/example_dags/example_sensors.py took 0.049 seconds
