[2025-02-22T11:41:04.698-0300] {processor.py:186} INFO - Started process (PID=3966) to work on /home/lpimenta/pipelineAf/airflow_env/lib/python3.10/site-packages/airflow/example_dags/example_python_operator.py
[2025-02-22T11:41:04.699-0300] {processor.py:914} INFO - Processing file /home/lpimenta/pipelineAf/airflow_env/lib/python3.10/site-packages/airflow/example_dags/example_python_operator.py for tasks to queue
[2025-02-22T11:41:04.701-0300] {logging_mixin.py:190} INFO - [2025-02-22T11:41:04.701-0300] {dagbag.py:588} INFO - Filling up the DagBag from /home/lpimenta/pipelineAf/airflow_env/lib/python3.10/site-packages/airflow/example_dags/example_python_operator.py
[2025-02-22T11:41:04.716-0300] {processor.py:925} INFO - DAG(s) 'example_python_operator' retrieved from /home/lpimenta/pipelineAf/airflow_env/lib/python3.10/site-packages/airflow/example_dags/example_python_operator.py
[2025-02-22T11:41:04.890-0300] {logging_mixin.py:190} INFO - [2025-02-22T11:41:04.890-0300] {override.py:1930} INFO - Created Permission View: can read on DAG:example_python_operator
[2025-02-22T11:41:04.909-0300] {logging_mixin.py:190} INFO - [2025-02-22T11:41:04.908-0300] {override.py:1930} INFO - Created Permission View: can edit on DAG:example_python_operator
[2025-02-22T11:41:04.918-0300] {logging_mixin.py:190} INFO - [2025-02-22T11:41:04.918-0300] {override.py:1930} INFO - Created Permission View: can delete on DAG:example_python_operator
[2025-02-22T11:41:04.933-0300] {logging_mixin.py:190} INFO - [2025-02-22T11:41:04.932-0300] {override.py:1930} INFO - Created Permission View: can read on DAG Run:example_python_operator
[2025-02-22T11:41:05.019-0300] {logging_mixin.py:190} INFO - [2025-02-22T11:41:05.019-0300] {override.py:1930} INFO - Created Permission View: can delete on DAG Run:example_python_operator
[2025-02-22T11:41:05.027-0300] {logging_mixin.py:190} INFO - [2025-02-22T11:41:05.027-0300] {override.py:1930} INFO - Created Permission View: menu access on DAG Run:example_python_operator
[2025-02-22T11:41:05.035-0300] {logging_mixin.py:190} INFO - [2025-02-22T11:41:05.034-0300] {override.py:1930} INFO - Created Permission View: can create on DAG Run:example_python_operator
[2025-02-22T11:41:05.035-0300] {logging_mixin.py:190} INFO - [2025-02-22T11:41:05.035-0300] {dag.py:3239} INFO - Sync 1 DAGs
[2025-02-22T11:41:05.040-0300] {logging_mixin.py:190} INFO - [2025-02-22T11:41:05.040-0300] {dag.py:3262} INFO - Creating ORM DAG for example_python_operator
[2025-02-22T11:41:05.041-0300] {logging_mixin.py:190} INFO - [2025-02-22T11:41:05.041-0300] {dag.py:4180} INFO - Setting next_dagrun for example_python_operator to None, run_after=None
[2025-02-22T11:41:05.057-0300] {processor.py:208} INFO - Processing /home/lpimenta/pipelineAf/airflow_env/lib/python3.10/site-packages/airflow/example_dags/example_python_operator.py took 0.367 seconds
[2025-02-22T11:42:18.365-0300] {processor.py:186} INFO - Started process (PID=4305) to work on /home/lpimenta/pipelineAf/airflow_env/lib/python3.10/site-packages/airflow/example_dags/example_python_operator.py
[2025-02-22T11:42:18.366-0300] {processor.py:914} INFO - Processing file /home/lpimenta/pipelineAf/airflow_env/lib/python3.10/site-packages/airflow/example_dags/example_python_operator.py for tasks to queue
[2025-02-22T11:42:18.367-0300] {logging_mixin.py:190} INFO - [2025-02-22T11:42:18.367-0300] {dagbag.py:588} INFO - Filling up the DagBag from /home/lpimenta/pipelineAf/airflow_env/lib/python3.10/site-packages/airflow/example_dags/example_python_operator.py
[2025-02-22T11:42:18.376-0300] {processor.py:925} INFO - DAG(s) 'example_python_operator' retrieved from /home/lpimenta/pipelineAf/airflow_env/lib/python3.10/site-packages/airflow/example_dags/example_python_operator.py
[2025-02-22T11:42:18.386-0300] {logging_mixin.py:190} INFO - [2025-02-22T11:42:18.386-0300] {dag.py:3239} INFO - Sync 1 DAGs
[2025-02-22T11:42:18.394-0300] {logging_mixin.py:190} INFO - [2025-02-22T11:42:18.393-0300] {dag.py:4180} INFO - Setting next_dagrun for example_python_operator to None, run_after=None
[2025-02-22T11:42:18.411-0300] {processor.py:208} INFO - Processing /home/lpimenta/pipelineAf/airflow_env/lib/python3.10/site-packages/airflow/example_dags/example_python_operator.py took 0.050 seconds
[2025-02-22T11:43:17.594-0300] {processor.py:186} INFO - Started process (PID=4531) to work on /home/lpimenta/pipelineAf/airflow_env/lib/python3.10/site-packages/airflow/example_dags/example_python_operator.py
[2025-02-22T11:43:17.596-0300] {processor.py:914} INFO - Processing file /home/lpimenta/pipelineAf/airflow_env/lib/python3.10/site-packages/airflow/example_dags/example_python_operator.py for tasks to queue
[2025-02-22T11:43:17.597-0300] {logging_mixin.py:190} INFO - [2025-02-22T11:43:17.597-0300] {dagbag.py:588} INFO - Filling up the DagBag from /home/lpimenta/pipelineAf/airflow_env/lib/python3.10/site-packages/airflow/example_dags/example_python_operator.py
[2025-02-22T11:43:17.605-0300] {processor.py:925} INFO - DAG(s) 'example_python_operator' retrieved from /home/lpimenta/pipelineAf/airflow_env/lib/python3.10/site-packages/airflow/example_dags/example_python_operator.py
[2025-02-22T11:43:17.617-0300] {logging_mixin.py:190} INFO - [2025-02-22T11:43:17.617-0300] {dag.py:3239} INFO - Sync 1 DAGs
[2025-02-22T11:43:17.624-0300] {logging_mixin.py:190} INFO - [2025-02-22T11:43:17.624-0300] {dag.py:4180} INFO - Setting next_dagrun for example_python_operator to None, run_after=None
[2025-02-22T11:43:17.640-0300] {processor.py:208} INFO - Processing /home/lpimenta/pipelineAf/airflow_env/lib/python3.10/site-packages/airflow/example_dags/example_python_operator.py took 0.049 seconds
[2025-02-22T11:44:23.429-0300] {processor.py:186} INFO - Started process (PID=4767) to work on /home/lpimenta/pipelineAf/airflow_env/lib/python3.10/site-packages/airflow/example_dags/example_python_operator.py
[2025-02-22T11:44:23.432-0300] {processor.py:914} INFO - Processing file /home/lpimenta/pipelineAf/airflow_env/lib/python3.10/site-packages/airflow/example_dags/example_python_operator.py for tasks to queue
[2025-02-22T11:44:23.434-0300] {logging_mixin.py:190} INFO - [2025-02-22T11:44:23.433-0300] {dagbag.py:588} INFO - Filling up the DagBag from /home/lpimenta/pipelineAf/airflow_env/lib/python3.10/site-packages/airflow/example_dags/example_python_operator.py
[2025-02-22T11:44:23.441-0300] {processor.py:925} INFO - DAG(s) 'example_python_operator' retrieved from /home/lpimenta/pipelineAf/airflow_env/lib/python3.10/site-packages/airflow/example_dags/example_python_operator.py
[2025-02-22T11:44:23.451-0300] {logging_mixin.py:190} INFO - [2025-02-22T11:44:23.451-0300] {dag.py:3239} INFO - Sync 1 DAGs
[2025-02-22T11:44:23.460-0300] {logging_mixin.py:190} INFO - [2025-02-22T11:44:23.459-0300] {dag.py:4180} INFO - Setting next_dagrun for example_python_operator to None, run_after=None
[2025-02-22T11:44:23.473-0300] {processor.py:208} INFO - Processing /home/lpimenta/pipelineAf/airflow_env/lib/python3.10/site-packages/airflow/example_dags/example_python_operator.py took 0.047 seconds
[2025-02-22T11:45:28.781-0300] {processor.py:186} INFO - Started process (PID=5000) to work on /home/lpimenta/pipelineAf/airflow_env/lib/python3.10/site-packages/airflow/example_dags/example_python_operator.py
[2025-02-22T11:45:28.784-0300] {processor.py:914} INFO - Processing file /home/lpimenta/pipelineAf/airflow_env/lib/python3.10/site-packages/airflow/example_dags/example_python_operator.py for tasks to queue
[2025-02-22T11:45:28.785-0300] {logging_mixin.py:190} INFO - [2025-02-22T11:45:28.785-0300] {dagbag.py:588} INFO - Filling up the DagBag from /home/lpimenta/pipelineAf/airflow_env/lib/python3.10/site-packages/airflow/example_dags/example_python_operator.py
[2025-02-22T11:45:28.793-0300] {processor.py:925} INFO - DAG(s) 'example_python_operator' retrieved from /home/lpimenta/pipelineAf/airflow_env/lib/python3.10/site-packages/airflow/example_dags/example_python_operator.py
[2025-02-22T11:45:28.805-0300] {logging_mixin.py:190} INFO - [2025-02-22T11:45:28.804-0300] {dag.py:3239} INFO - Sync 1 DAGs
[2025-02-22T11:45:28.814-0300] {logging_mixin.py:190} INFO - [2025-02-22T11:45:28.813-0300] {dag.py:4180} INFO - Setting next_dagrun for example_python_operator to None, run_after=None
[2025-02-22T11:45:28.830-0300] {processor.py:208} INFO - Processing /home/lpimenta/pipelineAf/airflow_env/lib/python3.10/site-packages/airflow/example_dags/example_python_operator.py took 0.053 seconds
[2025-02-22T11:46:35.576-0300] {processor.py:186} INFO - Started process (PID=5244) to work on /home/lpimenta/pipelineAf/airflow_env/lib/python3.10/site-packages/airflow/example_dags/example_python_operator.py
[2025-02-22T11:46:35.580-0300] {processor.py:914} INFO - Processing file /home/lpimenta/pipelineAf/airflow_env/lib/python3.10/site-packages/airflow/example_dags/example_python_operator.py for tasks to queue
[2025-02-22T11:46:35.581-0300] {logging_mixin.py:190} INFO - [2025-02-22T11:46:35.581-0300] {dagbag.py:588} INFO - Filling up the DagBag from /home/lpimenta/pipelineAf/airflow_env/lib/python3.10/site-packages/airflow/example_dags/example_python_operator.py
[2025-02-22T11:46:35.590-0300] {processor.py:925} INFO - DAG(s) 'example_python_operator' retrieved from /home/lpimenta/pipelineAf/airflow_env/lib/python3.10/site-packages/airflow/example_dags/example_python_operator.py
[2025-02-22T11:46:35.601-0300] {logging_mixin.py:190} INFO - [2025-02-22T11:46:35.601-0300] {dag.py:3239} INFO - Sync 1 DAGs
[2025-02-22T11:46:35.608-0300] {logging_mixin.py:190} INFO - [2025-02-22T11:46:35.608-0300] {dag.py:4180} INFO - Setting next_dagrun for example_python_operator to None, run_after=None
[2025-02-22T11:46:35.622-0300] {processor.py:208} INFO - Processing /home/lpimenta/pipelineAf/airflow_env/lib/python3.10/site-packages/airflow/example_dags/example_python_operator.py took 0.051 seconds
[2025-02-22T11:47:33.208-0300] {processor.py:186} INFO - Started process (PID=5466) to work on /home/lpimenta/pipelineAf/airflow_env/lib/python3.10/site-packages/airflow/example_dags/example_python_operator.py
[2025-02-22T11:47:33.209-0300] {processor.py:914} INFO - Processing file /home/lpimenta/pipelineAf/airflow_env/lib/python3.10/site-packages/airflow/example_dags/example_python_operator.py for tasks to queue
[2025-02-22T11:47:33.210-0300] {logging_mixin.py:190} INFO - [2025-02-22T11:47:33.209-0300] {dagbag.py:588} INFO - Filling up the DagBag from /home/lpimenta/pipelineAf/airflow_env/lib/python3.10/site-packages/airflow/example_dags/example_python_operator.py
[2025-02-22T11:47:33.217-0300] {processor.py:925} INFO - DAG(s) 'example_python_operator' retrieved from /home/lpimenta/pipelineAf/airflow_env/lib/python3.10/site-packages/airflow/example_dags/example_python_operator.py
[2025-02-22T11:47:33.228-0300] {logging_mixin.py:190} INFO - [2025-02-22T11:47:33.227-0300] {dag.py:3239} INFO - Sync 1 DAGs
[2025-02-22T11:47:33.235-0300] {logging_mixin.py:190} INFO - [2025-02-22T11:47:33.235-0300] {dag.py:4180} INFO - Setting next_dagrun for example_python_operator to None, run_after=None
[2025-02-22T11:47:33.249-0300] {processor.py:208} INFO - Processing /home/lpimenta/pipelineAf/airflow_env/lib/python3.10/site-packages/airflow/example_dags/example_python_operator.py took 0.046 seconds
[2025-02-22T11:48:37.085-0300] {processor.py:186} INFO - Started process (PID=5698) to work on /home/lpimenta/pipelineAf/airflow_env/lib/python3.10/site-packages/airflow/example_dags/example_python_operator.py
[2025-02-22T11:48:37.087-0300] {processor.py:914} INFO - Processing file /home/lpimenta/pipelineAf/airflow_env/lib/python3.10/site-packages/airflow/example_dags/example_python_operator.py for tasks to queue
[2025-02-22T11:48:37.088-0300] {logging_mixin.py:190} INFO - [2025-02-22T11:48:37.087-0300] {dagbag.py:588} INFO - Filling up the DagBag from /home/lpimenta/pipelineAf/airflow_env/lib/python3.10/site-packages/airflow/example_dags/example_python_operator.py
[2025-02-22T11:48:37.096-0300] {processor.py:925} INFO - DAG(s) 'example_python_operator' retrieved from /home/lpimenta/pipelineAf/airflow_env/lib/python3.10/site-packages/airflow/example_dags/example_python_operator.py
[2025-02-22T11:48:37.107-0300] {logging_mixin.py:190} INFO - [2025-02-22T11:48:37.106-0300] {dag.py:3239} INFO - Sync 1 DAGs
[2025-02-22T11:48:37.114-0300] {logging_mixin.py:190} INFO - [2025-02-22T11:48:37.114-0300] {dag.py:4180} INFO - Setting next_dagrun for example_python_operator to None, run_after=None
[2025-02-22T11:48:37.130-0300] {processor.py:208} INFO - Processing /home/lpimenta/pipelineAf/airflow_env/lib/python3.10/site-packages/airflow/example_dags/example_python_operator.py took 0.049 seconds
