[2025-02-22T11:41:10.548-0300] {processor.py:186} INFO - Started process (PID=3993) to work on /home/lpimenta/pipelineAf/airflow_env/lib/python3.10/site-packages/airflow/example_dags/example_task_group_decorator.py
[2025-02-22T11:41:10.549-0300] {processor.py:914} INFO - Processing file /home/lpimenta/pipelineAf/airflow_env/lib/python3.10/site-packages/airflow/example_dags/example_task_group_decorator.py for tasks to queue
[2025-02-22T11:41:10.550-0300] {logging_mixin.py:190} INFO - [2025-02-22T11:41:10.550-0300] {dagbag.py:588} INFO - Filling up the DagBag from /home/lpimenta/pipelineAf/airflow_env/lib/python3.10/site-packages/airflow/example_dags/example_task_group_decorator.py
[2025-02-22T11:41:10.559-0300] {processor.py:925} INFO - DAG(s) 'example_task_group_decorator' retrieved from /home/lpimenta/pipelineAf/airflow_env/lib/python3.10/site-packages/airflow/example_dags/example_task_group_decorator.py
[2025-02-22T11:41:10.678-0300] {logging_mixin.py:190} INFO - [2025-02-22T11:41:10.677-0300] {override.py:1930} INFO - Created Permission View: can read on DAG:example_task_group_decorator
[2025-02-22T11:41:10.687-0300] {logging_mixin.py:190} INFO - [2025-02-22T11:41:10.686-0300] {override.py:1930} INFO - Created Permission View: can edit on DAG:example_task_group_decorator
[2025-02-22T11:41:10.694-0300] {logging_mixin.py:190} INFO - [2025-02-22T11:41:10.694-0300] {override.py:1930} INFO - Created Permission View: can delete on DAG:example_task_group_decorator
[2025-02-22T11:41:10.707-0300] {logging_mixin.py:190} INFO - [2025-02-22T11:41:10.707-0300] {override.py:1930} INFO - Created Permission View: can read on DAG Run:example_task_group_decorator
[2025-02-22T11:41:10.715-0300] {logging_mixin.py:190} INFO - [2025-02-22T11:41:10.715-0300] {override.py:1930} INFO - Created Permission View: can delete on DAG Run:example_task_group_decorator
[2025-02-22T11:41:10.723-0300] {logging_mixin.py:190} INFO - [2025-02-22T11:41:10.722-0300] {override.py:1930} INFO - Created Permission View: menu access on DAG Run:example_task_group_decorator
[2025-02-22T11:41:10.730-0300] {logging_mixin.py:190} INFO - [2025-02-22T11:41:10.730-0300] {override.py:1930} INFO - Created Permission View: can create on DAG Run:example_task_group_decorator
[2025-02-22T11:41:10.730-0300] {logging_mixin.py:190} INFO - [2025-02-22T11:41:10.730-0300] {dag.py:3239} INFO - Sync 1 DAGs
[2025-02-22T11:41:10.735-0300] {logging_mixin.py:190} INFO - [2025-02-22T11:41:10.735-0300] {dag.py:3262} INFO - Creating ORM DAG for example_task_group_decorator
[2025-02-22T11:41:10.735-0300] {logging_mixin.py:190} INFO - [2025-02-22T11:41:10.735-0300] {dag.py:4180} INFO - Setting next_dagrun for example_task_group_decorator to None, run_after=None
[2025-02-22T11:41:10.749-0300] {processor.py:208} INFO - Processing /home/lpimenta/pipelineAf/airflow_env/lib/python3.10/site-packages/airflow/example_dags/example_task_group_decorator.py took 0.205 seconds
[2025-02-22T11:42:26.737-0300] {processor.py:186} INFO - Started process (PID=4333) to work on /home/lpimenta/pipelineAf/airflow_env/lib/python3.10/site-packages/airflow/example_dags/example_task_group_decorator.py
[2025-02-22T11:42:26.738-0300] {processor.py:914} INFO - Processing file /home/lpimenta/pipelineAf/airflow_env/lib/python3.10/site-packages/airflow/example_dags/example_task_group_decorator.py for tasks to queue
[2025-02-22T11:42:26.740-0300] {logging_mixin.py:190} INFO - [2025-02-22T11:42:26.739-0300] {dagbag.py:588} INFO - Filling up the DagBag from /home/lpimenta/pipelineAf/airflow_env/lib/python3.10/site-packages/airflow/example_dags/example_task_group_decorator.py
[2025-02-22T11:42:26.749-0300] {processor.py:925} INFO - DAG(s) 'example_task_group_decorator' retrieved from /home/lpimenta/pipelineAf/airflow_env/lib/python3.10/site-packages/airflow/example_dags/example_task_group_decorator.py
[2025-02-22T11:42:26.760-0300] {logging_mixin.py:190} INFO - [2025-02-22T11:42:26.760-0300] {dag.py:3239} INFO - Sync 1 DAGs
[2025-02-22T11:42:26.767-0300] {logging_mixin.py:190} INFO - [2025-02-22T11:42:26.767-0300] {dag.py:4180} INFO - Setting next_dagrun for example_task_group_decorator to None, run_after=None
[2025-02-22T11:42:26.782-0300] {processor.py:208} INFO - Processing /home/lpimenta/pipelineAf/airflow_env/lib/python3.10/site-packages/airflow/example_dags/example_task_group_decorator.py took 0.049 seconds
[2025-02-22T11:43:22.723-0300] {processor.py:186} INFO - Started process (PID=4554) to work on /home/lpimenta/pipelineAf/airflow_env/lib/python3.10/site-packages/airflow/example_dags/example_task_group_decorator.py
[2025-02-22T11:43:22.725-0300] {processor.py:914} INFO - Processing file /home/lpimenta/pipelineAf/airflow_env/lib/python3.10/site-packages/airflow/example_dags/example_task_group_decorator.py for tasks to queue
[2025-02-22T11:43:22.726-0300] {logging_mixin.py:190} INFO - [2025-02-22T11:43:22.726-0300] {dagbag.py:588} INFO - Filling up the DagBag from /home/lpimenta/pipelineAf/airflow_env/lib/python3.10/site-packages/airflow/example_dags/example_task_group_decorator.py
[2025-02-22T11:43:22.734-0300] {processor.py:925} INFO - DAG(s) 'example_task_group_decorator' retrieved from /home/lpimenta/pipelineAf/airflow_env/lib/python3.10/site-packages/airflow/example_dags/example_task_group_decorator.py
[2025-02-22T11:43:22.745-0300] {logging_mixin.py:190} INFO - [2025-02-22T11:43:22.745-0300] {dag.py:3239} INFO - Sync 1 DAGs
[2025-02-22T11:43:22.753-0300] {logging_mixin.py:190} INFO - [2025-02-22T11:43:22.753-0300] {dag.py:4180} INFO - Setting next_dagrun for example_task_group_decorator to None, run_after=None
[2025-02-22T11:43:22.768-0300] {processor.py:208} INFO - Processing /home/lpimenta/pipelineAf/airflow_env/lib/python3.10/site-packages/airflow/example_dags/example_task_group_decorator.py took 0.049 seconds
[2025-02-22T11:44:28.548-0300] {processor.py:186} INFO - Started process (PID=4790) to work on /home/lpimenta/pipelineAf/airflow_env/lib/python3.10/site-packages/airflow/example_dags/example_task_group_decorator.py
[2025-02-22T11:44:28.554-0300] {processor.py:914} INFO - Processing file /home/lpimenta/pipelineAf/airflow_env/lib/python3.10/site-packages/airflow/example_dags/example_task_group_decorator.py for tasks to queue
[2025-02-22T11:44:28.556-0300] {logging_mixin.py:190} INFO - [2025-02-22T11:44:28.555-0300] {dagbag.py:588} INFO - Filling up the DagBag from /home/lpimenta/pipelineAf/airflow_env/lib/python3.10/site-packages/airflow/example_dags/example_task_group_decorator.py
[2025-02-22T11:44:28.565-0300] {processor.py:925} INFO - DAG(s) 'example_task_group_decorator' retrieved from /home/lpimenta/pipelineAf/airflow_env/lib/python3.10/site-packages/airflow/example_dags/example_task_group_decorator.py
[2025-02-22T11:44:28.578-0300] {logging_mixin.py:190} INFO - [2025-02-22T11:44:28.577-0300] {dag.py:3239} INFO - Sync 1 DAGs
[2025-02-22T11:44:28.585-0300] {logging_mixin.py:190} INFO - [2025-02-22T11:44:28.584-0300] {dag.py:4180} INFO - Setting next_dagrun for example_task_group_decorator to None, run_after=None
[2025-02-22T11:44:28.600-0300] {processor.py:208} INFO - Processing /home/lpimenta/pipelineAf/airflow_env/lib/python3.10/site-packages/airflow/example_dags/example_task_group_decorator.py took 0.056 seconds
[2025-02-22T11:45:34.552-0300] {processor.py:186} INFO - Started process (PID=5025) to work on /home/lpimenta/pipelineAf/airflow_env/lib/python3.10/site-packages/airflow/example_dags/example_task_group_decorator.py
[2025-02-22T11:45:34.554-0300] {processor.py:914} INFO - Processing file /home/lpimenta/pipelineAf/airflow_env/lib/python3.10/site-packages/airflow/example_dags/example_task_group_decorator.py for tasks to queue
[2025-02-22T11:45:34.555-0300] {logging_mixin.py:190} INFO - [2025-02-22T11:45:34.555-0300] {dagbag.py:588} INFO - Filling up the DagBag from /home/lpimenta/pipelineAf/airflow_env/lib/python3.10/site-packages/airflow/example_dags/example_task_group_decorator.py
[2025-02-22T11:45:34.564-0300] {processor.py:925} INFO - DAG(s) 'example_task_group_decorator' retrieved from /home/lpimenta/pipelineAf/airflow_env/lib/python3.10/site-packages/airflow/example_dags/example_task_group_decorator.py
[2025-02-22T11:45:34.578-0300] {logging_mixin.py:190} INFO - [2025-02-22T11:45:34.578-0300] {dag.py:3239} INFO - Sync 1 DAGs
[2025-02-22T11:45:34.587-0300] {logging_mixin.py:190} INFO - [2025-02-22T11:45:34.587-0300] {dag.py:4180} INFO - Setting next_dagrun for example_task_group_decorator to None, run_after=None
[2025-02-22T11:45:34.603-0300] {processor.py:208} INFO - Processing /home/lpimenta/pipelineAf/airflow_env/lib/python3.10/site-packages/airflow/example_dags/example_task_group_decorator.py took 0.055 seconds
[2025-02-22T11:46:40.991-0300] {processor.py:186} INFO - Started process (PID=5267) to work on /home/lpimenta/pipelineAf/airflow_env/lib/python3.10/site-packages/airflow/example_dags/example_task_group_decorator.py
[2025-02-22T11:46:40.993-0300] {processor.py:914} INFO - Processing file /home/lpimenta/pipelineAf/airflow_env/lib/python3.10/site-packages/airflow/example_dags/example_task_group_decorator.py for tasks to queue
[2025-02-22T11:46:40.994-0300] {logging_mixin.py:190} INFO - [2025-02-22T11:46:40.994-0300] {dagbag.py:588} INFO - Filling up the DagBag from /home/lpimenta/pipelineAf/airflow_env/lib/python3.10/site-packages/airflow/example_dags/example_task_group_decorator.py
[2025-02-22T11:46:41.003-0300] {processor.py:925} INFO - DAG(s) 'example_task_group_decorator' retrieved from /home/lpimenta/pipelineAf/airflow_env/lib/python3.10/site-packages/airflow/example_dags/example_task_group_decorator.py
[2025-02-22T11:46:41.014-0300] {logging_mixin.py:190} INFO - [2025-02-22T11:46:41.013-0300] {dag.py:3239} INFO - Sync 1 DAGs
[2025-02-22T11:46:41.021-0300] {logging_mixin.py:190} INFO - [2025-02-22T11:46:41.020-0300] {dag.py:4180} INFO - Setting next_dagrun for example_task_group_decorator to None, run_after=None
[2025-02-22T11:46:41.036-0300] {processor.py:208} INFO - Processing /home/lpimenta/pipelineAf/airflow_env/lib/python3.10/site-packages/airflow/example_dags/example_task_group_decorator.py took 0.049 seconds
[2025-02-22T11:47:37.803-0300] {processor.py:186} INFO - Started process (PID=5485) to work on /home/lpimenta/pipelineAf/airflow_env/lib/python3.10/site-packages/airflow/example_dags/example_task_group_decorator.py
[2025-02-22T11:47:37.806-0300] {processor.py:914} INFO - Processing file /home/lpimenta/pipelineAf/airflow_env/lib/python3.10/site-packages/airflow/example_dags/example_task_group_decorator.py for tasks to queue
[2025-02-22T11:47:37.807-0300] {logging_mixin.py:190} INFO - [2025-02-22T11:47:37.806-0300] {dagbag.py:588} INFO - Filling up the DagBag from /home/lpimenta/pipelineAf/airflow_env/lib/python3.10/site-packages/airflow/example_dags/example_task_group_decorator.py
[2025-02-22T11:47:37.816-0300] {processor.py:925} INFO - DAG(s) 'example_task_group_decorator' retrieved from /home/lpimenta/pipelineAf/airflow_env/lib/python3.10/site-packages/airflow/example_dags/example_task_group_decorator.py
[2025-02-22T11:47:37.829-0300] {logging_mixin.py:190} INFO - [2025-02-22T11:47:37.829-0300] {dag.py:3239} INFO - Sync 1 DAGs
[2025-02-22T11:47:37.836-0300] {logging_mixin.py:190} INFO - [2025-02-22T11:47:37.836-0300] {dag.py:4180} INFO - Setting next_dagrun for example_task_group_decorator to None, run_after=None
[2025-02-22T11:47:37.852-0300] {processor.py:208} INFO - Processing /home/lpimenta/pipelineAf/airflow_env/lib/python3.10/site-packages/airflow/example_dags/example_task_group_decorator.py took 0.053 seconds
[2025-02-22T11:48:42.211-0300] {processor.py:186} INFO - Started process (PID=5715) to work on /home/lpimenta/pipelineAf/airflow_env/lib/python3.10/site-packages/airflow/example_dags/example_task_group_decorator.py
[2025-02-22T11:48:42.213-0300] {processor.py:914} INFO - Processing file /home/lpimenta/pipelineAf/airflow_env/lib/python3.10/site-packages/airflow/example_dags/example_task_group_decorator.py for tasks to queue
[2025-02-22T11:48:42.214-0300] {logging_mixin.py:190} INFO - [2025-02-22T11:48:42.214-0300] {dagbag.py:588} INFO - Filling up the DagBag from /home/lpimenta/pipelineAf/airflow_env/lib/python3.10/site-packages/airflow/example_dags/example_task_group_decorator.py
[2025-02-22T11:48:42.223-0300] {processor.py:925} INFO - DAG(s) 'example_task_group_decorator' retrieved from /home/lpimenta/pipelineAf/airflow_env/lib/python3.10/site-packages/airflow/example_dags/example_task_group_decorator.py
[2025-02-22T11:48:42.234-0300] {logging_mixin.py:190} INFO - [2025-02-22T11:48:42.234-0300] {dag.py:3239} INFO - Sync 1 DAGs
[2025-02-22T11:48:42.241-0300] {logging_mixin.py:190} INFO - [2025-02-22T11:48:42.241-0300] {dag.py:4180} INFO - Setting next_dagrun for example_task_group_decorator to None, run_after=None
[2025-02-22T11:48:42.255-0300] {processor.py:208} INFO - Processing /home/lpimenta/pipelineAf/airflow_env/lib/python3.10/site-packages/airflow/example_dags/example_task_group_decorator.py took 0.048 seconds
