[2025-02-22T11:40:32.085-0300] {processor.py:186} INFO - Started process (PID=3825) to work on /home/lpimenta/pipelineAf/airflow_env/lib/python3.10/site-packages/airflow/example_dags/tutorial_taskflow_api_virtualenv.py
[2025-02-22T11:40:32.086-0300] {processor.py:914} INFO - Processing file /home/lpimenta/pipelineAf/airflow_env/lib/python3.10/site-packages/airflow/example_dags/tutorial_taskflow_api_virtualenv.py for tasks to queue
[2025-02-22T11:40:32.088-0300] {logging_mixin.py:190} INFO - [2025-02-22T11:40:32.087-0300] {dagbag.py:588} INFO - Filling up the DagBag from /home/lpimenta/pipelineAf/airflow_env/lib/python3.10/site-packages/airflow/example_dags/tutorial_taskflow_api_virtualenv.py
[2025-02-22T11:40:32.100-0300] {processor.py:925} INFO - DAG(s) 'tutorial_taskflow_api_virtualenv' retrieved from /home/lpimenta/pipelineAf/airflow_env/lib/python3.10/site-packages/airflow/example_dags/tutorial_taskflow_api_virtualenv.py
[2025-02-22T11:40:32.252-0300] {logging_mixin.py:190} INFO - [2025-02-22T11:40:32.251-0300] {override.py:1930} INFO - Created Permission View: can read on DAG:tutorial_taskflow_api_virtualenv
[2025-02-22T11:40:32.261-0300] {logging_mixin.py:190} INFO - [2025-02-22T11:40:32.261-0300] {override.py:1930} INFO - Created Permission View: can edit on DAG:tutorial_taskflow_api_virtualenv
[2025-02-22T11:40:32.269-0300] {logging_mixin.py:190} INFO - [2025-02-22T11:40:32.269-0300] {override.py:1930} INFO - Created Permission View: can delete on DAG:tutorial_taskflow_api_virtualenv
[2025-02-22T11:40:32.283-0300] {logging_mixin.py:190} INFO - [2025-02-22T11:40:32.283-0300] {override.py:1930} INFO - Created Permission View: can read on DAG Run:tutorial_taskflow_api_virtualenv
[2025-02-22T11:40:32.291-0300] {logging_mixin.py:190} INFO - [2025-02-22T11:40:32.291-0300] {override.py:1930} INFO - Created Permission View: can delete on DAG Run:tutorial_taskflow_api_virtualenv
[2025-02-22T11:40:32.299-0300] {logging_mixin.py:190} INFO - [2025-02-22T11:40:32.299-0300] {override.py:1930} INFO - Created Permission View: menu access on DAG Run:tutorial_taskflow_api_virtualenv
[2025-02-22T11:40:32.306-0300] {logging_mixin.py:190} INFO - [2025-02-22T11:40:32.306-0300] {override.py:1930} INFO - Created Permission View: can create on DAG Run:tutorial_taskflow_api_virtualenv
[2025-02-22T11:40:32.307-0300] {logging_mixin.py:190} INFO - [2025-02-22T11:40:32.307-0300] {dag.py:3239} INFO - Sync 1 DAGs
[2025-02-22T11:40:32.314-0300] {logging_mixin.py:190} INFO - [2025-02-22T11:40:32.314-0300] {dag.py:3262} INFO - Creating ORM DAG for tutorial_taskflow_api_virtualenv
[2025-02-22T11:40:32.315-0300] {logging_mixin.py:190} INFO - [2025-02-22T11:40:32.315-0300] {dag.py:4180} INFO - Setting next_dagrun for tutorial_taskflow_api_virtualenv to None, run_after=None
[2025-02-22T11:40:32.330-0300] {processor.py:208} INFO - Processing /home/lpimenta/pipelineAf/airflow_env/lib/python3.10/site-packages/airflow/example_dags/tutorial_taskflow_api_virtualenv.py took 0.249 seconds
[2025-02-22T11:41:42.789-0300] {processor.py:186} INFO - Started process (PID=4162) to work on /home/lpimenta/pipelineAf/airflow_env/lib/python3.10/site-packages/airflow/example_dags/tutorial_taskflow_api_virtualenv.py
[2025-02-22T11:41:42.790-0300] {processor.py:914} INFO - Processing file /home/lpimenta/pipelineAf/airflow_env/lib/python3.10/site-packages/airflow/example_dags/tutorial_taskflow_api_virtualenv.py for tasks to queue
[2025-02-22T11:41:42.792-0300] {logging_mixin.py:190} INFO - [2025-02-22T11:41:42.792-0300] {dagbag.py:588} INFO - Filling up the DagBag from /home/lpimenta/pipelineAf/airflow_env/lib/python3.10/site-packages/airflow/example_dags/tutorial_taskflow_api_virtualenv.py
[2025-02-22T11:41:42.804-0300] {processor.py:925} INFO - DAG(s) 'tutorial_taskflow_api_virtualenv' retrieved from /home/lpimenta/pipelineAf/airflow_env/lib/python3.10/site-packages/airflow/example_dags/tutorial_taskflow_api_virtualenv.py
[2025-02-22T11:41:42.821-0300] {logging_mixin.py:190} INFO - [2025-02-22T11:41:42.821-0300] {dag.py:3239} INFO - Sync 1 DAGs
[2025-02-22T11:41:42.834-0300] {logging_mixin.py:190} INFO - [2025-02-22T11:41:42.834-0300] {dag.py:4180} INFO - Setting next_dagrun for tutorial_taskflow_api_virtualenv to None, run_after=None
[2025-02-22T11:41:42.853-0300] {processor.py:208} INFO - Processing /home/lpimenta/pipelineAf/airflow_env/lib/python3.10/site-packages/airflow/example_dags/tutorial_taskflow_api_virtualenv.py took 0.069 seconds
[2025-02-22T11:42:44.875-0300] {processor.py:186} INFO - Started process (PID=4409) to work on /home/lpimenta/pipelineAf/airflow_env/lib/python3.10/site-packages/airflow/example_dags/tutorial_taskflow_api_virtualenv.py
[2025-02-22T11:42:44.876-0300] {processor.py:914} INFO - Processing file /home/lpimenta/pipelineAf/airflow_env/lib/python3.10/site-packages/airflow/example_dags/tutorial_taskflow_api_virtualenv.py for tasks to queue
[2025-02-22T11:42:44.878-0300] {logging_mixin.py:190} INFO - [2025-02-22T11:42:44.878-0300] {dagbag.py:588} INFO - Filling up the DagBag from /home/lpimenta/pipelineAf/airflow_env/lib/python3.10/site-packages/airflow/example_dags/tutorial_taskflow_api_virtualenv.py
[2025-02-22T11:42:44.901-0300] {processor.py:925} INFO - DAG(s) 'tutorial_taskflow_api_virtualenv' retrieved from /home/lpimenta/pipelineAf/airflow_env/lib/python3.10/site-packages/airflow/example_dags/tutorial_taskflow_api_virtualenv.py
[2025-02-22T11:42:44.915-0300] {logging_mixin.py:190} INFO - [2025-02-22T11:42:44.915-0300] {dag.py:3239} INFO - Sync 1 DAGs
[2025-02-22T11:42:44.926-0300] {logging_mixin.py:190} INFO - [2025-02-22T11:42:44.926-0300] {dag.py:4180} INFO - Setting next_dagrun for tutorial_taskflow_api_virtualenv to None, run_after=None
[2025-02-22T11:42:44.945-0300] {processor.py:208} INFO - Processing /home/lpimenta/pipelineAf/airflow_env/lib/python3.10/site-packages/airflow/example_dags/tutorial_taskflow_api_virtualenv.py took 0.075 seconds
[2025-02-22T11:43:51.944-0300] {processor.py:186} INFO - Started process (PID=4651) to work on /home/lpimenta/pipelineAf/airflow_env/lib/python3.10/site-packages/airflow/example_dags/tutorial_taskflow_api_virtualenv.py
[2025-02-22T11:43:51.945-0300] {processor.py:914} INFO - Processing file /home/lpimenta/pipelineAf/airflow_env/lib/python3.10/site-packages/airflow/example_dags/tutorial_taskflow_api_virtualenv.py for tasks to queue
[2025-02-22T11:43:51.948-0300] {logging_mixin.py:190} INFO - [2025-02-22T11:43:51.947-0300] {dagbag.py:588} INFO - Filling up the DagBag from /home/lpimenta/pipelineAf/airflow_env/lib/python3.10/site-packages/airflow/example_dags/tutorial_taskflow_api_virtualenv.py
[2025-02-22T11:43:51.957-0300] {processor.py:925} INFO - DAG(s) 'tutorial_taskflow_api_virtualenv' retrieved from /home/lpimenta/pipelineAf/airflow_env/lib/python3.10/site-packages/airflow/example_dags/tutorial_taskflow_api_virtualenv.py
[2025-02-22T11:43:51.966-0300] {logging_mixin.py:190} INFO - [2025-02-22T11:43:51.966-0300] {dag.py:3239} INFO - Sync 1 DAGs
[2025-02-22T11:43:51.974-0300] {logging_mixin.py:190} INFO - [2025-02-22T11:43:51.974-0300] {dag.py:4180} INFO - Setting next_dagrun for tutorial_taskflow_api_virtualenv to None, run_after=None
[2025-02-22T11:43:51.990-0300] {processor.py:208} INFO - Processing /home/lpimenta/pipelineAf/airflow_env/lib/python3.10/site-packages/airflow/example_dags/tutorial_taskflow_api_virtualenv.py took 0.051 seconds
[2025-02-22T11:44:54.807-0300] {processor.py:186} INFO - Started process (PID=4880) to work on /home/lpimenta/pipelineAf/airflow_env/lib/python3.10/site-packages/airflow/example_dags/tutorial_taskflow_api_virtualenv.py
[2025-02-22T11:44:54.811-0300] {processor.py:914} INFO - Processing file /home/lpimenta/pipelineAf/airflow_env/lib/python3.10/site-packages/airflow/example_dags/tutorial_taskflow_api_virtualenv.py for tasks to queue
[2025-02-22T11:44:54.812-0300] {logging_mixin.py:190} INFO - [2025-02-22T11:44:54.812-0300] {dagbag.py:588} INFO - Filling up the DagBag from /home/lpimenta/pipelineAf/airflow_env/lib/python3.10/site-packages/airflow/example_dags/tutorial_taskflow_api_virtualenv.py
[2025-02-22T11:44:54.820-0300] {processor.py:925} INFO - DAG(s) 'tutorial_taskflow_api_virtualenv' retrieved from /home/lpimenta/pipelineAf/airflow_env/lib/python3.10/site-packages/airflow/example_dags/tutorial_taskflow_api_virtualenv.py
[2025-02-22T11:44:54.828-0300] {logging_mixin.py:190} INFO - [2025-02-22T11:44:54.828-0300] {dag.py:3239} INFO - Sync 1 DAGs
[2025-02-22T11:44:54.834-0300] {logging_mixin.py:190} INFO - [2025-02-22T11:44:54.834-0300] {dag.py:4180} INFO - Setting next_dagrun for tutorial_taskflow_api_virtualenv to None, run_after=None
[2025-02-22T11:44:54.856-0300] {processor.py:208} INFO - Processing /home/lpimenta/pipelineAf/airflow_env/lib/python3.10/site-packages/airflow/example_dags/tutorial_taskflow_api_virtualenv.py took 0.053 seconds
[2025-02-22T11:45:55.606-0300] {processor.py:186} INFO - Started process (PID=5112) to work on /home/lpimenta/pipelineAf/airflow_env/lib/python3.10/site-packages/airflow/example_dags/tutorial_taskflow_api_virtualenv.py
[2025-02-22T11:45:55.609-0300] {processor.py:914} INFO - Processing file /home/lpimenta/pipelineAf/airflow_env/lib/python3.10/site-packages/airflow/example_dags/tutorial_taskflow_api_virtualenv.py for tasks to queue
[2025-02-22T11:45:55.610-0300] {logging_mixin.py:190} INFO - [2025-02-22T11:45:55.610-0300] {dagbag.py:588} INFO - Filling up the DagBag from /home/lpimenta/pipelineAf/airflow_env/lib/python3.10/site-packages/airflow/example_dags/tutorial_taskflow_api_virtualenv.py
[2025-02-22T11:45:55.619-0300] {processor.py:925} INFO - DAG(s) 'tutorial_taskflow_api_virtualenv' retrieved from /home/lpimenta/pipelineAf/airflow_env/lib/python3.10/site-packages/airflow/example_dags/tutorial_taskflow_api_virtualenv.py
[2025-02-22T11:45:55.628-0300] {logging_mixin.py:190} INFO - [2025-02-22T11:45:55.628-0300] {dag.py:3239} INFO - Sync 1 DAGs
[2025-02-22T11:45:55.635-0300] {logging_mixin.py:190} INFO - [2025-02-22T11:45:55.635-0300] {dag.py:4180} INFO - Setting next_dagrun for tutorial_taskflow_api_virtualenv to None, run_after=None
[2025-02-22T11:45:55.651-0300] {processor.py:208} INFO - Processing /home/lpimenta/pipelineAf/airflow_env/lib/python3.10/site-packages/airflow/example_dags/tutorial_taskflow_api_virtualenv.py took 0.048 seconds
[2025-02-22T11:47:02.804-0300] {processor.py:186} INFO - Started process (PID=5358) to work on /home/lpimenta/pipelineAf/airflow_env/lib/python3.10/site-packages/airflow/example_dags/tutorial_taskflow_api_virtualenv.py
[2025-02-22T11:47:02.807-0300] {processor.py:914} INFO - Processing file /home/lpimenta/pipelineAf/airflow_env/lib/python3.10/site-packages/airflow/example_dags/tutorial_taskflow_api_virtualenv.py for tasks to queue
[2025-02-22T11:47:02.808-0300] {logging_mixin.py:190} INFO - [2025-02-22T11:47:02.808-0300] {dagbag.py:588} INFO - Filling up the DagBag from /home/lpimenta/pipelineAf/airflow_env/lib/python3.10/site-packages/airflow/example_dags/tutorial_taskflow_api_virtualenv.py
[2025-02-22T11:47:02.815-0300] {processor.py:925} INFO - DAG(s) 'tutorial_taskflow_api_virtualenv' retrieved from /home/lpimenta/pipelineAf/airflow_env/lib/python3.10/site-packages/airflow/example_dags/tutorial_taskflow_api_virtualenv.py
[2025-02-22T11:47:02.824-0300] {logging_mixin.py:190} INFO - [2025-02-22T11:47:02.823-0300] {dag.py:3239} INFO - Sync 1 DAGs
[2025-02-22T11:47:02.830-0300] {logging_mixin.py:190} INFO - [2025-02-22T11:47:02.830-0300] {dag.py:4180} INFO - Setting next_dagrun for tutorial_taskflow_api_virtualenv to None, run_after=None
[2025-02-22T11:47:02.847-0300] {processor.py:208} INFO - Processing /home/lpimenta/pipelineAf/airflow_env/lib/python3.10/site-packages/airflow/example_dags/tutorial_taskflow_api_virtualenv.py took 0.046 seconds
[2025-02-22T11:48:07.338-0300] {processor.py:186} INFO - Started process (PID=5590) to work on /home/lpimenta/pipelineAf/airflow_env/lib/python3.10/site-packages/airflow/example_dags/tutorial_taskflow_api_virtualenv.py
[2025-02-22T11:48:07.340-0300] {processor.py:914} INFO - Processing file /home/lpimenta/pipelineAf/airflow_env/lib/python3.10/site-packages/airflow/example_dags/tutorial_taskflow_api_virtualenv.py for tasks to queue
[2025-02-22T11:48:07.341-0300] {logging_mixin.py:190} INFO - [2025-02-22T11:48:07.341-0300] {dagbag.py:588} INFO - Filling up the DagBag from /home/lpimenta/pipelineAf/airflow_env/lib/python3.10/site-packages/airflow/example_dags/tutorial_taskflow_api_virtualenv.py
[2025-02-22T11:48:07.348-0300] {processor.py:925} INFO - DAG(s) 'tutorial_taskflow_api_virtualenv' retrieved from /home/lpimenta/pipelineAf/airflow_env/lib/python3.10/site-packages/airflow/example_dags/tutorial_taskflow_api_virtualenv.py
[2025-02-22T11:48:07.357-0300] {logging_mixin.py:190} INFO - [2025-02-22T11:48:07.357-0300] {dag.py:3239} INFO - Sync 1 DAGs
[2025-02-22T11:48:07.365-0300] {logging_mixin.py:190} INFO - [2025-02-22T11:48:07.365-0300] {dag.py:4180} INFO - Setting next_dagrun for tutorial_taskflow_api_virtualenv to None, run_after=None
[2025-02-22T11:48:07.380-0300] {processor.py:208} INFO - Processing /home/lpimenta/pipelineAf/airflow_env/lib/python3.10/site-packages/airflow/example_dags/tutorial_taskflow_api_virtualenv.py took 0.046 seconds
[2025-02-22T11:49:09.700-0300] {processor.py:186} INFO - Started process (PID=5850) to work on /home/lpimenta/pipelineAf/airflow_env/lib/python3.10/site-packages/airflow/example_dags/tutorial_taskflow_api_virtualenv.py
[2025-02-22T11:49:09.703-0300] {processor.py:914} INFO - Processing file /home/lpimenta/pipelineAf/airflow_env/lib/python3.10/site-packages/airflow/example_dags/tutorial_taskflow_api_virtualenv.py for tasks to queue
[2025-02-22T11:49:09.704-0300] {logging_mixin.py:190} INFO - [2025-02-22T11:49:09.703-0300] {dagbag.py:588} INFO - Filling up the DagBag from /home/lpimenta/pipelineAf/airflow_env/lib/python3.10/site-packages/airflow/example_dags/tutorial_taskflow_api_virtualenv.py
[2025-02-22T11:49:09.711-0300] {processor.py:925} INFO - DAG(s) 'tutorial_taskflow_api_virtualenv' retrieved from /home/lpimenta/pipelineAf/airflow_env/lib/python3.10/site-packages/airflow/example_dags/tutorial_taskflow_api_virtualenv.py
[2025-02-22T11:49:09.720-0300] {logging_mixin.py:190} INFO - [2025-02-22T11:49:09.720-0300] {dag.py:3239} INFO - Sync 1 DAGs
[2025-02-22T11:49:09.727-0300] {logging_mixin.py:190} INFO - [2025-02-22T11:49:09.727-0300] {dag.py:4180} INFO - Setting next_dagrun for tutorial_taskflow_api_virtualenv to None, run_after=None
[2025-02-22T11:49:09.743-0300] {processor.py:208} INFO - Processing /home/lpimenta/pipelineAf/airflow_env/lib/python3.10/site-packages/airflow/example_dags/tutorial_taskflow_api_virtualenv.py took 0.046 seconds
