[2025-02-22T11:41:01.995-0300] {processor.py:186} INFO - Started process (PID=3948) to work on /home/lpimenta/pipelineAf/airflow_env/lib/python3.10/site-packages/airflow/example_dags/tutorial_taskflow_api.py
[2025-02-22T11:41:01.996-0300] {processor.py:914} INFO - Processing file /home/lpimenta/pipelineAf/airflow_env/lib/python3.10/site-packages/airflow/example_dags/tutorial_taskflow_api.py for tasks to queue
[2025-02-22T11:41:01.998-0300] {logging_mixin.py:190} INFO - [2025-02-22T11:41:01.998-0300] {dagbag.py:588} INFO - Filling up the DagBag from /home/lpimenta/pipelineAf/airflow_env/lib/python3.10/site-packages/airflow/example_dags/tutorial_taskflow_api.py
[2025-02-22T11:41:02.004-0300] {processor.py:925} INFO - DAG(s) 'tutorial_taskflow_api' retrieved from /home/lpimenta/pipelineAf/airflow_env/lib/python3.10/site-packages/airflow/example_dags/tutorial_taskflow_api.py
[2025-02-22T11:41:02.164-0300] {logging_mixin.py:190} INFO - [2025-02-22T11:41:02.164-0300] {override.py:1930} INFO - Created Permission View: can read on DAG:tutorial_taskflow_api
[2025-02-22T11:41:02.174-0300] {logging_mixin.py:190} INFO - [2025-02-22T11:41:02.174-0300] {override.py:1930} INFO - Created Permission View: can edit on DAG:tutorial_taskflow_api
[2025-02-22T11:41:02.182-0300] {logging_mixin.py:190} INFO - [2025-02-22T11:41:02.182-0300] {override.py:1930} INFO - Created Permission View: can delete on DAG:tutorial_taskflow_api
[2025-02-22T11:41:02.195-0300] {logging_mixin.py:190} INFO - [2025-02-22T11:41:02.195-0300] {override.py:1930} INFO - Created Permission View: can read on DAG Run:tutorial_taskflow_api
[2025-02-22T11:41:02.203-0300] {logging_mixin.py:190} INFO - [2025-02-22T11:41:02.203-0300] {override.py:1930} INFO - Created Permission View: can delete on DAG Run:tutorial_taskflow_api
[2025-02-22T11:41:02.210-0300] {logging_mixin.py:190} INFO - [2025-02-22T11:41:02.210-0300] {override.py:1930} INFO - Created Permission View: menu access on DAG Run:tutorial_taskflow_api
[2025-02-22T11:41:02.218-0300] {logging_mixin.py:190} INFO - [2025-02-22T11:41:02.218-0300] {override.py:1930} INFO - Created Permission View: can create on DAG Run:tutorial_taskflow_api
[2025-02-22T11:41:02.218-0300] {logging_mixin.py:190} INFO - [2025-02-22T11:41:02.218-0300] {dag.py:3239} INFO - Sync 1 DAGs
[2025-02-22T11:41:02.224-0300] {logging_mixin.py:190} INFO - [2025-02-22T11:41:02.224-0300] {dag.py:3262} INFO - Creating ORM DAG for tutorial_taskflow_api
[2025-02-22T11:41:02.224-0300] {logging_mixin.py:190} INFO - [2025-02-22T11:41:02.224-0300] {dag.py:4180} INFO - Setting next_dagrun for tutorial_taskflow_api to None, run_after=None
[2025-02-22T11:41:02.239-0300] {processor.py:208} INFO - Processing /home/lpimenta/pipelineAf/airflow_env/lib/python3.10/site-packages/airflow/example_dags/tutorial_taskflow_api.py took 0.248 seconds
[2025-02-22T11:42:09.678-0300] {processor.py:186} INFO - Started process (PID=4272) to work on /home/lpimenta/pipelineAf/airflow_env/lib/python3.10/site-packages/airflow/example_dags/tutorial_taskflow_api.py
[2025-02-22T11:42:09.680-0300] {processor.py:914} INFO - Processing file /home/lpimenta/pipelineAf/airflow_env/lib/python3.10/site-packages/airflow/example_dags/tutorial_taskflow_api.py for tasks to queue
[2025-02-22T11:42:09.681-0300] {logging_mixin.py:190} INFO - [2025-02-22T11:42:09.681-0300] {dagbag.py:588} INFO - Filling up the DagBag from /home/lpimenta/pipelineAf/airflow_env/lib/python3.10/site-packages/airflow/example_dags/tutorial_taskflow_api.py
[2025-02-22T11:42:09.687-0300] {processor.py:925} INFO - DAG(s) 'tutorial_taskflow_api' retrieved from /home/lpimenta/pipelineAf/airflow_env/lib/python3.10/site-packages/airflow/example_dags/tutorial_taskflow_api.py
[2025-02-22T11:42:09.695-0300] {logging_mixin.py:190} INFO - [2025-02-22T11:42:09.695-0300] {dag.py:3239} INFO - Sync 1 DAGs
[2025-02-22T11:42:09.702-0300] {logging_mixin.py:190} INFO - [2025-02-22T11:42:09.702-0300] {dag.py:4180} INFO - Setting next_dagrun for tutorial_taskflow_api to None, run_after=None
[2025-02-22T11:42:09.720-0300] {processor.py:208} INFO - Processing /home/lpimenta/pipelineAf/airflow_env/lib/python3.10/site-packages/airflow/example_dags/tutorial_taskflow_api.py took 0.046 seconds
[2025-02-22T11:43:09.600-0300] {processor.py:186} INFO - Started process (PID=4492) to work on /home/lpimenta/pipelineAf/airflow_env/lib/python3.10/site-packages/airflow/example_dags/tutorial_taskflow_api.py
[2025-02-22T11:43:09.604-0300] {processor.py:914} INFO - Processing file /home/lpimenta/pipelineAf/airflow_env/lib/python3.10/site-packages/airflow/example_dags/tutorial_taskflow_api.py for tasks to queue
[2025-02-22T11:43:09.605-0300] {logging_mixin.py:190} INFO - [2025-02-22T11:43:09.605-0300] {dagbag.py:588} INFO - Filling up the DagBag from /home/lpimenta/pipelineAf/airflow_env/lib/python3.10/site-packages/airflow/example_dags/tutorial_taskflow_api.py
[2025-02-22T11:43:09.610-0300] {processor.py:925} INFO - DAG(s) 'tutorial_taskflow_api' retrieved from /home/lpimenta/pipelineAf/airflow_env/lib/python3.10/site-packages/airflow/example_dags/tutorial_taskflow_api.py
[2025-02-22T11:43:09.618-0300] {logging_mixin.py:190} INFO - [2025-02-22T11:43:09.618-0300] {dag.py:3239} INFO - Sync 1 DAGs
[2025-02-22T11:43:09.625-0300] {logging_mixin.py:190} INFO - [2025-02-22T11:43:09.624-0300] {dag.py:4180} INFO - Setting next_dagrun for tutorial_taskflow_api to None, run_after=None
[2025-02-22T11:43:09.645-0300] {processor.py:208} INFO - Processing /home/lpimenta/pipelineAf/airflow_env/lib/python3.10/site-packages/airflow/example_dags/tutorial_taskflow_api.py took 0.050 seconds
[2025-02-22T11:44:17.158-0300] {processor.py:186} INFO - Started process (PID=4741) to work on /home/lpimenta/pipelineAf/airflow_env/lib/python3.10/site-packages/airflow/example_dags/tutorial_taskflow_api.py
[2025-02-22T11:44:17.159-0300] {processor.py:914} INFO - Processing file /home/lpimenta/pipelineAf/airflow_env/lib/python3.10/site-packages/airflow/example_dags/tutorial_taskflow_api.py for tasks to queue
[2025-02-22T11:44:17.161-0300] {logging_mixin.py:190} INFO - [2025-02-22T11:44:17.161-0300] {dagbag.py:588} INFO - Filling up the DagBag from /home/lpimenta/pipelineAf/airflow_env/lib/python3.10/site-packages/airflow/example_dags/tutorial_taskflow_api.py
[2025-02-22T11:44:17.166-0300] {processor.py:925} INFO - DAG(s) 'tutorial_taskflow_api' retrieved from /home/lpimenta/pipelineAf/airflow_env/lib/python3.10/site-packages/airflow/example_dags/tutorial_taskflow_api.py
[2025-02-22T11:44:17.174-0300] {logging_mixin.py:190} INFO - [2025-02-22T11:44:17.174-0300] {dag.py:3239} INFO - Sync 1 DAGs
[2025-02-22T11:44:17.182-0300] {logging_mixin.py:190} INFO - [2025-02-22T11:44:17.182-0300] {dag.py:4180} INFO - Setting next_dagrun for tutorial_taskflow_api to None, run_after=None
[2025-02-22T11:44:17.197-0300] {processor.py:208} INFO - Processing /home/lpimenta/pipelineAf/airflow_env/lib/python3.10/site-packages/airflow/example_dags/tutorial_taskflow_api.py took 0.044 seconds
[2025-02-22T11:45:18.329-0300] {processor.py:186} INFO - Started process (PID=4969) to work on /home/lpimenta/pipelineAf/airflow_env/lib/python3.10/site-packages/airflow/example_dags/tutorial_taskflow_api.py
[2025-02-22T11:45:18.330-0300] {processor.py:914} INFO - Processing file /home/lpimenta/pipelineAf/airflow_env/lib/python3.10/site-packages/airflow/example_dags/tutorial_taskflow_api.py for tasks to queue
[2025-02-22T11:45:18.331-0300] {logging_mixin.py:190} INFO - [2025-02-22T11:45:18.331-0300] {dagbag.py:588} INFO - Filling up the DagBag from /home/lpimenta/pipelineAf/airflow_env/lib/python3.10/site-packages/airflow/example_dags/tutorial_taskflow_api.py
[2025-02-22T11:45:18.337-0300] {processor.py:925} INFO - DAG(s) 'tutorial_taskflow_api' retrieved from /home/lpimenta/pipelineAf/airflow_env/lib/python3.10/site-packages/airflow/example_dags/tutorial_taskflow_api.py
[2025-02-22T11:45:18.346-0300] {logging_mixin.py:190} INFO - [2025-02-22T11:45:18.345-0300] {dag.py:3239} INFO - Sync 1 DAGs
[2025-02-22T11:45:18.353-0300] {logging_mixin.py:190} INFO - [2025-02-22T11:45:18.352-0300] {dag.py:4180} INFO - Setting next_dagrun for tutorial_taskflow_api to None, run_after=None
[2025-02-22T11:45:18.368-0300] {processor.py:208} INFO - Processing /home/lpimenta/pipelineAf/airflow_env/lib/python3.10/site-packages/airflow/example_dags/tutorial_taskflow_api.py took 0.043 seconds
[2025-02-22T11:46:21.856-0300] {processor.py:186} INFO - Started process (PID=5204) to work on /home/lpimenta/pipelineAf/airflow_env/lib/python3.10/site-packages/airflow/example_dags/tutorial_taskflow_api.py
[2025-02-22T11:46:21.857-0300] {processor.py:914} INFO - Processing file /home/lpimenta/pipelineAf/airflow_env/lib/python3.10/site-packages/airflow/example_dags/tutorial_taskflow_api.py for tasks to queue
[2025-02-22T11:46:21.858-0300] {logging_mixin.py:190} INFO - [2025-02-22T11:46:21.858-0300] {dagbag.py:588} INFO - Filling up the DagBag from /home/lpimenta/pipelineAf/airflow_env/lib/python3.10/site-packages/airflow/example_dags/tutorial_taskflow_api.py
[2025-02-22T11:46:21.864-0300] {processor.py:925} INFO - DAG(s) 'tutorial_taskflow_api' retrieved from /home/lpimenta/pipelineAf/airflow_env/lib/python3.10/site-packages/airflow/example_dags/tutorial_taskflow_api.py
[2025-02-22T11:46:21.877-0300] {logging_mixin.py:190} INFO - [2025-02-22T11:46:21.877-0300] {dag.py:3239} INFO - Sync 1 DAGs
[2025-02-22T11:46:21.886-0300] {logging_mixin.py:190} INFO - [2025-02-22T11:46:21.886-0300] {dag.py:4180} INFO - Setting next_dagrun for tutorial_taskflow_api to None, run_after=None
[2025-02-22T11:46:21.903-0300] {processor.py:208} INFO - Processing /home/lpimenta/pipelineAf/airflow_env/lib/python3.10/site-packages/airflow/example_dags/tutorial_taskflow_api.py took 0.053 seconds
[2025-02-22T11:47:27.909-0300] {processor.py:186} INFO - Started process (PID=5442) to work on /home/lpimenta/pipelineAf/airflow_env/lib/python3.10/site-packages/airflow/example_dags/tutorial_taskflow_api.py
[2025-02-22T11:47:27.911-0300] {processor.py:914} INFO - Processing file /home/lpimenta/pipelineAf/airflow_env/lib/python3.10/site-packages/airflow/example_dags/tutorial_taskflow_api.py for tasks to queue
[2025-02-22T11:47:27.912-0300] {logging_mixin.py:190} INFO - [2025-02-22T11:47:27.912-0300] {dagbag.py:588} INFO - Filling up the DagBag from /home/lpimenta/pipelineAf/airflow_env/lib/python3.10/site-packages/airflow/example_dags/tutorial_taskflow_api.py
[2025-02-22T11:47:27.918-0300] {processor.py:925} INFO - DAG(s) 'tutorial_taskflow_api' retrieved from /home/lpimenta/pipelineAf/airflow_env/lib/python3.10/site-packages/airflow/example_dags/tutorial_taskflow_api.py
[2025-02-22T11:47:27.926-0300] {logging_mixin.py:190} INFO - [2025-02-22T11:47:27.926-0300] {dag.py:3239} INFO - Sync 1 DAGs
[2025-02-22T11:47:27.933-0300] {logging_mixin.py:190} INFO - [2025-02-22T11:47:27.933-0300] {dag.py:4180} INFO - Setting next_dagrun for tutorial_taskflow_api to None, run_after=None
[2025-02-22T11:47:27.948-0300] {processor.py:208} INFO - Processing /home/lpimenta/pipelineAf/airflow_env/lib/python3.10/site-packages/airflow/example_dags/tutorial_taskflow_api.py took 0.042 seconds
[2025-02-22T11:48:31.494-0300] {processor.py:186} INFO - Started process (PID=5673) to work on /home/lpimenta/pipelineAf/airflow_env/lib/python3.10/site-packages/airflow/example_dags/tutorial_taskflow_api.py
[2025-02-22T11:48:31.497-0300] {processor.py:914} INFO - Processing file /home/lpimenta/pipelineAf/airflow_env/lib/python3.10/site-packages/airflow/example_dags/tutorial_taskflow_api.py for tasks to queue
[2025-02-22T11:48:31.498-0300] {logging_mixin.py:190} INFO - [2025-02-22T11:48:31.497-0300] {dagbag.py:588} INFO - Filling up the DagBag from /home/lpimenta/pipelineAf/airflow_env/lib/python3.10/site-packages/airflow/example_dags/tutorial_taskflow_api.py
[2025-02-22T11:48:31.503-0300] {processor.py:925} INFO - DAG(s) 'tutorial_taskflow_api' retrieved from /home/lpimenta/pipelineAf/airflow_env/lib/python3.10/site-packages/airflow/example_dags/tutorial_taskflow_api.py
[2025-02-22T11:48:31.511-0300] {logging_mixin.py:190} INFO - [2025-02-22T11:48:31.511-0300] {dag.py:3239} INFO - Sync 1 DAGs
[2025-02-22T11:48:31.518-0300] {logging_mixin.py:190} INFO - [2025-02-22T11:48:31.518-0300] {dag.py:4180} INFO - Setting next_dagrun for tutorial_taskflow_api to None, run_after=None
[2025-02-22T11:48:31.535-0300] {processor.py:208} INFO - Processing /home/lpimenta/pipelineAf/airflow_env/lib/python3.10/site-packages/airflow/example_dags/tutorial_taskflow_api.py took 0.045 seconds
[2025-02-22T11:49:30.840-0300] {processor.py:186} INFO - Started process (PID=5954) to work on /home/lpimenta/pipelineAf/airflow_env/lib/python3.10/site-packages/airflow/example_dags/tutorial_taskflow_api.py
[2025-02-22T11:49:30.842-0300] {processor.py:914} INFO - Processing file /home/lpimenta/pipelineAf/airflow_env/lib/python3.10/site-packages/airflow/example_dags/tutorial_taskflow_api.py for tasks to queue
[2025-02-22T11:49:30.843-0300] {logging_mixin.py:190} INFO - [2025-02-22T11:49:30.843-0300] {dagbag.py:588} INFO - Filling up the DagBag from /home/lpimenta/pipelineAf/airflow_env/lib/python3.10/site-packages/airflow/example_dags/tutorial_taskflow_api.py
[2025-02-22T11:49:30.850-0300] {processor.py:925} INFO - DAG(s) 'tutorial_taskflow_api' retrieved from /home/lpimenta/pipelineAf/airflow_env/lib/python3.10/site-packages/airflow/example_dags/tutorial_taskflow_api.py
[2025-02-22T11:49:30.859-0300] {logging_mixin.py:190} INFO - [2025-02-22T11:49:30.859-0300] {dag.py:3239} INFO - Sync 1 DAGs
[2025-02-22T11:49:30.866-0300] {logging_mixin.py:190} INFO - [2025-02-22T11:49:30.866-0300] {dag.py:4180} INFO - Setting next_dagrun for tutorial_taskflow_api to None, run_after=None
[2025-02-22T11:49:30.882-0300] {processor.py:208} INFO - Processing /home/lpimenta/pipelineAf/airflow_env/lib/python3.10/site-packages/airflow/example_dags/tutorial_taskflow_api.py took 0.046 seconds
