[2025-02-22T11:40:33.786-0300] {processor.py:186} INFO - Started process (PID=3833) to work on /home/lpimenta/pipelineAf/airflow_env/lib/python3.10/site-packages/airflow/example_dags/tutorial_objectstorage.py
[2025-02-22T11:40:33.786-0300] {processor.py:914} INFO - Processing file /home/lpimenta/pipelineAf/airflow_env/lib/python3.10/site-packages/airflow/example_dags/tutorial_objectstorage.py for tasks to queue
[2025-02-22T11:40:33.787-0300] {logging_mixin.py:190} INFO - [2025-02-22T11:40:33.787-0300] {dagbag.py:588} INFO - Filling up the DagBag from /home/lpimenta/pipelineAf/airflow_env/lib/python3.10/site-packages/airflow/example_dags/tutorial_objectstorage.py
[2025-02-22T11:40:33.792-0300] {processor.py:925} INFO - DAG(s) 'tutorial_objectstorage' retrieved from /home/lpimenta/pipelineAf/airflow_env/lib/python3.10/site-packages/airflow/example_dags/tutorial_objectstorage.py
[2025-02-22T11:40:33.913-0300] {logging_mixin.py:190} INFO - [2025-02-22T11:40:33.912-0300] {override.py:1930} INFO - Created Permission View: can read on DAG:tutorial_objectstorage
[2025-02-22T11:40:33.922-0300] {logging_mixin.py:190} INFO - [2025-02-22T11:40:33.922-0300] {override.py:1930} INFO - Created Permission View: can edit on DAG:tutorial_objectstorage
[2025-02-22T11:40:33.930-0300] {logging_mixin.py:190} INFO - [2025-02-22T11:40:33.930-0300] {override.py:1930} INFO - Created Permission View: can delete on DAG:tutorial_objectstorage
[2025-02-22T11:40:33.942-0300] {logging_mixin.py:190} INFO - [2025-02-22T11:40:33.942-0300] {override.py:1930} INFO - Created Permission View: can read on DAG Run:tutorial_objectstorage
[2025-02-22T11:40:33.950-0300] {logging_mixin.py:190} INFO - [2025-02-22T11:40:33.949-0300] {override.py:1930} INFO - Created Permission View: can delete on DAG Run:tutorial_objectstorage
[2025-02-22T11:40:33.957-0300] {logging_mixin.py:190} INFO - [2025-02-22T11:40:33.957-0300] {override.py:1930} INFO - Created Permission View: menu access on DAG Run:tutorial_objectstorage
[2025-02-22T11:40:33.964-0300] {logging_mixin.py:190} INFO - [2025-02-22T11:40:33.964-0300] {override.py:1930} INFO - Created Permission View: can create on DAG Run:tutorial_objectstorage
[2025-02-22T11:40:33.965-0300] {logging_mixin.py:190} INFO - [2025-02-22T11:40:33.965-0300] {dag.py:3239} INFO - Sync 1 DAGs
[2025-02-22T11:40:33.972-0300] {logging_mixin.py:190} INFO - [2025-02-22T11:40:33.971-0300] {dag.py:3262} INFO - Creating ORM DAG for tutorial_objectstorage
[2025-02-22T11:40:33.972-0300] {logging_mixin.py:190} INFO - [2025-02-22T11:40:33.972-0300] {dag.py:4180} INFO - Setting next_dagrun for tutorial_objectstorage to None, run_after=None
[2025-02-22T11:40:33.987-0300] {processor.py:208} INFO - Processing /home/lpimenta/pipelineAf/airflow_env/lib/python3.10/site-packages/airflow/example_dags/tutorial_objectstorage.py took 0.205 seconds
[2025-02-22T11:41:45.165-0300] {processor.py:186} INFO - Started process (PID=4184) to work on /home/lpimenta/pipelineAf/airflow_env/lib/python3.10/site-packages/airflow/example_dags/tutorial_objectstorage.py
[2025-02-22T11:41:45.166-0300] {processor.py:914} INFO - Processing file /home/lpimenta/pipelineAf/airflow_env/lib/python3.10/site-packages/airflow/example_dags/tutorial_objectstorage.py for tasks to queue
[2025-02-22T11:41:45.168-0300] {logging_mixin.py:190} INFO - [2025-02-22T11:41:45.168-0300] {dagbag.py:588} INFO - Filling up the DagBag from /home/lpimenta/pipelineAf/airflow_env/lib/python3.10/site-packages/airflow/example_dags/tutorial_objectstorage.py
[2025-02-22T11:41:45.178-0300] {processor.py:925} INFO - DAG(s) 'tutorial_objectstorage' retrieved from /home/lpimenta/pipelineAf/airflow_env/lib/python3.10/site-packages/airflow/example_dags/tutorial_objectstorage.py
[2025-02-22T11:41:45.193-0300] {logging_mixin.py:190} INFO - [2025-02-22T11:41:45.192-0300] {dag.py:3239} INFO - Sync 1 DAGs
[2025-02-22T11:41:45.201-0300] {logging_mixin.py:190} INFO - [2025-02-22T11:41:45.201-0300] {dag.py:4180} INFO - Setting next_dagrun for tutorial_objectstorage to None, run_after=None
[2025-02-22T11:41:45.225-0300] {processor.py:208} INFO - Processing /home/lpimenta/pipelineAf/airflow_env/lib/python3.10/site-packages/airflow/example_dags/tutorial_objectstorage.py took 0.067 seconds
[2025-02-22T11:42:47.141-0300] {processor.py:186} INFO - Started process (PID=4417) to work on /home/lpimenta/pipelineAf/airflow_env/lib/python3.10/site-packages/airflow/example_dags/tutorial_objectstorage.py
[2025-02-22T11:42:47.143-0300] {processor.py:914} INFO - Processing file /home/lpimenta/pipelineAf/airflow_env/lib/python3.10/site-packages/airflow/example_dags/tutorial_objectstorage.py for tasks to queue
[2025-02-22T11:42:47.145-0300] {logging_mixin.py:190} INFO - [2025-02-22T11:42:47.144-0300] {dagbag.py:588} INFO - Filling up the DagBag from /home/lpimenta/pipelineAf/airflow_env/lib/python3.10/site-packages/airflow/example_dags/tutorial_objectstorage.py
[2025-02-22T11:42:47.152-0300] {processor.py:925} INFO - DAG(s) 'tutorial_objectstorage' retrieved from /home/lpimenta/pipelineAf/airflow_env/lib/python3.10/site-packages/airflow/example_dags/tutorial_objectstorage.py
[2025-02-22T11:42:47.164-0300] {logging_mixin.py:190} INFO - [2025-02-22T11:42:47.164-0300] {dag.py:3239} INFO - Sync 1 DAGs
[2025-02-22T11:42:47.173-0300] {logging_mixin.py:190} INFO - [2025-02-22T11:42:47.173-0300] {dag.py:4180} INFO - Setting next_dagrun for tutorial_objectstorage to None, run_after=None
[2025-02-22T11:42:47.195-0300] {processor.py:208} INFO - Processing /home/lpimenta/pipelineAf/airflow_env/lib/python3.10/site-packages/airflow/example_dags/tutorial_objectstorage.py took 0.059 seconds
[2025-02-22T11:43:54.218-0300] {processor.py:186} INFO - Started process (PID=4665) to work on /home/lpimenta/pipelineAf/airflow_env/lib/python3.10/site-packages/airflow/example_dags/tutorial_objectstorage.py
[2025-02-22T11:43:54.219-0300] {processor.py:914} INFO - Processing file /home/lpimenta/pipelineAf/airflow_env/lib/python3.10/site-packages/airflow/example_dags/tutorial_objectstorage.py for tasks to queue
[2025-02-22T11:43:54.221-0300] {logging_mixin.py:190} INFO - [2025-02-22T11:43:54.220-0300] {dagbag.py:588} INFO - Filling up the DagBag from /home/lpimenta/pipelineAf/airflow_env/lib/python3.10/site-packages/airflow/example_dags/tutorial_objectstorage.py
[2025-02-22T11:43:54.226-0300] {processor.py:925} INFO - DAG(s) 'tutorial_objectstorage' retrieved from /home/lpimenta/pipelineAf/airflow_env/lib/python3.10/site-packages/airflow/example_dags/tutorial_objectstorage.py
[2025-02-22T11:43:54.235-0300] {logging_mixin.py:190} INFO - [2025-02-22T11:43:54.235-0300] {dag.py:3239} INFO - Sync 1 DAGs
[2025-02-22T11:43:54.241-0300] {logging_mixin.py:190} INFO - [2025-02-22T11:43:54.241-0300] {dag.py:4180} INFO - Setting next_dagrun for tutorial_objectstorage to None, run_after=None
[2025-02-22T11:43:54.257-0300] {processor.py:208} INFO - Processing /home/lpimenta/pipelineAf/airflow_env/lib/python3.10/site-packages/airflow/example_dags/tutorial_objectstorage.py took 0.043 seconds
[2025-02-22T11:44:56.670-0300] {processor.py:186} INFO - Started process (PID=4888) to work on /home/lpimenta/pipelineAf/airflow_env/lib/python3.10/site-packages/airflow/example_dags/tutorial_objectstorage.py
[2025-02-22T11:44:56.671-0300] {processor.py:914} INFO - Processing file /home/lpimenta/pipelineAf/airflow_env/lib/python3.10/site-packages/airflow/example_dags/tutorial_objectstorage.py for tasks to queue
[2025-02-22T11:44:56.672-0300] {logging_mixin.py:190} INFO - [2025-02-22T11:44:56.672-0300] {dagbag.py:588} INFO - Filling up the DagBag from /home/lpimenta/pipelineAf/airflow_env/lib/python3.10/site-packages/airflow/example_dags/tutorial_objectstorage.py
[2025-02-22T11:44:56.678-0300] {processor.py:925} INFO - DAG(s) 'tutorial_objectstorage' retrieved from /home/lpimenta/pipelineAf/airflow_env/lib/python3.10/site-packages/airflow/example_dags/tutorial_objectstorage.py
[2025-02-22T11:44:56.686-0300] {logging_mixin.py:190} INFO - [2025-02-22T11:44:56.685-0300] {dag.py:3239} INFO - Sync 1 DAGs
[2025-02-22T11:44:56.693-0300] {logging_mixin.py:190} INFO - [2025-02-22T11:44:56.692-0300] {dag.py:4180} INFO - Setting next_dagrun for tutorial_objectstorage to None, run_after=None
[2025-02-22T11:44:56.709-0300] {processor.py:208} INFO - Processing /home/lpimenta/pipelineAf/airflow_env/lib/python3.10/site-packages/airflow/example_dags/tutorial_objectstorage.py took 0.043 seconds
[2025-02-22T11:46:00.480-0300] {processor.py:186} INFO - Started process (PID=5120) to work on /home/lpimenta/pipelineAf/airflow_env/lib/python3.10/site-packages/airflow/example_dags/tutorial_objectstorage.py
[2025-02-22T11:46:00.481-0300] {processor.py:914} INFO - Processing file /home/lpimenta/pipelineAf/airflow_env/lib/python3.10/site-packages/airflow/example_dags/tutorial_objectstorage.py for tasks to queue
[2025-02-22T11:46:00.482-0300] {logging_mixin.py:190} INFO - [2025-02-22T11:46:00.482-0300] {dagbag.py:588} INFO - Filling up the DagBag from /home/lpimenta/pipelineAf/airflow_env/lib/python3.10/site-packages/airflow/example_dags/tutorial_objectstorage.py
[2025-02-22T11:46:00.488-0300] {processor.py:925} INFO - DAG(s) 'tutorial_objectstorage' retrieved from /home/lpimenta/pipelineAf/airflow_env/lib/python3.10/site-packages/airflow/example_dags/tutorial_objectstorage.py
[2025-02-22T11:46:00.497-0300] {logging_mixin.py:190} INFO - [2025-02-22T11:46:00.497-0300] {dag.py:3239} INFO - Sync 1 DAGs
[2025-02-22T11:46:00.504-0300] {logging_mixin.py:190} INFO - [2025-02-22T11:46:00.504-0300] {dag.py:4180} INFO - Setting next_dagrun for tutorial_objectstorage to None, run_after=None
[2025-02-22T11:46:00.518-0300] {processor.py:208} INFO - Processing /home/lpimenta/pipelineAf/airflow_env/lib/python3.10/site-packages/airflow/example_dags/tutorial_objectstorage.py took 0.043 seconds
[2025-02-22T11:47:04.404-0300] {processor.py:186} INFO - Started process (PID=5360) to work on /home/lpimenta/pipelineAf/airflow_env/lib/python3.10/site-packages/airflow/example_dags/tutorial_objectstorage.py
[2025-02-22T11:47:04.406-0300] {processor.py:914} INFO - Processing file /home/lpimenta/pipelineAf/airflow_env/lib/python3.10/site-packages/airflow/example_dags/tutorial_objectstorage.py for tasks to queue
[2025-02-22T11:47:04.407-0300] {logging_mixin.py:190} INFO - [2025-02-22T11:47:04.407-0300] {dagbag.py:588} INFO - Filling up the DagBag from /home/lpimenta/pipelineAf/airflow_env/lib/python3.10/site-packages/airflow/example_dags/tutorial_objectstorage.py
[2025-02-22T11:47:04.416-0300] {processor.py:925} INFO - DAG(s) 'tutorial_objectstorage' retrieved from /home/lpimenta/pipelineAf/airflow_env/lib/python3.10/site-packages/airflow/example_dags/tutorial_objectstorage.py
[2025-02-22T11:47:04.427-0300] {logging_mixin.py:190} INFO - [2025-02-22T11:47:04.426-0300] {dag.py:3239} INFO - Sync 1 DAGs
[2025-02-22T11:47:04.434-0300] {logging_mixin.py:190} INFO - [2025-02-22T11:47:04.433-0300] {dag.py:4180} INFO - Setting next_dagrun for tutorial_objectstorage to None, run_after=None
[2025-02-22T11:47:04.449-0300] {processor.py:208} INFO - Processing /home/lpimenta/pipelineAf/airflow_env/lib/python3.10/site-packages/airflow/example_dags/tutorial_objectstorage.py took 0.049 seconds
[2025-02-22T11:48:08.950-0300] {processor.py:186} INFO - Started process (PID=5598) to work on /home/lpimenta/pipelineAf/airflow_env/lib/python3.10/site-packages/airflow/example_dags/tutorial_objectstorage.py
[2025-02-22T11:48:08.953-0300] {processor.py:914} INFO - Processing file /home/lpimenta/pipelineAf/airflow_env/lib/python3.10/site-packages/airflow/example_dags/tutorial_objectstorage.py for tasks to queue
[2025-02-22T11:48:08.954-0300] {logging_mixin.py:190} INFO - [2025-02-22T11:48:08.953-0300] {dagbag.py:588} INFO - Filling up the DagBag from /home/lpimenta/pipelineAf/airflow_env/lib/python3.10/site-packages/airflow/example_dags/tutorial_objectstorage.py
[2025-02-22T11:48:08.959-0300] {processor.py:925} INFO - DAG(s) 'tutorial_objectstorage' retrieved from /home/lpimenta/pipelineAf/airflow_env/lib/python3.10/site-packages/airflow/example_dags/tutorial_objectstorage.py
[2025-02-22T11:48:08.967-0300] {logging_mixin.py:190} INFO - [2025-02-22T11:48:08.967-0300] {dag.py:3239} INFO - Sync 1 DAGs
[2025-02-22T11:48:08.974-0300] {logging_mixin.py:190} INFO - [2025-02-22T11:48:08.974-0300] {dag.py:4180} INFO - Setting next_dagrun for tutorial_objectstorage to None, run_after=None
[2025-02-22T11:48:08.991-0300] {processor.py:208} INFO - Processing /home/lpimenta/pipelineAf/airflow_env/lib/python3.10/site-packages/airflow/example_dags/tutorial_objectstorage.py took 0.045 seconds
[2025-02-22T11:49:11.434-0300] {processor.py:186} INFO - Started process (PID=5858) to work on /home/lpimenta/pipelineAf/airflow_env/lib/python3.10/site-packages/airflow/example_dags/tutorial_objectstorage.py
[2025-02-22T11:49:11.436-0300] {processor.py:914} INFO - Processing file /home/lpimenta/pipelineAf/airflow_env/lib/python3.10/site-packages/airflow/example_dags/tutorial_objectstorage.py for tasks to queue
[2025-02-22T11:49:11.437-0300] {logging_mixin.py:190} INFO - [2025-02-22T11:49:11.437-0300] {dagbag.py:588} INFO - Filling up the DagBag from /home/lpimenta/pipelineAf/airflow_env/lib/python3.10/site-packages/airflow/example_dags/tutorial_objectstorage.py
[2025-02-22T11:49:11.444-0300] {processor.py:925} INFO - DAG(s) 'tutorial_objectstorage' retrieved from /home/lpimenta/pipelineAf/airflow_env/lib/python3.10/site-packages/airflow/example_dags/tutorial_objectstorage.py
[2025-02-22T11:49:11.454-0300] {logging_mixin.py:190} INFO - [2025-02-22T11:49:11.454-0300] {dag.py:3239} INFO - Sync 1 DAGs
[2025-02-22T11:49:11.462-0300] {logging_mixin.py:190} INFO - [2025-02-22T11:49:11.461-0300] {dag.py:4180} INFO - Setting next_dagrun for tutorial_objectstorage to None, run_after=None
[2025-02-22T11:49:11.479-0300] {processor.py:208} INFO - Processing /home/lpimenta/pipelineAf/airflow_env/lib/python3.10/site-packages/airflow/example_dags/tutorial_objectstorage.py took 0.048 seconds
