[2025-02-22T11:40:53.876-0300] {processor.py:186} INFO - Started process (PID=3908) to work on /home/lpimenta/pipelineAf/airflow_env/lib/python3.10/site-packages/airflow/example_dags/tutorial_taskflow_templates.py
[2025-02-22T11:40:53.876-0300] {processor.py:914} INFO - Processing file /home/lpimenta/pipelineAf/airflow_env/lib/python3.10/site-packages/airflow/example_dags/tutorial_taskflow_templates.py for tasks to queue
[2025-02-22T11:40:53.877-0300] {logging_mixin.py:190} INFO - [2025-02-22T11:40:53.877-0300] {dagbag.py:588} INFO - Filling up the DagBag from /home/lpimenta/pipelineAf/airflow_env/lib/python3.10/site-packages/airflow/example_dags/tutorial_taskflow_templates.py
[2025-02-22T11:40:53.885-0300] {processor.py:925} INFO - DAG(s) 'tutorial_taskflow_templates' retrieved from /home/lpimenta/pipelineAf/airflow_env/lib/python3.10/site-packages/airflow/example_dags/tutorial_taskflow_templates.py
[2025-02-22T11:40:54.009-0300] {logging_mixin.py:190} INFO - [2025-02-22T11:40:54.008-0300] {override.py:1930} INFO - Created Permission View: can read on DAG:tutorial_taskflow_templates
[2025-02-22T11:40:54.018-0300] {logging_mixin.py:190} INFO - [2025-02-22T11:40:54.017-0300] {override.py:1930} INFO - Created Permission View: can edit on DAG:tutorial_taskflow_templates
[2025-02-22T11:40:54.025-0300] {logging_mixin.py:190} INFO - [2025-02-22T11:40:54.025-0300] {override.py:1930} INFO - Created Permission View: can delete on DAG:tutorial_taskflow_templates
[2025-02-22T11:40:54.038-0300] {logging_mixin.py:190} INFO - [2025-02-22T11:40:54.037-0300] {override.py:1930} INFO - Created Permission View: can read on DAG Run:tutorial_taskflow_templates
[2025-02-22T11:40:54.046-0300] {logging_mixin.py:190} INFO - [2025-02-22T11:40:54.045-0300] {override.py:1930} INFO - Created Permission View: can delete on DAG Run:tutorial_taskflow_templates
[2025-02-22T11:40:54.053-0300] {logging_mixin.py:190} INFO - [2025-02-22T11:40:54.053-0300] {override.py:1930} INFO - Created Permission View: menu access on DAG Run:tutorial_taskflow_templates
[2025-02-22T11:40:54.060-0300] {logging_mixin.py:190} INFO - [2025-02-22T11:40:54.060-0300] {override.py:1930} INFO - Created Permission View: can create on DAG Run:tutorial_taskflow_templates
[2025-02-22T11:40:54.060-0300] {logging_mixin.py:190} INFO - [2025-02-22T11:40:54.060-0300] {dag.py:3239} INFO - Sync 1 DAGs
[2025-02-22T11:40:54.066-0300] {logging_mixin.py:190} INFO - [2025-02-22T11:40:54.066-0300] {dag.py:3262} INFO - Creating ORM DAG for tutorial_taskflow_templates
[2025-02-22T11:40:54.071-0300] {logging_mixin.py:190} INFO - [2025-02-22T11:40:54.071-0300] {dag.py:4180} INFO - Setting next_dagrun for tutorial_taskflow_templates to 2025-02-21 00:00:00+00:00, run_after=2025-02-22 00:00:00+00:00
[2025-02-22T11:40:54.085-0300] {processor.py:208} INFO - Processing /home/lpimenta/pipelineAf/airflow_env/lib/python3.10/site-packages/airflow/example_dags/tutorial_taskflow_templates.py took 0.213 seconds
[2025-02-22T11:42:02.103-0300] {processor.py:186} INFO - Started process (PID=4241) to work on /home/lpimenta/pipelineAf/airflow_env/lib/python3.10/site-packages/airflow/example_dags/tutorial_taskflow_templates.py
[2025-02-22T11:42:02.104-0300] {processor.py:914} INFO - Processing file /home/lpimenta/pipelineAf/airflow_env/lib/python3.10/site-packages/airflow/example_dags/tutorial_taskflow_templates.py for tasks to queue
[2025-02-22T11:42:02.106-0300] {logging_mixin.py:190} INFO - [2025-02-22T11:42:02.105-0300] {dagbag.py:588} INFO - Filling up the DagBag from /home/lpimenta/pipelineAf/airflow_env/lib/python3.10/site-packages/airflow/example_dags/tutorial_taskflow_templates.py
[2025-02-22T11:42:02.116-0300] {processor.py:925} INFO - DAG(s) 'tutorial_taskflow_templates' retrieved from /home/lpimenta/pipelineAf/airflow_env/lib/python3.10/site-packages/airflow/example_dags/tutorial_taskflow_templates.py
[2025-02-22T11:42:02.126-0300] {logging_mixin.py:190} INFO - [2025-02-22T11:42:02.126-0300] {dag.py:3239} INFO - Sync 1 DAGs
[2025-02-22T11:42:02.142-0300] {logging_mixin.py:190} INFO - [2025-02-22T11:42:02.141-0300] {dag.py:4180} INFO - Setting next_dagrun for tutorial_taskflow_templates to 2025-02-21 00:00:00+00:00, run_after=2025-02-22 00:00:00+00:00
[2025-02-22T11:42:02.160-0300] {processor.py:208} INFO - Processing /home/lpimenta/pipelineAf/airflow_env/lib/python3.10/site-packages/airflow/example_dags/tutorial_taskflow_templates.py took 0.061 seconds
[2025-02-22T11:43:02.201-0300] {processor.py:186} INFO - Started process (PID=4467) to work on /home/lpimenta/pipelineAf/airflow_env/lib/python3.10/site-packages/airflow/example_dags/tutorial_taskflow_templates.py
[2025-02-22T11:43:02.206-0300] {processor.py:914} INFO - Processing file /home/lpimenta/pipelineAf/airflow_env/lib/python3.10/site-packages/airflow/example_dags/tutorial_taskflow_templates.py for tasks to queue
[2025-02-22T11:43:02.208-0300] {logging_mixin.py:190} INFO - [2025-02-22T11:43:02.207-0300] {dagbag.py:588} INFO - Filling up the DagBag from /home/lpimenta/pipelineAf/airflow_env/lib/python3.10/site-packages/airflow/example_dags/tutorial_taskflow_templates.py
[2025-02-22T11:43:02.216-0300] {processor.py:925} INFO - DAG(s) 'tutorial_taskflow_templates' retrieved from /home/lpimenta/pipelineAf/airflow_env/lib/python3.10/site-packages/airflow/example_dags/tutorial_taskflow_templates.py
[2025-02-22T11:43:02.227-0300] {logging_mixin.py:190} INFO - [2025-02-22T11:43:02.227-0300] {dag.py:3239} INFO - Sync 1 DAGs
[2025-02-22T11:43:02.240-0300] {logging_mixin.py:190} INFO - [2025-02-22T11:43:02.240-0300] {dag.py:4180} INFO - Setting next_dagrun for tutorial_taskflow_templates to 2025-02-21 00:00:00+00:00, run_after=2025-02-22 00:00:00+00:00
[2025-02-22T11:43:02.254-0300] {processor.py:208} INFO - Processing /home/lpimenta/pipelineAf/airflow_env/lib/python3.10/site-packages/airflow/example_dags/tutorial_taskflow_templates.py took 0.057 seconds
[2025-02-22T11:44:07.048-0300] {processor.py:186} INFO - Started process (PID=4715) to work on /home/lpimenta/pipelineAf/airflow_env/lib/python3.10/site-packages/airflow/example_dags/tutorial_taskflow_templates.py
[2025-02-22T11:44:07.051-0300] {processor.py:914} INFO - Processing file /home/lpimenta/pipelineAf/airflow_env/lib/python3.10/site-packages/airflow/example_dags/tutorial_taskflow_templates.py for tasks to queue
[2025-02-22T11:44:07.052-0300] {logging_mixin.py:190} INFO - [2025-02-22T11:44:07.052-0300] {dagbag.py:588} INFO - Filling up the DagBag from /home/lpimenta/pipelineAf/airflow_env/lib/python3.10/site-packages/airflow/example_dags/tutorial_taskflow_templates.py
[2025-02-22T11:44:07.062-0300] {processor.py:925} INFO - DAG(s) 'tutorial_taskflow_templates' retrieved from /home/lpimenta/pipelineAf/airflow_env/lib/python3.10/site-packages/airflow/example_dags/tutorial_taskflow_templates.py
[2025-02-22T11:44:07.074-0300] {logging_mixin.py:190} INFO - [2025-02-22T11:44:07.073-0300] {dag.py:3239} INFO - Sync 1 DAGs
[2025-02-22T11:44:07.087-0300] {logging_mixin.py:190} INFO - [2025-02-22T11:44:07.087-0300] {dag.py:4180} INFO - Setting next_dagrun for tutorial_taskflow_templates to 2025-02-21 00:00:00+00:00, run_after=2025-02-22 00:00:00+00:00
[2025-02-22T11:44:07.101-0300] {processor.py:208} INFO - Processing /home/lpimenta/pipelineAf/airflow_env/lib/python3.10/site-packages/airflow/example_dags/tutorial_taskflow_templates.py took 0.056 seconds
[2025-02-22T11:45:10.933-0300] {processor.py:186} INFO - Started process (PID=4944) to work on /home/lpimenta/pipelineAf/airflow_env/lib/python3.10/site-packages/airflow/example_dags/tutorial_taskflow_templates.py
[2025-02-22T11:45:10.935-0300] {processor.py:914} INFO - Processing file /home/lpimenta/pipelineAf/airflow_env/lib/python3.10/site-packages/airflow/example_dags/tutorial_taskflow_templates.py for tasks to queue
[2025-02-22T11:45:10.936-0300] {logging_mixin.py:190} INFO - [2025-02-22T11:45:10.936-0300] {dagbag.py:588} INFO - Filling up the DagBag from /home/lpimenta/pipelineAf/airflow_env/lib/python3.10/site-packages/airflow/example_dags/tutorial_taskflow_templates.py
[2025-02-22T11:45:10.945-0300] {processor.py:925} INFO - DAG(s) 'tutorial_taskflow_templates' retrieved from /home/lpimenta/pipelineAf/airflow_env/lib/python3.10/site-packages/airflow/example_dags/tutorial_taskflow_templates.py
[2025-02-22T11:45:10.954-0300] {logging_mixin.py:190} INFO - [2025-02-22T11:45:10.954-0300] {dag.py:3239} INFO - Sync 1 DAGs
[2025-02-22T11:45:10.966-0300] {logging_mixin.py:190} INFO - [2025-02-22T11:45:10.966-0300] {dag.py:4180} INFO - Setting next_dagrun for tutorial_taskflow_templates to 2025-02-21 00:00:00+00:00, run_after=2025-02-22 00:00:00+00:00
[2025-02-22T11:45:10.980-0300] {processor.py:208} INFO - Processing /home/lpimenta/pipelineAf/airflow_env/lib/python3.10/site-packages/airflow/example_dags/tutorial_taskflow_templates.py took 0.052 seconds
[2025-02-22T11:46:14.584-0300] {processor.py:186} INFO - Started process (PID=5179) to work on /home/lpimenta/pipelineAf/airflow_env/lib/python3.10/site-packages/airflow/example_dags/tutorial_taskflow_templates.py
[2025-02-22T11:46:14.585-0300] {processor.py:914} INFO - Processing file /home/lpimenta/pipelineAf/airflow_env/lib/python3.10/site-packages/airflow/example_dags/tutorial_taskflow_templates.py for tasks to queue
[2025-02-22T11:46:14.586-0300] {logging_mixin.py:190} INFO - [2025-02-22T11:46:14.586-0300] {dagbag.py:588} INFO - Filling up the DagBag from /home/lpimenta/pipelineAf/airflow_env/lib/python3.10/site-packages/airflow/example_dags/tutorial_taskflow_templates.py
[2025-02-22T11:46:14.594-0300] {processor.py:925} INFO - DAG(s) 'tutorial_taskflow_templates' retrieved from /home/lpimenta/pipelineAf/airflow_env/lib/python3.10/site-packages/airflow/example_dags/tutorial_taskflow_templates.py
[2025-02-22T11:46:14.603-0300] {logging_mixin.py:190} INFO - [2025-02-22T11:46:14.602-0300] {dag.py:3239} INFO - Sync 1 DAGs
[2025-02-22T11:46:14.616-0300] {logging_mixin.py:190} INFO - [2025-02-22T11:46:14.616-0300] {dag.py:4180} INFO - Setting next_dagrun for tutorial_taskflow_templates to 2025-02-21 00:00:00+00:00, run_after=2025-02-22 00:00:00+00:00
[2025-02-22T11:46:14.638-0300] {processor.py:208} INFO - Processing /home/lpimenta/pipelineAf/airflow_env/lib/python3.10/site-packages/airflow/example_dags/tutorial_taskflow_templates.py took 0.057 seconds
[2025-02-22T11:47:20.399-0300] {processor.py:186} INFO - Started process (PID=5417) to work on /home/lpimenta/pipelineAf/airflow_env/lib/python3.10/site-packages/airflow/example_dags/tutorial_taskflow_templates.py
[2025-02-22T11:47:20.401-0300] {processor.py:914} INFO - Processing file /home/lpimenta/pipelineAf/airflow_env/lib/python3.10/site-packages/airflow/example_dags/tutorial_taskflow_templates.py for tasks to queue
[2025-02-22T11:47:20.402-0300] {logging_mixin.py:190} INFO - [2025-02-22T11:47:20.402-0300] {dagbag.py:588} INFO - Filling up the DagBag from /home/lpimenta/pipelineAf/airflow_env/lib/python3.10/site-packages/airflow/example_dags/tutorial_taskflow_templates.py
[2025-02-22T11:47:20.410-0300] {processor.py:925} INFO - DAG(s) 'tutorial_taskflow_templates' retrieved from /home/lpimenta/pipelineAf/airflow_env/lib/python3.10/site-packages/airflow/example_dags/tutorial_taskflow_templates.py
[2025-02-22T11:47:20.420-0300] {logging_mixin.py:190} INFO - [2025-02-22T11:47:20.420-0300] {dag.py:3239} INFO - Sync 1 DAGs
[2025-02-22T11:47:20.431-0300] {logging_mixin.py:190} INFO - [2025-02-22T11:47:20.431-0300] {dag.py:4180} INFO - Setting next_dagrun for tutorial_taskflow_templates to 2025-02-21 00:00:00+00:00, run_after=2025-02-22 00:00:00+00:00
[2025-02-22T11:47:20.447-0300] {processor.py:208} INFO - Processing /home/lpimenta/pipelineAf/airflow_env/lib/python3.10/site-packages/airflow/example_dags/tutorial_taskflow_templates.py took 0.052 seconds
[2025-02-22T11:48:26.203-0300] {processor.py:186} INFO - Started process (PID=5648) to work on /home/lpimenta/pipelineAf/airflow_env/lib/python3.10/site-packages/airflow/example_dags/tutorial_taskflow_templates.py
[2025-02-22T11:48:26.205-0300] {processor.py:914} INFO - Processing file /home/lpimenta/pipelineAf/airflow_env/lib/python3.10/site-packages/airflow/example_dags/tutorial_taskflow_templates.py for tasks to queue
[2025-02-22T11:48:26.206-0300] {logging_mixin.py:190} INFO - [2025-02-22T11:48:26.206-0300] {dagbag.py:588} INFO - Filling up the DagBag from /home/lpimenta/pipelineAf/airflow_env/lib/python3.10/site-packages/airflow/example_dags/tutorial_taskflow_templates.py
[2025-02-22T11:48:26.215-0300] {processor.py:925} INFO - DAG(s) 'tutorial_taskflow_templates' retrieved from /home/lpimenta/pipelineAf/airflow_env/lib/python3.10/site-packages/airflow/example_dags/tutorial_taskflow_templates.py
[2025-02-22T11:48:26.223-0300] {logging_mixin.py:190} INFO - [2025-02-22T11:48:26.223-0300] {dag.py:3239} INFO - Sync 1 DAGs
[2025-02-22T11:48:26.234-0300] {logging_mixin.py:190} INFO - [2025-02-22T11:48:26.234-0300] {dag.py:4180} INFO - Setting next_dagrun for tutorial_taskflow_templates to 2025-02-21 00:00:00+00:00, run_after=2025-02-22 00:00:00+00:00
[2025-02-22T11:48:26.250-0300] {processor.py:208} INFO - Processing /home/lpimenta/pipelineAf/airflow_env/lib/python3.10/site-packages/airflow/example_dags/tutorial_taskflow_templates.py took 0.050 seconds
[2025-02-22T11:49:23.959-0300] {processor.py:186} INFO - Started process (PID=5908) to work on /home/lpimenta/pipelineAf/airflow_env/lib/python3.10/site-packages/airflow/example_dags/tutorial_taskflow_templates.py
[2025-02-22T11:49:23.961-0300] {processor.py:914} INFO - Processing file /home/lpimenta/pipelineAf/airflow_env/lib/python3.10/site-packages/airflow/example_dags/tutorial_taskflow_templates.py for tasks to queue
[2025-02-22T11:49:23.962-0300] {logging_mixin.py:190} INFO - [2025-02-22T11:49:23.962-0300] {dagbag.py:588} INFO - Filling up the DagBag from /home/lpimenta/pipelineAf/airflow_env/lib/python3.10/site-packages/airflow/example_dags/tutorial_taskflow_templates.py
[2025-02-22T11:49:23.970-0300] {processor.py:925} INFO - DAG(s) 'tutorial_taskflow_templates' retrieved from /home/lpimenta/pipelineAf/airflow_env/lib/python3.10/site-packages/airflow/example_dags/tutorial_taskflow_templates.py
[2025-02-22T11:49:23.979-0300] {logging_mixin.py:190} INFO - [2025-02-22T11:49:23.979-0300] {dag.py:3239} INFO - Sync 1 DAGs
[2025-02-22T11:49:23.994-0300] {logging_mixin.py:190} INFO - [2025-02-22T11:49:23.994-0300] {dag.py:4180} INFO - Setting next_dagrun for tutorial_taskflow_templates to 2025-02-21 00:00:00+00:00, run_after=2025-02-22 00:00:00+00:00
[2025-02-22T11:49:24.014-0300] {processor.py:208} INFO - Processing /home/lpimenta/pipelineAf/airflow_env/lib/python3.10/site-packages/airflow/example_dags/tutorial_taskflow_templates.py took 0.059 seconds
