[2025-02-22T11:40:56.646-0300] {processor.py:186} INFO - Started process (PID=3929) to work on /home/lpimenta/pipelineAf/airflow_env/lib/python3.10/site-packages/airflow/example_dags/tutorial_dag.py
[2025-02-22T11:40:56.646-0300] {processor.py:914} INFO - Processing file /home/lpimenta/pipelineAf/airflow_env/lib/python3.10/site-packages/airflow/example_dags/tutorial_dag.py for tasks to queue
[2025-02-22T11:40:56.647-0300] {logging_mixin.py:190} INFO - [2025-02-22T11:40:56.647-0300] {dagbag.py:588} INFO - Filling up the DagBag from /home/lpimenta/pipelineAf/airflow_env/lib/python3.10/site-packages/airflow/example_dags/tutorial_dag.py
[2025-02-22T11:40:56.652-0300] {processor.py:925} INFO - DAG(s) 'tutorial_dag' retrieved from /home/lpimenta/pipelineAf/airflow_env/lib/python3.10/site-packages/airflow/example_dags/tutorial_dag.py
[2025-02-22T11:40:56.763-0300] {logging_mixin.py:190} INFO - [2025-02-22T11:40:56.763-0300] {override.py:1930} INFO - Created Permission View: can read on DAG:tutorial_dag
[2025-02-22T11:40:56.772-0300] {logging_mixin.py:190} INFO - [2025-02-22T11:40:56.772-0300] {override.py:1930} INFO - Created Permission View: can edit on DAG:tutorial_dag
[2025-02-22T11:40:56.784-0300] {logging_mixin.py:190} INFO - [2025-02-22T11:40:56.784-0300] {override.py:1930} INFO - Created Permission View: can delete on DAG:tutorial_dag
[2025-02-22T11:40:56.796-0300] {logging_mixin.py:190} INFO - [2025-02-22T11:40:56.796-0300] {override.py:1930} INFO - Created Permission View: can read on DAG Run:tutorial_dag
[2025-02-22T11:40:56.803-0300] {logging_mixin.py:190} INFO - [2025-02-22T11:40:56.803-0300] {override.py:1930} INFO - Created Permission View: can delete on DAG Run:tutorial_dag
[2025-02-22T11:40:56.813-0300] {logging_mixin.py:190} INFO - [2025-02-22T11:40:56.812-0300] {override.py:1930} INFO - Created Permission View: menu access on DAG Run:tutorial_dag
[2025-02-22T11:40:56.821-0300] {logging_mixin.py:190} INFO - [2025-02-22T11:40:56.820-0300] {override.py:1930} INFO - Created Permission View: can create on DAG Run:tutorial_dag
[2025-02-22T11:40:56.821-0300] {logging_mixin.py:190} INFO - [2025-02-22T11:40:56.821-0300] {dag.py:3239} INFO - Sync 1 DAGs
[2025-02-22T11:40:56.827-0300] {logging_mixin.py:190} INFO - [2025-02-22T11:40:56.827-0300] {dag.py:3262} INFO - Creating ORM DAG for tutorial_dag
[2025-02-22T11:40:56.828-0300] {logging_mixin.py:190} INFO - [2025-02-22T11:40:56.827-0300] {dag.py:4180} INFO - Setting next_dagrun for tutorial_dag to None, run_after=None
[2025-02-22T11:40:56.841-0300] {processor.py:208} INFO - Processing /home/lpimenta/pipelineAf/airflow_env/lib/python3.10/site-packages/airflow/example_dags/tutorial_dag.py took 0.199 seconds
[2025-02-22T11:42:05.152-0300] {processor.py:186} INFO - Started process (PID=4250) to work on /home/lpimenta/pipelineAf/airflow_env/lib/python3.10/site-packages/airflow/example_dags/tutorial_dag.py
[2025-02-22T11:42:05.154-0300] {processor.py:914} INFO - Processing file /home/lpimenta/pipelineAf/airflow_env/lib/python3.10/site-packages/airflow/example_dags/tutorial_dag.py for tasks to queue
[2025-02-22T11:42:05.156-0300] {logging_mixin.py:190} INFO - [2025-02-22T11:42:05.155-0300] {dagbag.py:588} INFO - Filling up the DagBag from /home/lpimenta/pipelineAf/airflow_env/lib/python3.10/site-packages/airflow/example_dags/tutorial_dag.py
[2025-02-22T11:42:05.161-0300] {processor.py:925} INFO - DAG(s) 'tutorial_dag' retrieved from /home/lpimenta/pipelineAf/airflow_env/lib/python3.10/site-packages/airflow/example_dags/tutorial_dag.py
[2025-02-22T11:42:05.171-0300] {logging_mixin.py:190} INFO - [2025-02-22T11:42:05.171-0300] {dag.py:3239} INFO - Sync 1 DAGs
[2025-02-22T11:42:05.181-0300] {logging_mixin.py:190} INFO - [2025-02-22T11:42:05.180-0300] {dag.py:4180} INFO - Setting next_dagrun for tutorial_dag to None, run_after=None
[2025-02-22T11:42:05.197-0300] {processor.py:208} INFO - Processing /home/lpimenta/pipelineAf/airflow_env/lib/python3.10/site-packages/airflow/example_dags/tutorial_dag.py took 0.050 seconds
[2025-02-22T11:43:05.585-0300] {processor.py:186} INFO - Started process (PID=4476) to work on /home/lpimenta/pipelineAf/airflow_env/lib/python3.10/site-packages/airflow/example_dags/tutorial_dag.py
[2025-02-22T11:43:05.588-0300] {processor.py:914} INFO - Processing file /home/lpimenta/pipelineAf/airflow_env/lib/python3.10/site-packages/airflow/example_dags/tutorial_dag.py for tasks to queue
[2025-02-22T11:43:05.590-0300] {logging_mixin.py:190} INFO - [2025-02-22T11:43:05.590-0300] {dagbag.py:588} INFO - Filling up the DagBag from /home/lpimenta/pipelineAf/airflow_env/lib/python3.10/site-packages/airflow/example_dags/tutorial_dag.py
[2025-02-22T11:43:05.595-0300] {processor.py:925} INFO - DAG(s) 'tutorial_dag' retrieved from /home/lpimenta/pipelineAf/airflow_env/lib/python3.10/site-packages/airflow/example_dags/tutorial_dag.py
[2025-02-22T11:43:05.604-0300] {logging_mixin.py:190} INFO - [2025-02-22T11:43:05.604-0300] {dag.py:3239} INFO - Sync 1 DAGs
[2025-02-22T11:43:05.610-0300] {logging_mixin.py:190} INFO - [2025-02-22T11:43:05.610-0300] {dag.py:4180} INFO - Setting next_dagrun for tutorial_dag to None, run_after=None
[2025-02-22T11:43:05.627-0300] {processor.py:208} INFO - Processing /home/lpimenta/pipelineAf/airflow_env/lib/python3.10/site-packages/airflow/example_dags/tutorial_dag.py took 0.047 seconds
[2025-02-22T11:44:13.153-0300] {processor.py:186} INFO - Started process (PID=4724) to work on /home/lpimenta/pipelineAf/airflow_env/lib/python3.10/site-packages/airflow/example_dags/tutorial_dag.py
[2025-02-22T11:44:13.157-0300] {processor.py:914} INFO - Processing file /home/lpimenta/pipelineAf/airflow_env/lib/python3.10/site-packages/airflow/example_dags/tutorial_dag.py for tasks to queue
[2025-02-22T11:44:13.159-0300] {logging_mixin.py:190} INFO - [2025-02-22T11:44:13.158-0300] {dagbag.py:588} INFO - Filling up the DagBag from /home/lpimenta/pipelineAf/airflow_env/lib/python3.10/site-packages/airflow/example_dags/tutorial_dag.py
[2025-02-22T11:44:13.164-0300] {processor.py:925} INFO - DAG(s) 'tutorial_dag' retrieved from /home/lpimenta/pipelineAf/airflow_env/lib/python3.10/site-packages/airflow/example_dags/tutorial_dag.py
[2025-02-22T11:44:13.173-0300] {logging_mixin.py:190} INFO - [2025-02-22T11:44:13.172-0300] {dag.py:3239} INFO - Sync 1 DAGs
[2025-02-22T11:44:13.180-0300] {logging_mixin.py:190} INFO - [2025-02-22T11:44:13.180-0300] {dag.py:4180} INFO - Setting next_dagrun for tutorial_dag to None, run_after=None
[2025-02-22T11:44:13.195-0300] {processor.py:208} INFO - Processing /home/lpimenta/pipelineAf/airflow_env/lib/python3.10/site-packages/airflow/example_dags/tutorial_dag.py took 0.045 seconds
[2025-02-22T11:45:13.935-0300] {processor.py:186} INFO - Started process (PID=4953) to work on /home/lpimenta/pipelineAf/airflow_env/lib/python3.10/site-packages/airflow/example_dags/tutorial_dag.py
[2025-02-22T11:45:13.936-0300] {processor.py:914} INFO - Processing file /home/lpimenta/pipelineAf/airflow_env/lib/python3.10/site-packages/airflow/example_dags/tutorial_dag.py for tasks to queue
[2025-02-22T11:45:13.938-0300] {logging_mixin.py:190} INFO - [2025-02-22T11:45:13.937-0300] {dagbag.py:588} INFO - Filling up the DagBag from /home/lpimenta/pipelineAf/airflow_env/lib/python3.10/site-packages/airflow/example_dags/tutorial_dag.py
[2025-02-22T11:45:13.942-0300] {processor.py:925} INFO - DAG(s) 'tutorial_dag' retrieved from /home/lpimenta/pipelineAf/airflow_env/lib/python3.10/site-packages/airflow/example_dags/tutorial_dag.py
[2025-02-22T11:45:13.951-0300] {logging_mixin.py:190} INFO - [2025-02-22T11:45:13.951-0300] {dag.py:3239} INFO - Sync 1 DAGs
[2025-02-22T11:45:13.958-0300] {logging_mixin.py:190} INFO - [2025-02-22T11:45:13.958-0300] {dag.py:4180} INFO - Setting next_dagrun for tutorial_dag to None, run_after=None
[2025-02-22T11:45:13.973-0300] {processor.py:208} INFO - Processing /home/lpimenta/pipelineAf/airflow_env/lib/python3.10/site-packages/airflow/example_dags/tutorial_dag.py took 0.041 seconds
[2025-02-22T11:46:17.991-0300] {processor.py:186} INFO - Started process (PID=5188) to work on /home/lpimenta/pipelineAf/airflow_env/lib/python3.10/site-packages/airflow/example_dags/tutorial_dag.py
[2025-02-22T11:46:17.993-0300] {processor.py:914} INFO - Processing file /home/lpimenta/pipelineAf/airflow_env/lib/python3.10/site-packages/airflow/example_dags/tutorial_dag.py for tasks to queue
[2025-02-22T11:46:17.994-0300] {logging_mixin.py:190} INFO - [2025-02-22T11:46:17.994-0300] {dagbag.py:588} INFO - Filling up the DagBag from /home/lpimenta/pipelineAf/airflow_env/lib/python3.10/site-packages/airflow/example_dags/tutorial_dag.py
[2025-02-22T11:46:17.999-0300] {processor.py:925} INFO - DAG(s) 'tutorial_dag' retrieved from /home/lpimenta/pipelineAf/airflow_env/lib/python3.10/site-packages/airflow/example_dags/tutorial_dag.py
[2025-02-22T11:46:18.007-0300] {logging_mixin.py:190} INFO - [2025-02-22T11:46:18.007-0300] {dag.py:3239} INFO - Sync 1 DAGs
[2025-02-22T11:46:18.015-0300] {logging_mixin.py:190} INFO - [2025-02-22T11:46:18.015-0300] {dag.py:4180} INFO - Setting next_dagrun for tutorial_dag to None, run_after=None
[2025-02-22T11:46:18.030-0300] {processor.py:208} INFO - Processing /home/lpimenta/pipelineAf/airflow_env/lib/python3.10/site-packages/airflow/example_dags/tutorial_dag.py took 0.043 seconds
[2025-02-22T11:47:23.384-0300] {processor.py:186} INFO - Started process (PID=5426) to work on /home/lpimenta/pipelineAf/airflow_env/lib/python3.10/site-packages/airflow/example_dags/tutorial_dag.py
[2025-02-22T11:47:23.385-0300] {processor.py:914} INFO - Processing file /home/lpimenta/pipelineAf/airflow_env/lib/python3.10/site-packages/airflow/example_dags/tutorial_dag.py for tasks to queue
[2025-02-22T11:47:23.386-0300] {logging_mixin.py:190} INFO - [2025-02-22T11:47:23.386-0300] {dagbag.py:588} INFO - Filling up the DagBag from /home/lpimenta/pipelineAf/airflow_env/lib/python3.10/site-packages/airflow/example_dags/tutorial_dag.py
[2025-02-22T11:47:23.391-0300] {processor.py:925} INFO - DAG(s) 'tutorial_dag' retrieved from /home/lpimenta/pipelineAf/airflow_env/lib/python3.10/site-packages/airflow/example_dags/tutorial_dag.py
[2025-02-22T11:47:23.400-0300] {logging_mixin.py:190} INFO - [2025-02-22T11:47:23.400-0300] {dag.py:3239} INFO - Sync 1 DAGs
[2025-02-22T11:47:23.407-0300] {logging_mixin.py:190} INFO - [2025-02-22T11:47:23.407-0300] {dag.py:4180} INFO - Setting next_dagrun for tutorial_dag to None, run_after=None
[2025-02-22T11:47:23.422-0300] {processor.py:208} INFO - Processing /home/lpimenta/pipelineAf/airflow_env/lib/python3.10/site-packages/airflow/example_dags/tutorial_dag.py took 0.042 seconds
[2025-02-22T11:48:27.954-0300] {processor.py:186} INFO - Started process (PID=5657) to work on /home/lpimenta/pipelineAf/airflow_env/lib/python3.10/site-packages/airflow/example_dags/tutorial_dag.py
[2025-02-22T11:48:27.957-0300] {processor.py:914} INFO - Processing file /home/lpimenta/pipelineAf/airflow_env/lib/python3.10/site-packages/airflow/example_dags/tutorial_dag.py for tasks to queue
[2025-02-22T11:48:27.958-0300] {logging_mixin.py:190} INFO - [2025-02-22T11:48:27.957-0300] {dagbag.py:588} INFO - Filling up the DagBag from /home/lpimenta/pipelineAf/airflow_env/lib/python3.10/site-packages/airflow/example_dags/tutorial_dag.py
[2025-02-22T11:48:27.962-0300] {processor.py:925} INFO - DAG(s) 'tutorial_dag' retrieved from /home/lpimenta/pipelineAf/airflow_env/lib/python3.10/site-packages/airflow/example_dags/tutorial_dag.py
[2025-02-22T11:48:27.972-0300] {logging_mixin.py:190} INFO - [2025-02-22T11:48:27.971-0300] {dag.py:3239} INFO - Sync 1 DAGs
[2025-02-22T11:48:27.979-0300] {logging_mixin.py:190} INFO - [2025-02-22T11:48:27.978-0300] {dag.py:4180} INFO - Setting next_dagrun for tutorial_dag to None, run_after=None
[2025-02-22T11:48:27.993-0300] {processor.py:208} INFO - Processing /home/lpimenta/pipelineAf/airflow_env/lib/python3.10/site-packages/airflow/example_dags/tutorial_dag.py took 0.042 seconds
[2025-02-22T11:49:26.833-0300] {processor.py:186} INFO - Started process (PID=5926) to work on /home/lpimenta/pipelineAf/airflow_env/lib/python3.10/site-packages/airflow/example_dags/tutorial_dag.py
[2025-02-22T11:49:26.834-0300] {processor.py:914} INFO - Processing file /home/lpimenta/pipelineAf/airflow_env/lib/python3.10/site-packages/airflow/example_dags/tutorial_dag.py for tasks to queue
[2025-02-22T11:49:26.835-0300] {logging_mixin.py:190} INFO - [2025-02-22T11:49:26.835-0300] {dagbag.py:588} INFO - Filling up the DagBag from /home/lpimenta/pipelineAf/airflow_env/lib/python3.10/site-packages/airflow/example_dags/tutorial_dag.py
[2025-02-22T11:49:26.841-0300] {processor.py:925} INFO - DAG(s) 'tutorial_dag' retrieved from /home/lpimenta/pipelineAf/airflow_env/lib/python3.10/site-packages/airflow/example_dags/tutorial_dag.py
[2025-02-22T11:49:26.853-0300] {logging_mixin.py:190} INFO - [2025-02-22T11:49:26.852-0300] {dag.py:3239} INFO - Sync 1 DAGs
[2025-02-22T11:49:26.862-0300] {logging_mixin.py:190} INFO - [2025-02-22T11:49:26.862-0300] {dag.py:4180} INFO - Setting next_dagrun for tutorial_dag to None, run_after=None
[2025-02-22T11:49:26.882-0300] {processor.py:208} INFO - Processing /home/lpimenta/pipelineAf/airflow_env/lib/python3.10/site-packages/airflow/example_dags/tutorial_dag.py took 0.053 seconds
