[2025-02-22T11:40:55.918-0300] {processor.py:186} INFO - Started process (PID=3920) to work on /home/lpimenta/pipelineAf/airflow_env/lib/python3.10/site-packages/airflow/example_dags/tutorial.py
[2025-02-22T11:40:55.919-0300] {processor.py:914} INFO - Processing file /home/lpimenta/pipelineAf/airflow_env/lib/python3.10/site-packages/airflow/example_dags/tutorial.py for tasks to queue
[2025-02-22T11:40:55.920-0300] {logging_mixin.py:190} INFO - [2025-02-22T11:40:55.920-0300] {dagbag.py:588} INFO - Filling up the DagBag from /home/lpimenta/pipelineAf/airflow_env/lib/python3.10/site-packages/airflow/example_dags/tutorial.py
[2025-02-22T11:40:55.925-0300] {processor.py:925} INFO - DAG(s) 'tutorial' retrieved from /home/lpimenta/pipelineAf/airflow_env/lib/python3.10/site-packages/airflow/example_dags/tutorial.py
[2025-02-22T11:40:56.041-0300] {logging_mixin.py:190} INFO - [2025-02-22T11:40:56.040-0300] {override.py:1930} INFO - Created Permission View: can read on DAG:tutorial
[2025-02-22T11:40:56.050-0300] {logging_mixin.py:190} INFO - [2025-02-22T11:40:56.050-0300] {override.py:1930} INFO - Created Permission View: can edit on DAG:tutorial
[2025-02-22T11:40:56.059-0300] {logging_mixin.py:190} INFO - [2025-02-22T11:40:56.059-0300] {override.py:1930} INFO - Created Permission View: can delete on DAG:tutorial
[2025-02-22T11:40:56.077-0300] {logging_mixin.py:190} INFO - [2025-02-22T11:40:56.077-0300] {override.py:1930} INFO - Created Permission View: can read on DAG Run:tutorial
[2025-02-22T11:40:56.084-0300] {logging_mixin.py:190} INFO - [2025-02-22T11:40:56.084-0300] {override.py:1930} INFO - Created Permission View: can delete on DAG Run:tutorial
[2025-02-22T11:40:56.091-0300] {logging_mixin.py:190} INFO - [2025-02-22T11:40:56.091-0300] {override.py:1930} INFO - Created Permission View: menu access on DAG Run:tutorial
[2025-02-22T11:40:56.099-0300] {logging_mixin.py:190} INFO - [2025-02-22T11:40:56.099-0300] {override.py:1930} INFO - Created Permission View: can create on DAG Run:tutorial
[2025-02-22T11:40:56.100-0300] {logging_mixin.py:190} INFO - [2025-02-22T11:40:56.099-0300] {dag.py:3239} INFO - Sync 1 DAGs
[2025-02-22T11:40:56.108-0300] {logging_mixin.py:190} INFO - [2025-02-22T11:40:56.108-0300] {dag.py:3262} INFO - Creating ORM DAG for tutorial
[2025-02-22T11:40:56.113-0300] {logging_mixin.py:190} INFO - [2025-02-22T11:40:56.113-0300] {dag.py:4180} INFO - Setting next_dagrun for tutorial to 2025-02-21 00:00:00+00:00, run_after=2025-02-22 00:00:00+00:00
[2025-02-22T11:40:56.127-0300] {processor.py:208} INFO - Processing /home/lpimenta/pipelineAf/airflow_env/lib/python3.10/site-packages/airflow/example_dags/tutorial.py took 0.213 seconds
[2025-02-22T11:42:04.037-0300] {processor.py:186} INFO - Started process (PID=4249) to work on /home/lpimenta/pipelineAf/airflow_env/lib/python3.10/site-packages/airflow/example_dags/tutorial.py
[2025-02-22T11:42:04.038-0300] {processor.py:914} INFO - Processing file /home/lpimenta/pipelineAf/airflow_env/lib/python3.10/site-packages/airflow/example_dags/tutorial.py for tasks to queue
[2025-02-22T11:42:04.040-0300] {logging_mixin.py:190} INFO - [2025-02-22T11:42:04.040-0300] {dagbag.py:588} INFO - Filling up the DagBag from /home/lpimenta/pipelineAf/airflow_env/lib/python3.10/site-packages/airflow/example_dags/tutorial.py
[2025-02-22T11:42:04.046-0300] {processor.py:925} INFO - DAG(s) 'tutorial' retrieved from /home/lpimenta/pipelineAf/airflow_env/lib/python3.10/site-packages/airflow/example_dags/tutorial.py
[2025-02-22T11:42:04.055-0300] {logging_mixin.py:190} INFO - [2025-02-22T11:42:04.055-0300] {dag.py:3239} INFO - Sync 1 DAGs
[2025-02-22T11:42:04.069-0300] {logging_mixin.py:190} INFO - [2025-02-22T11:42:04.069-0300] {dag.py:4180} INFO - Setting next_dagrun for tutorial to 2025-02-21 00:00:00+00:00, run_after=2025-02-22 00:00:00+00:00
[2025-02-22T11:42:04.087-0300] {processor.py:208} INFO - Processing /home/lpimenta/pipelineAf/airflow_env/lib/python3.10/site-packages/airflow/example_dags/tutorial.py took 0.054 seconds
[2025-02-22T11:43:04.456-0300] {processor.py:186} INFO - Started process (PID=4475) to work on /home/lpimenta/pipelineAf/airflow_env/lib/python3.10/site-packages/airflow/example_dags/tutorial.py
[2025-02-22T11:43:04.458-0300] {processor.py:914} INFO - Processing file /home/lpimenta/pipelineAf/airflow_env/lib/python3.10/site-packages/airflow/example_dags/tutorial.py for tasks to queue
[2025-02-22T11:43:04.459-0300] {logging_mixin.py:190} INFO - [2025-02-22T11:43:04.459-0300] {dagbag.py:588} INFO - Filling up the DagBag from /home/lpimenta/pipelineAf/airflow_env/lib/python3.10/site-packages/airflow/example_dags/tutorial.py
[2025-02-22T11:43:04.464-0300] {processor.py:925} INFO - DAG(s) 'tutorial' retrieved from /home/lpimenta/pipelineAf/airflow_env/lib/python3.10/site-packages/airflow/example_dags/tutorial.py
[2025-02-22T11:43:04.472-0300] {logging_mixin.py:190} INFO - [2025-02-22T11:43:04.472-0300] {dag.py:3239} INFO - Sync 1 DAGs
[2025-02-22T11:43:04.483-0300] {logging_mixin.py:190} INFO - [2025-02-22T11:43:04.482-0300] {dag.py:4180} INFO - Setting next_dagrun for tutorial to 2025-02-21 00:00:00+00:00, run_after=2025-02-22 00:00:00+00:00
[2025-02-22T11:43:04.499-0300] {processor.py:208} INFO - Processing /home/lpimenta/pipelineAf/airflow_env/lib/python3.10/site-packages/airflow/example_dags/tutorial.py took 0.046 seconds
[2025-02-22T11:44:08.442-0300] {processor.py:186} INFO - Started process (PID=4723) to work on /home/lpimenta/pipelineAf/airflow_env/lib/python3.10/site-packages/airflow/example_dags/tutorial.py
[2025-02-22T11:44:08.446-0300] {processor.py:914} INFO - Processing file /home/lpimenta/pipelineAf/airflow_env/lib/python3.10/site-packages/airflow/example_dags/tutorial.py for tasks to queue
[2025-02-22T11:44:08.447-0300] {logging_mixin.py:190} INFO - [2025-02-22T11:44:08.447-0300] {dagbag.py:588} INFO - Filling up the DagBag from /home/lpimenta/pipelineAf/airflow_env/lib/python3.10/site-packages/airflow/example_dags/tutorial.py
[2025-02-22T11:44:08.452-0300] {processor.py:925} INFO - DAG(s) 'tutorial' retrieved from /home/lpimenta/pipelineAf/airflow_env/lib/python3.10/site-packages/airflow/example_dags/tutorial.py
[2025-02-22T11:44:08.461-0300] {logging_mixin.py:190} INFO - [2025-02-22T11:44:08.461-0300] {dag.py:3239} INFO - Sync 1 DAGs
[2025-02-22T11:44:08.473-0300] {logging_mixin.py:190} INFO - [2025-02-22T11:44:08.473-0300] {dag.py:4180} INFO - Setting next_dagrun for tutorial to 2025-02-21 00:00:00+00:00, run_after=2025-02-22 00:00:00+00:00
[2025-02-22T11:44:08.490-0300] {processor.py:208} INFO - Processing /home/lpimenta/pipelineAf/airflow_env/lib/python3.10/site-packages/airflow/example_dags/tutorial.py took 0.052 seconds
[2025-02-22T11:45:12.802-0300] {processor.py:186} INFO - Started process (PID=4952) to work on /home/lpimenta/pipelineAf/airflow_env/lib/python3.10/site-packages/airflow/example_dags/tutorial.py
[2025-02-22T11:45:12.805-0300] {processor.py:914} INFO - Processing file /home/lpimenta/pipelineAf/airflow_env/lib/python3.10/site-packages/airflow/example_dags/tutorial.py for tasks to queue
[2025-02-22T11:45:12.806-0300] {logging_mixin.py:190} INFO - [2025-02-22T11:45:12.806-0300] {dagbag.py:588} INFO - Filling up the DagBag from /home/lpimenta/pipelineAf/airflow_env/lib/python3.10/site-packages/airflow/example_dags/tutorial.py
[2025-02-22T11:45:12.813-0300] {processor.py:925} INFO - DAG(s) 'tutorial' retrieved from /home/lpimenta/pipelineAf/airflow_env/lib/python3.10/site-packages/airflow/example_dags/tutorial.py
[2025-02-22T11:45:12.822-0300] {logging_mixin.py:190} INFO - [2025-02-22T11:45:12.822-0300] {dag.py:3239} INFO - Sync 1 DAGs
[2025-02-22T11:45:12.836-0300] {logging_mixin.py:190} INFO - [2025-02-22T11:45:12.835-0300] {dag.py:4180} INFO - Setting next_dagrun for tutorial to 2025-02-21 00:00:00+00:00, run_after=2025-02-22 00:00:00+00:00
[2025-02-22T11:45:12.852-0300] {processor.py:208} INFO - Processing /home/lpimenta/pipelineAf/airflow_env/lib/python3.10/site-packages/airflow/example_dags/tutorial.py took 0.054 seconds
[2025-02-22T11:46:16.853-0300] {processor.py:186} INFO - Started process (PID=5187) to work on /home/lpimenta/pipelineAf/airflow_env/lib/python3.10/site-packages/airflow/example_dags/tutorial.py
[2025-02-22T11:46:16.855-0300] {processor.py:914} INFO - Processing file /home/lpimenta/pipelineAf/airflow_env/lib/python3.10/site-packages/airflow/example_dags/tutorial.py for tasks to queue
[2025-02-22T11:46:16.856-0300] {logging_mixin.py:190} INFO - [2025-02-22T11:46:16.856-0300] {dagbag.py:588} INFO - Filling up the DagBag from /home/lpimenta/pipelineAf/airflow_env/lib/python3.10/site-packages/airflow/example_dags/tutorial.py
[2025-02-22T11:46:16.861-0300] {processor.py:925} INFO - DAG(s) 'tutorial' retrieved from /home/lpimenta/pipelineAf/airflow_env/lib/python3.10/site-packages/airflow/example_dags/tutorial.py
[2025-02-22T11:46:16.869-0300] {logging_mixin.py:190} INFO - [2025-02-22T11:46:16.869-0300] {dag.py:3239} INFO - Sync 1 DAGs
[2025-02-22T11:46:16.879-0300] {logging_mixin.py:190} INFO - [2025-02-22T11:46:16.879-0300] {dag.py:4180} INFO - Setting next_dagrun for tutorial to 2025-02-21 00:00:00+00:00, run_after=2025-02-22 00:00:00+00:00
[2025-02-22T11:46:16.895-0300] {processor.py:208} INFO - Processing /home/lpimenta/pipelineAf/airflow_env/lib/python3.10/site-packages/airflow/example_dags/tutorial.py took 0.046 seconds
[2025-02-22T11:47:22.651-0300] {processor.py:186} INFO - Started process (PID=5425) to work on /home/lpimenta/pipelineAf/airflow_env/lib/python3.10/site-packages/airflow/example_dags/tutorial.py
[2025-02-22T11:47:22.653-0300] {processor.py:914} INFO - Processing file /home/lpimenta/pipelineAf/airflow_env/lib/python3.10/site-packages/airflow/example_dags/tutorial.py for tasks to queue
[2025-02-22T11:47:22.655-0300] {logging_mixin.py:190} INFO - [2025-02-22T11:47:22.654-0300] {dagbag.py:588} INFO - Filling up the DagBag from /home/lpimenta/pipelineAf/airflow_env/lib/python3.10/site-packages/airflow/example_dags/tutorial.py
[2025-02-22T11:47:22.661-0300] {processor.py:925} INFO - DAG(s) 'tutorial' retrieved from /home/lpimenta/pipelineAf/airflow_env/lib/python3.10/site-packages/airflow/example_dags/tutorial.py
[2025-02-22T11:47:22.670-0300] {logging_mixin.py:190} INFO - [2025-02-22T11:47:22.669-0300] {dag.py:3239} INFO - Sync 1 DAGs
[2025-02-22T11:47:22.680-0300] {logging_mixin.py:190} INFO - [2025-02-22T11:47:22.680-0300] {dag.py:4180} INFO - Setting next_dagrun for tutorial to 2025-02-21 00:00:00+00:00, run_after=2025-02-22 00:00:00+00:00
[2025-02-22T11:47:22.696-0300] {processor.py:208} INFO - Processing /home/lpimenta/pipelineAf/airflow_env/lib/python3.10/site-packages/airflow/example_dags/tutorial.py took 0.049 seconds
[2025-02-22T11:48:26.810-0300] {processor.py:186} INFO - Started process (PID=5656) to work on /home/lpimenta/pipelineAf/airflow_env/lib/python3.10/site-packages/airflow/example_dags/tutorial.py
[2025-02-22T11:48:26.813-0300] {processor.py:914} INFO - Processing file /home/lpimenta/pipelineAf/airflow_env/lib/python3.10/site-packages/airflow/example_dags/tutorial.py for tasks to queue
[2025-02-22T11:48:26.814-0300] {logging_mixin.py:190} INFO - [2025-02-22T11:48:26.813-0300] {dagbag.py:588} INFO - Filling up the DagBag from /home/lpimenta/pipelineAf/airflow_env/lib/python3.10/site-packages/airflow/example_dags/tutorial.py
[2025-02-22T11:48:26.818-0300] {processor.py:925} INFO - DAG(s) 'tutorial' retrieved from /home/lpimenta/pipelineAf/airflow_env/lib/python3.10/site-packages/airflow/example_dags/tutorial.py
[2025-02-22T11:48:26.827-0300] {logging_mixin.py:190} INFO - [2025-02-22T11:48:26.827-0300] {dag.py:3239} INFO - Sync 1 DAGs
[2025-02-22T11:48:26.838-0300] {logging_mixin.py:190} INFO - [2025-02-22T11:48:26.838-0300] {dag.py:4180} INFO - Setting next_dagrun for tutorial to 2025-02-21 00:00:00+00:00, run_after=2025-02-22 00:00:00+00:00
[2025-02-22T11:48:26.854-0300] {processor.py:208} INFO - Processing /home/lpimenta/pipelineAf/airflow_env/lib/python3.10/site-packages/airflow/example_dags/tutorial.py took 0.048 seconds
[2025-02-22T11:49:26.219-0300] {processor.py:186} INFO - Started process (PID=5919) to work on /home/lpimenta/pipelineAf/airflow_env/lib/python3.10/site-packages/airflow/example_dags/tutorial.py
[2025-02-22T11:49:26.220-0300] {processor.py:914} INFO - Processing file /home/lpimenta/pipelineAf/airflow_env/lib/python3.10/site-packages/airflow/example_dags/tutorial.py for tasks to queue
[2025-02-22T11:49:26.221-0300] {logging_mixin.py:190} INFO - [2025-02-22T11:49:26.221-0300] {dagbag.py:588} INFO - Filling up the DagBag from /home/lpimenta/pipelineAf/airflow_env/lib/python3.10/site-packages/airflow/example_dags/tutorial.py
[2025-02-22T11:49:26.229-0300] {processor.py:925} INFO - DAG(s) 'tutorial' retrieved from /home/lpimenta/pipelineAf/airflow_env/lib/python3.10/site-packages/airflow/example_dags/tutorial.py
[2025-02-22T11:49:26.242-0300] {logging_mixin.py:190} INFO - [2025-02-22T11:49:26.242-0300] {dag.py:3239} INFO - Sync 1 DAGs
[2025-02-22T11:49:26.265-0300] {logging_mixin.py:190} INFO - [2025-02-22T11:49:26.264-0300] {dag.py:4180} INFO - Setting next_dagrun for tutorial to 2025-02-21 00:00:00+00:00, run_after=2025-02-22 00:00:00+00:00
[2025-02-22T11:49:26.286-0300] {processor.py:208} INFO - Processing /home/lpimenta/pipelineAf/airflow_env/lib/python3.10/site-packages/airflow/example_dags/tutorial.py took 0.074 seconds
